[19.696s] Invoking command in '/home/pop/ros2_ws/src/motor_controller': DEBUGINFOD_URLS=https://debuginfod.ubuntu.com PYTHONPATH=/home/pop/ros2_ws/src/build/motor_controller/prefix_override:/usr/lib/python3/dist-packages/colcon_core/task/python/colcon_distutils_commands:/home/pop/ros2_ws/src/install/motor_controller/lib/python3.12/site-packages:${PYTHONPATH} /usr/bin/python3 -W ignore:setup.py install is deprecated -W ignore:easy_install command is deprecated setup.py egg_info --egg-base ../build/motor_controller build --build-base /home/pop/ros2_ws/src/build/motor_controller/build install --record /home/pop/ros2_ws/src/build/motor_controller/install.log --single-version-externally-managed install_data
[24.571s] running egg_info
[24.960s] writing ../build/motor_controller/motor_controller.egg-info/PKG-INFO
[24.973s] writing dependency_links to ../build/motor_controller/motor_controller.egg-info/dependency_links.txt
[24.978s] writing entry points to ../build/motor_controller/motor_controller.egg-info/entry_points.txt
[24.981s] writing requirements to ../build/motor_controller/motor_controller.egg-info/requires.txt
[24.982s] writing top-level names to ../build/motor_controller/motor_controller.egg-info/top_level.txt
[25.727s] reading manifest file '../build/motor_controller/motor_controller.egg-info/SOURCES.txt'
[25.746s] writing manifest file '../build/motor_controller/motor_controller.egg-info/SOURCES.txt'
[25.748s] running build
[25.756s] running build_py
[25.780s] running install
[25.864s] running install_lib
[26.280s] running install_data
[26.291s] running install_egg_info
[26.688s] removing '/home/pop/ros2_ws/src/install/motor_controller/lib/python3.12/site-packages/motor_controller-0.0.0-py3.12.egg-info' (and everything under it)
[26.694s] Copying ../build/motor_controller/motor_controller.egg-info to /home/pop/ros2_ws/src/install/motor_controller/lib/python3.12/site-packages/motor_controller-0.0.0-py3.12.egg-info
[26.712s] running install_scripts
[29.395s] Installing arduino_interface_node script to /home/pop/ros2_ws/src/install/motor_controller/lib/motor_controller
[29.412s] writing list of installed files to '/home/pop/ros2_ws/src/build/motor_controller/install.log'
[29.782s] Invoked command in '/home/pop/ros2_ws/src/motor_controller' returned '0': DEBUGINFOD_URLS=https://debuginfod.ubuntu.com PYTHONPATH=/home/pop/ros2_ws/src/build/motor_controller/prefix_override:/usr/lib/python3/dist-packages/colcon_core/task/python/colcon_distutils_commands:/home/pop/ros2_ws/src/install/motor_controller/lib/python3.12/site-packages:${PYTHONPATH} /usr/bin/python3 -W ignore:setup.py install is deprecated -W ignore:easy_install command is deprecated setup.py egg_info --egg-base ../build/motor_controller build --build-base /home/pop/ros2_ws/src/build/motor_controller/build install --record /home/pop/ros2_ws/src/build/motor_controller/install.log --single-version-externally-managed install_data
