running egg_info
creating ../build/image_viewer/image_viewer.egg-info
writing ../build/image_viewer/image_viewer.egg-info/PKG-INFO
writing dependency_links to ../build/image_viewer/image_viewer.egg-info/dependency_links.txt
writing entry points to ../build/image_viewer/image_viewer.egg-info/entry_points.txt
writing requirements to ../build/image_viewer/image_viewer.egg-info/requires.txt
writing top-level names to ../build/image_viewer/image_viewer.egg-info/top_level.txt
writing manifest file '../build/image_viewer/image_viewer.egg-info/SOURCES.txt'
reading manifest file '../build/image_viewer/image_viewer.egg-info/SOURCES.txt'
writing manifest file '../build/image_viewer/image_viewer.egg-info/SOURCES.txt'
running build
running build_py
creating /home/pop/ros2_ws/src/build/image_viewer/build
creating /home/pop/ros2_ws/src/build/image_viewer/build/lib
creating /home/pop/ros2_ws/src/build/image_viewer/build/lib/image_viewer
copying image_viewer/image_viewer.py -> /home/pop/ros2_ws/src/build/image_viewer/build/lib/image_viewer
copying image_viewer/__init__.py -> /home/pop/ros2_ws/src/build/image_viewer/build/lib/image_viewer
running install
running install_lib
creating /home/pop/ros2_ws/src/install/image_viewer/lib/python3.12/site-packages/image_viewer
copying /home/pop/ros2_ws/src/build/image_viewer/build/lib/image_viewer/image_viewer.py -> /home/pop/ros2_ws/src/install/image_viewer/lib/python3.12/site-packages/image_viewer
copying /home/pop/ros2_ws/src/build/image_viewer/build/lib/image_viewer/__init__.py -> /home/pop/ros2_ws/src/install/image_viewer/lib/python3.12/site-packages/image_viewer
byte-compiling /home/pop/ros2_ws/src/install/image_viewer/lib/python3.12/site-packages/image_viewer/image_viewer.py to image_viewer.cpython-312.pyc
byte-compiling /home/pop/ros2_ws/src/install/image_viewer/lib/python3.12/site-packages/image_viewer/__init__.py to __init__.cpython-312.pyc
running install_data
creating /home/pop/ros2_ws/src/install/image_viewer/share/ament_index
creating /home/pop/ros2_ws/src/install/image_viewer/share/ament_index/resource_index
creating /home/pop/ros2_ws/src/install/image_viewer/share/ament_index/resource_index/packages
copying resource/image_viewer -> /home/pop/ros2_ws/src/install/image_viewer/share/ament_index/resource_index/packages
copying package.xml -> /home/pop/ros2_ws/src/install/image_viewer/share/image_viewer
running install_egg_info
Copying ../build/image_viewer/image_viewer.egg-info to /home/pop/ros2_ws/src/install/image_viewer/lib/python3.12/site-packages/image_viewer-0.0.0-py3.12.egg-info
running install_scripts
Installing image_viewer script to /home/pop/ros2_ws/src/install/image_viewer/lib/image_viewer
writing list of installed files to '/home/pop/ros2_ws/src/build/image_viewer/install.log'
