[4.929s] Invoking command in '/home/pop/ros2_ws/src/vision_processing': DEBUGINFOD_URLS=https://debuginfod.ubuntu.com PYTHONPATH=/home/pop/ros2_ws/src/build/vision_processing/prefix_override:/usr/lib/python3/dist-packages/colcon_core/task/python/colcon_distutils_commands:/home/pop/ros2_ws/src/install/vision_processing/lib/python3.12/site-packages:${PYTHONPATH} /usr/bin/python3 -W ignore:setup.py install is deprecated -W ignore:easy_install command is deprecated setup.py egg_info --egg-base ../build/vision_processing build --build-base /home/pop/ros2_ws/src/build/vision_processing/build install --record /home/pop/ros2_ws/src/build/vision_processing/install.log --single-version-externally-managed install_data
[6.513s] running egg_info
[6.622s] writing ../build/vision_processing/vision_processing.egg-info/PKG-INFO
[6.624s] writing dependency_links to ../build/vision_processing/vision_processing.egg-info/dependency_links.txt
[6.626s] writing entry points to ../build/vision_processing/vision_processing.egg-info/entry_points.txt
[6.627s] writing requirements to ../build/vision_processing/vision_processing.egg-info/requires.txt
[6.628s] writing top-level names to ../build/vision_processing/vision_processing.egg-info/top_level.txt
[6.867s] reading manifest file '../build/vision_processing/vision_processing.egg-info/SOURCES.txt'
[6.872s] writing manifest file '../build/vision_processing/vision_processing.egg-info/SOURCES.txt'
[6.874s] running build
[6.874s] running build_py
[6.877s] running install
[6.905s] running install_lib
[7.018s] byte-compiling /home/pop/ros2_ws/src/install/vision_processing/lib/python3.12/site-packages/vision_processing/vision_processing.py to vision_processing.cpython-312.pyc
[7.025s] running install_data
[7.026s] running install_egg_info
[7.147s] removing '/home/pop/ros2_ws/src/install/vision_processing/lib/python3.12/site-packages/vision_processing-0.0.0-py3.12.egg-info' (and everything under it)
[7.151s] Copying ../build/vision_processing/vision_processing.egg-info to /home/pop/ros2_ws/src/install/vision_processing/lib/python3.12/site-packages/vision_processing-0.0.0-py3.12.egg-info
[7.160s] running install_scripts
[8.047s] Installing vision_processing script to /home/pop/ros2_ws/src/install/vision_processing/lib/vision_processing
[8.049s] writing list of installed files to '/home/pop/ros2_ws/src/build/vision_processing/install.log'
[8.242s] Invoked command in '/home/pop/ros2_ws/src/vision_processing' returned '0': DEBUGINFOD_URLS=https://debuginfod.ubuntu.com PYTHONPATH=/home/pop/ros2_ws/src/build/vision_processing/prefix_override:/usr/lib/python3/dist-packages/colcon_core/task/python/colcon_distutils_commands:/home/pop/ros2_ws/src/install/vision_processing/lib/python3.12/site-packages:${PYTHONPATH} /usr/bin/python3 -W ignore:setup.py install is deprecated -W ignore:easy_install command is deprecated setup.py egg_info --egg-base ../build/vision_processing build --build-base /home/pop/ros2_ws/src/build/vision_processing/build install --record /home/pop/ros2_ws/src/build/vision_processing/install.log --single-version-externally-managed install_data
