[11.578s] Invoking command in '/home/pop/ros2_ws/src/vision_processing': DEBUGINFOD_URLS=https://debuginfod.ubuntu.com PYTHONPATH=/home/pop/ros2_ws/src/build/vision_processing/prefix_override:/usr/lib/python3/dist-packages/colcon_core/task/python/colcon_distutils_commands:/home/pop/ros2_ws/src/install/vision_processing/lib/python3.12/site-packages:${PYTHONPATH} /usr/bin/python3 -W ignore:setup.py install is deprecated -W ignore:easy_install command is deprecated setup.py egg_info --egg-base ../build/vision_processing build --build-base /home/pop/ros2_ws/src/build/vision_processing/build install --record /home/pop/ros2_ws/src/build/vision_processing/install.log --single-version-externally-managed install_data
[14.911s] running egg_info
[15.245s] writing ../build/vision_processing/vision_processing.egg-info/PKG-INFO
[15.259s] writing dependency_links to ../build/vision_processing/vision_processing.egg-info/dependency_links.txt
[15.266s] writing entry points to ../build/vision_processing/vision_processing.egg-info/entry_points.txt
[15.270s] writing requirements to ../build/vision_processing/vision_processing.egg-info/requires.txt
[15.273s] writing top-level names to ../build/vision_processing/vision_processing.egg-info/top_level.txt
[15.902s] reading manifest file '../build/vision_processing/vision_processing.egg-info/SOURCES.txt'
[15.910s] writing manifest file '../build/vision_processing/vision_processing.egg-info/SOURCES.txt'
[15.911s] running build
[15.914s] running build_py
[15.915s] running install
[15.955s] running install_lib
[16.256s] byte-compiling /home/pop/ros2_ws/src/install/vision_processing/lib/python3.12/site-packages/vision_processing/vision_processing.py to vision_processing.cpython-312.pyc
[16.280s] running install_data
[16.281s] running install_egg_info
[16.549s] removing '/home/pop/ros2_ws/src/install/vision_processing/lib/python3.12/site-packages/vision_processing-0.0.0-py3.12.egg-info' (and everything under it)
[16.551s] Copying ../build/vision_processing/vision_processing.egg-info to /home/pop/ros2_ws/src/install/vision_processing/lib/python3.12/site-packages/vision_processing-0.0.0-py3.12.egg-info
[16.569s] running install_scripts
[18.454s] Installing vision_processing script to /home/pop/ros2_ws/src/install/vision_processing/lib/vision_processing
[18.458s] writing list of installed files to '/home/pop/ros2_ws/src/build/vision_processing/install.log'
[18.753s] Invoked command in '/home/pop/ros2_ws/src/vision_processing' returned '0': DEBUGINFOD_URLS=https://debuginfod.ubuntu.com PYTHONPATH=/home/pop/ros2_ws/src/build/vision_processing/prefix_override:/usr/lib/python3/dist-packages/colcon_core/task/python/colcon_distutils_commands:/home/pop/ros2_ws/src/install/vision_processing/lib/python3.12/site-packages:${PYTHONPATH} /usr/bin/python3 -W ignore:setup.py install is deprecated -W ignore:easy_install command is deprecated setup.py egg_info --egg-base ../build/vision_processing build --build-base /home/pop/ros2_ws/src/build/vision_processing/build install --record /home/pop/ros2_ws/src/build/vision_processing/install.log --single-version-externally-managed install_data
