[1.343s] DEBUG:colcon:Command line arguments: ['/usr/bin/colcon', 'build']
[1.344s] DEBUG:colcon:Parsed command line arguments: Namespace(log_base=None, log_level=None, verb_name='build', build_base='build', install_base='install', merge_install=False, symlink_install=False, test_result_base=None, continue_on_error=False, executor='parallel', parallel_workers=4, event_handlers=None, ignore_user_meta=False, metas=['./colcon.meta'], base_paths=['.'], packages_ignore=None, packages_ignore_regex=None, paths=None, packages_up_to=None, packages_up_to_regex=None, packages_above=None, packages_above_and_dependencies=None, packages_above_depth=None, packages_select_by_dep=None, packages_skip_by_dep=None, packages_skip_up_to=None, packages_select_build_failed=False, packages_skip_build_finished=False, packages_select_test_failures=False, packages_skip_test_passed=False, packages_select=None, packages_skip=None, packages_select_regex=None, packages_skip_regex=None, packages_start=None, packages_end=None, allow_overriding=[], cmake_args=None, cmake_target=None, cmake_target_skip_unavailable=False, cmake_clean_cache=False, cmake_clean_first=False, cmake_force_configure=False, ament_cmake_args=None, catkin_cmake_args=None, catkin_skip_building_tests=False, verb_parser=<colcon_defaults.argument_parser.defaults.DefaultArgumentsDecorator object at 0xffffb36fa1b0>, verb_extension=<colcon_core.verb.build.BuildVerb object at 0xffffb398ddf0>, main=<bound method BuildVerb.main of <colcon_core.verb.build.BuildVerb object at 0xffffb398ddf0>>)
[1.741s] Level 1:colcon.colcon_core.package_discovery:discover_packages(colcon_meta) check parameters
[1.742s] Level 1:colcon.colcon_core.package_discovery:discover_packages(recursive) check parameters
[1.742s] Level 1:colcon.colcon_core.package_discovery:discover_packages(ignore) check parameters
[1.743s] Level 1:colcon.colcon_core.package_discovery:discover_packages(path) check parameters
[1.743s] Level 1:colcon.colcon_core.package_discovery:discover_packages(colcon_meta) discover
[1.743s] Level 1:colcon.colcon_core.package_discovery:discover_packages(recursive) discover
[1.743s] INFO:colcon.colcon_core.package_discovery:Crawling recursively for packages in '/home/pop/ros2_ws/src'
[1.744s] Level 1:colcon.colcon_core.package_identification:_identify(.) by extensions ['ignore', 'ignore_ament_install']
[1.744s] Level 1:colcon.colcon_core.package_identification:_identify(.) by extension 'ignore'
[1.745s] Level 1:colcon.colcon_core.package_identification:_identify(.) by extension 'ignore_ament_install'
[1.745s] Level 1:colcon.colcon_core.package_identification:_identify(.) by extensions ['colcon_pkg']
[1.745s] Level 1:colcon.colcon_core.package_identification:_identify(.) by extension 'colcon_pkg'
[1.746s] Level 1:colcon.colcon_core.package_identification:_identify(.) by extensions ['colcon_meta']
[1.746s] Level 1:colcon.colcon_core.package_identification:_identify(.) by extension 'colcon_meta'
[1.746s] Level 1:colcon.colcon_core.package_identification:_identify(.) by extensions ['ros']
[1.746s] Level 1:colcon.colcon_core.package_identification:_identify(.) by extension 'ros'
[2.031s] Level 1:colcon.colcon_core.package_identification:_identify(.) by extensions ['cmake', 'python']
[2.032s] Level 1:colcon.colcon_core.package_identification:_identify(.) by extension 'cmake'
[2.034s] Level 1:colcon.colcon_core.package_identification:_identify(.) by extension 'python'
[2.035s] Level 1:colcon.colcon_core.package_identification:_identify(.) by extensions ['python_setup_py']
[2.039s] Level 1:colcon.colcon_core.package_identification:_identify(.) by extension 'python_setup_py'
[2.042s] Level 1:colcon.colcon_core.package_identification:_identify(build) by extensions ['ignore', 'ignore_ament_install']
[2.045s] Level 1:colcon.colcon_core.package_identification:_identify(build) by extension 'ignore'
[2.047s] Level 1:colcon.colcon_core.package_identification:_identify(build) ignored
[2.049s] Level 1:colcon.colcon_core.package_identification:_identify(controller) by extensions ['ignore', 'ignore_ament_install']
[2.050s] Level 1:colcon.colcon_core.package_identification:_identify(controller) by extension 'ignore'
[2.054s] Level 1:colcon.colcon_core.package_identification:_identify(controller) by extension 'ignore_ament_install'
[2.057s] Level 1:colcon.colcon_core.package_identification:_identify(controller) by extensions ['colcon_pkg']
[2.057s] Level 1:colcon.colcon_core.package_identification:_identify(controller) by extension 'colcon_pkg'
[2.059s] Level 1:colcon.colcon_core.package_identification:_identify(controller) by extensions ['colcon_meta']
[2.060s] Level 1:colcon.colcon_core.package_identification:_identify(controller) by extension 'colcon_meta'
[2.062s] Level 1:colcon.colcon_core.package_identification:_identify(controller) by extensions ['ros']
[2.064s] Level 1:colcon.colcon_core.package_identification:_identify(controller) by extension 'ros'
[2.091s] DEBUG:colcon.colcon_core.package_identification:Package 'controller' with type 'ros.ament_python' and name 'controller'
[2.093s] Level 1:colcon.colcon_core.package_identification:_identify(image_viewer) by extensions ['ignore', 'ignore_ament_install']
[2.096s] Level 1:colcon.colcon_core.package_identification:_identify(image_viewer) by extension 'ignore'
[2.098s] Level 1:colcon.colcon_core.package_identification:_identify(image_viewer) by extension 'ignore_ament_install'
[2.100s] Level 1:colcon.colcon_core.package_identification:_identify(image_viewer) by extensions ['colcon_pkg']
[2.102s] Level 1:colcon.colcon_core.package_identification:_identify(image_viewer) by extension 'colcon_pkg'
[2.105s] Level 1:colcon.colcon_core.package_identification:_identify(image_viewer) by extensions ['colcon_meta']
[2.106s] Level 1:colcon.colcon_core.package_identification:_identify(image_viewer) by extension 'colcon_meta'
[2.109s] Level 1:colcon.colcon_core.package_identification:_identify(image_viewer) by extensions ['ros']
[2.111s] Level 1:colcon.colcon_core.package_identification:_identify(image_viewer) by extension 'ros'
[2.120s] DEBUG:colcon.colcon_core.package_identification:Package 'image_viewer' with type 'ros.ament_python' and name 'image_viewer'
[2.125s] Level 1:colcon.colcon_core.package_identification:_identify(install) by extensions ['ignore', 'ignore_ament_install']
[2.128s] Level 1:colcon.colcon_core.package_identification:_identify(install) by extension 'ignore'
[2.129s] Level 1:colcon.colcon_core.package_identification:_identify(install) ignored
[2.131s] Level 1:colcon.colcon_core.package_identification:_identify(log) by extensions ['ignore', 'ignore_ament_install']
[2.132s] Level 1:colcon.colcon_core.package_identification:_identify(log) by extension 'ignore'
[2.133s] Level 1:colcon.colcon_core.package_identification:_identify(log) ignored
[2.135s] Level 1:colcon.colcon_core.package_identification:_identify(motor_controller) by extensions ['ignore', 'ignore_ament_install']
[2.139s] Level 1:colcon.colcon_core.package_identification:_identify(motor_controller) by extension 'ignore'
[2.140s] Level 1:colcon.colcon_core.package_identification:_identify(motor_controller) by extension 'ignore_ament_install'
[2.142s] Level 1:colcon.colcon_core.package_identification:_identify(motor_controller) by extensions ['colcon_pkg']
[2.143s] Level 1:colcon.colcon_core.package_identification:_identify(motor_controller) by extension 'colcon_pkg'
[2.144s] Level 1:colcon.colcon_core.package_identification:_identify(motor_controller) by extensions ['colcon_meta']
[2.145s] Level 1:colcon.colcon_core.package_identification:_identify(motor_controller) by extension 'colcon_meta'
[2.146s] Level 1:colcon.colcon_core.package_identification:_identify(motor_controller) by extensions ['ros']
[2.151s] Level 1:colcon.colcon_core.package_identification:_identify(motor_controller) by extension 'ros'
[2.157s] DEBUG:colcon.colcon_core.package_identification:Package 'motor_controller' with type 'ros.ament_python' and name 'motor_controller'
[2.158s] Level 1:colcon.colcon_core.package_identification:_identify(vision_processing) by extensions ['ignore', 'ignore_ament_install']
[2.159s] Level 1:colcon.colcon_core.package_identification:_identify(vision_processing) by extension 'ignore'
[2.160s] Level 1:colcon.colcon_core.package_identification:_identify(vision_processing) by extension 'ignore_ament_install'
[2.161s] Level 1:colcon.colcon_core.package_identification:_identify(vision_processing) by extensions ['colcon_pkg']
[2.163s] Level 1:colcon.colcon_core.package_identification:_identify(vision_processing) by extension 'colcon_pkg'
[2.165s] Level 1:colcon.colcon_core.package_identification:_identify(vision_processing) by extensions ['colcon_meta']
[2.166s] Level 1:colcon.colcon_core.package_identification:_identify(vision_processing) by extension 'colcon_meta'
[2.166s] Level 1:colcon.colcon_core.package_identification:_identify(vision_processing) by extensions ['ros']
[2.167s] Level 1:colcon.colcon_core.package_identification:_identify(vision_processing) by extension 'ros'
[2.173s] DEBUG:colcon.colcon_core.package_identification:Package 'vision_processing' with type 'ros.ament_python' and name 'vision_processing'
[2.174s] Level 1:colcon.colcon_core.package_discovery:discover_packages(recursive) using defaults
[2.175s] Level 1:colcon.colcon_core.package_discovery:discover_packages(ignore) discover
[2.176s] Level 1:colcon.colcon_core.package_discovery:discover_packages(ignore) using defaults
[2.177s] Level 1:colcon.colcon_core.package_discovery:discover_packages(path) discover
[2.178s] Level 1:colcon.colcon_core.package_discovery:discover_packages(path) using defaults
[2.401s] Level 1:colcon.colcon_core.package_discovery:discover_packages(prefix_path) check parameters
[2.402s] Level 1:colcon.colcon_core.package_discovery:discover_packages(prefix_path) discover
[2.430s] DEBUG:colcon.colcon_installed_package_information.package_discovery:Found 4 installed packages in /home/pop/ros2_ws/src/install
[2.441s] DEBUG:colcon.colcon_installed_package_information.package_discovery:Found 4 installed packages in /home/pop/ros2_ws/install
[2.463s] DEBUG:colcon.colcon_installed_package_information.package_discovery:Found 326 installed packages in /opt/ros/jazzy
[2.472s] Level 1:colcon.colcon_core.package_discovery:discover_packages(prefix_path) using defaults
[3.160s] Level 5:colcon.colcon_core.verb:set package 'controller' build argument 'cmake_args' from command line to 'None'
[3.160s] Level 5:colcon.colcon_core.verb:set package 'controller' build argument 'cmake_target' from command line to 'None'
[3.161s] Level 5:colcon.colcon_core.verb:set package 'controller' build argument 'cmake_target_skip_unavailable' from command line to 'False'
[3.162s] Level 5:colcon.colcon_core.verb:set package 'controller' build argument 'cmake_clean_cache' from command line to 'False'
[3.164s] Level 5:colcon.colcon_core.verb:set package 'controller' build argument 'cmake_clean_first' from command line to 'False'
[3.164s] Level 5:colcon.colcon_core.verb:set package 'controller' build argument 'cmake_force_configure' from command line to 'False'
[3.165s] Level 5:colcon.colcon_core.verb:set package 'controller' build argument 'ament_cmake_args' from command line to 'None'
[3.165s] Level 5:colcon.colcon_core.verb:set package 'controller' build argument 'catkin_cmake_args' from command line to 'None'
[3.165s] Level 5:colcon.colcon_core.verb:set package 'controller' build argument 'catkin_skip_building_tests' from command line to 'False'
[3.166s] DEBUG:colcon.colcon_core.verb:Building package 'controller' with the following arguments: {'ament_cmake_args': None, 'build_base': '/home/pop/ros2_ws/src/build/controller', 'catkin_cmake_args': None, 'catkin_skip_building_tests': False, 'cmake_args': None, 'cmake_clean_cache': False, 'cmake_clean_first': False, 'cmake_force_configure': False, 'cmake_target': None, 'cmake_target_skip_unavailable': False, 'install_base': '/home/pop/ros2_ws/src/install/controller', 'merge_install': False, 'path': '/home/pop/ros2_ws/src/controller', 'symlink_install': False, 'test_result_base': None}
[3.167s] Level 5:colcon.colcon_core.verb:set package 'image_viewer' build argument 'cmake_args' from command line to 'None'
[3.168s] Level 5:colcon.colcon_core.verb:set package 'image_viewer' build argument 'cmake_target' from command line to 'None'
[3.168s] Level 5:colcon.colcon_core.verb:set package 'image_viewer' build argument 'cmake_target_skip_unavailable' from command line to 'False'
[3.168s] Level 5:colcon.colcon_core.verb:set package 'image_viewer' build argument 'cmake_clean_cache' from command line to 'False'
[3.169s] Level 5:colcon.colcon_core.verb:set package 'image_viewer' build argument 'cmake_clean_first' from command line to 'False'
[3.169s] Level 5:colcon.colcon_core.verb:set package 'image_viewer' build argument 'cmake_force_configure' from command line to 'False'
[3.169s] Level 5:colcon.colcon_core.verb:set package 'image_viewer' build argument 'ament_cmake_args' from command line to 'None'
[3.169s] Level 5:colcon.colcon_core.verb:set package 'image_viewer' build argument 'catkin_cmake_args' from command line to 'None'
[3.169s] Level 5:colcon.colcon_core.verb:set package 'image_viewer' build argument 'catkin_skip_building_tests' from command line to 'False'
[3.169s] DEBUG:colcon.colcon_core.verb:Building package 'image_viewer' with the following arguments: {'ament_cmake_args': None, 'build_base': '/home/pop/ros2_ws/src/build/image_viewer', 'catkin_cmake_args': None, 'catkin_skip_building_tests': False, 'cmake_args': None, 'cmake_clean_cache': False, 'cmake_clean_first': False, 'cmake_force_configure': False, 'cmake_target': None, 'cmake_target_skip_unavailable': False, 'install_base': '/home/pop/ros2_ws/src/install/image_viewer', 'merge_install': False, 'path': '/home/pop/ros2_ws/src/image_viewer', 'symlink_install': False, 'test_result_base': None}
[3.171s] Level 5:colcon.colcon_core.verb:set package 'motor_controller' build argument 'cmake_args' from command line to 'None'
[3.172s] Level 5:colcon.colcon_core.verb:set package 'motor_controller' build argument 'cmake_target' from command line to 'None'
[3.172s] Level 5:colcon.colcon_core.verb:set package 'motor_controller' build argument 'cmake_target_skip_unavailable' from command line to 'False'
[3.173s] Level 5:colcon.colcon_core.verb:set package 'motor_controller' build argument 'cmake_clean_cache' from command line to 'False'
[3.173s] Level 5:colcon.colcon_core.verb:set package 'motor_controller' build argument 'cmake_clean_first' from command line to 'False'
[3.173s] Level 5:colcon.colcon_core.verb:set package 'motor_controller' build argument 'cmake_force_configure' from command line to 'False'
[3.173s] Level 5:colcon.colcon_core.verb:set package 'motor_controller' build argument 'ament_cmake_args' from command line to 'None'
[3.173s] Level 5:colcon.colcon_core.verb:set package 'motor_controller' build argument 'catkin_cmake_args' from command line to 'None'
[3.173s] Level 5:colcon.colcon_core.verb:set package 'motor_controller' build argument 'catkin_skip_building_tests' from command line to 'False'
[3.174s] DEBUG:colcon.colcon_core.verb:Building package 'motor_controller' with the following arguments: {'ament_cmake_args': None, 'build_base': '/home/pop/ros2_ws/src/build/motor_controller', 'catkin_cmake_args': None, 'catkin_skip_building_tests': False, 'cmake_args': None, 'cmake_clean_cache': False, 'cmake_clean_first': False, 'cmake_force_configure': False, 'cmake_target': None, 'cmake_target_skip_unavailable': False, 'install_base': '/home/pop/ros2_ws/src/install/motor_controller', 'merge_install': False, 'path': '/home/pop/ros2_ws/src/motor_controller', 'symlink_install': False, 'test_result_base': None}
[3.175s] Level 5:colcon.colcon_core.verb:set package 'vision_processing' build argument 'cmake_args' from command line to 'None'
[3.176s] Level 5:colcon.colcon_core.verb:set package 'vision_processing' build argument 'cmake_target' from command line to 'None'
[3.177s] Level 5:colcon.colcon_core.verb:set package 'vision_processing' build argument 'cmake_target_skip_unavailable' from command line to 'False'
[3.178s] Level 5:colcon.colcon_core.verb:set package 'vision_processing' build argument 'cmake_clean_cache' from command line to 'False'
[3.178s] Level 5:colcon.colcon_core.verb:set package 'vision_processing' build argument 'cmake_clean_first' from command line to 'False'
[3.179s] Level 5:colcon.colcon_core.verb:set package 'vision_processing' build argument 'cmake_force_configure' from command line to 'False'
[3.179s] Level 5:colcon.colcon_core.verb:set package 'vision_processing' build argument 'ament_cmake_args' from command line to 'None'
[3.179s] Level 5:colcon.colcon_core.verb:set package 'vision_processing' build argument 'catkin_cmake_args' from command line to 'None'
[3.179s] Level 5:colcon.colcon_core.verb:set package 'vision_processing' build argument 'catkin_skip_building_tests' from command line to 'False'
[3.180s] DEBUG:colcon.colcon_core.verb:Building package 'vision_processing' with the following arguments: {'ament_cmake_args': None, 'build_base': '/home/pop/ros2_ws/src/build/vision_processing', 'catkin_cmake_args': None, 'catkin_skip_building_tests': False, 'cmake_args': None, 'cmake_clean_cache': False, 'cmake_clean_first': False, 'cmake_force_configure': False, 'cmake_target': None, 'cmake_target_skip_unavailable': False, 'install_base': '/home/pop/ros2_ws/src/install/vision_processing', 'merge_install': False, 'path': '/home/pop/ros2_ws/src/vision_processing', 'symlink_install': False, 'test_result_base': None}
[3.180s] INFO:colcon.colcon_core.executor:Executing jobs using 'parallel' executor
[3.183s] DEBUG:colcon.colcon_parallel_executor.executor.parallel:run_until_complete
[3.185s] INFO:colcon.colcon_ros.task.ament_python.build:Building ROS package in '/home/pop/ros2_ws/src/controller' with build type 'ament_python'
[3.187s] Level 1:colcon.colcon_core.shell:create_environment_hook('controller', 'ament_prefix_path')
[3.209s] INFO:colcon.colcon_core.plugin_system:Skipping extension 'colcon_core.shell.bat': Not used on non-Windows systems
[3.212s] INFO:colcon.colcon_core.shell:Creating environment hook '/home/pop/ros2_ws/src/install/controller/share/controller/hook/ament_prefix_path.ps1'
[3.224s] INFO:colcon.colcon_core.shell:Creating environment descriptor '/home/pop/ros2_ws/src/install/controller/share/controller/hook/ament_prefix_path.dsv'
[3.230s] INFO:colcon.colcon_core.shell:Creating environment hook '/home/pop/ros2_ws/src/install/controller/share/controller/hook/ament_prefix_path.sh'
[3.238s] INFO:colcon.colcon_core.shell:Skip shell extension 'powershell' for command environment: Not usable outside of PowerShell
[3.239s] DEBUG:colcon.colcon_core.shell:Skip shell extension 'dsv' for command environment
[3.296s] INFO:colcon.colcon_ros.task.ament_python.build:Building ROS package in '/home/pop/ros2_ws/src/image_viewer' with build type 'ament_python'
[3.298s] Level 1:colcon.colcon_core.shell:create_environment_hook('image_viewer', 'ament_prefix_path')
[3.301s] INFO:colcon.colcon_core.shell:Creating environment hook '/home/pop/ros2_ws/src/install/image_viewer/share/image_viewer/hook/ament_prefix_path.ps1'
[3.312s] INFO:colcon.colcon_core.shell:Creating environment descriptor '/home/pop/ros2_ws/src/install/image_viewer/share/image_viewer/hook/ament_prefix_path.dsv'
[3.320s] INFO:colcon.colcon_core.shell:Creating environment hook '/home/pop/ros2_ws/src/install/image_viewer/share/image_viewer/hook/ament_prefix_path.sh'
[3.327s] INFO:colcon.colcon_core.shell:Skip shell extension 'powershell' for command environment: Not usable outside of PowerShell
[3.329s] DEBUG:colcon.colcon_core.shell:Skip shell extension 'dsv' for command environment
[3.383s] INFO:colcon.colcon_ros.task.ament_python.build:Building ROS package in '/home/pop/ros2_ws/src/motor_controller' with build type 'ament_python'
[3.390s] Level 1:colcon.colcon_core.shell:create_environment_hook('motor_controller', 'ament_prefix_path')
[3.392s] INFO:colcon.colcon_core.shell:Creating environment hook '/home/pop/ros2_ws/src/install/motor_controller/share/motor_controller/hook/ament_prefix_path.ps1'
[3.407s] INFO:colcon.colcon_core.shell:Creating environment descriptor '/home/pop/ros2_ws/src/install/motor_controller/share/motor_controller/hook/ament_prefix_path.dsv'
[3.415s] INFO:colcon.colcon_core.shell:Creating environment hook '/home/pop/ros2_ws/src/install/motor_controller/share/motor_controller/hook/ament_prefix_path.sh'
[3.427s] INFO:colcon.colcon_core.shell:Skip shell extension 'powershell' for command environment: Not usable outside of PowerShell
[3.427s] DEBUG:colcon.colcon_core.shell:Skip shell extension 'dsv' for command environment
[3.489s] INFO:colcon.colcon_ros.task.ament_python.build:Building ROS package in '/home/pop/ros2_ws/src/vision_processing' with build type 'ament_python'
[3.490s] Level 1:colcon.colcon_core.shell:create_environment_hook('vision_processing', 'ament_prefix_path')
[3.493s] INFO:colcon.colcon_core.shell:Creating environment hook '/home/pop/ros2_ws/src/install/vision_processing/share/vision_processing/hook/ament_prefix_path.ps1'
[3.512s] INFO:colcon.colcon_core.shell:Creating environment descriptor '/home/pop/ros2_ws/src/install/vision_processing/share/vision_processing/hook/ament_prefix_path.dsv'
[3.521s] INFO:colcon.colcon_core.shell:Creating environment hook '/home/pop/ros2_ws/src/install/vision_processing/share/vision_processing/hook/ament_prefix_path.sh'
[3.532s] INFO:colcon.colcon_core.shell:Skip shell extension 'powershell' for command environment: Not usable outside of PowerShell
[3.533s] DEBUG:colcon.colcon_core.shell:Skip shell extension 'dsv' for command environment
[6.798s] INFO:colcon.colcon_core.task.python.build:Building Python package in '/home/pop/ros2_ws/src/controller'
[6.800s] INFO:colcon.colcon_core.shell:Skip shell extension 'powershell' for command environment: Not usable outside of PowerShell
[6.801s] DEBUG:colcon.colcon_core.shell:Skip shell extension 'dsv' for command environment
[10.101s] INFO:colcon.colcon_core.task.python.build:Building Python package in '/home/pop/ros2_ws/src/image_viewer'
[10.102s] INFO:colcon.colcon_core.shell:Skip shell extension 'powershell' for command environment: Not usable outside of PowerShell
[10.106s] DEBUG:colcon.colcon_core.shell:Skip shell extension 'dsv' for command environment
[13.324s] INFO:colcon.colcon_core.task.python.build:Building Python package in '/home/pop/ros2_ws/src/motor_controller'
[13.329s] INFO:colcon.colcon_core.shell:Skip shell extension 'powershell' for command environment: Not usable outside of PowerShell
[13.329s] DEBUG:colcon.colcon_core.shell:Skip shell extension 'dsv' for command environment
[16.517s] INFO:colcon.colcon_core.task.python.build:Building Python package in '/home/pop/ros2_ws/src/vision_processing'
[16.518s] INFO:colcon.colcon_core.shell:Skip shell extension 'powershell' for command environment: Not usable outside of PowerShell
[16.519s] DEBUG:colcon.colcon_core.shell:Skip shell extension 'dsv' for command environment
[26.269s] DEBUG:colcon.colcon_core.event_handler.log_command:Invoking command in '/home/pop/ros2_ws/src/controller': DEBUGINFOD_URLS=https://debuginfod.ubuntu.com PYTHONPATH=/home/pop/ros2_ws/src/build/controller/prefix_override:/usr/lib/python3/dist-packages/colcon_core/task/python/colcon_distutils_commands:/home/pop/ros2_ws/src/install/controller/lib/python3.12/site-packages:${PYTHONPATH} /usr/bin/python3 -W ignore:setup.py install is deprecated -W ignore:easy_install command is deprecated setup.py egg_info --egg-base ../build/controller build --build-base /home/pop/ros2_ws/src/build/controller/build install --record /home/pop/ros2_ws/src/build/controller/install.log --single-version-externally-managed install_data
[27.044s] DEBUG:colcon.colcon_core.event_handler.log_command:Invoking command in '/home/pop/ros2_ws/src/image_viewer': DEBUGINFOD_URLS=https://debuginfod.ubuntu.com PYTHONPATH=/home/pop/ros2_ws/src/build/image_viewer/prefix_override:/usr/lib/python3/dist-packages/colcon_core/task/python/colcon_distutils_commands:/home/pop/ros2_ws/src/install/image_viewer/lib/python3.12/site-packages:${PYTHONPATH} /usr/bin/python3 -W ignore:setup.py install is deprecated -W ignore:easy_install command is deprecated setup.py egg_info --egg-base ../build/image_viewer build --build-base /home/pop/ros2_ws/src/build/image_viewer/build install --record /home/pop/ros2_ws/src/build/image_viewer/install.log --single-version-externally-managed install_data
[29.014s] DEBUG:colcon.colcon_core.event_handler.log_command:Invoking command in '/home/pop/ros2_ws/src/motor_controller': DEBUGINFOD_URLS=https://debuginfod.ubuntu.com PYTHONPATH=/home/pop/ros2_ws/src/build/motor_controller/prefix_override:/usr/lib/python3/dist-packages/colcon_core/task/python/colcon_distutils_commands:/home/pop/ros2_ws/src/install/motor_controller/lib/python3.12/site-packages:${PYTHONPATH} /usr/bin/python3 -W ignore:setup.py install is deprecated -W ignore:easy_install command is deprecated setup.py egg_info --egg-base ../build/motor_controller build --build-base /home/pop/ros2_ws/src/build/motor_controller/build install --record /home/pop/ros2_ws/src/build/motor_controller/install.log --single-version-externally-managed install_data
[29.712s] DEBUG:colcon.colcon_core.event_handler.log_command:Invoking command in '/home/pop/ros2_ws/src/vision_processing': DEBUGINFOD_URLS=https://debuginfod.ubuntu.com PYTHONPATH=/home/pop/ros2_ws/src/build/vision_processing/prefix_override:/usr/lib/python3/dist-packages/colcon_core/task/python/colcon_distutils_commands:/home/pop/ros2_ws/src/install/vision_processing/lib/python3.12/site-packages:${PYTHONPATH} /usr/bin/python3 -W ignore:setup.py install is deprecated -W ignore:easy_install command is deprecated setup.py egg_info --egg-base ../build/vision_processing build --build-base /home/pop/ros2_ws/src/build/vision_processing/build install --record /home/pop/ros2_ws/src/build/vision_processing/install.log --single-version-externally-managed install_data
[34.409s] DEBUG:colcon.colcon_core.event_handler.log_command:Invoked command in '/home/pop/ros2_ws/src/controller' returned '0': DEBUGINFOD_URLS=https://debuginfod.ubuntu.com PYTHONPATH=/home/pop/ros2_ws/src/build/controller/prefix_override:/usr/lib/python3/dist-packages/colcon_core/task/python/colcon_distutils_commands:/home/pop/ros2_ws/src/install/controller/lib/python3.12/site-packages:${PYTHONPATH} /usr/bin/python3 -W ignore:setup.py install is deprecated -W ignore:easy_install command is deprecated setup.py egg_info --egg-base ../build/controller build --build-base /home/pop/ros2_ws/src/build/controller/build install --record /home/pop/ros2_ws/src/build/controller/install.log --single-version-externally-managed install_data
[34.477s] Level 1:colcon.colcon_core.environment:checking '/home/pop/ros2_ws/src/install/controller' for CMake module files
[34.498s] Level 1:colcon.colcon_core.environment:checking '/home/pop/ros2_ws/src/install/controller' for CMake config files
[34.514s] Level 1:colcon.colcon_core.environment:checking '/home/pop/ros2_ws/src/install/controller/lib'
[34.520s] Level 1:colcon.colcon_core.environment:checking '/home/pop/ros2_ws/src/install/controller/bin'
[34.525s] Level 1:colcon.colcon_core.environment:checking '/home/pop/ros2_ws/src/install/controller/lib/pkgconfig/controller.pc'
[34.527s] Level 1:colcon.colcon_core.environment:checking '/home/pop/ros2_ws/src/install/controller/lib/python3.12/site-packages'
[34.534s] Level 1:colcon.colcon_core.shell:create_environment_hook('controller', 'pythonpath')
[34.546s] INFO:colcon.colcon_core.shell:Creating environment hook '/home/pop/ros2_ws/src/install/controller/share/controller/hook/pythonpath.ps1'
[34.558s] INFO:colcon.colcon_core.shell:Creating environment descriptor '/home/pop/ros2_ws/src/install/controller/share/controller/hook/pythonpath.dsv'
[34.579s] INFO:colcon.colcon_core.shell:Creating environment hook '/home/pop/ros2_ws/src/install/controller/share/controller/hook/pythonpath.sh'
[34.605s] Level 1:colcon.colcon_core.environment:checking '/home/pop/ros2_ws/src/install/controller/bin'
[34.615s] Level 1:colcon.colcon_core.environment:create_environment_scripts_only(controller)
[34.620s] INFO:colcon.colcon_core.shell:Creating package script '/home/pop/ros2_ws/src/install/controller/share/controller/package.ps1'
[34.650s] INFO:colcon.colcon_core.shell:Creating package descriptor '/home/pop/ros2_ws/src/install/controller/share/controller/package.dsv'
[34.662s] INFO:colcon.colcon_core.shell:Creating package script '/home/pop/ros2_ws/src/install/controller/share/controller/package.sh'
[34.688s] INFO:colcon.colcon_core.shell:Creating package script '/home/pop/ros2_ws/src/install/controller/share/controller/package.bash'
[34.705s] INFO:colcon.colcon_core.shell:Creating package script '/home/pop/ros2_ws/src/install/controller/share/controller/package.zsh'
[34.726s] Level 1:colcon.colcon_core.environment:create_file_with_runtime_dependencies(/home/pop/ros2_ws/src/install/controller/share/colcon-core/packages/controller)
[35.584s] Level 1:colcon.colcon_core.environment:checking '/home/pop/ros2_ws/src/install/image_viewer' for CMake module files
[35.591s] DEBUG:colcon.colcon_core.event_handler.log_command:Invoked command in '/home/pop/ros2_ws/src/image_viewer' returned '0': DEBUGINFOD_URLS=https://debuginfod.ubuntu.com PYTHONPATH=/home/pop/ros2_ws/src/build/image_viewer/prefix_override:/usr/lib/python3/dist-packages/colcon_core/task/python/colcon_distutils_commands:/home/pop/ros2_ws/src/install/image_viewer/lib/python3.12/site-packages:${PYTHONPATH} /usr/bin/python3 -W ignore:setup.py install is deprecated -W ignore:easy_install command is deprecated setup.py egg_info --egg-base ../build/image_viewer build --build-base /home/pop/ros2_ws/src/build/image_viewer/build install --record /home/pop/ros2_ws/src/build/image_viewer/install.log --single-version-externally-managed install_data
[35.608s] Level 1:colcon.colcon_core.environment:checking '/home/pop/ros2_ws/src/install/image_viewer' for CMake config files
[35.623s] Level 1:colcon.colcon_core.environment:checking '/home/pop/ros2_ws/src/install/image_viewer/lib'
[35.624s] Level 1:colcon.colcon_core.environment:checking '/home/pop/ros2_ws/src/install/image_viewer/bin'
[35.625s] Level 1:colcon.colcon_core.environment:checking '/home/pop/ros2_ws/src/install/image_viewer/lib/pkgconfig/image_viewer.pc'
[35.632s] Level 1:colcon.colcon_core.environment:checking '/home/pop/ros2_ws/src/install/image_viewer/lib/python3.12/site-packages'
[35.639s] Level 1:colcon.colcon_core.shell:create_environment_hook('image_viewer', 'pythonpath')
[35.646s] INFO:colcon.colcon_core.shell:Creating environment hook '/home/pop/ros2_ws/src/install/image_viewer/share/image_viewer/hook/pythonpath.ps1'
[35.657s] INFO:colcon.colcon_core.shell:Creating environment descriptor '/home/pop/ros2_ws/src/install/image_viewer/share/image_viewer/hook/pythonpath.dsv'
[35.665s] INFO:colcon.colcon_core.shell:Creating environment hook '/home/pop/ros2_ws/src/install/image_viewer/share/image_viewer/hook/pythonpath.sh'
[35.691s] Level 1:colcon.colcon_core.environment:checking '/home/pop/ros2_ws/src/install/image_viewer/bin'
[35.691s] Level 1:colcon.colcon_core.environment:create_environment_scripts_only(image_viewer)
[35.697s] INFO:colcon.colcon_core.shell:Creating package script '/home/pop/ros2_ws/src/install/image_viewer/share/image_viewer/package.ps1'
[35.708s] INFO:colcon.colcon_core.shell:Creating package descriptor '/home/pop/ros2_ws/src/install/image_viewer/share/image_viewer/package.dsv'
[35.724s] INFO:colcon.colcon_core.shell:Creating package script '/home/pop/ros2_ws/src/install/image_viewer/share/image_viewer/package.sh'
[35.744s] INFO:colcon.colcon_core.shell:Creating package script '/home/pop/ros2_ws/src/install/image_viewer/share/image_viewer/package.bash'
[35.763s] INFO:colcon.colcon_core.shell:Creating package script '/home/pop/ros2_ws/src/install/image_viewer/share/image_viewer/package.zsh'
[35.780s] Level 1:colcon.colcon_core.environment:create_file_with_runtime_dependencies(/home/pop/ros2_ws/src/install/image_viewer/share/colcon-core/packages/image_viewer)
[39.117s] Level 1:colcon.colcon_core.environment:checking '/home/pop/ros2_ws/src/install/motor_controller' for CMake module files
[39.118s] DEBUG:colcon.colcon_core.event_handler.log_command:Invoked command in '/home/pop/ros2_ws/src/motor_controller' returned '0': DEBUGINFOD_URLS=https://debuginfod.ubuntu.com PYTHONPATH=/home/pop/ros2_ws/src/build/motor_controller/prefix_override:/usr/lib/python3/dist-packages/colcon_core/task/python/colcon_distutils_commands:/home/pop/ros2_ws/src/install/motor_controller/lib/python3.12/site-packages:${PYTHONPATH} /usr/bin/python3 -W ignore:setup.py install is deprecated -W ignore:easy_install command is deprecated setup.py egg_info --egg-base ../build/motor_controller build --build-base /home/pop/ros2_ws/src/build/motor_controller/build install --record /home/pop/ros2_ws/src/build/motor_controller/install.log --single-version-externally-managed install_data
[39.122s] Level 1:colcon.colcon_core.environment:checking '/home/pop/ros2_ws/src/install/motor_controller' for CMake config files
[39.142s] Level 1:colcon.colcon_core.environment:checking '/home/pop/ros2_ws/src/install/motor_controller/lib'
[39.143s] Level 1:colcon.colcon_core.environment:checking '/home/pop/ros2_ws/src/install/motor_controller/bin'
[39.144s] Level 1:colcon.colcon_core.environment:checking '/home/pop/ros2_ws/src/install/motor_controller/lib/pkgconfig/motor_controller.pc'
[39.156s] Level 1:colcon.colcon_core.environment:checking '/home/pop/ros2_ws/src/install/motor_controller/lib/python3.12/site-packages'
[39.160s] Level 1:colcon.colcon_core.shell:create_environment_hook('motor_controller', 'pythonpath')
[39.165s] INFO:colcon.colcon_core.shell:Creating environment hook '/home/pop/ros2_ws/src/install/motor_controller/share/motor_controller/hook/pythonpath.ps1'
[39.175s] INFO:colcon.colcon_core.shell:Creating environment descriptor '/home/pop/ros2_ws/src/install/motor_controller/share/motor_controller/hook/pythonpath.dsv'
[39.180s] INFO:colcon.colcon_core.shell:Creating environment hook '/home/pop/ros2_ws/src/install/motor_controller/share/motor_controller/hook/pythonpath.sh'
[39.190s] Level 1:colcon.colcon_core.environment:checking '/home/pop/ros2_ws/src/install/motor_controller/bin'
[39.191s] Level 1:colcon.colcon_core.environment:create_environment_scripts_only(motor_controller)
[39.192s] INFO:colcon.colcon_core.shell:Creating package script '/home/pop/ros2_ws/src/install/motor_controller/share/motor_controller/package.ps1'
[39.204s] INFO:colcon.colcon_core.shell:Creating package descriptor '/home/pop/ros2_ws/src/install/motor_controller/share/motor_controller/package.dsv'
[39.209s] INFO:colcon.colcon_core.shell:Creating package script '/home/pop/ros2_ws/src/install/motor_controller/share/motor_controller/package.sh'
[39.218s] INFO:colcon.colcon_core.shell:Creating package script '/home/pop/ros2_ws/src/install/motor_controller/share/motor_controller/package.bash'
[39.224s] INFO:colcon.colcon_core.shell:Creating package script '/home/pop/ros2_ws/src/install/motor_controller/share/motor_controller/package.zsh'
[39.234s] Level 1:colcon.colcon_core.environment:create_file_with_runtime_dependencies(/home/pop/ros2_ws/src/install/motor_controller/share/colcon-core/packages/motor_controller)
[41.237s] Level 1:colcon.colcon_core.environment:checking '/home/pop/ros2_ws/src/install/vision_processing' for CMake module files
[41.248s] DEBUG:colcon.colcon_core.event_handler.log_command:Invoked command in '/home/pop/ros2_ws/src/vision_processing' returned '0': DEBUGINFOD_URLS=https://debuginfod.ubuntu.com PYTHONPATH=/home/pop/ros2_ws/src/build/vision_processing/prefix_override:/usr/lib/python3/dist-packages/colcon_core/task/python/colcon_distutils_commands:/home/pop/ros2_ws/src/install/vision_processing/lib/python3.12/site-packages:${PYTHONPATH} /usr/bin/python3 -W ignore:setup.py install is deprecated -W ignore:easy_install command is deprecated setup.py egg_info --egg-base ../build/vision_processing build --build-base /home/pop/ros2_ws/src/build/vision_processing/build install --record /home/pop/ros2_ws/src/build/vision_processing/install.log --single-version-externally-managed install_data
[41.256s] Level 1:colcon.colcon_core.environment:checking '/home/pop/ros2_ws/src/install/vision_processing' for CMake config files
[41.269s] Level 1:colcon.colcon_core.environment:checking '/home/pop/ros2_ws/src/install/vision_processing/lib'
[41.271s] Level 1:colcon.colcon_core.environment:checking '/home/pop/ros2_ws/src/install/vision_processing/bin'
[41.273s] Level 1:colcon.colcon_core.environment:checking '/home/pop/ros2_ws/src/install/vision_processing/lib/pkgconfig/vision_processing.pc'
[41.275s] Level 1:colcon.colcon_core.environment:checking '/home/pop/ros2_ws/src/install/vision_processing/lib/python3.12/site-packages'
[41.279s] Level 1:colcon.colcon_core.shell:create_environment_hook('vision_processing', 'pythonpath')
[41.281s] INFO:colcon.colcon_core.shell:Creating environment hook '/home/pop/ros2_ws/src/install/vision_processing/share/vision_processing/hook/pythonpath.ps1'
[41.289s] INFO:colcon.colcon_core.shell:Creating environment descriptor '/home/pop/ros2_ws/src/install/vision_processing/share/vision_processing/hook/pythonpath.dsv'
[41.291s] INFO:colcon.colcon_core.shell:Creating environment hook '/home/pop/ros2_ws/src/install/vision_processing/share/vision_processing/hook/pythonpath.sh'
[41.305s] Level 1:colcon.colcon_core.environment:checking '/home/pop/ros2_ws/src/install/vision_processing/bin'
[41.311s] Level 1:colcon.colcon_core.environment:create_environment_scripts_only(vision_processing)
[41.316s] INFO:colcon.colcon_core.shell:Creating package script '/home/pop/ros2_ws/src/install/vision_processing/share/vision_processing/package.ps1'
[41.323s] INFO:colcon.colcon_core.shell:Creating package descriptor '/home/pop/ros2_ws/src/install/vision_processing/share/vision_processing/package.dsv'
[41.331s] INFO:colcon.colcon_core.shell:Creating package script '/home/pop/ros2_ws/src/install/vision_processing/share/vision_processing/package.sh'
[41.335s] INFO:colcon.colcon_core.shell:Creating package script '/home/pop/ros2_ws/src/install/vision_processing/share/vision_processing/package.bash'
[41.339s] INFO:colcon.colcon_core.shell:Creating package script '/home/pop/ros2_ws/src/install/vision_processing/share/vision_processing/package.zsh'
[41.344s] Level 1:colcon.colcon_core.environment:create_file_with_runtime_dependencies(/home/pop/ros2_ws/src/install/vision_processing/share/colcon-core/packages/vision_processing)
[41.348s] DEBUG:colcon.colcon_parallel_executor.executor.parallel:closing loop
[41.350s] DEBUG:colcon.colcon_parallel_executor.executor.parallel:loop closed
[41.353s] DEBUG:colcon.colcon_parallel_executor.executor.parallel:run_until_complete finished with '0'
[41.357s] DEBUG:colcon.colcon_core.event_reactor:joining thread
[41.435s] INFO:colcon.colcon_core.plugin_system:Skipping extension 'colcon_notification.desktop_notification.terminal_notifier': Not used on non-Darwin systems
[41.437s] INFO:colcon.colcon_core.plugin_system:Skipping extension 'colcon_notification.desktop_notification.win32': Not used on non-Windows systems
[41.439s] INFO:colcon.colcon_notification.desktop_notification:Sending desktop notification using 'notify2'
[41.593s] DEBUG:colcon.colcon_core.event_reactor:joined thread
[41.595s] INFO:colcon.colcon_core.shell:Creating prefix script '/home/pop/ros2_ws/src/install/local_setup.ps1'
[41.612s] INFO:colcon.colcon_core.shell:Creating prefix util module '/home/pop/ros2_ws/src/install/_local_setup_util_ps1.py'
[41.635s] INFO:colcon.colcon_core.shell:Creating prefix chain script '/home/pop/ros2_ws/src/install/setup.ps1'
[41.663s] INFO:colcon.colcon_core.shell:Creating prefix script '/home/pop/ros2_ws/src/install/local_setup.sh'
[41.675s] INFO:colcon.colcon_core.shell:Creating prefix util module '/home/pop/ros2_ws/src/install/_local_setup_util_sh.py'
[41.687s] INFO:colcon.colcon_core.shell:Creating prefix chain script '/home/pop/ros2_ws/src/install/setup.sh'
[41.738s] INFO:colcon.colcon_core.shell:Creating prefix script '/home/pop/ros2_ws/src/install/local_setup.bash'
[41.742s] INFO:colcon.colcon_core.shell:Creating prefix chain script '/home/pop/ros2_ws/src/install/setup.bash'
[41.778s] INFO:colcon.colcon_core.shell:Creating prefix script '/home/pop/ros2_ws/src/install/local_setup.zsh'
[41.785s] INFO:colcon.colcon_core.shell:Creating prefix chain script '/home/pop/ros2_ws/src/install/setup.zsh'
