[9.620s] Invoking command in '/home/pop/ros2_ws/src/vision_processing': DEBUGINFOD_URLS=https://debuginfod.ubuntu.com PYTHONPATH=/home/pop/ros2_ws/src/build/vision_processing/prefix_override:/usr/lib/python3/dist-packages/colcon_core/task/python/colcon_distutils_commands:/home/pop/ros2_ws/src/install/vision_processing/lib/python3.12/site-packages:${PYTHONPATH} /usr/bin/python3 -W ignore:setup.py install is deprecated -W ignore:easy_install command is deprecated setup.py egg_info --egg-base ../build/vision_processing build --build-base /home/pop/ros2_ws/src/build/vision_processing/build install --record /home/pop/ros2_ws/src/build/vision_processing/install.log --single-version-externally-managed install_data
[12.770s] running egg_info
[13.022s] writing ../build/vision_processing/vision_processing.egg-info/PKG-INFO
[13.028s] writing dependency_links to ../build/vision_processing/vision_processing.egg-info/dependency_links.txt
[13.030s] writing entry points to ../build/vision_processing/vision_processing.egg-info/entry_points.txt
[13.033s] writing requirements to ../build/vision_processing/vision_processing.egg-info/requires.txt
[13.036s] writing top-level names to ../build/vision_processing/vision_processing.egg-info/top_level.txt
[13.551s] reading manifest file '../build/vision_processing/vision_processing.egg-info/SOURCES.txt'
[13.558s] writing manifest file '../build/vision_processing/vision_processing.egg-info/SOURCES.txt'
[13.559s] running build
[13.563s] running build_py
[13.564s] running install
[13.597s] running install_lib
[13.843s] byte-compiling /home/pop/ros2_ws/src/install/vision_processing/lib/python3.12/site-packages/vision_processing/vision_processing.py to vision_processing.cpython-312.pyc
[13.857s] running install_data
[13.862s] running install_egg_info
[14.118s] removing '/home/pop/ros2_ws/src/install/vision_processing/lib/python3.12/site-packages/vision_processing-0.0.0-py3.12.egg-info' (and everything under it)
[14.127s] Copying ../build/vision_processing/vision_processing.egg-info to /home/pop/ros2_ws/src/install/vision_processing/lib/python3.12/site-packages/vision_processing-0.0.0-py3.12.egg-info
[14.144s] running install_scripts
[16.061s] Installing vision_processing script to /home/pop/ros2_ws/src/install/vision_processing/lib/vision_processing
[16.074s] writing list of installed files to '/home/pop/ros2_ws/src/build/vision_processing/install.log'
[16.366s] Invoked command in '/home/pop/ros2_ws/src/vision_processing' returned '0': DEBUGINFOD_URLS=https://debuginfod.ubuntu.com PYTHONPATH=/home/pop/ros2_ws/src/build/vision_processing/prefix_override:/usr/lib/python3/dist-packages/colcon_core/task/python/colcon_distutils_commands:/home/pop/ros2_ws/src/install/vision_processing/lib/python3.12/site-packages:${PYTHONPATH} /usr/bin/python3 -W ignore:setup.py install is deprecated -W ignore:easy_install command is deprecated setup.py egg_info --egg-base ../build/vision_processing build --build-base /home/pop/ros2_ws/src/build/vision_processing/build install --record /home/pop/ros2_ws/src/build/vision_processing/install.log --single-version-externally-managed install_data
