[17.584s] Invoking command in '/home/pop/ros2_ws/src/vision_processing': DEBUGINFOD_URLS=https://debuginfod.ubuntu.com PYTHONPATH=/home/pop/ros2_ws/src/build/vision_processing/prefix_override:/usr/lib/python3/dist-packages/colcon_core/task/python/colcon_distutils_commands:/home/pop/ros2_ws/src/install/vision_processing/lib/python3.12/site-packages:${PYTHONPATH} /usr/bin/python3 -W ignore:setup.py install is deprecated -W ignore:easy_install command is deprecated setup.py egg_info --egg-base ../build/vision_processing build --build-base /home/pop/ros2_ws/src/build/vision_processing/build install --record /home/pop/ros2_ws/src/build/vision_processing/install.log --single-version-externally-managed install_data
[21.549s] running egg_info
[21.892s] writing ../build/vision_processing/vision_processing.egg-info/PKG-INFO
[21.900s] writing dependency_links to ../build/vision_processing/vision_processing.egg-info/dependency_links.txt
[21.910s] writing entry points to ../build/vision_processing/vision_processing.egg-info/entry_points.txt
[21.924s] writing requirements to ../build/vision_processing/vision_processing.egg-info/requires.txt
[21.937s] writing top-level names to ../build/vision_processing/vision_processing.egg-info/top_level.txt
[22.699s] reading manifest file '../build/vision_processing/vision_processing.egg-info/SOURCES.txt'
[22.723s] writing manifest file '../build/vision_processing/vision_processing.egg-info/SOURCES.txt'
[22.737s] running build
[22.748s] running build_py
[22.767s] running install
[22.770s] running install_lib
[23.168s] byte-compiling /home/pop/ros2_ws/src/install/vision_processing/lib/python3.12/site-packages/vision_processing/vision_processing.py to vision_processing.cpython-312.pyc
[23.185s] running install_data
[23.209s] running install_egg_info
[23.556s] removing '/home/pop/ros2_ws/src/install/vision_processing/lib/python3.12/site-packages/vision_processing-0.0.0-py3.12.egg-info' (and everything under it)
[23.574s] Copying ../build/vision_processing/vision_processing.egg-info to /home/pop/ros2_ws/src/install/vision_processing/lib/python3.12/site-packages/vision_processing-0.0.0-py3.12.egg-info
[23.624s] running install_scripts
[27.392s] Installing vision_processing script to /home/pop/ros2_ws/src/install/vision_processing/lib/vision_processing
[27.420s] writing list of installed files to '/home/pop/ros2_ws/src/build/vision_processing/install.log'
[27.733s] Invoked command in '/home/pop/ros2_ws/src/vision_processing' returned '0': DEBUGINFOD_URLS=https://debuginfod.ubuntu.com PYTHONPATH=/home/pop/ros2_ws/src/build/vision_processing/prefix_override:/usr/lib/python3/dist-packages/colcon_core/task/python/colcon_distutils_commands:/home/pop/ros2_ws/src/install/vision_processing/lib/python3.12/site-packages:${PYTHONPATH} /usr/bin/python3 -W ignore:setup.py install is deprecated -W ignore:easy_install command is deprecated setup.py egg_info --egg-base ../build/vision_processing build --build-base /home/pop/ros2_ws/src/build/vision_processing/build install --record /home/pop/ros2_ws/src/build/vision_processing/install.log --single-version-externally-managed install_data
