[9.077s] Invoking command in '/home/pop/ros2_ws/src/vision_processing': DEBUGINFOD_URLS=https://debuginfod.ubuntu.com PYTHONPATH=/home/pop/ros2_ws/src/build/vision_processing/prefix_override:/usr/lib/python3/dist-packages/colcon_core/task/python/colcon_distutils_commands:/home/pop/ros2_ws/src/install/vision_processing/lib/python3.12/site-packages:${PYTHONPATH} /usr/bin/python3 -W ignore:setup.py install is deprecated -W ignore:easy_install command is deprecated setup.py egg_info --egg-base ../build/vision_processing build --build-base /home/pop/ros2_ws/src/build/vision_processing/build install --record /home/pop/ros2_ws/src/build/vision_processing/install.log --single-version-externally-managed install_data
[12.084s] running egg_info
[12.339s] writing ../build/vision_processing/vision_processing.egg-info/PKG-INFO
[12.345s] writing dependency_links to ../build/vision_processing/vision_processing.egg-info/dependency_links.txt
[12.350s] writing entry points to ../build/vision_processing/vision_processing.egg-info/entry_points.txt
[12.351s] writing requirements to ../build/vision_processing/vision_processing.egg-info/requires.txt
[12.353s] writing top-level names to ../build/vision_processing/vision_processing.egg-info/top_level.txt
[12.927s] reading manifest file '../build/vision_processing/vision_processing.egg-info/SOURCES.txt'
[12.944s] writing manifest file '../build/vision_processing/vision_processing.egg-info/SOURCES.txt'
[12.957s] running build
[12.958s] running build_py
[12.959s] running install
[13.019s] running install_lib
[13.354s] byte-compiling /home/pop/ros2_ws/src/install/vision_processing/lib/python3.12/site-packages/vision_processing/vision_processing.py to vision_processing.cpython-312.pyc
[13.365s] running install_data
[13.372s] running install_egg_info
[13.630s] removing '/home/pop/ros2_ws/src/install/vision_processing/lib/python3.12/site-packages/vision_processing-0.0.0-py3.12.egg-info' (and everything under it)
[13.633s] Copying ../build/vision_processing/vision_processing.egg-info to /home/pop/ros2_ws/src/install/vision_processing/lib/python3.12/site-packages/vision_processing-0.0.0-py3.12.egg-info
[13.646s] running install_scripts
[15.328s] Installing vision_processing script to /home/pop/ros2_ws/src/install/vision_processing/lib/vision_processing
[15.333s] writing list of installed files to '/home/pop/ros2_ws/src/build/vision_processing/install.log'
[15.689s] Invoked command in '/home/pop/ros2_ws/src/vision_processing' returned '0': DEBUGINFOD_URLS=https://debuginfod.ubuntu.com PYTHONPATH=/home/pop/ros2_ws/src/build/vision_processing/prefix_override:/usr/lib/python3/dist-packages/colcon_core/task/python/colcon_distutils_commands:/home/pop/ros2_ws/src/install/vision_processing/lib/python3.12/site-packages:${PYTHONPATH} /usr/bin/python3 -W ignore:setup.py install is deprecated -W ignore:easy_install command is deprecated setup.py egg_info --egg-base ../build/vision_processing build --build-base /home/pop/ros2_ws/src/build/vision_processing/build install --record /home/pop/ros2_ws/src/build/vision_processing/install.log --single-version-externally-managed install_data
