[10.930s] Invoking command in '/home/pop/ros2_ws/src/motor_controller': DEBUGINFOD_URLS=https://debuginfod.ubuntu.com PYTHONPATH=/home/pop/ros2_ws/src/build/motor_controller/prefix_override:/usr/lib/python3/dist-packages/colcon_core/task/python/colcon_distutils_commands:/home/pop/ros2_ws/src/install/motor_controller/lib/python3.12/site-packages:${PYTHONPATH} /usr/bin/python3 -W ignore:setup.py install is deprecated -W ignore:easy_install command is deprecated setup.py egg_info --egg-base ../build/motor_controller build --build-base /home/pop/ros2_ws/src/build/motor_controller/build install --record /home/pop/ros2_ws/src/build/motor_controller/install.log --single-version-externally-managed install_data
[15.510s] running egg_info
[15.958s] writing ../build/motor_controller/motor_controller.egg-info/PKG-INFO
[15.968s] writing dependency_links to ../build/motor_controller/motor_controller.egg-info/dependency_links.txt
[15.986s] writing entry points to ../build/motor_controller/motor_controller.egg-info/entry_points.txt
[15.996s] writing requirements to ../build/motor_controller/motor_controller.egg-info/requires.txt
[16.004s] writing top-level names to ../build/motor_controller/motor_controller.egg-info/top_level.txt
[17.142s] reading manifest file '../build/motor_controller/motor_controller.egg-info/SOURCES.txt'
[17.154s] writing manifest file '../build/motor_controller/motor_controller.egg-info/SOURCES.txt'
[17.155s] running build
[17.156s] running build_py
[17.179s] running install
[17.198s] running install_lib
[17.403s] running install_data
[17.404s] running install_egg_info
[17.695s] removing '/home/pop/ros2_ws/src/install/motor_controller/lib/python3.12/site-packages/motor_controller-0.0.0-py3.12.egg-info' (and everything under it)
[17.707s] Copying ../build/motor_controller/motor_controller.egg-info to /home/pop/ros2_ws/src/install/motor_controller/lib/python3.12/site-packages/motor_controller-0.0.0-py3.12.egg-info
[17.722s] running install_scripts
[19.083s] Installing arduino_interface_node script to /home/pop/ros2_ws/src/install/motor_controller/lib/motor_controller
[19.093s] writing list of installed files to '/home/pop/ros2_ws/src/build/motor_controller/install.log'
[19.326s] Invoked command in '/home/pop/ros2_ws/src/motor_controller' returned '0': DEBUGINFOD_URLS=https://debuginfod.ubuntu.com PYTHONPATH=/home/pop/ros2_ws/src/build/motor_controller/prefix_override:/usr/lib/python3/dist-packages/colcon_core/task/python/colcon_distutils_commands:/home/pop/ros2_ws/src/install/motor_controller/lib/python3.12/site-packages:${PYTHONPATH} /usr/bin/python3 -W ignore:setup.py install is deprecated -W ignore:easy_install command is deprecated setup.py egg_info --egg-base ../build/motor_controller build --build-base /home/pop/ros2_ws/src/build/motor_controller/build install --record /home/pop/ros2_ws/src/build/motor_controller/install.log --single-version-externally-managed install_data
