[10.138s] Invoking command in '/home/pop/ros2_ws/src/vision_processing': DEBUGINFOD_URLS=https://debuginfod.ubuntu.com PYTHONPATH=/home/pop/ros2_ws/src/build/vision_processing/prefix_override:/usr/lib/python3/dist-packages/colcon_core/task/python/colcon_distutils_commands:/home/pop/ros2_ws/src/install/vision_processing/lib/python3.12/site-packages:${PYTHONPATH} /usr/bin/python3 -W ignore:setup.py install is deprecated -W ignore:easy_install command is deprecated setup.py egg_info --egg-base ../build/vision_processing build --build-base /home/pop/ros2_ws/src/build/vision_processing/build install --record /home/pop/ros2_ws/src/build/vision_processing/install.log --single-version-externally-managed install_data
[13.492s] running egg_info
[13.775s] writing ../build/vision_processing/vision_processing.egg-info/PKG-INFO
[13.781s] writing dependency_links to ../build/vision_processing/vision_processing.egg-info/dependency_links.txt
[13.784s] writing entry points to ../build/vision_processing/vision_processing.egg-info/entry_points.txt
[13.785s] writing requirements to ../build/vision_processing/vision_processing.egg-info/requires.txt
[13.785s] writing top-level names to ../build/vision_processing/vision_processing.egg-info/top_level.txt
[14.380s] reading manifest file '../build/vision_processing/vision_processing.egg-info/SOURCES.txt'
[14.385s] writing manifest file '../build/vision_processing/vision_processing.egg-info/SOURCES.txt'
[14.388s] running build
[14.391s] running build_py
[14.392s] running install
[14.443s] running install_lib
[14.750s] byte-compiling /home/pop/ros2_ws/src/install/vision_processing/lib/python3.12/site-packages/vision_processing/vision_processing.py to vision_processing.cpython-312.pyc
[14.765s] running install_data
[14.767s] running install_egg_info
[15.121s] removing '/home/pop/ros2_ws/src/install/vision_processing/lib/python3.12/site-packages/vision_processing-0.0.0-py3.12.egg-info' (and everything under it)
[15.128s] Copying ../build/vision_processing/vision_processing.egg-info to /home/pop/ros2_ws/src/install/vision_processing/lib/python3.12/site-packages/vision_processing-0.0.0-py3.12.egg-info
[15.155s] running install_scripts
[17.231s] Installing vision_processing script to /home/pop/ros2_ws/src/install/vision_processing/lib/vision_processing
[17.263s] writing list of installed files to '/home/pop/ros2_ws/src/build/vision_processing/install.log'
[17.565s] Invoked command in '/home/pop/ros2_ws/src/vision_processing' returned '0': DEBUGINFOD_URLS=https://debuginfod.ubuntu.com PYTHONPATH=/home/pop/ros2_ws/src/build/vision_processing/prefix_override:/usr/lib/python3/dist-packages/colcon_core/task/python/colcon_distutils_commands:/home/pop/ros2_ws/src/install/vision_processing/lib/python3.12/site-packages:${PYTHONPATH} /usr/bin/python3 -W ignore:setup.py install is deprecated -W ignore:easy_install command is deprecated setup.py egg_info --egg-base ../build/vision_processing build --build-base /home/pop/ros2_ws/src/build/vision_processing/build install --record /home/pop/ros2_ws/src/build/vision_processing/install.log --single-version-externally-managed install_data
