[6.086s] Invoking command in '/home/pop/ros2_ws/src/vision_processing': DEBUGINFOD_URLS=https://debuginfod.ubuntu.com PYTHONPATH=/home/pop/ros2_ws/src/build/vision_processing/prefix_override:/usr/lib/python3/dist-packages/colcon_core/task/python/colcon_distutils_commands:/home/pop/ros2_ws/src/install/vision_processing/lib/python3.12/site-packages:${PYTHONPATH} /usr/bin/python3 -W ignore:setup.py install is deprecated -W ignore:easy_install command is deprecated setup.py egg_info --egg-base ../build/vision_processing build --build-base /home/pop/ros2_ws/src/build/vision_processing/build install --record /home/pop/ros2_ws/src/build/vision_processing/install.log --single-version-externally-managed install_data
[7.593s] running egg_info
[7.694s] writing ../build/vision_processing/vision_processing.egg-info/PKG-INFO
[7.696s] writing dependency_links to ../build/vision_processing/vision_processing.egg-info/dependency_links.txt
[7.697s] writing entry points to ../build/vision_processing/vision_processing.egg-info/entry_points.txt
[7.698s] writing requirements to ../build/vision_processing/vision_processing.egg-info/requires.txt
[7.699s] writing top-level names to ../build/vision_processing/vision_processing.egg-info/top_level.txt
[7.920s] reading manifest file '../build/vision_processing/vision_processing.egg-info/SOURCES.txt'
[7.924s] writing manifest file '../build/vision_processing/vision_processing.egg-info/SOURCES.txt'
[7.925s] running build
[7.926s] running build_py
[7.927s] copying vision_processing/vision_processing.py -> /home/pop/ros2_ws/src/build/vision_processing/build/lib/vision_processing
[7.928s] running install
[7.956s] running install_lib
[8.058s] copying /home/pop/ros2_ws/src/build/vision_processing/build/lib/vision_processing/vision_processing.py -> /home/pop/ros2_ws/src/install/vision_processing/lib/python3.12/site-packages/vision_processing
[8.061s] byte-compiling /home/pop/ros2_ws/src/install/vision_processing/lib/python3.12/site-packages/vision_processing/vision_processing.py to vision_processing.cpython-312.pyc
[8.068s] running install_data
[8.069s] running install_egg_info
[8.186s] removing '/home/pop/ros2_ws/src/install/vision_processing/lib/python3.12/site-packages/vision_processing-0.0.0-py3.12.egg-info' (and everything under it)
[8.188s] Copying ../build/vision_processing/vision_processing.egg-info to /home/pop/ros2_ws/src/install/vision_processing/lib/python3.12/site-packages/vision_processing-0.0.0-py3.12.egg-info
[8.200s] running install_scripts
[9.010s] Installing vision_processing script to /home/pop/ros2_ws/src/install/vision_processing/lib/vision_processing
[9.012s] writing list of installed files to '/home/pop/ros2_ws/src/build/vision_processing/install.log'
[9.195s] Invoked command in '/home/pop/ros2_ws/src/vision_processing' returned '0': DEBUGINFOD_URLS=https://debuginfod.ubuntu.com PYTHONPATH=/home/pop/ros2_ws/src/build/vision_processing/prefix_override:/usr/lib/python3/dist-packages/colcon_core/task/python/colcon_distutils_commands:/home/pop/ros2_ws/src/install/vision_processing/lib/python3.12/site-packages:${PYTHONPATH} /usr/bin/python3 -W ignore:setup.py install is deprecated -W ignore:easy_install command is deprecated setup.py egg_info --egg-base ../build/vision_processing build --build-base /home/pop/ros2_ws/src/build/vision_processing/build install --record /home/pop/ros2_ws/src/build/vision_processing/install.log --single-version-externally-managed install_data
