[10.195s] Invoking command in '/home/pop/ros2_ws/src/image_viewer': DEBUGINFOD_URLS=https://debuginfod.ubuntu.com PYTHONPATH=/home/pop/ros2_ws/src/build/image_viewer/prefix_override:/usr/lib/python3/dist-packages/colcon_core/task/python/colcon_distutils_commands:/home/pop/ros2_ws/src/install/image_viewer/lib/python3.12/site-packages:${PYTHONPATH} /usr/bin/python3 -W ignore:setup.py install is deprecated -W ignore:easy_install command is deprecated setup.py egg_info --egg-base ../build/image_viewer build --build-base /home/pop/ros2_ws/src/build/image_viewer/build install --record /home/pop/ros2_ws/src/build/image_viewer/install.log --single-version-externally-managed install_data
[14.596s] running egg_info
[14.963s] writing ../build/image_viewer/image_viewer.egg-info/PKG-INFO
[14.969s] writing dependency_links to ../build/image_viewer/image_viewer.egg-info/dependency_links.txt
[14.969s] writing entry points to ../build/image_viewer/image_viewer.egg-info/entry_points.txt
[14.982s] writing requirements to ../build/image_viewer/image_viewer.egg-info/requires.txt
[14.990s] writing top-level names to ../build/image_viewer/image_viewer.egg-info/top_level.txt
[15.512s] reading manifest file '../build/image_viewer/image_viewer.egg-info/SOURCES.txt'
[15.523s] writing manifest file '../build/image_viewer/image_viewer.egg-info/SOURCES.txt'
[15.534s] running build
[15.535s] running build_py
[15.535s] copying image_viewer/image_viewer.py -> /home/pop/ros2_ws/src/build/image_viewer/build/lib/image_viewer
[15.546s] running install
[15.569s] running install_lib
[15.830s] copying /home/pop/ros2_ws/src/build/image_viewer/build/lib/image_viewer/image_viewer.py -> /home/pop/ros2_ws/src/install/image_viewer/lib/python3.12/site-packages/image_viewer
[15.835s] byte-compiling /home/pop/ros2_ws/src/install/image_viewer/lib/python3.12/site-packages/image_viewer/image_viewer.py to image_viewer.cpython-312.pyc
[15.848s] running install_data
[15.851s] running install_egg_info
[16.124s] removing '/home/pop/ros2_ws/src/install/image_viewer/lib/python3.12/site-packages/image_viewer-0.0.0-py3.12.egg-info' (and everything under it)
[16.126s] Copying ../build/image_viewer/image_viewer.egg-info to /home/pop/ros2_ws/src/install/image_viewer/lib/python3.12/site-packages/image_viewer-0.0.0-py3.12.egg-info
[16.126s] running install_scripts
[17.768s] Installing image_viewer script to /home/pop/ros2_ws/src/install/image_viewer/lib/image_viewer
[17.776s] writing list of installed files to '/home/pop/ros2_ws/src/build/image_viewer/install.log'
[18.062s] Invoked command in '/home/pop/ros2_ws/src/image_viewer' returned '0': DEBUGINFOD_URLS=https://debuginfod.ubuntu.com PYTHONPATH=/home/pop/ros2_ws/src/build/image_viewer/prefix_override:/usr/lib/python3/dist-packages/colcon_core/task/python/colcon_distutils_commands:/home/pop/ros2_ws/src/install/image_viewer/lib/python3.12/site-packages:${PYTHONPATH} /usr/bin/python3 -W ignore:setup.py install is deprecated -W ignore:easy_install command is deprecated setup.py egg_info --egg-base ../build/image_viewer build --build-base /home/pop/ros2_ws/src/build/image_viewer/build install --record /home/pop/ros2_ws/src/build/image_viewer/install.log --single-version-externally-managed install_data
