[10.387s] Invoking command in '/home/pop/ros2_ws/src/vision_processing': DEBUGINFOD_URLS=https://debuginfod.ubuntu.com PYTHONPATH=/home/pop/ros2_ws/src/build/vision_processing/prefix_override:/usr/lib/python3/dist-packages/colcon_core/task/python/colcon_distutils_commands:/home/pop/ros2_ws/src/install/vision_processing/lib/python3.12/site-packages:${PYTHONPATH} /usr/bin/python3 -W ignore:setup.py install is deprecated -W ignore:easy_install command is deprecated setup.py egg_info --egg-base ../build/vision_processing build --build-base /home/pop/ros2_ws/src/build/vision_processing/build install --record /home/pop/ros2_ws/src/build/vision_processing/install.log --single-version-externally-managed install_data
[13.796s] running egg_info
[14.048s] writing ../build/vision_processing/vision_processing.egg-info/PKG-INFO
[14.058s] writing dependency_links to ../build/vision_processing/vision_processing.egg-info/dependency_links.txt
[14.061s] writing entry points to ../build/vision_processing/vision_processing.egg-info/entry_points.txt
[14.068s] writing requirements to ../build/vision_processing/vision_processing.egg-info/requires.txt
[14.069s] writing top-level names to ../build/vision_processing/vision_processing.egg-info/top_level.txt
[14.664s] reading manifest file '../build/vision_processing/vision_processing.egg-info/SOURCES.txt'
[14.671s] writing manifest file '../build/vision_processing/vision_processing.egg-info/SOURCES.txt'
[14.675s] running build
[14.679s] running build_py
[14.683s] running install
[14.724s] running install_lib
[15.001s] byte-compiling /home/pop/ros2_ws/src/install/vision_processing/lib/python3.12/site-packages/vision_processing/vision_processing.py to vision_processing.cpython-312.pyc
[15.012s] running install_data
[15.017s] running install_egg_info
[15.294s] removing '/home/pop/ros2_ws/src/install/vision_processing/lib/python3.12/site-packages/vision_processing-0.0.0-py3.12.egg-info' (and everything under it)
[15.295s] Copying ../build/vision_processing/vision_processing.egg-info to /home/pop/ros2_ws/src/install/vision_processing/lib/python3.12/site-packages/vision_processing-0.0.0-py3.12.egg-info
[15.307s] running install_scripts
[17.207s] Installing vision_processing script to /home/pop/ros2_ws/src/install/vision_processing/lib/vision_processing
[17.211s] writing list of installed files to '/home/pop/ros2_ws/src/build/vision_processing/install.log'
[17.497s] Invoked command in '/home/pop/ros2_ws/src/vision_processing' returned '0': DEBUGINFOD_URLS=https://debuginfod.ubuntu.com PYTHONPATH=/home/pop/ros2_ws/src/build/vision_processing/prefix_override:/usr/lib/python3/dist-packages/colcon_core/task/python/colcon_distutils_commands:/home/pop/ros2_ws/src/install/vision_processing/lib/python3.12/site-packages:${PYTHONPATH} /usr/bin/python3 -W ignore:setup.py install is deprecated -W ignore:easy_install command is deprecated setup.py egg_info --egg-base ../build/vision_processing build --build-base /home/pop/ros2_ws/src/build/vision_processing/build install --record /home/pop/ros2_ws/src/build/vision_processing/install.log --single-version-externally-managed install_data
