[12.673s] Invoking command in '/home/pop/ros2_ws/src/vision_processing': DEBUGINFOD_URLS=https://debuginfod.ubuntu.com PYTHONPATH=/home/pop/ros2_ws/src/build/vision_processing/prefix_override:/usr/lib/python3/dist-packages/colcon_core/task/python/colcon_distutils_commands:/home/pop/ros2_ws/src/install/vision_processing/lib/python3.12/site-packages:${PYTHONPATH} /usr/bin/python3 -W ignore:setup.py install is deprecated -W ignore:easy_install command is deprecated setup.py egg_info --egg-base ../build/vision_processing build --build-base /home/pop/ros2_ws/src/build/vision_processing/build install --record /home/pop/ros2_ws/src/build/vision_processing/install.log --single-version-externally-managed install_data
[15.700s] running egg_info
[15.963s] writing ../build/vision_processing/vision_processing.egg-info/PKG-INFO
[15.967s] writing dependency_links to ../build/vision_processing/vision_processing.egg-info/dependency_links.txt
[15.974s] writing entry points to ../build/vision_processing/vision_processing.egg-info/entry_points.txt
[15.975s] writing requirements to ../build/vision_processing/vision_processing.egg-info/requires.txt
[15.976s] writing top-level names to ../build/vision_processing/vision_processing.egg-info/top_level.txt
[16.520s] reading manifest file '../build/vision_processing/vision_processing.egg-info/SOURCES.txt'
[16.524s] writing manifest file '../build/vision_processing/vision_processing.egg-info/SOURCES.txt'
[16.527s] running build
[16.533s] running build_py
[16.538s] running install
[16.579s] running install_lib
[16.863s] byte-compiling /home/pop/ros2_ws/src/install/vision_processing/lib/python3.12/site-packages/vision_processing/vision_processing.py to vision_processing.cpython-312.pyc
[16.881s] running install_data
[16.881s] running install_egg_info
[17.146s] removing '/home/pop/ros2_ws/src/install/vision_processing/lib/python3.12/site-packages/vision_processing-0.0.0-py3.12.egg-info' (and everything under it)
[17.157s] Copying ../build/vision_processing/vision_processing.egg-info to /home/pop/ros2_ws/src/install/vision_processing/lib/python3.12/site-packages/vision_processing-0.0.0-py3.12.egg-info
[17.162s] running install_scripts
[19.221s] Installing vision_processing script to /home/pop/ros2_ws/src/install/vision_processing/lib/vision_processing
[19.237s] writing list of installed files to '/home/pop/ros2_ws/src/build/vision_processing/install.log'
[20.031s] Invoked command in '/home/pop/ros2_ws/src/vision_processing' returned '0': DEBUGINFOD_URLS=https://debuginfod.ubuntu.com PYTHONPATH=/home/pop/ros2_ws/src/build/vision_processing/prefix_override:/usr/lib/python3/dist-packages/colcon_core/task/python/colcon_distutils_commands:/home/pop/ros2_ws/src/install/vision_processing/lib/python3.12/site-packages:${PYTHONPATH} /usr/bin/python3 -W ignore:setup.py install is deprecated -W ignore:easy_install command is deprecated setup.py egg_info --egg-base ../build/vision_processing build --build-base /home/pop/ros2_ws/src/build/vision_processing/build install --record /home/pop/ros2_ws/src/build/vision_processing/install.log --single-version-externally-managed install_data
