[23.079s] Invoking command in '/home/pop/ros2_ws/src/controller': DEBUGINFOD_URLS=https://debuginfod.ubuntu.com PYTHONPATH=/home/pop/ros2_ws/src/build/controller/prefix_override:/usr/lib/python3/dist-packages/colcon_core/task/python/colcon_distutils_commands:/home/pop/ros2_ws/src/install/controller/lib/python3.12/site-packages:${PYTHONPATH} /usr/bin/python3 -W ignore:setup.py install is deprecated -W ignore:easy_install command is deprecated setup.py egg_info --egg-base ../build/controller build --build-base /home/pop/ros2_ws/src/build/controller/build install --record /home/pop/ros2_ws/src/build/controller/install.log --single-version-externally-managed install_data
[26.357s] running egg_info
[26.666s] writing ../build/controller/controller.egg-info/PKG-INFO
[26.667s] writing dependency_links to ../build/controller/controller.egg-info/dependency_links.txt
[26.677s] writing entry points to ../build/controller/controller.egg-info/entry_points.txt
[26.680s] writing requirements to ../build/controller/controller.egg-info/requires.txt
[26.686s] writing top-level names to ../build/controller/controller.egg-info/top_level.txt
[27.148s] reading manifest file '../build/controller/controller.egg-info/SOURCES.txt'
[27.158s] writing manifest file '../build/controller/controller.egg-info/SOURCES.txt'
[27.165s] running build
[27.168s] running build_py
[27.169s] running install
[27.187s] running install_lib
[27.433s] running install_data
[27.448s] running install_egg_info
[27.677s] removing '/home/pop/ros2_ws/src/install/controller/lib/python3.12/site-packages/controller-0.0.0-py3.12.egg-info' (and everything under it)
[27.680s] Copying ../build/controller/controller.egg-info to /home/pop/ros2_ws/src/install/controller/lib/python3.12/site-packages/controller-0.0.0-py3.12.egg-info
[27.699s] running install_scripts
[29.982s] Installing controller script to /home/pop/ros2_ws/src/install/controller/lib/controller
[29.995s] writing list of installed files to '/home/pop/ros2_ws/src/build/controller/install.log'
[31.219s] Invoked command in '/home/pop/ros2_ws/src/controller' returned '0': DEBUGINFOD_URLS=https://debuginfod.ubuntu.com PYTHONPATH=/home/pop/ros2_ws/src/build/controller/prefix_override:/usr/lib/python3/dist-packages/colcon_core/task/python/colcon_distutils_commands:/home/pop/ros2_ws/src/install/controller/lib/python3.12/site-packages:${PYTHONPATH} /usr/bin/python3 -W ignore:setup.py install is deprecated -W ignore:easy_install command is deprecated setup.py egg_info --egg-base ../build/controller build --build-base /home/pop/ros2_ws/src/build/controller/build install --record /home/pop/ros2_ws/src/build/controller/install.log --single-version-externally-managed install_data
