[13.303s] Invoking command in '/home/pop/ros2_ws/src/vision_processing': DEBUGINFOD_URLS=https://debuginfod.ubuntu.com PYTHONPATH=/home/pop/ros2_ws/src/build/vision_processing/prefix_override:/usr/lib/python3/dist-packages/colcon_core/task/python/colcon_distutils_commands:/home/pop/ros2_ws/src/install/vision_processing/lib/python3.12/site-packages:${PYTHONPATH} /usr/bin/python3 -W ignore:setup.py install is deprecated -W ignore:easy_install command is deprecated setup.py egg_info --egg-base ../build/vision_processing build --build-base /home/pop/ros2_ws/src/build/vision_processing/build install --record /home/pop/ros2_ws/src/build/vision_processing/install.log --single-version-externally-managed install_data
[17.769s] running egg_info
[18.113s] writing ../build/vision_processing/vision_processing.egg-info/PKG-INFO
[18.117s] writing dependency_links to ../build/vision_processing/vision_processing.egg-info/dependency_links.txt
[18.121s] writing entry points to ../build/vision_processing/vision_processing.egg-info/entry_points.txt
[18.129s] writing requirements to ../build/vision_processing/vision_processing.egg-info/requires.txt
[18.136s] writing top-level names to ../build/vision_processing/vision_processing.egg-info/top_level.txt
[19.081s] reading manifest file '../build/vision_processing/vision_processing.egg-info/SOURCES.txt'
[19.090s] writing manifest file '../build/vision_processing/vision_processing.egg-info/SOURCES.txt'
[19.093s] running build
[19.098s] running build_py
[19.103s] running install
[19.141s] running install_lib
[19.570s] byte-compiling /home/pop/ros2_ws/src/install/vision_processing/lib/python3.12/site-packages/vision_processing/vision_processing.py to vision_processing.cpython-312.pyc
[19.577s] running install_data
[19.579s] running install_egg_info
[20.054s] removing '/home/pop/ros2_ws/src/install/vision_processing/lib/python3.12/site-packages/vision_processing-0.0.0-py3.12.egg-info' (and everything under it)
[20.064s] Copying ../build/vision_processing/vision_processing.egg-info to /home/pop/ros2_ws/src/install/vision_processing/lib/python3.12/site-packages/vision_processing-0.0.0-py3.12.egg-info
[20.093s] running install_scripts
[22.752s] Installing vision_processing script to /home/pop/ros2_ws/src/install/vision_processing/lib/vision_processing
[22.762s] writing list of installed files to '/home/pop/ros2_ws/src/build/vision_processing/install.log'
[23.130s] Invoked command in '/home/pop/ros2_ws/src/vision_processing' returned '0': DEBUGINFOD_URLS=https://debuginfod.ubuntu.com PYTHONPATH=/home/pop/ros2_ws/src/build/vision_processing/prefix_override:/usr/lib/python3/dist-packages/colcon_core/task/python/colcon_distutils_commands:/home/pop/ros2_ws/src/install/vision_processing/lib/python3.12/site-packages:${PYTHONPATH} /usr/bin/python3 -W ignore:setup.py install is deprecated -W ignore:easy_install command is deprecated setup.py egg_info --egg-base ../build/vision_processing build --build-base /home/pop/ros2_ws/src/build/vision_processing/build install --record /home/pop/ros2_ws/src/build/vision_processing/install.log --single-version-externally-managed install_data
