[1.182s] DEBUG:colcon:Command line arguments: ['/usr/bin/colcon', 'build', '--packages-select', 'vision_processing']
[1.183s] DEBUG:colcon:Parsed command line arguments: Namespace(log_base=None, log_level=None, verb_name='build', build_base='build', install_base='install', merge_install=False, symlink_install=False, test_result_base=None, continue_on_error=False, executor='parallel', parallel_workers=4, event_handlers=None, ignore_user_meta=False, metas=['./colcon.meta'], base_paths=['.'], packages_ignore=None, packages_ignore_regex=None, paths=None, packages_up_to=None, packages_up_to_regex=None, packages_above=None, packages_above_and_dependencies=None, packages_above_depth=None, packages_select_by_dep=None, packages_skip_by_dep=None, packages_skip_up_to=None, packages_select_build_failed=False, packages_skip_build_finished=False, packages_select_test_failures=False, packages_skip_test_passed=False, packages_select=['vision_processing'], packages_skip=None, packages_select_regex=None, packages_skip_regex=None, packages_start=None, packages_end=None, allow_overriding=[], cmake_args=None, cmake_target=None, cmake_target_skip_unavailable=False, cmake_clean_cache=False, cmake_clean_first=False, cmake_force_configure=False, ament_cmake_args=None, catkin_cmake_args=None, catkin_skip_building_tests=False, verb_parser=<colcon_defaults.argument_parser.defaults.DefaultArgumentsDecorator object at 0xffff92776450>, verb_extension=<colcon_core.verb.build.BuildVerb object at 0xffff92a8e780>, main=<bound method BuildVerb.main of <colcon_core.verb.build.BuildVerb object at 0xffff92a8e780>>)
[1.511s] Level 1:colcon.colcon_core.package_discovery:discover_packages(colcon_meta) check parameters
[1.512s] Level 1:colcon.colcon_core.package_discovery:discover_packages(recursive) check parameters
[1.512s] Level 1:colcon.colcon_core.package_discovery:discover_packages(ignore) check parameters
[1.512s] Level 1:colcon.colcon_core.package_discovery:discover_packages(path) check parameters
[1.513s] Level 1:colcon.colcon_core.package_discovery:discover_packages(colcon_meta) discover
[1.513s] Level 1:colcon.colcon_core.package_discovery:discover_packages(recursive) discover
[1.514s] INFO:colcon.colcon_core.package_discovery:Crawling recursively for packages in '/home/pop/ros2_ws/src'
[1.514s] Level 1:colcon.colcon_core.package_identification:_identify(.) by extensions ['ignore', 'ignore_ament_install']
[1.515s] Level 1:colcon.colcon_core.package_identification:_identify(.) by extension 'ignore'
[1.516s] Level 1:colcon.colcon_core.package_identification:_identify(.) by extension 'ignore_ament_install'
[1.516s] Level 1:colcon.colcon_core.package_identification:_identify(.) by extensions ['colcon_pkg']
[1.517s] Level 1:colcon.colcon_core.package_identification:_identify(.) by extension 'colcon_pkg'
[1.517s] Level 1:colcon.colcon_core.package_identification:_identify(.) by extensions ['colcon_meta']
[1.518s] Level 1:colcon.colcon_core.package_identification:_identify(.) by extension 'colcon_meta'
[1.519s] Level 1:colcon.colcon_core.package_identification:_identify(.) by extensions ['ros']
[1.519s] Level 1:colcon.colcon_core.package_identification:_identify(.) by extension 'ros'
[1.706s] Level 1:colcon.colcon_core.package_identification:_identify(.) by extensions ['cmake', 'python']
[1.706s] Level 1:colcon.colcon_core.package_identification:_identify(.) by extension 'cmake'
[1.707s] Level 1:colcon.colcon_core.package_identification:_identify(.) by extension 'python'
[1.707s] Level 1:colcon.colcon_core.package_identification:_identify(.) by extensions ['python_setup_py']
[1.708s] Level 1:colcon.colcon_core.package_identification:_identify(.) by extension 'python_setup_py'
[1.709s] Level 1:colcon.colcon_core.package_identification:_identify(build) by extensions ['ignore', 'ignore_ament_install']
[1.710s] Level 1:colcon.colcon_core.package_identification:_identify(build) by extension 'ignore'
[1.711s] Level 1:colcon.colcon_core.package_identification:_identify(build) ignored
[1.712s] Level 1:colcon.colcon_core.package_identification:_identify(controller) by extensions ['ignore', 'ignore_ament_install']
[1.712s] Level 1:colcon.colcon_core.package_identification:_identify(controller) by extension 'ignore'
[1.713s] Level 1:colcon.colcon_core.package_identification:_identify(controller) by extension 'ignore_ament_install'
[1.714s] Level 1:colcon.colcon_core.package_identification:_identify(controller) by extensions ['colcon_pkg']
[1.714s] Level 1:colcon.colcon_core.package_identification:_identify(controller) by extension 'colcon_pkg'
[1.715s] Level 1:colcon.colcon_core.package_identification:_identify(controller) by extensions ['colcon_meta']
[1.716s] Level 1:colcon.colcon_core.package_identification:_identify(controller) by extension 'colcon_meta'
[1.716s] Level 1:colcon.colcon_core.package_identification:_identify(controller) by extensions ['ros']
[1.716s] Level 1:colcon.colcon_core.package_identification:_identify(controller) by extension 'ros'
[1.731s] DEBUG:colcon.colcon_core.package_identification:Package 'controller' with type 'ros.ament_python' and name 'controller'
[1.732s] Level 1:colcon.colcon_core.package_identification:_identify(image_viewer) by extensions ['ignore', 'ignore_ament_install']
[1.733s] Level 1:colcon.colcon_core.package_identification:_identify(image_viewer) by extension 'ignore'
[1.734s] Level 1:colcon.colcon_core.package_identification:_identify(image_viewer) by extension 'ignore_ament_install'
[1.735s] Level 1:colcon.colcon_core.package_identification:_identify(image_viewer) by extensions ['colcon_pkg']
[1.735s] Level 1:colcon.colcon_core.package_identification:_identify(image_viewer) by extension 'colcon_pkg'
[1.736s] Level 1:colcon.colcon_core.package_identification:_identify(image_viewer) by extensions ['colcon_meta']
[1.737s] Level 1:colcon.colcon_core.package_identification:_identify(image_viewer) by extension 'colcon_meta'
[1.737s] Level 1:colcon.colcon_core.package_identification:_identify(image_viewer) by extensions ['ros']
[1.738s] Level 1:colcon.colcon_core.package_identification:_identify(image_viewer) by extension 'ros'
[1.740s] DEBUG:colcon.colcon_core.package_identification:Package 'image_viewer' with type 'ros.ament_python' and name 'image_viewer'
[1.742s] Level 1:colcon.colcon_core.package_identification:_identify(install) by extensions ['ignore', 'ignore_ament_install']
[1.742s] Level 1:colcon.colcon_core.package_identification:_identify(install) by extension 'ignore'
[1.743s] Level 1:colcon.colcon_core.package_identification:_identify(install) ignored
[1.745s] Level 1:colcon.colcon_core.package_identification:_identify(log) by extensions ['ignore', 'ignore_ament_install']
[1.746s] Level 1:colcon.colcon_core.package_identification:_identify(log) by extension 'ignore'
[1.747s] Level 1:colcon.colcon_core.package_identification:_identify(log) ignored
[1.748s] Level 1:colcon.colcon_core.package_identification:_identify(motor_controller) by extensions ['ignore', 'ignore_ament_install']
[1.748s] Level 1:colcon.colcon_core.package_identification:_identify(motor_controller) by extension 'ignore'
[1.749s] Level 1:colcon.colcon_core.package_identification:_identify(motor_controller) by extension 'ignore_ament_install'
[1.749s] Level 1:colcon.colcon_core.package_identification:_identify(motor_controller) by extensions ['colcon_pkg']
[1.750s] Level 1:colcon.colcon_core.package_identification:_identify(motor_controller) by extension 'colcon_pkg'
[1.750s] Level 1:colcon.colcon_core.package_identification:_identify(motor_controller) by extensions ['colcon_meta']
[1.750s] Level 1:colcon.colcon_core.package_identification:_identify(motor_controller) by extension 'colcon_meta'
[1.751s] Level 1:colcon.colcon_core.package_identification:_identify(motor_controller) by extensions ['ros']
[1.751s] Level 1:colcon.colcon_core.package_identification:_identify(motor_controller) by extension 'ros'
[1.755s] DEBUG:colcon.colcon_core.package_identification:Package 'motor_controller' with type 'ros.ament_python' and name 'motor_controller'
[1.756s] Level 1:colcon.colcon_core.package_identification:_identify(vision_processing) by extensions ['ignore', 'ignore_ament_install']
[1.757s] Level 1:colcon.colcon_core.package_identification:_identify(vision_processing) by extension 'ignore'
[1.757s] Level 1:colcon.colcon_core.package_identification:_identify(vision_processing) by extension 'ignore_ament_install'
[1.758s] Level 1:colcon.colcon_core.package_identification:_identify(vision_processing) by extensions ['colcon_pkg']
[1.759s] Level 1:colcon.colcon_core.package_identification:_identify(vision_processing) by extension 'colcon_pkg'
[1.759s] Level 1:colcon.colcon_core.package_identification:_identify(vision_processing) by extensions ['colcon_meta']
[1.759s] Level 1:colcon.colcon_core.package_identification:_identify(vision_processing) by extension 'colcon_meta'
[1.760s] Level 1:colcon.colcon_core.package_identification:_identify(vision_processing) by extensions ['ros']
[1.760s] Level 1:colcon.colcon_core.package_identification:_identify(vision_processing) by extension 'ros'
[1.762s] DEBUG:colcon.colcon_core.package_identification:Package 'vision_processing' with type 'ros.ament_python' and name 'vision_processing'
[1.763s] Level 1:colcon.colcon_core.package_discovery:discover_packages(recursive) using defaults
[1.763s] Level 1:colcon.colcon_core.package_discovery:discover_packages(ignore) discover
[1.764s] Level 1:colcon.colcon_core.package_discovery:discover_packages(ignore) using defaults
[1.764s] Level 1:colcon.colcon_core.package_discovery:discover_packages(path) discover
[1.764s] Level 1:colcon.colcon_core.package_discovery:discover_packages(path) using defaults
[1.911s] INFO:colcon.colcon_core.package_selection:Skipping not selected package 'controller' in 'controller'
[1.911s] INFO:colcon.colcon_core.package_selection:Skipping not selected package 'image_viewer' in 'image_viewer'
[1.912s] INFO:colcon.colcon_core.package_selection:Skipping not selected package 'motor_controller' in 'motor_controller'
[1.916s] Level 1:colcon.colcon_core.package_discovery:discover_packages(prefix_path) check parameters
[1.916s] Level 1:colcon.colcon_core.package_discovery:discover_packages(prefix_path) discover
[1.939s] DEBUG:colcon.colcon_installed_package_information.package_discovery:Found 4 installed packages in /home/pop/ros2_ws/src/install
[1.944s] DEBUG:colcon.colcon_installed_package_information.package_discovery:Found 4 installed packages in /home/pop/ros2_ws/install
[1.966s] DEBUG:colcon.colcon_installed_package_information.package_discovery:Found 326 installed packages in /opt/ros/jazzy
[1.972s] Level 1:colcon.colcon_core.package_discovery:discover_packages(prefix_path) using defaults
[2.489s] Level 5:colcon.colcon_core.verb:set package 'vision_processing' build argument 'cmake_args' from command line to 'None'
[2.490s] Level 5:colcon.colcon_core.verb:set package 'vision_processing' build argument 'cmake_target' from command line to 'None'
[2.490s] Level 5:colcon.colcon_core.verb:set package 'vision_processing' build argument 'cmake_target_skip_unavailable' from command line to 'False'
[2.490s] Level 5:colcon.colcon_core.verb:set package 'vision_processing' build argument 'cmake_clean_cache' from command line to 'False'
[2.491s] Level 5:colcon.colcon_core.verb:set package 'vision_processing' build argument 'cmake_clean_first' from command line to 'False'
[2.491s] Level 5:colcon.colcon_core.verb:set package 'vision_processing' build argument 'cmake_force_configure' from command line to 'False'
[2.491s] Level 5:colcon.colcon_core.verb:set package 'vision_processing' build argument 'ament_cmake_args' from command line to 'None'
[2.492s] Level 5:colcon.colcon_core.verb:set package 'vision_processing' build argument 'catkin_cmake_args' from command line to 'None'
[2.492s] Level 5:colcon.colcon_core.verb:set package 'vision_processing' build argument 'catkin_skip_building_tests' from command line to 'False'
[2.492s] DEBUG:colcon.colcon_core.verb:Building package 'vision_processing' with the following arguments: {'ament_cmake_args': None, 'build_base': '/home/pop/ros2_ws/src/build/vision_processing', 'catkin_cmake_args': None, 'catkin_skip_building_tests': False, 'cmake_args': None, 'cmake_clean_cache': False, 'cmake_clean_first': False, 'cmake_force_configure': False, 'cmake_target': None, 'cmake_target_skip_unavailable': False, 'install_base': '/home/pop/ros2_ws/src/install/vision_processing', 'merge_install': False, 'path': '/home/pop/ros2_ws/src/vision_processing', 'symlink_install': False, 'test_result_base': None}
[2.494s] INFO:colcon.colcon_core.executor:Executing jobs using 'parallel' executor
[2.499s] DEBUG:colcon.colcon_parallel_executor.executor.parallel:run_until_complete
[2.502s] INFO:colcon.colcon_ros.task.ament_python.build:Building ROS package in '/home/pop/ros2_ws/src/vision_processing' with build type 'ament_python'
[2.503s] Level 1:colcon.colcon_core.shell:create_environment_hook('vision_processing', 'ament_prefix_path')
[2.523s] INFO:colcon.colcon_core.plugin_system:Skipping extension 'colcon_core.shell.bat': Not used on non-Windows systems
[2.524s] INFO:colcon.colcon_core.shell:Creating environment hook '/home/pop/ros2_ws/src/install/vision_processing/share/vision_processing/hook/ament_prefix_path.ps1'
[2.535s] INFO:colcon.colcon_core.shell:Creating environment descriptor '/home/pop/ros2_ws/src/install/vision_processing/share/vision_processing/hook/ament_prefix_path.dsv'
[2.541s] INFO:colcon.colcon_core.shell:Creating environment hook '/home/pop/ros2_ws/src/install/vision_processing/share/vision_processing/hook/ament_prefix_path.sh'
[2.548s] INFO:colcon.colcon_core.shell:Skip shell extension 'powershell' for command environment: Not usable outside of PowerShell
[2.549s] DEBUG:colcon.colcon_core.shell:Skip shell extension 'dsv' for command environment
[4.922s] INFO:colcon.colcon_core.task.python.build:Building Python package in '/home/pop/ros2_ws/src/vision_processing'
[4.924s] INFO:colcon.colcon_core.shell:Skip shell extension 'powershell' for command environment: Not usable outside of PowerShell
[4.924s] DEBUG:colcon.colcon_core.shell:Skip shell extension 'dsv' for command environment
[6.080s] DEBUG:colcon.colcon_parallel_executor.executor.parallel:run_until_complete was interrupted
[6.081s] DEBUG:colcon.colcon_parallel_executor.executor.parallel:run_until_complete again
[6.315s] DEBUG:colcon.colcon_parallel_executor.executor.parallel:run_until_complete finished
[6.315s] DEBUG:colcon.colcon_parallel_executor.executor.parallel:closing loop
[6.315s] DEBUG:colcon.colcon_parallel_executor.executor.parallel:loop closed
[6.316s] DEBUG:colcon.colcon_core.event_reactor:joining thread
[6.369s] INFO:colcon.colcon_core.plugin_system:Skipping extension 'colcon_notification.desktop_notification.terminal_notifier': Not used on non-Darwin systems
[6.373s] INFO:colcon.colcon_core.plugin_system:Skipping extension 'colcon_notification.desktop_notification.win32': Not used on non-Windows systems
[6.377s] INFO:colcon.colcon_notification.desktop_notification:Sending desktop notification using 'notify2'
[6.533s] DEBUG:colcon.colcon_core.event_reactor:joined thread
[6.534s] INFO:colcon.colcon_core.shell:Creating prefix script '/home/pop/ros2_ws/src/install/local_setup.ps1'
[6.541s] INFO:colcon.colcon_core.shell:Creating prefix util module '/home/pop/ros2_ws/src/install/_local_setup_util_ps1.py'
[6.551s] INFO:colcon.colcon_core.shell:Creating prefix chain script '/home/pop/ros2_ws/src/install/setup.ps1'
[6.565s] INFO:colcon.colcon_core.shell:Creating prefix script '/home/pop/ros2_ws/src/install/local_setup.sh'
[6.571s] INFO:colcon.colcon_core.shell:Creating prefix util module '/home/pop/ros2_ws/src/install/_local_setup_util_sh.py'
[6.579s] INFO:colcon.colcon_core.shell:Creating prefix chain script '/home/pop/ros2_ws/src/install/setup.sh'
[6.592s] INFO:colcon.colcon_core.shell:Creating prefix script '/home/pop/ros2_ws/src/install/local_setup.bash'
[6.597s] INFO:colcon.colcon_core.shell:Creating prefix chain script '/home/pop/ros2_ws/src/install/setup.bash'
[6.611s] INFO:colcon.colcon_core.shell:Creating prefix script '/home/pop/ros2_ws/src/install/local_setup.zsh'
[6.617s] INFO:colcon.colcon_core.shell:Creating prefix chain script '/home/pop/ros2_ws/src/install/setup.zsh'
