[11.216s] Invoking command in '/home/pop/ros2_ws/src/controller': DEBUGINFOD_URLS=https://debuginfod.ubuntu.com PYTHONPATH=/home/pop/ros2_ws/src/build/controller/prefix_override:/usr/lib/python3/dist-packages/colcon_core/task/python/colcon_distutils_commands:/home/pop/ros2_ws/src/install/controller/lib/python3.12/site-packages:${PYTHONPATH} /usr/bin/python3 -W ignore:setup.py install is deprecated -W ignore:easy_install command is deprecated setup.py egg_info --egg-base ../build/controller build --build-base /home/pop/ros2_ws/src/build/controller/build install --record /home/pop/ros2_ws/src/build/controller/install.log --single-version-externally-managed install_data
[15.831s] running egg_info
[16.294s] writing ../build/controller/controller.egg-info/PKG-INFO
[16.295s] writing dependency_links to ../build/controller/controller.egg-info/dependency_links.txt
[16.295s] writing entry points to ../build/controller/controller.egg-info/entry_points.txt
[16.336s] writing requirements to ../build/controller/controller.egg-info/requires.txt
[16.337s] writing top-level names to ../build/controller/controller.egg-info/top_level.txt
[16.676s] reading manifest file '../build/controller/controller.egg-info/SOURCES.txt'
[16.702s] writing manifest file '../build/controller/controller.egg-info/SOURCES.txt'
[16.713s] running build
[16.714s] running build_py
[16.714s] copying controller/controller.py -> /home/pop/ros2_ws/src/build/controller/build/lib/controller
[16.730s] running install
[16.735s] running install_lib
[17.036s] copying /home/pop/ros2_ws/src/build/controller/build/lib/controller/controller.py -> /home/pop/ros2_ws/src/install/controller/lib/python3.12/site-packages/controller
[17.051s] byte-compiling /home/pop/ros2_ws/src/install/controller/lib/python3.12/site-packages/controller/controller.py to controller.cpython-312.pyc
[17.077s] running install_data
[17.088s] running install_egg_info
[17.733s] removing '/home/pop/ros2_ws/src/install/controller/lib/python3.12/site-packages/controller-0.0.0-py3.12.egg-info' (and everything under it)
[17.770s] Copying ../build/controller/controller.egg-info to /home/pop/ros2_ws/src/install/controller/lib/python3.12/site-packages/controller-0.0.0-py3.12.egg-info
[17.824s] running install_scripts
[20.450s] Installing controller script to /home/pop/ros2_ws/src/install/controller/lib/controller
[20.473s] writing list of installed files to '/home/pop/ros2_ws/src/build/controller/install.log'
[21.719s] Invoked command in '/home/pop/ros2_ws/src/controller' returned '0': DEBUGINFOD_URLS=https://debuginfod.ubuntu.com PYTHONPATH=/home/pop/ros2_ws/src/build/controller/prefix_override:/usr/lib/python3/dist-packages/colcon_core/task/python/colcon_distutils_commands:/home/pop/ros2_ws/src/install/controller/lib/python3.12/site-packages:${PYTHONPATH} /usr/bin/python3 -W ignore:setup.py install is deprecated -W ignore:easy_install command is deprecated setup.py egg_info --egg-base ../build/controller build --build-base /home/pop/ros2_ws/src/build/controller/build install --record /home/pop/ros2_ws/src/build/controller/install.log --single-version-externally-managed install_data
