[4.855s] Invoking command in '/home/pop/ros2_ws/src/image_viewer': DEBUGINFOD_URLS=https://debuginfod.ubuntu.com PYTHONPATH=/home/pop/ros2_ws/src/build/image_viewer/prefix_override:/usr/lib/python3/dist-packages/colcon_core/task/python/colcon_distutils_commands:/home/pop/ros2_ws/src/install/image_viewer/lib/python3.12/site-packages:${PYTHONPATH} /usr/bin/python3 -W ignore:setup.py install is deprecated -W ignore:easy_install command is deprecated setup.py egg_info --egg-base ../build/image_viewer build --build-base /home/pop/ros2_ws/src/build/image_viewer/build install --record /home/pop/ros2_ws/src/build/image_viewer/install.log --single-version-externally-managed install_data
[6.393s] running egg_info
[6.499s] writing ../build/image_viewer/image_viewer.egg-info/PKG-INFO
[6.502s] writing dependency_links to ../build/image_viewer/image_viewer.egg-info/dependency_links.txt
[6.503s] writing entry points to ../build/image_viewer/image_viewer.egg-info/entry_points.txt
[6.505s] writing requirements to ../build/image_viewer/image_viewer.egg-info/requires.txt
[6.505s] writing top-level names to ../build/image_viewer/image_viewer.egg-info/top_level.txt
[6.741s] reading manifest file '../build/image_viewer/image_viewer.egg-info/SOURCES.txt'
[6.747s] writing manifest file '../build/image_viewer/image_viewer.egg-info/SOURCES.txt'
[6.748s] running build
[6.748s] running build_py
[6.748s] copying image_viewer/image_viewer.py -> /home/pop/ros2_ws/src/build/image_viewer/build/lib/image_viewer
[6.749s] running install
[6.782s] running install_lib
[6.888s] copying /home/pop/ros2_ws/src/build/image_viewer/build/lib/image_viewer/image_viewer.py -> /home/pop/ros2_ws/src/install/image_viewer/lib/python3.12/site-packages/image_viewer
[6.891s] byte-compiling /home/pop/ros2_ws/src/install/image_viewer/lib/python3.12/site-packages/image_viewer/image_viewer.py to image_viewer.cpython-312.pyc
[6.897s] running install_data
[6.898s] running install_egg_info
[7.029s] removing '/home/pop/ros2_ws/src/install/image_viewer/lib/python3.12/site-packages/image_viewer-0.0.0-py3.12.egg-info' (and everything under it)
[7.031s] Copying ../build/image_viewer/image_viewer.egg-info to /home/pop/ros2_ws/src/install/image_viewer/lib/python3.12/site-packages/image_viewer-0.0.0-py3.12.egg-info
[7.038s] running install_scripts
[7.881s] Installing image_viewer script to /home/pop/ros2_ws/src/install/image_viewer/lib/image_viewer
[7.883s] writing list of installed files to '/home/pop/ros2_ws/src/build/image_viewer/install.log'
[8.080s] Invoked command in '/home/pop/ros2_ws/src/image_viewer' returned '0': DEBUGINFOD_URLS=https://debuginfod.ubuntu.com PYTHONPATH=/home/pop/ros2_ws/src/build/image_viewer/prefix_override:/usr/lib/python3/dist-packages/colcon_core/task/python/colcon_distutils_commands:/home/pop/ros2_ws/src/install/image_viewer/lib/python3.12/site-packages:${PYTHONPATH} /usr/bin/python3 -W ignore:setup.py install is deprecated -W ignore:easy_install command is deprecated setup.py egg_info --egg-base ../build/image_viewer build --build-base /home/pop/ros2_ws/src/build/image_viewer/build install --record /home/pop/ros2_ws/src/build/image_viewer/install.log --single-version-externally-managed install_data
