[10.341s] Invoking command in '/home/pop/ros2_ws/src/controller': DEBUGINFOD_URLS=https://debuginfod.ubuntu.com PYTHONPATH=/home/pop/ros2_ws/src/build/controller/prefix_override:/usr/lib/python3/dist-packages/colcon_core/task/python/colcon_distutils_commands:/home/pop/ros2_ws/src/install/controller/lib/python3.12/site-packages:${PYTHONPATH} /usr/bin/python3 -W ignore:setup.py install is deprecated -W ignore:easy_install command is deprecated setup.py egg_info --egg-base ../build/controller build --build-base /home/pop/ros2_ws/src/build/controller/build install --record /home/pop/ros2_ws/src/build/controller/install.log --single-version-externally-managed install_data
[14.447s] running egg_info
[14.626s] writing ../build/controller/controller.egg-info/PKG-INFO
[14.633s] writing dependency_links to ../build/controller/controller.egg-info/dependency_links.txt
[14.636s] writing entry points to ../build/controller/controller.egg-info/entry_points.txt
[14.637s] writing requirements to ../build/controller/controller.egg-info/requires.txt
[14.647s] writing top-level names to ../build/controller/controller.egg-info/top_level.txt
[15.026s] reading manifest file '../build/controller/controller.egg-info/SOURCES.txt'
[15.027s] writing manifest file '../build/controller/controller.egg-info/SOURCES.txt'
[15.041s] running build
[15.042s] running build_py
[15.043s] running install
[15.066s] running install_lib
[15.240s] running install_data
[15.247s] running install_egg_info
[15.429s] removing '/home/pop/ros2_ws/src/install/controller/lib/python3.12/site-packages/controller-0.0.0-py3.12.egg-info' (and everything under it)
[15.449s] Copying ../build/controller/controller.egg-info to /home/pop/ros2_ws/src/install/controller/lib/python3.12/site-packages/controller-0.0.0-py3.12.egg-info
[15.450s] running install_scripts
[16.806s] Installing controller script to /home/pop/ros2_ws/src/install/controller/lib/controller
[16.818s] writing list of installed files to '/home/pop/ros2_ws/src/build/controller/install.log'
[17.114s] Invoked command in '/home/pop/ros2_ws/src/controller' returned '0': DEBUGINFOD_URLS=https://debuginfod.ubuntu.com PYTHONPATH=/home/pop/ros2_ws/src/build/controller/prefix_override:/usr/lib/python3/dist-packages/colcon_core/task/python/colcon_distutils_commands:/home/pop/ros2_ws/src/install/controller/lib/python3.12/site-packages:${PYTHONPATH} /usr/bin/python3 -W ignore:setup.py install is deprecated -W ignore:easy_install command is deprecated setup.py egg_info --egg-base ../build/controller build --build-base /home/pop/ros2_ws/src/build/controller/build install --record /home/pop/ros2_ws/src/build/controller/install.log --single-version-externally-managed install_data
