[5.145s] Invoking command in '/home/pop/ros2_ws/src/vision_processing': DEBUGINFOD_URLS=https://debuginfod.ubuntu.com PYTHONPATH=/home/pop/ros2_ws/src/build/vision_processing/prefix_override:/usr/lib/python3/dist-packages/colcon_core/task/python/colcon_distutils_commands:/home/pop/ros2_ws/src/install/vision_processing/lib/python3.12/site-packages:${PYTHONPATH} /usr/bin/python3 -W ignore:setup.py install is deprecated -W ignore:easy_install command is deprecated setup.py egg_info --egg-base ../build/vision_processing build --build-base /home/pop/ros2_ws/src/build/vision_processing/build install --record /home/pop/ros2_ws/src/build/vision_processing/install.log --single-version-externally-managed install_data
[6.758s] running egg_info
[6.899s] writing ../build/vision_processing/vision_processing.egg-info/PKG-INFO
[6.902s] writing dependency_links to ../build/vision_processing/vision_processing.egg-info/dependency_links.txt
[6.905s] writing entry points to ../build/vision_processing/vision_processing.egg-info/entry_points.txt
[6.908s] writing requirements to ../build/vision_processing/vision_processing.egg-info/requires.txt
[6.908s] writing top-level names to ../build/vision_processing/vision_processing.egg-info/top_level.txt
[7.134s] reading manifest file '../build/vision_processing/vision_processing.egg-info/SOURCES.txt'
[7.138s] writing manifest file '../build/vision_processing/vision_processing.egg-info/SOURCES.txt'
[7.139s] running build
[7.139s] running build_py
[7.141s] copying vision_processing/vision_processing.py -> /home/pop/ros2_ws/src/build/vision_processing/build/lib/vision_processing
[7.142s] running install
[7.174s] running install_lib
[7.295s] copying /home/pop/ros2_ws/src/build/vision_processing/build/lib/vision_processing/vision_processing.py -> /home/pop/ros2_ws/src/install/vision_processing/lib/python3.12/site-packages/vision_processing
[7.298s] byte-compiling /home/pop/ros2_ws/src/install/vision_processing/lib/python3.12/site-packages/vision_processing/vision_processing.py to vision_processing.cpython-312.pyc
[7.309s] running install_data
[7.310s] running install_egg_info
[7.442s] removing '/home/pop/ros2_ws/src/install/vision_processing/lib/python3.12/site-packages/vision_processing-0.0.0-py3.12.egg-info' (and everything under it)
[7.446s] Copying ../build/vision_processing/vision_processing.egg-info to /home/pop/ros2_ws/src/install/vision_processing/lib/python3.12/site-packages/vision_processing-0.0.0-py3.12.egg-info
[7.454s] running install_scripts
[8.353s] Installing vision_processing script to /home/pop/ros2_ws/src/install/vision_processing/lib/vision_processing
[8.356s] writing list of installed files to '/home/pop/ros2_ws/src/build/vision_processing/install.log'
[8.555s] Invoked command in '/home/pop/ros2_ws/src/vision_processing' returned '0': DEBUGINFOD_URLS=https://debuginfod.ubuntu.com PYTHONPATH=/home/pop/ros2_ws/src/build/vision_processing/prefix_override:/usr/lib/python3/dist-packages/colcon_core/task/python/colcon_distutils_commands:/home/pop/ros2_ws/src/install/vision_processing/lib/python3.12/site-packages:${PYTHONPATH} /usr/bin/python3 -W ignore:setup.py install is deprecated -W ignore:easy_install command is deprecated setup.py egg_info --egg-base ../build/vision_processing build --build-base /home/pop/ros2_ws/src/build/vision_processing/build install --record /home/pop/ros2_ws/src/build/vision_processing/install.log --single-version-externally-managed install_data
