[11.818s] Invoking command in '/home/pop/ros2_ws/src/vision_processing': DEBUGINFOD_URLS=https://debuginfod.ubuntu.com PYTHONPATH=/home/pop/ros2_ws/src/build/vision_processing/prefix_override:/usr/lib/python3/dist-packages/colcon_core/task/python/colcon_distutils_commands:/home/pop/ros2_ws/src/install/vision_processing/lib/python3.12/site-packages:${PYTHONPATH} /usr/bin/python3 -W ignore:setup.py install is deprecated -W ignore:easy_install command is deprecated setup.py egg_info --egg-base ../build/vision_processing build --build-base /home/pop/ros2_ws/src/build/vision_processing/build install --record /home/pop/ros2_ws/src/build/vision_processing/install.log --single-version-externally-managed install_data
[15.087s] running egg_info
[15.401s] writing ../build/vision_processing/vision_processing.egg-info/PKG-INFO
[15.408s] writing dependency_links to ../build/vision_processing/vision_processing.egg-info/dependency_links.txt
[15.422s] writing entry points to ../build/vision_processing/vision_processing.egg-info/entry_points.txt
[15.423s] writing requirements to ../build/vision_processing/vision_processing.egg-info/requires.txt
[15.429s] writing top-level names to ../build/vision_processing/vision_processing.egg-info/top_level.txt
[15.996s] reading manifest file '../build/vision_processing/vision_processing.egg-info/SOURCES.txt'
[16.002s] writing manifest file '../build/vision_processing/vision_processing.egg-info/SOURCES.txt'
[16.009s] running build
[16.009s] running build_py
[16.020s] running install
[16.043s] running install_lib
[16.332s] byte-compiling /home/pop/ros2_ws/src/install/vision_processing/lib/python3.12/site-packages/vision_processing/vision_processing.py to vision_processing.cpython-312.pyc
[16.336s] running install_data
[16.337s] running install_egg_info
[16.637s] removing '/home/pop/ros2_ws/src/install/vision_processing/lib/python3.12/site-packages/vision_processing-0.0.0-py3.12.egg-info' (and everything under it)
[16.644s] Copying ../build/vision_processing/vision_processing.egg-info to /home/pop/ros2_ws/src/install/vision_processing/lib/python3.12/site-packages/vision_processing-0.0.0-py3.12.egg-info
[16.655s] running install_scripts
[18.782s] Installing vision_processing script to /home/pop/ros2_ws/src/install/vision_processing/lib/vision_processing
[18.787s] writing list of installed files to '/home/pop/ros2_ws/src/build/vision_processing/install.log'
[19.088s] Invoked command in '/home/pop/ros2_ws/src/vision_processing' returned '0': DEBUGINFOD_URLS=https://debuginfod.ubuntu.com PYTHONPATH=/home/pop/ros2_ws/src/build/vision_processing/prefix_override:/usr/lib/python3/dist-packages/colcon_core/task/python/colcon_distutils_commands:/home/pop/ros2_ws/src/install/vision_processing/lib/python3.12/site-packages:${PYTHONPATH} /usr/bin/python3 -W ignore:setup.py install is deprecated -W ignore:easy_install command is deprecated setup.py egg_info --egg-base ../build/vision_processing build --build-base /home/pop/ros2_ws/src/build/vision_processing/build install --record /home/pop/ros2_ws/src/build/vision_processing/install.log --single-version-externally-managed install_data
