[21.900s] Invoking command in '/home/pop/ros2_ws/src/image_viewer': DEBUGINFOD_URLS=https://debuginfod.ubuntu.com PYTHONPATH=/home/pop/ros2_ws/src/build/image_viewer/prefix_override:/usr/lib/python3/dist-packages/colcon_core/task/python/colcon_distutils_commands:/home/pop/ros2_ws/src/install/image_viewer/lib/python3.12/site-packages:${PYTHONPATH} /usr/bin/python3 -W ignore:setup.py install is deprecated -W ignore:easy_install command is deprecated setup.py egg_info --egg-base ../build/image_viewer build --build-base /home/pop/ros2_ws/src/build/image_viewer/build install --record /home/pop/ros2_ws/src/build/image_viewer/install.log --single-version-externally-managed install_data
[25.535s] running egg_info
[25.786s] writing ../build/image_viewer/image_viewer.egg-info/PKG-INFO
[25.823s] writing dependency_links to ../build/image_viewer/image_viewer.egg-info/dependency_links.txt
[25.824s] writing entry points to ../build/image_viewer/image_viewer.egg-info/entry_points.txt
[25.846s] writing requirements to ../build/image_viewer/image_viewer.egg-info/requires.txt
[25.861s] writing top-level names to ../build/image_viewer/image_viewer.egg-info/top_level.txt
[26.568s] reading manifest file '../build/image_viewer/image_viewer.egg-info/SOURCES.txt'
[26.580s] writing manifest file '../build/image_viewer/image_viewer.egg-info/SOURCES.txt'
[26.591s] running build
[26.591s] running build_py
[26.609s] running install
[26.635s] running install_lib
[26.857s] running install_data
[26.866s] running install_egg_info
[27.146s] removing '/home/pop/ros2_ws/src/install/image_viewer/lib/python3.12/site-packages/image_viewer-0.0.0-py3.12.egg-info' (and everything under it)
[27.159s] Copying ../build/image_viewer/image_viewer.egg-info to /home/pop/ros2_ws/src/install/image_viewer/lib/python3.12/site-packages/image_viewer-0.0.0-py3.12.egg-info
[27.174s] running install_scripts
[28.995s] Installing image_viewer script to /home/pop/ros2_ws/src/install/image_viewer/lib/image_viewer
[29.006s] writing list of installed files to '/home/pop/ros2_ws/src/build/image_viewer/install.log'
[29.271s] Invoked command in '/home/pop/ros2_ws/src/image_viewer' returned '0': DEBUGINFOD_URLS=https://debuginfod.ubuntu.com PYTHONPATH=/home/pop/ros2_ws/src/build/image_viewer/prefix_override:/usr/lib/python3/dist-packages/colcon_core/task/python/colcon_distutils_commands:/home/pop/ros2_ws/src/install/image_viewer/lib/python3.12/site-packages:${PYTHONPATH} /usr/bin/python3 -W ignore:setup.py install is deprecated -W ignore:easy_install command is deprecated setup.py egg_info --egg-base ../build/image_viewer build --build-base /home/pop/ros2_ws/src/build/image_viewer/build install --record /home/pop/ros2_ws/src/build/image_viewer/install.log --single-version-externally-managed install_data
