[24.501s] Invoking command in '/home/pop/ros2_ws/src/vision_processing': DEBUGINFOD_URLS=https://debuginfod.ubuntu.com PYTHONPATH=/home/pop/ros2_ws/src/build/vision_processing/prefix_override:/usr/lib/python3/dist-packages/colcon_core/task/python/colcon_distutils_commands:/home/pop/ros2_ws/src/install/vision_processing/lib/python3.12/site-packages:${PYTHONPATH} /usr/bin/python3 -W ignore:setup.py install is deprecated -W ignore:easy_install command is deprecated setup.py egg_info --egg-base ../build/vision_processing build --build-base /home/pop/ros2_ws/src/build/vision_processing/build install --record /home/pop/ros2_ws/src/build/vision_processing/install.log --single-version-externally-managed install_data
[28.001s] running egg_info
[28.236s] writing ../build/vision_processing/vision_processing.egg-info/PKG-INFO
[28.250s] writing dependency_links to ../build/vision_processing/vision_processing.egg-info/dependency_links.txt
[28.268s] writing entry points to ../build/vision_processing/vision_processing.egg-info/entry_points.txt
[28.269s] writing requirements to ../build/vision_processing/vision_processing.egg-info/requires.txt
[28.286s] writing top-level names to ../build/vision_processing/vision_processing.egg-info/top_level.txt
[28.802s] reading manifest file '../build/vision_processing/vision_processing.egg-info/SOURCES.txt'
[28.809s] writing manifest file '../build/vision_processing/vision_processing.egg-info/SOURCES.txt'
[28.826s] running build
[28.838s] running build_py
[28.867s] running install
[28.895s] running install_lib
[29.243s] running install_data
[29.268s] running install_egg_info
[29.548s] removing '/home/pop/ros2_ws/src/install/vision_processing/lib/python3.12/site-packages/vision_processing-0.0.0-py3.12.egg-info' (and everything under it)
[29.549s] Copying ../build/vision_processing/vision_processing.egg-info to /home/pop/ros2_ws/src/install/vision_processing/lib/python3.12/site-packages/vision_processing-0.0.0-py3.12.egg-info
[29.561s] running install_scripts
[31.609s] Installing vision_processing script to /home/pop/ros2_ws/src/install/vision_processing/lib/vision_processing
[31.622s] writing list of installed files to '/home/pop/ros2_ws/src/build/vision_processing/install.log'
[32.016s] Invoked command in '/home/pop/ros2_ws/src/vision_processing' returned '0': DEBUGINFOD_URLS=https://debuginfod.ubuntu.com PYTHONPATH=/home/pop/ros2_ws/src/build/vision_processing/prefix_override:/usr/lib/python3/dist-packages/colcon_core/task/python/colcon_distutils_commands:/home/pop/ros2_ws/src/install/vision_processing/lib/python3.12/site-packages:${PYTHONPATH} /usr/bin/python3 -W ignore:setup.py install is deprecated -W ignore:easy_install command is deprecated setup.py egg_info --egg-base ../build/vision_processing build --build-base /home/pop/ros2_ws/src/build/vision_processing/build install --record /home/pop/ros2_ws/src/build/vision_processing/install.log --single-version-externally-managed install_data
