[15.992s] Invoking command in '/home/pop/ros2_ws/src/motor_controller': DEBUGINFOD_URLS=https://debuginfod.ubuntu.com PYTHONPATH=/home/pop/ros2_ws/src/build/motor_controller/prefix_override:/usr/lib/python3/dist-packages/colcon_core/task/python/colcon_distutils_commands:/home/pop/ros2_ws/src/install/motor_controller/lib/python3.12/site-packages:${PYTHONPATH} /usr/bin/python3 -W ignore:setup.py install is deprecated -W ignore:easy_install command is deprecated setup.py egg_info --egg-base ../build/motor_controller build --build-base /home/pop/ros2_ws/src/build/motor_controller/build install --record /home/pop/ros2_ws/src/build/motor_controller/install.log --single-version-externally-managed install_data
[18.763s] running egg_info
[19.098s] writing ../build/motor_controller/motor_controller.egg-info/PKG-INFO
[19.099s] writing dependency_links to ../build/motor_controller/motor_controller.egg-info/dependency_links.txt
[19.101s] writing entry points to ../build/motor_controller/motor_controller.egg-info/entry_points.txt
[19.107s] writing requirements to ../build/motor_controller/motor_controller.egg-info/requires.txt
[19.108s] writing top-level names to ../build/motor_controller/motor_controller.egg-info/top_level.txt
[19.722s] reading manifest file '../build/motor_controller/motor_controller.egg-info/SOURCES.txt'
[19.753s] writing manifest file '../build/motor_controller/motor_controller.egg-info/SOURCES.txt'
[19.754s] running build
[19.755s] running build_py
[19.793s] running install
[19.812s] running install_lib
[20.195s] running install_data
[20.221s] running install_egg_info
[20.459s] removing '/home/pop/ros2_ws/src/install/motor_controller/lib/python3.12/site-packages/motor_controller-0.0.0-py3.12.egg-info' (and everything under it)
[20.460s] Copying ../build/motor_controller/motor_controller.egg-info to /home/pop/ros2_ws/src/install/motor_controller/lib/python3.12/site-packages/motor_controller-0.0.0-py3.12.egg-info
[20.479s] running install_scripts
[22.166s] Installing arduino_interface_node script to /home/pop/ros2_ws/src/install/motor_controller/lib/motor_controller
[22.177s] writing list of installed files to '/home/pop/ros2_ws/src/build/motor_controller/install.log'
[22.834s] Invoked command in '/home/pop/ros2_ws/src/motor_controller' returned '0': DEBUGINFOD_URLS=https://debuginfod.ubuntu.com PYTHONPATH=/home/pop/ros2_ws/src/build/motor_controller/prefix_override:/usr/lib/python3/dist-packages/colcon_core/task/python/colcon_distutils_commands:/home/pop/ros2_ws/src/install/motor_controller/lib/python3.12/site-packages:${PYTHONPATH} /usr/bin/python3 -W ignore:setup.py install is deprecated -W ignore:easy_install command is deprecated setup.py egg_info --egg-base ../build/motor_controller build --build-base /home/pop/ros2_ws/src/build/motor_controller/build install --record /home/pop/ros2_ws/src/build/motor_controller/install.log --single-version-externally-managed install_data
