[13.532s] Invoking command in '/home/pop/ros2_ws/src/vision_processing': DEBUGINFOD_URLS=https://debuginfod.ubuntu.com PYTHONPATH=/home/pop/ros2_ws/src/build/vision_processing/prefix_override:/usr/lib/python3/dist-packages/colcon_core/task/python/colcon_distutils_commands:/home/pop/ros2_ws/src/install/vision_processing/lib/python3.12/site-packages:${PYTHONPATH} /usr/bin/python3 -W ignore:setup.py install is deprecated -W ignore:easy_install command is deprecated setup.py egg_info --egg-base ../build/vision_processing build --build-base /home/pop/ros2_ws/src/build/vision_processing/build install --record /home/pop/ros2_ws/src/build/vision_processing/install.log --single-version-externally-managed install_data
[17.876s] running egg_info
[18.309s] writing ../build/vision_processing/vision_processing.egg-info/PKG-INFO
[18.315s] writing dependency_links to ../build/vision_processing/vision_processing.egg-info/dependency_links.txt
[18.320s] writing entry points to ../build/vision_processing/vision_processing.egg-info/entry_points.txt
[18.323s] writing requirements to ../build/vision_processing/vision_processing.egg-info/requires.txt
[18.329s] writing top-level names to ../build/vision_processing/vision_processing.egg-info/top_level.txt
[19.177s] reading manifest file '../build/vision_processing/vision_processing.egg-info/SOURCES.txt'
[19.181s] writing manifest file '../build/vision_processing/vision_processing.egg-info/SOURCES.txt'
[19.186s] running build
[19.191s] running build_py
[19.203s] running install
[19.250s] running install_lib
[19.699s] byte-compiling /home/pop/ros2_ws/src/install/vision_processing/lib/python3.12/site-packages/vision_processing/vision_processing.py to vision_processing.cpython-312.pyc
[19.717s] running install_data
[19.720s] running install_egg_info
[20.116s] removing '/home/pop/ros2_ws/src/install/vision_processing/lib/python3.12/site-packages/vision_processing-0.0.0-py3.12.egg-info' (and everything under it)
[20.117s] Copying ../build/vision_processing/vision_processing.egg-info to /home/pop/ros2_ws/src/install/vision_processing/lib/python3.12/site-packages/vision_processing-0.0.0-py3.12.egg-info
[20.138s] running install_scripts
[22.772s] Installing vision_processing script to /home/pop/ros2_ws/src/install/vision_processing/lib/vision_processing
[22.780s] writing list of installed files to '/home/pop/ros2_ws/src/build/vision_processing/install.log'
[23.235s] Invoked command in '/home/pop/ros2_ws/src/vision_processing' returned '0': DEBUGINFOD_URLS=https://debuginfod.ubuntu.com PYTHONPATH=/home/pop/ros2_ws/src/build/vision_processing/prefix_override:/usr/lib/python3/dist-packages/colcon_core/task/python/colcon_distutils_commands:/home/pop/ros2_ws/src/install/vision_processing/lib/python3.12/site-packages:${PYTHONPATH} /usr/bin/python3 -W ignore:setup.py install is deprecated -W ignore:easy_install command is deprecated setup.py egg_info --egg-base ../build/vision_processing build --build-base /home/pop/ros2_ws/src/build/vision_processing/build install --record /home/pop/ros2_ws/src/build/vision_processing/install.log --single-version-externally-managed install_data
