[4.836s] Invoking command in '/home/pop/ros2_ws/src/vision_processing': DEBUGINFOD_URLS=https://debuginfod.ubuntu.com PYTHONPATH=/home/pop/ros2_ws/src/build/vision_processing/prefix_override:/usr/lib/python3/dist-packages/colcon_core/task/python/colcon_distutils_commands:/home/pop/ros2_ws/src/install/vision_processing/lib/python3.12/site-packages:${PYTHONPATH} /usr/bin/python3 -W ignore:setup.py install is deprecated -W ignore:easy_install command is deprecated setup.py egg_info --egg-base ../build/vision_processing build --build-base /home/pop/ros2_ws/src/build/vision_processing/build install --record /home/pop/ros2_ws/src/build/vision_processing/install.log --single-version-externally-managed install_data
[6.382s] running egg_info
[6.493s] writing ../build/vision_processing/vision_processing.egg-info/PKG-INFO
[6.495s] writing dependency_links to ../build/vision_processing/vision_processing.egg-info/dependency_links.txt
[6.496s] writing entry points to ../build/vision_processing/vision_processing.egg-info/entry_points.txt
[6.497s] writing requirements to ../build/vision_processing/vision_processing.egg-info/requires.txt
[6.498s] writing top-level names to ../build/vision_processing/vision_processing.egg-info/top_level.txt
[6.736s] reading manifest file '../build/vision_processing/vision_processing.egg-info/SOURCES.txt'
[6.740s] writing manifest file '../build/vision_processing/vision_processing.egg-info/SOURCES.txt'
[6.741s] running build
[6.742s] running build_py
[6.744s] running install
[6.776s] running install_lib
[6.913s] byte-compiling /home/pop/ros2_ws/src/install/vision_processing/lib/python3.12/site-packages/vision_processing/vision_processing.py to vision_processing.cpython-312.pyc
[6.923s] running install_data
[6.928s] running install_egg_info
[7.046s] removing '/home/pop/ros2_ws/src/install/vision_processing/lib/python3.12/site-packages/vision_processing-0.0.0-py3.12.egg-info' (and everything under it)
[7.048s] Copying ../build/vision_processing/vision_processing.egg-info to /home/pop/ros2_ws/src/install/vision_processing/lib/python3.12/site-packages/vision_processing-0.0.0-py3.12.egg-info
[7.058s] running install_scripts
[8.271s] Installing vision_processing script to /home/pop/ros2_ws/src/install/vision_processing/lib/vision_processing
[8.275s] writing list of installed files to '/home/pop/ros2_ws/src/build/vision_processing/install.log'
[8.477s] Invoked command in '/home/pop/ros2_ws/src/vision_processing' returned '0': DEBUGINFOD_URLS=https://debuginfod.ubuntu.com PYTHONPATH=/home/pop/ros2_ws/src/build/vision_processing/prefix_override:/usr/lib/python3/dist-packages/colcon_core/task/python/colcon_distutils_commands:/home/pop/ros2_ws/src/install/vision_processing/lib/python3.12/site-packages:${PYTHONPATH} /usr/bin/python3 -W ignore:setup.py install is deprecated -W ignore:easy_install command is deprecated setup.py egg_info --egg-base ../build/vision_processing build --build-base /home/pop/ros2_ws/src/build/vision_processing/build install --record /home/pop/ros2_ws/src/build/vision_processing/install.log --single-version-externally-managed install_data
