[16.011s] Invoking command in '/home/pop/ros2_ws/src/vision_processing': DEBUGINFOD_URLS=https://debuginfod.ubuntu.com PYTHONPATH=/home/pop/ros2_ws/src/build/vision_processing/prefix_override:/usr/lib/python3/dist-packages/colcon_core/task/python/colcon_distutils_commands:/home/pop/ros2_ws/src/install/vision_processing/lib/python3.12/site-packages:${PYTHONPATH} /usr/bin/python3 -W ignore:setup.py install is deprecated -W ignore:easy_install command is deprecated setup.py egg_info --egg-base ../build/vision_processing build --build-base /home/pop/ros2_ws/src/build/vision_processing/build install --record /home/pop/ros2_ws/src/build/vision_processing/install.log --single-version-externally-managed install_data
[21.959s] running egg_info
[22.372s] writing ../build/vision_processing/vision_processing.egg-info/PKG-INFO
[22.379s] writing dependency_links to ../build/vision_processing/vision_processing.egg-info/dependency_links.txt
[22.388s] writing entry points to ../build/vision_processing/vision_processing.egg-info/entry_points.txt
[22.392s] writing requirements to ../build/vision_processing/vision_processing.egg-info/requires.txt
[22.404s] writing top-level names to ../build/vision_processing/vision_processing.egg-info/top_level.txt
[23.566s] reading manifest file '../build/vision_processing/vision_processing.egg-info/SOURCES.txt'
[23.573s] writing manifest file '../build/vision_processing/vision_processing.egg-info/SOURCES.txt'
[23.574s] running build
[23.583s] running build_py
[23.585s] running install
[23.647s] running install_lib
[24.183s] byte-compiling /home/pop/ros2_ws/src/install/vision_processing/lib/python3.12/site-packages/vision_processing/vision_processing.py to vision_processing.cpython-312.pyc
[24.205s] running install_data
[24.206s] running install_egg_info
[24.905s] removing '/home/pop/ros2_ws/src/install/vision_processing/lib/python3.12/site-packages/vision_processing-0.0.0-py3.12.egg-info' (and everything under it)
[24.969s] Copying ../build/vision_processing/vision_processing.egg-info to /home/pop/ros2_ws/src/install/vision_processing/lib/python3.12/site-packages/vision_processing-0.0.0-py3.12.egg-info
[25.043s] running install_scripts
[28.871s] Installing vision_processing script to /home/pop/ros2_ws/src/install/vision_processing/lib/vision_processing
[28.889s] writing list of installed files to '/home/pop/ros2_ws/src/build/vision_processing/install.log'
[29.364s] Invoked command in '/home/pop/ros2_ws/src/vision_processing' returned '0': DEBUGINFOD_URLS=https://debuginfod.ubuntu.com PYTHONPATH=/home/pop/ros2_ws/src/build/vision_processing/prefix_override:/usr/lib/python3/dist-packages/colcon_core/task/python/colcon_distutils_commands:/home/pop/ros2_ws/src/install/vision_processing/lib/python3.12/site-packages:${PYTHONPATH} /usr/bin/python3 -W ignore:setup.py install is deprecated -W ignore:easy_install command is deprecated setup.py egg_info --egg-base ../build/vision_processing build --build-base /home/pop/ros2_ws/src/build/vision_processing/build install --record /home/pop/ros2_ws/src/build/vision_processing/install.log --single-version-externally-managed install_data
