[13.914s] Invoking command in '/home/pop/ros2_ws/src/vision_processing': DEBUGINFOD_URLS=https://debuginfod.ubuntu.com PYTHONPATH=/home/pop/ros2_ws/src/build/vision_processing/prefix_override:/usr/lib/python3/dist-packages/colcon_core/task/python/colcon_distutils_commands:/home/pop/ros2_ws/src/install/vision_processing/lib/python3.12/site-packages:${PYTHONPATH} /usr/bin/python3 -W ignore:setup.py install is deprecated -W ignore:easy_install command is deprecated setup.py egg_info --egg-base ../build/vision_processing build --build-base /home/pop/ros2_ws/src/build/vision_processing/build install --record /home/pop/ros2_ws/src/build/vision_processing/install.log --single-version-externally-managed install_data
[17.692s] running egg_info
[17.935s] writing ../build/vision_processing/vision_processing.egg-info/PKG-INFO
[17.943s] writing dependency_links to ../build/vision_processing/vision_processing.egg-info/dependency_links.txt
[17.951s] writing entry points to ../build/vision_processing/vision_processing.egg-info/entry_points.txt
[17.952s] writing requirements to ../build/vision_processing/vision_processing.egg-info/requires.txt
[17.953s] writing top-level names to ../build/vision_processing/vision_processing.egg-info/top_level.txt
[18.496s] reading manifest file '../build/vision_processing/vision_processing.egg-info/SOURCES.txt'
[18.498s] writing manifest file '../build/vision_processing/vision_processing.egg-info/SOURCES.txt'
[18.500s] running build
[18.504s] running build_py
[18.507s] running install
[18.549s] running install_lib
[18.834s] byte-compiling /home/pop/ros2_ws/src/install/vision_processing/lib/python3.12/site-packages/vision_processing/vision_processing.py to vision_processing.cpython-312.pyc
[18.848s] running install_data
[18.849s] running install_egg_info
[19.179s] removing '/home/pop/ros2_ws/src/install/vision_processing/lib/python3.12/site-packages/vision_processing-0.0.0-py3.12.egg-info' (and everything under it)
[19.185s] Copying ../build/vision_processing/vision_processing.egg-info to /home/pop/ros2_ws/src/install/vision_processing/lib/python3.12/site-packages/vision_processing-0.0.0-py3.12.egg-info
[19.217s] running install_scripts
[21.498s] Installing vision_processing script to /home/pop/ros2_ws/src/install/vision_processing/lib/vision_processing
[21.527s] writing list of installed files to '/home/pop/ros2_ws/src/build/vision_processing/install.log'
[21.775s] Invoked command in '/home/pop/ros2_ws/src/vision_processing' returned '0': DEBUGINFOD_URLS=https://debuginfod.ubuntu.com PYTHONPATH=/home/pop/ros2_ws/src/build/vision_processing/prefix_override:/usr/lib/python3/dist-packages/colcon_core/task/python/colcon_distutils_commands:/home/pop/ros2_ws/src/install/vision_processing/lib/python3.12/site-packages:${PYTHONPATH} /usr/bin/python3 -W ignore:setup.py install is deprecated -W ignore:easy_install command is deprecated setup.py egg_info --egg-base ../build/vision_processing build --build-base /home/pop/ros2_ws/src/build/vision_processing/build install --record /home/pop/ros2_ws/src/build/vision_processing/install.log --single-version-externally-managed install_data
