[0.536s] DEBUG:colcon:Command line arguments: ['/usr/bin/colcon', 'build']
[0.536s] DEBUG:colcon:Parsed command line arguments: Namespace(log_base=None, log_level=None, verb_name='build', build_base='build', install_base='install', merge_install=False, symlink_install=False, test_result_base=None, continue_on_error=False, executor='parallel', parallel_workers=4, event_handlers=None, ignore_user_meta=False, metas=['./colcon.meta'], base_paths=['.'], packages_ignore=None, packages_ignore_regex=None, paths=None, packages_up_to=None, packages_up_to_regex=None, packages_above=None, packages_above_and_dependencies=None, packages_above_depth=None, packages_select_by_dep=None, packages_skip_by_dep=None, packages_skip_up_to=None, packages_select_build_failed=False, packages_skip_build_finished=False, packages_select_test_failures=False, packages_skip_test_passed=False, packages_select=None, packages_skip=None, packages_select_regex=None, packages_skip_regex=None, packages_start=None, packages_end=None, allow_overriding=[], cmake_args=None, cmake_target=None, cmake_target_skip_unavailable=False, cmake_clean_cache=False, cmake_clean_first=False, cmake_force_configure=False, ament_cmake_args=None, catkin_cmake_args=None, catkin_skip_building_tests=False, verb_parser=<colcon_defaults.argument_parser.defaults.DefaultArgumentsDecorator object at 0xffff83261dc0>, verb_extension=<colcon_core.verb.build.BuildVerb object at 0xffff8341e930>, main=<bound method BuildVerb.main of <colcon_core.verb.build.BuildVerb object at 0xffff8341e930>>)
[0.757s] Level 1:colcon.colcon_core.package_discovery:discover_packages(colcon_meta) check parameters
[0.758s] Level 1:colcon.colcon_core.package_discovery:discover_packages(recursive) check parameters
[0.758s] Level 1:colcon.colcon_core.package_discovery:discover_packages(ignore) check parameters
[0.758s] Level 1:colcon.colcon_core.package_discovery:discover_packages(path) check parameters
[0.758s] Level 1:colcon.colcon_core.package_discovery:discover_packages(colcon_meta) discover
[0.759s] Level 1:colcon.colcon_core.package_discovery:discover_packages(recursive) discover
[0.759s] INFO:colcon.colcon_core.package_discovery:Crawling recursively for packages in '/home/pop/ros2_ws/src'
[0.759s] Level 1:colcon.colcon_core.package_identification:_identify(.) by extensions ['ignore', 'ignore_ament_install']
[0.760s] Level 1:colcon.colcon_core.package_identification:_identify(.) by extension 'ignore'
[0.760s] Level 1:colcon.colcon_core.package_identification:_identify(.) by extension 'ignore_ament_install'
[0.761s] Level 1:colcon.colcon_core.package_identification:_identify(.) by extensions ['colcon_pkg']
[0.761s] Level 1:colcon.colcon_core.package_identification:_identify(.) by extension 'colcon_pkg'
[0.761s] Level 1:colcon.colcon_core.package_identification:_identify(.) by extensions ['colcon_meta']
[0.761s] Level 1:colcon.colcon_core.package_identification:_identify(.) by extension 'colcon_meta'
[0.761s] Level 1:colcon.colcon_core.package_identification:_identify(.) by extensions ['ros']
[0.761s] Level 1:colcon.colcon_core.package_identification:_identify(.) by extension 'ros'
[0.879s] Level 1:colcon.colcon_core.package_identification:_identify(.) by extensions ['cmake', 'python']
[0.880s] Level 1:colcon.colcon_core.package_identification:_identify(.) by extension 'cmake'
[0.880s] Level 1:colcon.colcon_core.package_identification:_identify(.) by extension 'python'
[0.880s] Level 1:colcon.colcon_core.package_identification:_identify(.) by extensions ['python_setup_py']
[0.880s] Level 1:colcon.colcon_core.package_identification:_identify(.) by extension 'python_setup_py'
[0.881s] Level 1:colcon.colcon_core.package_identification:_identify(build) by extensions ['ignore', 'ignore_ament_install']
[0.882s] Level 1:colcon.colcon_core.package_identification:_identify(build) by extension 'ignore'
[0.882s] Level 1:colcon.colcon_core.package_identification:_identify(build) ignored
[0.883s] Level 1:colcon.colcon_core.package_identification:_identify(controller) by extensions ['ignore', 'ignore_ament_install']
[0.883s] Level 1:colcon.colcon_core.package_identification:_identify(controller) by extension 'ignore'
[0.884s] Level 1:colcon.colcon_core.package_identification:_identify(controller) by extension 'ignore_ament_install'
[0.884s] Level 1:colcon.colcon_core.package_identification:_identify(controller) by extensions ['colcon_pkg']
[0.884s] Level 1:colcon.colcon_core.package_identification:_identify(controller) by extension 'colcon_pkg'
[0.884s] Level 1:colcon.colcon_core.package_identification:_identify(controller) by extensions ['colcon_meta']
[0.885s] Level 1:colcon.colcon_core.package_identification:_identify(controller) by extension 'colcon_meta'
[0.885s] Level 1:colcon.colcon_core.package_identification:_identify(controller) by extensions ['ros']
[0.885s] Level 1:colcon.colcon_core.package_identification:_identify(controller) by extension 'ros'
[0.903s] DEBUG:colcon.colcon_core.package_identification:Package 'controller' with type 'ros.ament_python' and name 'controller'
[0.903s] Level 1:colcon.colcon_core.package_identification:_identify(image_viewer) by extensions ['ignore', 'ignore_ament_install']
[0.904s] Level 1:colcon.colcon_core.package_identification:_identify(image_viewer) by extension 'ignore'
[0.904s] Level 1:colcon.colcon_core.package_identification:_identify(image_viewer) by extension 'ignore_ament_install'
[0.905s] Level 1:colcon.colcon_core.package_identification:_identify(image_viewer) by extensions ['colcon_pkg']
[0.905s] Level 1:colcon.colcon_core.package_identification:_identify(image_viewer) by extension 'colcon_pkg'
[0.905s] Level 1:colcon.colcon_core.package_identification:_identify(image_viewer) by extensions ['colcon_meta']
[0.905s] Level 1:colcon.colcon_core.package_identification:_identify(image_viewer) by extension 'colcon_meta'
[0.905s] Level 1:colcon.colcon_core.package_identification:_identify(image_viewer) by extensions ['ros']
[0.905s] Level 1:colcon.colcon_core.package_identification:_identify(image_viewer) by extension 'ros'
[0.907s] DEBUG:colcon.colcon_core.package_identification:Package 'image_viewer' with type 'ros.ament_python' and name 'image_viewer'
[0.908s] Level 1:colcon.colcon_core.package_identification:_identify(install) by extensions ['ignore', 'ignore_ament_install']
[0.909s] Level 1:colcon.colcon_core.package_identification:_identify(install) by extension 'ignore'
[0.909s] Level 1:colcon.colcon_core.package_identification:_identify(install) ignored
[0.910s] Level 1:colcon.colcon_core.package_identification:_identify(log) by extensions ['ignore', 'ignore_ament_install']
[0.910s] Level 1:colcon.colcon_core.package_identification:_identify(log) by extension 'ignore'
[0.911s] Level 1:colcon.colcon_core.package_identification:_identify(log) ignored
[0.911s] Level 1:colcon.colcon_core.package_identification:_identify(motor_controller) by extensions ['ignore', 'ignore_ament_install']
[0.912s] Level 1:colcon.colcon_core.package_identification:_identify(motor_controller) by extension 'ignore'
[0.912s] Level 1:colcon.colcon_core.package_identification:_identify(motor_controller) by extension 'ignore_ament_install'
[0.912s] Level 1:colcon.colcon_core.package_identification:_identify(motor_controller) by extensions ['colcon_pkg']
[0.912s] Level 1:colcon.colcon_core.package_identification:_identify(motor_controller) by extension 'colcon_pkg'
[0.913s] Level 1:colcon.colcon_core.package_identification:_identify(motor_controller) by extensions ['colcon_meta']
[0.913s] Level 1:colcon.colcon_core.package_identification:_identify(motor_controller) by extension 'colcon_meta'
[0.913s] Level 1:colcon.colcon_core.package_identification:_identify(motor_controller) by extensions ['ros']
[0.913s] Level 1:colcon.colcon_core.package_identification:_identify(motor_controller) by extension 'ros'
[0.916s] DEBUG:colcon.colcon_core.package_identification:Package 'motor_controller' with type 'ros.ament_python' and name 'motor_controller'
[0.916s] Level 1:colcon.colcon_core.package_identification:_identify(vision_processing) by extensions ['ignore', 'ignore_ament_install']
[0.917s] Level 1:colcon.colcon_core.package_identification:_identify(vision_processing) by extension 'ignore'
[0.917s] Level 1:colcon.colcon_core.package_identification:_identify(vision_processing) by extension 'ignore_ament_install'
[0.917s] Level 1:colcon.colcon_core.package_identification:_identify(vision_processing) by extensions ['colcon_pkg']
[0.918s] Level 1:colcon.colcon_core.package_identification:_identify(vision_processing) by extension 'colcon_pkg'
[0.918s] Level 1:colcon.colcon_core.package_identification:_identify(vision_processing) by extensions ['colcon_meta']
[0.918s] Level 1:colcon.colcon_core.package_identification:_identify(vision_processing) by extension 'colcon_meta'
[0.918s] Level 1:colcon.colcon_core.package_identification:_identify(vision_processing) by extensions ['ros']
[0.919s] Level 1:colcon.colcon_core.package_identification:_identify(vision_processing) by extension 'ros'
[0.921s] DEBUG:colcon.colcon_core.package_identification:Package 'vision_processing' with type 'ros.ament_python' and name 'vision_processing'
[0.921s] Level 1:colcon.colcon_core.package_discovery:discover_packages(recursive) using defaults
[0.922s] Level 1:colcon.colcon_core.package_discovery:discover_packages(ignore) discover
[0.922s] Level 1:colcon.colcon_core.package_discovery:discover_packages(ignore) using defaults
[0.922s] Level 1:colcon.colcon_core.package_discovery:discover_packages(path) discover
[0.923s] Level 1:colcon.colcon_core.package_discovery:discover_packages(path) using defaults
[1.006s] Level 1:colcon.colcon_core.package_discovery:discover_packages(prefix_path) check parameters
[1.006s] Level 1:colcon.colcon_core.package_discovery:discover_packages(prefix_path) discover
[1.025s] DEBUG:colcon.colcon_installed_package_information.package_discovery:Found 4 installed packages in /home/pop/ros2_ws/install
[1.038s] DEBUG:colcon.colcon_installed_package_information.package_discovery:Found 326 installed packages in /opt/ros/jazzy
[1.042s] Level 1:colcon.colcon_core.package_discovery:discover_packages(prefix_path) using defaults
[1.321s] Level 5:colcon.colcon_core.verb:set package 'controller' build argument 'cmake_args' from command line to 'None'
[1.321s] Level 5:colcon.colcon_core.verb:set package 'controller' build argument 'cmake_target' from command line to 'None'
[1.321s] Level 5:colcon.colcon_core.verb:set package 'controller' build argument 'cmake_target_skip_unavailable' from command line to 'False'
[1.321s] Level 5:colcon.colcon_core.verb:set package 'controller' build argument 'cmake_clean_cache' from command line to 'False'
[1.321s] Level 5:colcon.colcon_core.verb:set package 'controller' build argument 'cmake_clean_first' from command line to 'False'
[1.321s] Level 5:colcon.colcon_core.verb:set package 'controller' build argument 'cmake_force_configure' from command line to 'False'
[1.322s] Level 5:colcon.colcon_core.verb:set package 'controller' build argument 'ament_cmake_args' from command line to 'None'
[1.322s] Level 5:colcon.colcon_core.verb:set package 'controller' build argument 'catkin_cmake_args' from command line to 'None'
[1.322s] Level 5:colcon.colcon_core.verb:set package 'controller' build argument 'catkin_skip_building_tests' from command line to 'False'
[1.322s] DEBUG:colcon.colcon_core.verb:Building package 'controller' with the following arguments: {'ament_cmake_args': None, 'build_base': '/home/pop/ros2_ws/src/build/controller', 'catkin_cmake_args': None, 'catkin_skip_building_tests': False, 'cmake_args': None, 'cmake_clean_cache': False, 'cmake_clean_first': False, 'cmake_force_configure': False, 'cmake_target': None, 'cmake_target_skip_unavailable': False, 'install_base': '/home/pop/ros2_ws/src/install/controller', 'merge_install': False, 'path': '/home/pop/ros2_ws/src/controller', 'symlink_install': False, 'test_result_base': None}
[1.324s] Level 5:colcon.colcon_core.verb:set package 'image_viewer' build argument 'cmake_args' from command line to 'None'
[1.324s] Level 5:colcon.colcon_core.verb:set package 'image_viewer' build argument 'cmake_target' from command line to 'None'
[1.324s] Level 5:colcon.colcon_core.verb:set package 'image_viewer' build argument 'cmake_target_skip_unavailable' from command line to 'False'
[1.325s] Level 5:colcon.colcon_core.verb:set package 'image_viewer' build argument 'cmake_clean_cache' from command line to 'False'
[1.325s] Level 5:colcon.colcon_core.verb:set package 'image_viewer' build argument 'cmake_clean_first' from command line to 'False'
[1.325s] Level 5:colcon.colcon_core.verb:set package 'image_viewer' build argument 'cmake_force_configure' from command line to 'False'
[1.325s] Level 5:colcon.colcon_core.verb:set package 'image_viewer' build argument 'ament_cmake_args' from command line to 'None'
[1.325s] Level 5:colcon.colcon_core.verb:set package 'image_viewer' build argument 'catkin_cmake_args' from command line to 'None'
[1.326s] Level 5:colcon.colcon_core.verb:set package 'image_viewer' build argument 'catkin_skip_building_tests' from command line to 'False'
[1.326s] DEBUG:colcon.colcon_core.verb:Building package 'image_viewer' with the following arguments: {'ament_cmake_args': None, 'build_base': '/home/pop/ros2_ws/src/build/image_viewer', 'catkin_cmake_args': None, 'catkin_skip_building_tests': False, 'cmake_args': None, 'cmake_clean_cache': False, 'cmake_clean_first': False, 'cmake_force_configure': False, 'cmake_target': None, 'cmake_target_skip_unavailable': False, 'install_base': '/home/pop/ros2_ws/src/install/image_viewer', 'merge_install': False, 'path': '/home/pop/ros2_ws/src/image_viewer', 'symlink_install': False, 'test_result_base': None}
[1.327s] Level 5:colcon.colcon_core.verb:set package 'motor_controller' build argument 'cmake_args' from command line to 'None'
[1.328s] Level 5:colcon.colcon_core.verb:set package 'motor_controller' build argument 'cmake_target' from command line to 'None'
[1.328s] Level 5:colcon.colcon_core.verb:set package 'motor_controller' build argument 'cmake_target_skip_unavailable' from command line to 'False'
[1.328s] Level 5:colcon.colcon_core.verb:set package 'motor_controller' build argument 'cmake_clean_cache' from command line to 'False'
[1.328s] Level 5:colcon.colcon_core.verb:set package 'motor_controller' build argument 'cmake_clean_first' from command line to 'False'
[1.328s] Level 5:colcon.colcon_core.verb:set package 'motor_controller' build argument 'cmake_force_configure' from command line to 'False'
[1.328s] Level 5:colcon.colcon_core.verb:set package 'motor_controller' build argument 'ament_cmake_args' from command line to 'None'
[1.329s] Level 5:colcon.colcon_core.verb:set package 'motor_controller' build argument 'catkin_cmake_args' from command line to 'None'
[1.329s] Level 5:colcon.colcon_core.verb:set package 'motor_controller' build argument 'catkin_skip_building_tests' from command line to 'False'
[1.329s] DEBUG:colcon.colcon_core.verb:Building package 'motor_controller' with the following arguments: {'ament_cmake_args': None, 'build_base': '/home/pop/ros2_ws/src/build/motor_controller', 'catkin_cmake_args': None, 'catkin_skip_building_tests': False, 'cmake_args': None, 'cmake_clean_cache': False, 'cmake_clean_first': False, 'cmake_force_configure': False, 'cmake_target': None, 'cmake_target_skip_unavailable': False, 'install_base': '/home/pop/ros2_ws/src/install/motor_controller', 'merge_install': False, 'path': '/home/pop/ros2_ws/src/motor_controller', 'symlink_install': False, 'test_result_base': None}
[1.331s] Level 5:colcon.colcon_core.verb:set package 'vision_processing' build argument 'cmake_args' from command line to 'None'
[1.331s] Level 5:colcon.colcon_core.verb:set package 'vision_processing' build argument 'cmake_target' from command line to 'None'
[1.331s] Level 5:colcon.colcon_core.verb:set package 'vision_processing' build argument 'cmake_target_skip_unavailable' from command line to 'False'
[1.332s] Level 5:colcon.colcon_core.verb:set package 'vision_processing' build argument 'cmake_clean_cache' from command line to 'False'
[1.332s] Level 5:colcon.colcon_core.verb:set package 'vision_processing' build argument 'cmake_clean_first' from command line to 'False'
[1.332s] Level 5:colcon.colcon_core.verb:set package 'vision_processing' build argument 'cmake_force_configure' from command line to 'False'
[1.332s] Level 5:colcon.colcon_core.verb:set package 'vision_processing' build argument 'ament_cmake_args' from command line to 'None'
[1.332s] Level 5:colcon.colcon_core.verb:set package 'vision_processing' build argument 'catkin_cmake_args' from command line to 'None'
[1.332s] Level 5:colcon.colcon_core.verb:set package 'vision_processing' build argument 'catkin_skip_building_tests' from command line to 'False'
[1.333s] DEBUG:colcon.colcon_core.verb:Building package 'vision_processing' with the following arguments: {'ament_cmake_args': None, 'build_base': '/home/pop/ros2_ws/src/build/vision_processing', 'catkin_cmake_args': None, 'catkin_skip_building_tests': False, 'cmake_args': None, 'cmake_clean_cache': False, 'cmake_clean_first': False, 'cmake_force_configure': False, 'cmake_target': None, 'cmake_target_skip_unavailable': False, 'install_base': '/home/pop/ros2_ws/src/install/vision_processing', 'merge_install': False, 'path': '/home/pop/ros2_ws/src/vision_processing', 'symlink_install': False, 'test_result_base': None}
[1.333s] INFO:colcon.colcon_core.executor:Executing jobs using 'parallel' executor
[1.337s] DEBUG:colcon.colcon_parallel_executor.executor.parallel:run_until_complete
[1.338s] INFO:colcon.colcon_ros.task.ament_python.build:Building ROS package in '/home/pop/ros2_ws/src/controller' with build type 'ament_python'
[1.341s] Level 1:colcon.colcon_core.shell:create_environment_hook('controller', 'ament_prefix_path')
[1.352s] INFO:colcon.colcon_core.plugin_system:Skipping extension 'colcon_core.shell.bat': Not used on non-Windows systems
[1.353s] INFO:colcon.colcon_core.shell:Creating environment hook '/home/pop/ros2_ws/src/install/controller/share/controller/hook/ament_prefix_path.ps1'
[1.357s] INFO:colcon.colcon_core.shell:Creating environment descriptor '/home/pop/ros2_ws/src/install/controller/share/controller/hook/ament_prefix_path.dsv'
[1.360s] INFO:colcon.colcon_core.shell:Creating environment hook '/home/pop/ros2_ws/src/install/controller/share/controller/hook/ament_prefix_path.sh'
[1.365s] INFO:colcon.colcon_core.shell:Skip shell extension 'powershell' for command environment: Not usable outside of PowerShell
[1.365s] DEBUG:colcon.colcon_core.shell:Skip shell extension 'dsv' for command environment
[1.391s] INFO:colcon.colcon_ros.task.ament_python.build:Building ROS package in '/home/pop/ros2_ws/src/image_viewer' with build type 'ament_python'
[1.392s] Level 1:colcon.colcon_core.shell:create_environment_hook('image_viewer', 'ament_prefix_path')
[1.393s] INFO:colcon.colcon_core.shell:Creating environment hook '/home/pop/ros2_ws/src/install/image_viewer/share/image_viewer/hook/ament_prefix_path.ps1'
[1.397s] INFO:colcon.colcon_core.shell:Creating environment descriptor '/home/pop/ros2_ws/src/install/image_viewer/share/image_viewer/hook/ament_prefix_path.dsv'
[1.399s] INFO:colcon.colcon_core.shell:Creating environment hook '/home/pop/ros2_ws/src/install/image_viewer/share/image_viewer/hook/ament_prefix_path.sh'
[1.403s] INFO:colcon.colcon_core.shell:Skip shell extension 'powershell' for command environment: Not usable outside of PowerShell
[1.403s] DEBUG:colcon.colcon_core.shell:Skip shell extension 'dsv' for command environment
[1.428s] INFO:colcon.colcon_ros.task.ament_python.build:Building ROS package in '/home/pop/ros2_ws/src/motor_controller' with build type 'ament_python'
[1.429s] Level 1:colcon.colcon_core.shell:create_environment_hook('motor_controller', 'ament_prefix_path')
[1.430s] INFO:colcon.colcon_core.shell:Creating environment hook '/home/pop/ros2_ws/src/install/motor_controller/share/motor_controller/hook/ament_prefix_path.ps1'
[1.434s] INFO:colcon.colcon_core.shell:Creating environment descriptor '/home/pop/ros2_ws/src/install/motor_controller/share/motor_controller/hook/ament_prefix_path.dsv'
[1.437s] INFO:colcon.colcon_core.shell:Creating environment hook '/home/pop/ros2_ws/src/install/motor_controller/share/motor_controller/hook/ament_prefix_path.sh'
[1.442s] INFO:colcon.colcon_core.shell:Skip shell extension 'powershell' for command environment: Not usable outside of PowerShell
[1.442s] DEBUG:colcon.colcon_core.shell:Skip shell extension 'dsv' for command environment
[1.470s] INFO:colcon.colcon_ros.task.ament_python.build:Building ROS package in '/home/pop/ros2_ws/src/vision_processing' with build type 'ament_python'
[1.470s] Level 1:colcon.colcon_core.shell:create_environment_hook('vision_processing', 'ament_prefix_path')
[1.471s] INFO:colcon.colcon_core.shell:Creating environment hook '/home/pop/ros2_ws/src/install/vision_processing/share/vision_processing/hook/ament_prefix_path.ps1'
[1.476s] INFO:colcon.colcon_core.shell:Creating environment descriptor '/home/pop/ros2_ws/src/install/vision_processing/share/vision_processing/hook/ament_prefix_path.dsv'
[1.479s] INFO:colcon.colcon_core.shell:Creating environment hook '/home/pop/ros2_ws/src/install/vision_processing/share/vision_processing/hook/ament_prefix_path.sh'
[1.484s] INFO:colcon.colcon_core.shell:Skip shell extension 'powershell' for command environment: Not usable outside of PowerShell
[1.484s] DEBUG:colcon.colcon_core.shell:Skip shell extension 'dsv' for command environment
[2.727s] INFO:colcon.colcon_core.task.python.build:Building Python package in '/home/pop/ros2_ws/src/controller'
[2.729s] INFO:colcon.colcon_core.shell:Skip shell extension 'powershell' for command environment: Not usable outside of PowerShell
[2.729s] DEBUG:colcon.colcon_core.shell:Skip shell extension 'dsv' for command environment
[4.000s] INFO:colcon.colcon_core.task.python.build:Building Python package in '/home/pop/ros2_ws/src/image_viewer'
[4.001s] INFO:colcon.colcon_core.shell:Skip shell extension 'powershell' for command environment: Not usable outside of PowerShell
[4.001s] DEBUG:colcon.colcon_core.shell:Skip shell extension 'dsv' for command environment
[5.252s] INFO:colcon.colcon_core.task.python.build:Building Python package in '/home/pop/ros2_ws/src/motor_controller'
[5.253s] INFO:colcon.colcon_core.shell:Skip shell extension 'powershell' for command environment: Not usable outside of PowerShell
[5.253s] DEBUG:colcon.colcon_core.shell:Skip shell extension 'dsv' for command environment
[6.490s] INFO:colcon.colcon_core.task.python.build:Building Python package in '/home/pop/ros2_ws/src/vision_processing'
[6.491s] INFO:colcon.colcon_core.shell:Skip shell extension 'powershell' for command environment: Not usable outside of PowerShell
[6.491s] DEBUG:colcon.colcon_core.shell:Skip shell extension 'dsv' for command environment
[11.692s] DEBUG:colcon.colcon_core.event_handler.log_command:Invoking command in '/home/pop/ros2_ws/src/controller': DEBUGINFOD_URLS=https://debuginfod.ubuntu.com PYTHONPATH=/home/pop/ros2_ws/src/build/controller/prefix_override:/usr/lib/python3/dist-packages/colcon_core/task/python/colcon_distutils_commands:/home/pop/ros2_ws/src/install/controller/lib/python3.12/site-packages:${PYTHONPATH} /usr/bin/python3 -W ignore:setup.py install is deprecated -W ignore:easy_install command is deprecated setup.py egg_info --egg-base ../build/controller build --build-base /home/pop/ros2_ws/src/build/controller/build install --record /home/pop/ros2_ws/src/build/controller/install.log --single-version-externally-managed install_data
[12.359s] DEBUG:colcon.colcon_core.event_handler.log_command:Invoking command in '/home/pop/ros2_ws/src/motor_controller': DEBUGINFOD_URLS=https://debuginfod.ubuntu.com PYTHONPATH=/home/pop/ros2_ws/src/build/motor_controller/prefix_override:/usr/lib/python3/dist-packages/colcon_core/task/python/colcon_distutils_commands:/home/pop/ros2_ws/src/install/motor_controller/lib/python3.12/site-packages:${PYTHONPATH} /usr/bin/python3 -W ignore:setup.py install is deprecated -W ignore:easy_install command is deprecated setup.py egg_info --egg-base ../build/motor_controller build --build-base /home/pop/ros2_ws/src/build/motor_controller/build install --record /home/pop/ros2_ws/src/build/motor_controller/install.log --single-version-externally-managed install_data
[14.123s] DEBUG:colcon.colcon_core.event_handler.log_command:Invoking command in '/home/pop/ros2_ws/src/image_viewer': DEBUGINFOD_URLS=https://debuginfod.ubuntu.com PYTHONPATH=/home/pop/ros2_ws/src/build/image_viewer/prefix_override:/usr/lib/python3/dist-packages/colcon_core/task/python/colcon_distutils_commands:/home/pop/ros2_ws/src/install/image_viewer/lib/python3.12/site-packages:${PYTHONPATH} /usr/bin/python3 -W ignore:setup.py install is deprecated -W ignore:easy_install command is deprecated setup.py egg_info --egg-base ../build/image_viewer build --build-base /home/pop/ros2_ws/src/build/image_viewer/build install --record /home/pop/ros2_ws/src/build/image_viewer/install.log --single-version-externally-managed install_data
[14.208s] DEBUG:colcon.colcon_core.event_handler.log_command:Invoking command in '/home/pop/ros2_ws/src/vision_processing': DEBUGINFOD_URLS=https://debuginfod.ubuntu.com PYTHONPATH=/home/pop/ros2_ws/src/build/vision_processing/prefix_override:/usr/lib/python3/dist-packages/colcon_core/task/python/colcon_distutils_commands:/home/pop/ros2_ws/src/install/vision_processing/lib/python3.12/site-packages:${PYTHONPATH} /usr/bin/python3 -W ignore:setup.py install is deprecated -W ignore:easy_install command is deprecated setup.py egg_info --egg-base ../build/vision_processing build --build-base /home/pop/ros2_ws/src/build/vision_processing/build install --record /home/pop/ros2_ws/src/build/vision_processing/install.log --single-version-externally-managed install_data
[18.454s] DEBUG:colcon.colcon_core.event_handler.log_command:Invoked command in '/home/pop/ros2_ws/src/controller' returned '0': DEBUGINFOD_URLS=https://debuginfod.ubuntu.com PYTHONPATH=/home/pop/ros2_ws/src/build/controller/prefix_override:/usr/lib/python3/dist-packages/colcon_core/task/python/colcon_distutils_commands:/home/pop/ros2_ws/src/install/controller/lib/python3.12/site-packages:${PYTHONPATH} /usr/bin/python3 -W ignore:setup.py install is deprecated -W ignore:easy_install command is deprecated setup.py egg_info --egg-base ../build/controller build --build-base /home/pop/ros2_ws/src/build/controller/build install --record /home/pop/ros2_ws/src/build/controller/install.log --single-version-externally-managed install_data
[18.542s] Level 1:colcon.colcon_core.environment:checking '/home/pop/ros2_ws/src/install/controller' for CMake module files
[18.564s] Level 1:colcon.colcon_core.environment:checking '/home/pop/ros2_ws/src/install/controller' for CMake config files
[18.611s] Level 1:colcon.colcon_core.environment:checking '/home/pop/ros2_ws/src/install/controller/lib'
[18.618s] Level 1:colcon.colcon_core.environment:checking '/home/pop/ros2_ws/src/install/controller/bin'
[18.619s] Level 1:colcon.colcon_core.environment:checking '/home/pop/ros2_ws/src/install/controller/lib/pkgconfig/controller.pc'
[18.622s] Level 1:colcon.colcon_core.environment:checking '/home/pop/ros2_ws/src/install/controller/lib/python3.12/site-packages'
[18.625s] Level 1:colcon.colcon_core.shell:create_environment_hook('controller', 'pythonpath')
[18.634s] INFO:colcon.colcon_core.shell:Creating environment hook '/home/pop/ros2_ws/src/install/controller/share/controller/hook/pythonpath.ps1'
[18.645s] INFO:colcon.colcon_core.shell:Creating environment descriptor '/home/pop/ros2_ws/src/install/controller/share/controller/hook/pythonpath.dsv'
[18.652s] INFO:colcon.colcon_core.shell:Creating environment hook '/home/pop/ros2_ws/src/install/controller/share/controller/hook/pythonpath.sh'
[18.667s] Level 1:colcon.colcon_core.environment:checking '/home/pop/ros2_ws/src/install/controller/bin'
[18.671s] Level 1:colcon.colcon_core.environment:create_environment_scripts_only(controller)
[18.672s] INFO:colcon.colcon_core.shell:Creating package script '/home/pop/ros2_ws/src/install/controller/share/controller/package.ps1'
[18.684s] INFO:colcon.colcon_core.shell:Creating package descriptor '/home/pop/ros2_ws/src/install/controller/share/controller/package.dsv'
[18.701s] INFO:colcon.colcon_core.shell:Creating package script '/home/pop/ros2_ws/src/install/controller/share/controller/package.sh'
[18.722s] INFO:colcon.colcon_core.shell:Creating package script '/home/pop/ros2_ws/src/install/controller/share/controller/package.bash'
[18.744s] INFO:colcon.colcon_core.shell:Creating package script '/home/pop/ros2_ws/src/install/controller/share/controller/package.zsh'
[18.787s] Level 1:colcon.colcon_core.environment:create_file_with_runtime_dependencies(/home/pop/ros2_ws/src/install/controller/share/colcon-core/packages/controller)
[19.331s] Level 1:colcon.colcon_core.environment:checking '/home/pop/ros2_ws/src/install/image_viewer' for CMake module files
[19.334s] DEBUG:colcon.colcon_core.event_handler.log_command:Invoked command in '/home/pop/ros2_ws/src/image_viewer' returned '0': DEBUGINFOD_URLS=https://debuginfod.ubuntu.com PYTHONPATH=/home/pop/ros2_ws/src/build/image_viewer/prefix_override:/usr/lib/python3/dist-packages/colcon_core/task/python/colcon_distutils_commands:/home/pop/ros2_ws/src/install/image_viewer/lib/python3.12/site-packages:${PYTHONPATH} /usr/bin/python3 -W ignore:setup.py install is deprecated -W ignore:easy_install command is deprecated setup.py egg_info --egg-base ../build/image_viewer build --build-base /home/pop/ros2_ws/src/build/image_viewer/build install --record /home/pop/ros2_ws/src/build/image_viewer/install.log --single-version-externally-managed install_data
[19.337s] Level 1:colcon.colcon_core.environment:checking '/home/pop/ros2_ws/src/install/image_viewer' for CMake config files
[19.343s] Level 1:colcon.colcon_core.environment:checking '/home/pop/ros2_ws/src/install/image_viewer/lib'
[19.344s] Level 1:colcon.colcon_core.environment:checking '/home/pop/ros2_ws/src/install/image_viewer/bin'
[19.344s] Level 1:colcon.colcon_core.environment:checking '/home/pop/ros2_ws/src/install/image_viewer/lib/pkgconfig/image_viewer.pc'
[19.346s] Level 1:colcon.colcon_core.environment:checking '/home/pop/ros2_ws/src/install/image_viewer/lib/python3.12/site-packages'
[19.347s] Level 1:colcon.colcon_core.shell:create_environment_hook('image_viewer', 'pythonpath')
[19.348s] INFO:colcon.colcon_core.shell:Creating environment hook '/home/pop/ros2_ws/src/install/image_viewer/share/image_viewer/hook/pythonpath.ps1'
[19.352s] INFO:colcon.colcon_core.shell:Creating environment descriptor '/home/pop/ros2_ws/src/install/image_viewer/share/image_viewer/hook/pythonpath.dsv'
[19.354s] INFO:colcon.colcon_core.shell:Creating environment hook '/home/pop/ros2_ws/src/install/image_viewer/share/image_viewer/hook/pythonpath.sh'
[19.359s] Level 1:colcon.colcon_core.environment:checking '/home/pop/ros2_ws/src/install/image_viewer/bin'
[19.360s] Level 1:colcon.colcon_core.environment:create_environment_scripts_only(image_viewer)
[19.361s] INFO:colcon.colcon_core.shell:Creating package script '/home/pop/ros2_ws/src/install/image_viewer/share/image_viewer/package.ps1'
[19.365s] INFO:colcon.colcon_core.shell:Creating package descriptor '/home/pop/ros2_ws/src/install/image_viewer/share/image_viewer/package.dsv'
[19.369s] INFO:colcon.colcon_core.shell:Creating package script '/home/pop/ros2_ws/src/install/image_viewer/share/image_viewer/package.sh'
[19.373s] INFO:colcon.colcon_core.shell:Creating package script '/home/pop/ros2_ws/src/install/image_viewer/share/image_viewer/package.bash'
[19.376s] INFO:colcon.colcon_core.shell:Creating package script '/home/pop/ros2_ws/src/install/image_viewer/share/image_viewer/package.zsh'
[19.379s] Level 1:colcon.colcon_core.environment:create_file_with_runtime_dependencies(/home/pop/ros2_ws/src/install/image_viewer/share/colcon-core/packages/image_viewer)
[20.750s] Level 1:colcon.colcon_core.environment:checking '/home/pop/ros2_ws/src/install/motor_controller' for CMake module files
[20.754s] DEBUG:colcon.colcon_core.event_handler.log_command:Invoked command in '/home/pop/ros2_ws/src/motor_controller' returned '0': DEBUGINFOD_URLS=https://debuginfod.ubuntu.com PYTHONPATH=/home/pop/ros2_ws/src/build/motor_controller/prefix_override:/usr/lib/python3/dist-packages/colcon_core/task/python/colcon_distutils_commands:/home/pop/ros2_ws/src/install/motor_controller/lib/python3.12/site-packages:${PYTHONPATH} /usr/bin/python3 -W ignore:setup.py install is deprecated -W ignore:easy_install command is deprecated setup.py egg_info --egg-base ../build/motor_controller build --build-base /home/pop/ros2_ws/src/build/motor_controller/build install --record /home/pop/ros2_ws/src/build/motor_controller/install.log --single-version-externally-managed install_data
[20.759s] Level 1:colcon.colcon_core.environment:checking '/home/pop/ros2_ws/src/install/motor_controller' for CMake config files
[20.769s] Level 1:colcon.colcon_core.environment:checking '/home/pop/ros2_ws/src/install/motor_controller/lib'
[20.770s] Level 1:colcon.colcon_core.environment:checking '/home/pop/ros2_ws/src/install/motor_controller/bin'
[20.771s] Level 1:colcon.colcon_core.environment:checking '/home/pop/ros2_ws/src/install/motor_controller/lib/pkgconfig/motor_controller.pc'
[20.773s] Level 1:colcon.colcon_core.environment:checking '/home/pop/ros2_ws/src/install/motor_controller/lib/python3.12/site-packages'
[20.775s] Level 1:colcon.colcon_core.shell:create_environment_hook('motor_controller', 'pythonpath')
[20.777s] INFO:colcon.colcon_core.shell:Creating environment hook '/home/pop/ros2_ws/src/install/motor_controller/share/motor_controller/hook/pythonpath.ps1'
[20.783s] INFO:colcon.colcon_core.shell:Creating environment descriptor '/home/pop/ros2_ws/src/install/motor_controller/share/motor_controller/hook/pythonpath.dsv'
[20.788s] INFO:colcon.colcon_core.shell:Creating environment hook '/home/pop/ros2_ws/src/install/motor_controller/share/motor_controller/hook/pythonpath.sh'
[20.796s] Level 1:colcon.colcon_core.environment:checking '/home/pop/ros2_ws/src/install/motor_controller/bin'
[20.797s] Level 1:colcon.colcon_core.environment:create_environment_scripts_only(motor_controller)
[20.798s] INFO:colcon.colcon_core.shell:Creating package script '/home/pop/ros2_ws/src/install/motor_controller/share/motor_controller/package.ps1'
[20.801s] INFO:colcon.colcon_core.shell:Creating package descriptor '/home/pop/ros2_ws/src/install/motor_controller/share/motor_controller/package.dsv'
[20.804s] INFO:colcon.colcon_core.shell:Creating package script '/home/pop/ros2_ws/src/install/motor_controller/share/motor_controller/package.sh'
[20.807s] INFO:colcon.colcon_core.shell:Creating package script '/home/pop/ros2_ws/src/install/motor_controller/share/motor_controller/package.bash'
[20.809s] INFO:colcon.colcon_core.shell:Creating package script '/home/pop/ros2_ws/src/install/motor_controller/share/motor_controller/package.zsh'
[20.811s] Level 1:colcon.colcon_core.environment:create_file_with_runtime_dependencies(/home/pop/ros2_ws/src/install/motor_controller/share/colcon-core/packages/motor_controller)
[21.979s] Level 1:colcon.colcon_core.environment:checking '/home/pop/ros2_ws/src/install/vision_processing' for CMake module files
[21.980s] DEBUG:colcon.colcon_core.event_handler.log_command:Invoked command in '/home/pop/ros2_ws/src/vision_processing' returned '0': DEBUGINFOD_URLS=https://debuginfod.ubuntu.com PYTHONPATH=/home/pop/ros2_ws/src/build/vision_processing/prefix_override:/usr/lib/python3/dist-packages/colcon_core/task/python/colcon_distutils_commands:/home/pop/ros2_ws/src/install/vision_processing/lib/python3.12/site-packages:${PYTHONPATH} /usr/bin/python3 -W ignore:setup.py install is deprecated -W ignore:easy_install command is deprecated setup.py egg_info --egg-base ../build/vision_processing build --build-base /home/pop/ros2_ws/src/build/vision_processing/build install --record /home/pop/ros2_ws/src/build/vision_processing/install.log --single-version-externally-managed install_data
[21.983s] Level 1:colcon.colcon_core.environment:checking '/home/pop/ros2_ws/src/install/vision_processing' for CMake config files
[21.988s] Level 1:colcon.colcon_core.environment:checking '/home/pop/ros2_ws/src/install/vision_processing/lib'
[21.990s] Level 1:colcon.colcon_core.environment:checking '/home/pop/ros2_ws/src/install/vision_processing/bin'
[21.991s] Level 1:colcon.colcon_core.environment:checking '/home/pop/ros2_ws/src/install/vision_processing/lib/pkgconfig/vision_processing.pc'
[21.992s] Level 1:colcon.colcon_core.environment:checking '/home/pop/ros2_ws/src/install/vision_processing/lib/python3.12/site-packages'
[21.993s] Level 1:colcon.colcon_core.shell:create_environment_hook('vision_processing', 'pythonpath')
[21.994s] INFO:colcon.colcon_core.shell:Creating environment hook '/home/pop/ros2_ws/src/install/vision_processing/share/vision_processing/hook/pythonpath.ps1'
[21.997s] INFO:colcon.colcon_core.shell:Creating environment descriptor '/home/pop/ros2_ws/src/install/vision_processing/share/vision_processing/hook/pythonpath.dsv'
[21.999s] INFO:colcon.colcon_core.shell:Creating environment hook '/home/pop/ros2_ws/src/install/vision_processing/share/vision_processing/hook/pythonpath.sh'
[22.003s] Level 1:colcon.colcon_core.environment:checking '/home/pop/ros2_ws/src/install/vision_processing/bin'
[22.004s] Level 1:colcon.colcon_core.environment:create_environment_scripts_only(vision_processing)
[22.006s] INFO:colcon.colcon_core.shell:Creating package script '/home/pop/ros2_ws/src/install/vision_processing/share/vision_processing/package.ps1'
[22.010s] INFO:colcon.colcon_core.shell:Creating package descriptor '/home/pop/ros2_ws/src/install/vision_processing/share/vision_processing/package.dsv'
[22.013s] INFO:colcon.colcon_core.shell:Creating package script '/home/pop/ros2_ws/src/install/vision_processing/share/vision_processing/package.sh'
[22.016s] INFO:colcon.colcon_core.shell:Creating package script '/home/pop/ros2_ws/src/install/vision_processing/share/vision_processing/package.bash'
[22.020s] INFO:colcon.colcon_core.shell:Creating package script '/home/pop/ros2_ws/src/install/vision_processing/share/vision_processing/package.zsh'
[22.023s] Level 1:colcon.colcon_core.environment:create_file_with_runtime_dependencies(/home/pop/ros2_ws/src/install/vision_processing/share/colcon-core/packages/vision_processing)
[22.024s] DEBUG:colcon.colcon_parallel_executor.executor.parallel:closing loop
[22.026s] DEBUG:colcon.colcon_parallel_executor.executor.parallel:loop closed
[22.026s] DEBUG:colcon.colcon_parallel_executor.executor.parallel:run_until_complete finished with '0'
[22.027s] DEBUG:colcon.colcon_core.event_reactor:joining thread
[22.060s] INFO:colcon.colcon_core.plugin_system:Skipping extension 'colcon_notification.desktop_notification.terminal_notifier': Not used on non-Darwin systems
[22.061s] INFO:colcon.colcon_core.plugin_system:Skipping extension 'colcon_notification.desktop_notification.win32': Not used on non-Windows systems
[22.061s] INFO:colcon.colcon_notification.desktop_notification:Sending desktop notification using 'notify2'
[22.187s] DEBUG:colcon.colcon_core.event_reactor:joined thread
[22.189s] INFO:colcon.colcon_core.shell:Creating prefix script '/home/pop/ros2_ws/src/install/local_setup.ps1'
[22.200s] INFO:colcon.colcon_core.shell:Creating prefix util module '/home/pop/ros2_ws/src/install/_local_setup_util_ps1.py'
[22.210s] INFO:colcon.colcon_core.shell:Creating prefix chain script '/home/pop/ros2_ws/src/install/setup.ps1'
[22.220s] INFO:colcon.colcon_core.shell:Creating prefix script '/home/pop/ros2_ws/src/install/local_setup.sh'
[22.224s] INFO:colcon.colcon_core.shell:Creating prefix util module '/home/pop/ros2_ws/src/install/_local_setup_util_sh.py'
[22.229s] INFO:colcon.colcon_core.shell:Creating prefix chain script '/home/pop/ros2_ws/src/install/setup.sh'
[22.250s] INFO:colcon.colcon_core.shell:Creating prefix script '/home/pop/ros2_ws/src/install/local_setup.bash'
[22.255s] INFO:colcon.colcon_core.shell:Creating prefix chain script '/home/pop/ros2_ws/src/install/setup.bash'
[22.264s] INFO:colcon.colcon_core.shell:Creating prefix script '/home/pop/ros2_ws/src/install/local_setup.zsh'
[22.270s] INFO:colcon.colcon_core.shell:Creating prefix chain script '/home/pop/ros2_ws/src/install/setup.zsh'
