[9.984s] Invoking command in '/home/pop/ros2_ws/src/image_viewer': DEBUGINFOD_URLS=https://debuginfod.ubuntu.com PYTHONPATH=/home/pop/ros2_ws/src/build/image_viewer/prefix_override:/usr/lib/python3/dist-packages/colcon_core/task/python/colcon_distutils_commands:/home/pop/ros2_ws/src/install/image_viewer/lib/python3.12/site-packages:${PYTHONPATH} /usr/bin/python3 -W ignore:setup.py install is deprecated -W ignore:easy_install command is deprecated setup.py egg_info --egg-base ../build/image_viewer build --build-base /home/pop/ros2_ws/src/build/image_viewer/build install --record /home/pop/ros2_ws/src/build/image_viewer/install.log --single-version-externally-managed install_data
[12.053s] running egg_info
[12.211s] writing ../build/image_viewer/image_viewer.egg-info/PKG-INFO
[12.212s] writing dependency_links to ../build/image_viewer/image_viewer.egg-info/dependency_links.txt
[12.218s] writing entry points to ../build/image_viewer/image_viewer.egg-info/entry_points.txt
[12.219s] writing requirements to ../build/image_viewer/image_viewer.egg-info/requires.txt
[12.220s] writing top-level names to ../build/image_viewer/image_viewer.egg-info/top_level.txt
[12.549s] reading manifest file '../build/image_viewer/image_viewer.egg-info/SOURCES.txt'
[12.552s] writing manifest file '../build/image_viewer/image_viewer.egg-info/SOURCES.txt'
[12.554s] running build
[12.557s] running build_py
[12.558s] running install
[12.587s] running install_lib
[12.755s] running install_data
[12.756s] running install_egg_info
[12.921s] removing '/home/pop/ros2_ws/src/install/image_viewer/lib/python3.12/site-packages/image_viewer-0.0.0-py3.12.egg-info' (and everything under it)
[12.922s] Copying ../build/image_viewer/image_viewer.egg-info to /home/pop/ros2_ws/src/install/image_viewer/lib/python3.12/site-packages/image_viewer-0.0.0-py3.12.egg-info
[12.933s] running install_scripts
[14.412s] Installing image_viewer script to /home/pop/ros2_ws/src/install/image_viewer/lib/image_viewer
[14.418s] writing list of installed files to '/home/pop/ros2_ws/src/build/image_viewer/install.log'
[14.775s] Invoked command in '/home/pop/ros2_ws/src/image_viewer' returned '0': DEBUGINFOD_URLS=https://debuginfod.ubuntu.com PYTHONPATH=/home/pop/ros2_ws/src/build/image_viewer/prefix_override:/usr/lib/python3/dist-packages/colcon_core/task/python/colcon_distutils_commands:/home/pop/ros2_ws/src/install/image_viewer/lib/python3.12/site-packages:${PYTHONPATH} /usr/bin/python3 -W ignore:setup.py install is deprecated -W ignore:easy_install command is deprecated setup.py egg_info --egg-base ../build/image_viewer build --build-base /home/pop/ros2_ws/src/build/image_viewer/build install --record /home/pop/ros2_ws/src/build/image_viewer/install.log --single-version-externally-managed install_data
