running egg_info
writing ../build/vision_processing/vision_processing.egg-info/PKG-INFO
writing dependency_links to ../build/vision_processing/vision_processing.egg-info/dependency_links.txt
writing entry points to ../build/vision_processing/vision_processing.egg-info/entry_points.txt
writing requirements to ../build/vision_processing/vision_processing.egg-info/requires.txt
writing top-level names to ../build/vision_processing/vision_processing.egg-info/top_level.txt
reading manifest file '../build/vision_processing/vision_processing.egg-info/SOURCES.txt'
writing manifest file '../build/vision_processing/vision_processing.egg-info/SOURCES.txt'
running build
running build_py
running install
running install_lib
byte-compiling /home/pop/ros2_ws/src/install/vision_processing/lib/python3.12/site-packages/vision_processing/vision_processing.py to vision_processing.cpython-312.pyc
running install_data
running install_egg_info
removing '/home/pop/ros2_ws/src/install/vision_processing/lib/python3.12/site-packages/vision_processing-0.0.0-py3.12.egg-info' (and everything under it)
Copying ../build/vision_processing/vision_processing.egg-info to /home/pop/ros2_ws/src/install/vision_processing/lib/python3.12/site-packages/vision_processing-0.0.0-py3.12.egg-info
running install_scripts
Installing vision_processing script to /home/pop/ros2_ws/src/install/vision_processing/lib/vision_processing
writing list of installed files to '/home/pop/ros2_ws/src/build/vision_processing/install.log'
