[15.276s] Invoking command in '/home/pop/ros2_ws/src/vision_processing': DEBUGINFOD_URLS=https://debuginfod.ubuntu.com PYTHONPATH=/home/pop/ros2_ws/src/build/vision_processing/prefix_override:/usr/lib/python3/dist-packages/colcon_core/task/python/colcon_distutils_commands:/home/pop/ros2_ws/src/install/vision_processing/lib/python3.12/site-packages:${PYTHONPATH} /usr/bin/python3 -W ignore:setup.py install is deprecated -W ignore:easy_install command is deprecated setup.py egg_info --egg-base ../build/vision_processing build --build-base /home/pop/ros2_ws/src/build/vision_processing/build install --record /home/pop/ros2_ws/src/build/vision_processing/install.log --single-version-externally-managed install_data
[20.695s] running egg_info
[21.233s] writing ../build/vision_processing/vision_processing.egg-info/PKG-INFO
[21.238s] writing dependency_links to ../build/vision_processing/vision_processing.egg-info/dependency_links.txt
[21.239s] writing entry points to ../build/vision_processing/vision_processing.egg-info/entry_points.txt
[21.241s] writing requirements to ../build/vision_processing/vision_processing.egg-info/requires.txt
[21.245s] writing top-level names to ../build/vision_processing/vision_processing.egg-info/top_level.txt
[22.159s] reading manifest file '../build/vision_processing/vision_processing.egg-info/SOURCES.txt'
[22.170s] writing manifest file '../build/vision_processing/vision_processing.egg-info/SOURCES.txt'
[22.177s] running build
[22.185s] running build_py
[22.189s] running install
[22.256s] running install_lib
[22.680s] byte-compiling /home/pop/ros2_ws/src/install/vision_processing/lib/python3.12/site-packages/vision_processing/vision_processing.py to vision_processing.cpython-312.pyc
[22.693s] running install_data
[22.694s] running install_egg_info
[23.077s] removing '/home/pop/ros2_ws/src/install/vision_processing/lib/python3.12/site-packages/vision_processing-0.0.0-py3.12.egg-info' (and everything under it)
[23.090s] Copying ../build/vision_processing/vision_processing.egg-info to /home/pop/ros2_ws/src/install/vision_processing/lib/python3.12/site-packages/vision_processing-0.0.0-py3.12.egg-info
[23.105s] running install_scripts
[26.234s] Installing vision_processing script to /home/pop/ros2_ws/src/install/vision_processing/lib/vision_processing
[26.249s] writing list of installed files to '/home/pop/ros2_ws/src/build/vision_processing/install.log'
[26.662s] Invoked command in '/home/pop/ros2_ws/src/vision_processing' returned '0': DEBUGINFOD_URLS=https://debuginfod.ubuntu.com PYTHONPATH=/home/pop/ros2_ws/src/build/vision_processing/prefix_override:/usr/lib/python3/dist-packages/colcon_core/task/python/colcon_distutils_commands:/home/pop/ros2_ws/src/install/vision_processing/lib/python3.12/site-packages:${PYTHONPATH} /usr/bin/python3 -W ignore:setup.py install is deprecated -W ignore:easy_install command is deprecated setup.py egg_info --egg-base ../build/vision_processing build --build-base /home/pop/ros2_ws/src/build/vision_processing/build install --record /home/pop/ros2_ws/src/build/vision_processing/install.log --single-version-externally-managed install_data
