[25.605s] Invoking command in '/home/pop/ros2_ws/src/motor_controller': DEBUGINFOD_URLS=https://debuginfod.ubuntu.com PYTHONPATH=/home/pop/ros2_ws/src/build/motor_controller/prefix_override:/usr/lib/python3/dist-packages/colcon_core/task/python/colcon_distutils_commands:/home/pop/ros2_ws/src/install/motor_controller/lib/python3.12/site-packages:${PYTHONPATH} /usr/bin/python3 -W ignore:setup.py install is deprecated -W ignore:easy_install command is deprecated setup.py egg_info --egg-base ../build/motor_controller build --build-base /home/pop/ros2_ws/src/build/motor_controller/build install --record /home/pop/ros2_ws/src/build/motor_controller/install.log --single-version-externally-managed install_data
[31.219s] running egg_info
[31.434s] writing ../build/motor_controller/motor_controller.egg-info/PKG-INFO
[31.442s] writing dependency_links to ../build/motor_controller/motor_controller.egg-info/dependency_links.txt
[31.443s] writing entry points to ../build/motor_controller/motor_controller.egg-info/entry_points.txt
[31.454s] writing requirements to ../build/motor_controller/motor_controller.egg-info/requires.txt
[31.455s] writing top-level names to ../build/motor_controller/motor_controller.egg-info/top_level.txt
[32.358s] reading manifest file '../build/motor_controller/motor_controller.egg-info/SOURCES.txt'
[32.383s] writing manifest file '../build/motor_controller/motor_controller.egg-info/SOURCES.txt'
[32.384s] running build
[32.396s] running build_py
[32.410s] running install
[32.433s] running install_lib
[32.660s] running install_data
[32.661s] running install_egg_info
[32.917s] removing '/home/pop/ros2_ws/src/install/motor_controller/lib/python3.12/site-packages/motor_controller-0.0.0-py3.12.egg-info' (and everything under it)
[32.928s] Copying ../build/motor_controller/motor_controller.egg-info to /home/pop/ros2_ws/src/install/motor_controller/lib/python3.12/site-packages/motor_controller-0.0.0-py3.12.egg-info
[32.932s] running install_scripts
[35.410s] Installing arduino_interface_node script to /home/pop/ros2_ws/src/install/motor_controller/lib/motor_controller
[35.417s] writing list of installed files to '/home/pop/ros2_ws/src/build/motor_controller/install.log'
[35.725s] Invoked command in '/home/pop/ros2_ws/src/motor_controller' returned '0': DEBUGINFOD_URLS=https://debuginfod.ubuntu.com PYTHONPATH=/home/pop/ros2_ws/src/build/motor_controller/prefix_override:/usr/lib/python3/dist-packages/colcon_core/task/python/colcon_distutils_commands:/home/pop/ros2_ws/src/install/motor_controller/lib/python3.12/site-packages:${PYTHONPATH} /usr/bin/python3 -W ignore:setup.py install is deprecated -W ignore:easy_install command is deprecated setup.py egg_info --egg-base ../build/motor_controller build --build-base /home/pop/ros2_ws/src/build/motor_controller/build install --record /home/pop/ros2_ws/src/build/motor_controller/install.log --single-version-externally-managed install_data
