[16.183s] Invoking command in '/home/pop/ros2_ws/src/vision_processing': DEBUGINFOD_URLS=https://debuginfod.ubuntu.com PYTHONPATH=/home/pop/ros2_ws/src/build/vision_processing/prefix_override:/usr/lib/python3/dist-packages/colcon_core/task/python/colcon_distutils_commands:/home/pop/ros2_ws/src/install/vision_processing/lib/python3.12/site-packages:${PYTHONPATH} /usr/bin/python3 -W ignore:setup.py install is deprecated -W ignore:easy_install command is deprecated setup.py egg_info --egg-base ../build/vision_processing build --build-base /home/pop/ros2_ws/src/build/vision_processing/build install --record /home/pop/ros2_ws/src/build/vision_processing/install.log --single-version-externally-managed install_data
[21.489s] running egg_info
[21.924s] writing ../build/vision_processing/vision_processing.egg-info/PKG-INFO
[21.937s] writing dependency_links to ../build/vision_processing/vision_processing.egg-info/dependency_links.txt
[21.945s] writing entry points to ../build/vision_processing/vision_processing.egg-info/entry_points.txt
[21.949s] writing requirements to ../build/vision_processing/vision_processing.egg-info/requires.txt
[21.959s] writing top-level names to ../build/vision_processing/vision_processing.egg-info/top_level.txt
[22.874s] reading manifest file '../build/vision_processing/vision_processing.egg-info/SOURCES.txt'
[22.891s] writing manifest file '../build/vision_processing/vision_processing.egg-info/SOURCES.txt'
[22.900s] running build
[22.904s] running build_py
[22.908s] running install
[22.980s] running install_lib
[23.517s] byte-compiling /home/pop/ros2_ws/src/install/vision_processing/lib/python3.12/site-packages/vision_processing/vision_processing.py to vision_processing.cpython-312.pyc
[23.524s] running install_data
[23.534s] running install_egg_info
[23.924s] removing '/home/pop/ros2_ws/src/install/vision_processing/lib/python3.12/site-packages/vision_processing-0.0.0-py3.12.egg-info' (and everything under it)
[23.932s] Copying ../build/vision_processing/vision_processing.egg-info to /home/pop/ros2_ws/src/install/vision_processing/lib/python3.12/site-packages/vision_processing-0.0.0-py3.12.egg-info
[23.954s] running install_scripts
[27.159s] Installing vision_processing script to /home/pop/ros2_ws/src/install/vision_processing/lib/vision_processing
[27.166s] writing list of installed files to '/home/pop/ros2_ws/src/build/vision_processing/install.log'
[27.618s] Invoked command in '/home/pop/ros2_ws/src/vision_processing' returned '0': DEBUGINFOD_URLS=https://debuginfod.ubuntu.com PYTHONPATH=/home/pop/ros2_ws/src/build/vision_processing/prefix_override:/usr/lib/python3/dist-packages/colcon_core/task/python/colcon_distutils_commands:/home/pop/ros2_ws/src/install/vision_processing/lib/python3.12/site-packages:${PYTHONPATH} /usr/bin/python3 -W ignore:setup.py install is deprecated -W ignore:easy_install command is deprecated setup.py egg_info --egg-base ../build/vision_processing build --build-base /home/pop/ros2_ws/src/build/vision_processing/build install --record /home/pop/ros2_ws/src/build/vision_processing/install.log --single-version-externally-managed install_data
