[21.484s] Invoking command in '/home/pop/ros2_ws/src/image_viewer': DEBUGINFOD_URLS=https://debuginfod.ubuntu.com PYTHONPATH=/home/pop/ros2_ws/src/build/image_viewer/prefix_override:/usr/lib/python3/dist-packages/colcon_core/task/python/colcon_distutils_commands:/home/pop/ros2_ws/src/install/image_viewer/lib/python3.12/site-packages:${PYTHONPATH} /usr/bin/python3 -W ignore:setup.py install is deprecated -W ignore:easy_install command is deprecated setup.py egg_info --egg-base ../build/image_viewer build --build-base /home/pop/ros2_ws/src/build/image_viewer/build install --record /home/pop/ros2_ws/src/build/image_viewer/install.log --single-version-externally-managed install_data
[27.662s] running egg_info
[28.551s] writing ../build/image_viewer/image_viewer.egg-info/PKG-INFO
[28.552s] writing dependency_links to ../build/image_viewer/image_viewer.egg-info/dependency_links.txt
[28.556s] writing entry points to ../build/image_viewer/image_viewer.egg-info/entry_points.txt
[28.575s] writing requirements to ../build/image_viewer/image_viewer.egg-info/requires.txt
[28.575s] writing top-level names to ../build/image_viewer/image_viewer.egg-info/top_level.txt
[29.264s] reading manifest file '../build/image_viewer/image_viewer.egg-info/SOURCES.txt'
[29.269s] writing manifest file '../build/image_viewer/image_viewer.egg-info/SOURCES.txt'
[29.277s] running build
[29.284s] running build_py
[29.285s] running install
[29.310s] running install_lib
[29.546s] running install_data
[29.547s] running install_egg_info
[29.863s] removing '/home/pop/ros2_ws/src/install/image_viewer/lib/python3.12/site-packages/image_viewer-0.0.0-py3.12.egg-info' (and everything under it)
[29.897s] Copying ../build/image_viewer/image_viewer.egg-info to /home/pop/ros2_ws/src/install/image_viewer/lib/python3.12/site-packages/image_viewer-0.0.0-py3.12.egg-info
[29.962s] running install_scripts
[32.593s] Installing image_viewer script to /home/pop/ros2_ws/src/install/image_viewer/lib/image_viewer
[32.603s] writing list of installed files to '/home/pop/ros2_ws/src/build/image_viewer/install.log'
[32.889s] Invoked command in '/home/pop/ros2_ws/src/image_viewer' returned '0': DEBUGINFOD_URLS=https://debuginfod.ubuntu.com PYTHONPATH=/home/pop/ros2_ws/src/build/image_viewer/prefix_override:/usr/lib/python3/dist-packages/colcon_core/task/python/colcon_distutils_commands:/home/pop/ros2_ws/src/install/image_viewer/lib/python3.12/site-packages:${PYTHONPATH} /usr/bin/python3 -W ignore:setup.py install is deprecated -W ignore:easy_install command is deprecated setup.py egg_info --egg-base ../build/image_viewer build --build-base /home/pop/ros2_ws/src/build/image_viewer/build install --record /home/pop/ros2_ws/src/build/image_viewer/install.log --single-version-externally-managed install_data
