[20.146s] Invoking command in '/home/pop/ros2_ws/src/vision_processing': DEBUGINFOD_URLS=https://debuginfod.ubuntu.com PYTHONPATH=/home/pop/ros2_ws/src/build/vision_processing/prefix_override:/usr/lib/python3/dist-packages/colcon_core/task/python/colcon_distutils_commands:/home/pop/ros2_ws/src/install/vision_processing/lib/python3.12/site-packages:${PYTHONPATH} /usr/bin/python3 -W ignore:setup.py install is deprecated -W ignore:easy_install command is deprecated setup.py egg_info --egg-base ../build/vision_processing build --build-base /home/pop/ros2_ws/src/build/vision_processing/build install --record /home/pop/ros2_ws/src/build/vision_processing/install.log --single-version-externally-managed install_data
[24.237s] running egg_info
[24.500s] writing ../build/vision_processing/vision_processing.egg-info/PKG-INFO
[24.506s] writing dependency_links to ../build/vision_processing/vision_processing.egg-info/dependency_links.txt
[24.512s] writing entry points to ../build/vision_processing/vision_processing.egg-info/entry_points.txt
[24.521s] writing requirements to ../build/vision_processing/vision_processing.egg-info/requires.txt
[24.534s] writing top-level names to ../build/vision_processing/vision_processing.egg-info/top_level.txt
[25.088s] reading manifest file '../build/vision_processing/vision_processing.egg-info/SOURCES.txt'
[25.092s] writing manifest file '../build/vision_processing/vision_processing.egg-info/SOURCES.txt'
[25.096s] running build
[25.107s] running build_py
[25.108s] running install
[25.143s] running install_lib
[25.403s] byte-compiling /home/pop/ros2_ws/src/install/vision_processing/lib/python3.12/site-packages/vision_processing/vision_processing.py to vision_processing.cpython-312.pyc
[25.415s] running install_data
[25.416s] running install_egg_info
[25.602s] removing '/home/pop/ros2_ws/src/install/vision_processing/lib/python3.12/site-packages/vision_processing-0.0.0-py3.12.egg-info' (and everything under it)
[25.603s] Copying ../build/vision_processing/vision_processing.egg-info to /home/pop/ros2_ws/src/install/vision_processing/lib/python3.12/site-packages/vision_processing-0.0.0-py3.12.egg-info
[25.608s] running install_scripts
[27.120s] Installing vision_processing script to /home/pop/ros2_ws/src/install/vision_processing/lib/vision_processing
[27.128s] writing list of installed files to '/home/pop/ros2_ws/src/build/vision_processing/install.log'
[27.470s] Invoked command in '/home/pop/ros2_ws/src/vision_processing' returned '0': DEBUGINFOD_URLS=https://debuginfod.ubuntu.com PYTHONPATH=/home/pop/ros2_ws/src/build/vision_processing/prefix_override:/usr/lib/python3/dist-packages/colcon_core/task/python/colcon_distutils_commands:/home/pop/ros2_ws/src/install/vision_processing/lib/python3.12/site-packages:${PYTHONPATH} /usr/bin/python3 -W ignore:setup.py install is deprecated -W ignore:easy_install command is deprecated setup.py egg_info --egg-base ../build/vision_processing build --build-base /home/pop/ros2_ws/src/build/vision_processing/build install --record /home/pop/ros2_ws/src/build/vision_processing/install.log --single-version-externally-managed install_data
