[15.256s] Invoking command in '/home/pop/ros2_ws/src/image_viewer': DEBUGINFOD_URLS=https://debuginfod.ubuntu.com PYTHONPATH=/home/pop/ros2_ws/src/build/image_viewer/prefix_override:/usr/lib/python3/dist-packages/colcon_core/task/python/colcon_distutils_commands:/home/pop/ros2_ws/src/install/image_viewer/lib/python3.12/site-packages:${PYTHONPATH} /usr/bin/python3 -W ignore:setup.py install is deprecated -W ignore:easy_install command is deprecated setup.py egg_info --egg-base ../build/image_viewer build --build-base /home/pop/ros2_ws/src/build/image_viewer/build install --record /home/pop/ros2_ws/src/build/image_viewer/install.log --single-version-externally-managed install_data
[18.983s] running egg_info
[18.984s] creating ../build/image_viewer/image_viewer.egg-info
[19.221s] writing ../build/image_viewer/image_viewer.egg-info/PKG-INFO
[19.237s] writing dependency_links to ../build/image_viewer/image_viewer.egg-info/dependency_links.txt
[19.238s] writing entry points to ../build/image_viewer/image_viewer.egg-info/entry_points.txt
[19.245s] writing requirements to ../build/image_viewer/image_viewer.egg-info/requires.txt
[19.245s] writing top-level names to ../build/image_viewer/image_viewer.egg-info/top_level.txt
[19.246s] writing manifest file '../build/image_viewer/image_viewer.egg-info/SOURCES.txt'
[19.735s] reading manifest file '../build/image_viewer/image_viewer.egg-info/SOURCES.txt'
[19.745s] writing manifest file '../build/image_viewer/image_viewer.egg-info/SOURCES.txt'
[19.754s] running build
[19.762s] running build_py
[19.770s] creating /home/pop/ros2_ws/src/build/image_viewer/build
[19.786s] creating /home/pop/ros2_ws/src/build/image_viewer/build/lib
[19.793s] creating /home/pop/ros2_ws/src/build/image_viewer/build/lib/image_viewer
[19.794s] copying image_viewer/image_viewer.py -> /home/pop/ros2_ws/src/build/image_viewer/build/lib/image_viewer
[19.795s] copying image_viewer/__init__.py -> /home/pop/ros2_ws/src/build/image_viewer/build/lib/image_viewer
[19.800s] running install
[19.801s] running install_lib
[20.027s] creating /home/pop/ros2_ws/src/install/image_viewer/lib/python3.12/site-packages/image_viewer
[20.033s] copying /home/pop/ros2_ws/src/build/image_viewer/build/lib/image_viewer/image_viewer.py -> /home/pop/ros2_ws/src/install/image_viewer/lib/python3.12/site-packages/image_viewer
[20.035s] copying /home/pop/ros2_ws/src/build/image_viewer/build/lib/image_viewer/__init__.py -> /home/pop/ros2_ws/src/install/image_viewer/lib/python3.12/site-packages/image_viewer
[20.063s] byte-compiling /home/pop/ros2_ws/src/install/image_viewer/lib/python3.12/site-packages/image_viewer/image_viewer.py to image_viewer.cpython-312.pyc
[20.064s] byte-compiling /home/pop/ros2_ws/src/install/image_viewer/lib/python3.12/site-packages/image_viewer/__init__.py to __init__.cpython-312.pyc
[20.065s] running install_data
[20.074s] creating /home/pop/ros2_ws/src/install/image_viewer/share/ament_index
[20.075s] creating /home/pop/ros2_ws/src/install/image_viewer/share/ament_index/resource_index
[20.097s] creating /home/pop/ros2_ws/src/install/image_viewer/share/ament_index/resource_index/packages
[20.097s] copying resource/image_viewer -> /home/pop/ros2_ws/src/install/image_viewer/share/ament_index/resource_index/packages
[20.098s] copying package.xml -> /home/pop/ros2_ws/src/install/image_viewer/share/image_viewer
[20.105s] running install_egg_info
[20.271s] Copying ../build/image_viewer/image_viewer.egg-info to /home/pop/ros2_ws/src/install/image_viewer/lib/python3.12/site-packages/image_viewer-0.0.0-py3.12.egg-info
[20.279s] running install_scripts
[21.868s] Installing image_viewer script to /home/pop/ros2_ws/src/install/image_viewer/lib/image_viewer
[21.881s] writing list of installed files to '/home/pop/ros2_ws/src/build/image_viewer/install.log'
[22.208s] Invoked command in '/home/pop/ros2_ws/src/image_viewer' returned '0': DEBUGINFOD_URLS=https://debuginfod.ubuntu.com PYTHONPATH=/home/pop/ros2_ws/src/build/image_viewer/prefix_override:/usr/lib/python3/dist-packages/colcon_core/task/python/colcon_distutils_commands:/home/pop/ros2_ws/src/install/image_viewer/lib/python3.12/site-packages:${PYTHONPATH} /usr/bin/python3 -W ignore:setup.py install is deprecated -W ignore:easy_install command is deprecated setup.py egg_info --egg-base ../build/image_viewer build --build-base /home/pop/ros2_ws/src/build/image_viewer/build install --record /home/pop/ros2_ws/src/build/image_viewer/install.log --single-version-externally-managed install_data
