[26.216s] Invoking command in '/home/pop/ros2_ws/src/vision_processing': DEBUGINFOD_URLS=https://debuginfod.ubuntu.com PYTHONPATH=/home/pop/ros2_ws/src/build/vision_processing/prefix_override:/usr/lib/python3/dist-packages/colcon_core/task/python/colcon_distutils_commands:/home/pop/ros2_ws/src/install/vision_processing/lib/python3.12/site-packages:${PYTHONPATH} /usr/bin/python3 -W ignore:setup.py install is deprecated -W ignore:easy_install command is deprecated setup.py egg_info --egg-base ../build/vision_processing build --build-base /home/pop/ros2_ws/src/build/vision_processing/build install --record /home/pop/ros2_ws/src/build/vision_processing/install.log --single-version-externally-managed install_data
[32.899s] running egg_info
[33.172s] writing ../build/vision_processing/vision_processing.egg-info/PKG-INFO
[33.179s] writing dependency_links to ../build/vision_processing/vision_processing.egg-info/dependency_links.txt
[33.181s] writing entry points to ../build/vision_processing/vision_processing.egg-info/entry_points.txt
[33.183s] writing requirements to ../build/vision_processing/vision_processing.egg-info/requires.txt
[33.184s] writing top-level names to ../build/vision_processing/vision_processing.egg-info/top_level.txt
[34.072s] reading manifest file '../build/vision_processing/vision_processing.egg-info/SOURCES.txt'
[34.078s] writing manifest file '../build/vision_processing/vision_processing.egg-info/SOURCES.txt'
[34.079s] running build
[34.095s] running build_py
[34.100s] running install
[34.128s] running install_lib
[34.449s] byte-compiling /home/pop/ros2_ws/src/install/vision_processing/lib/python3.12/site-packages/vision_processing/vision_processing.py to vision_processing.cpython-312.pyc
[34.460s] running install_data
[34.466s] running install_egg_info
[34.832s] removing '/home/pop/ros2_ws/src/install/vision_processing/lib/python3.12/site-packages/vision_processing-0.0.0-py3.12.egg-info' (and everything under it)
[34.842s] Copying ../build/vision_processing/vision_processing.egg-info to /home/pop/ros2_ws/src/install/vision_processing/lib/python3.12/site-packages/vision_processing-0.0.0-py3.12.egg-info
[34.850s] running install_scripts
[37.367s] Installing vision_processing script to /home/pop/ros2_ws/src/install/vision_processing/lib/vision_processing
[37.382s] writing list of installed files to '/home/pop/ros2_ws/src/build/vision_processing/install.log'
[37.747s] Invoked command in '/home/pop/ros2_ws/src/vision_processing' returned '0': DEBUGINFOD_URLS=https://debuginfod.ubuntu.com PYTHONPATH=/home/pop/ros2_ws/src/build/vision_processing/prefix_override:/usr/lib/python3/dist-packages/colcon_core/task/python/colcon_distutils_commands:/home/pop/ros2_ws/src/install/vision_processing/lib/python3.12/site-packages:${PYTHONPATH} /usr/bin/python3 -W ignore:setup.py install is deprecated -W ignore:easy_install command is deprecated setup.py egg_info --egg-base ../build/vision_processing build --build-base /home/pop/ros2_ws/src/build/vision_processing/build install --record /home/pop/ros2_ws/src/build/vision_processing/install.log --single-version-externally-managed install_data
