[14.095s] Invoking command in '/home/pop/ros2_ws/src/vision_processing': DEBUGINFOD_URLS=https://debuginfod.ubuntu.com PYTHONPATH=/home/pop/ros2_ws/src/build/vision_processing/prefix_override:/usr/lib/python3/dist-packages/colcon_core/task/python/colcon_distutils_commands:/home/pop/ros2_ws/src/install/vision_processing/lib/python3.12/site-packages:${PYTHONPATH} /usr/bin/python3 -W ignore:setup.py install is deprecated -W ignore:easy_install command is deprecated setup.py egg_info --egg-base ../build/vision_processing build --build-base /home/pop/ros2_ws/src/build/vision_processing/build install --record /home/pop/ros2_ws/src/build/vision_processing/install.log --single-version-externally-managed install_data
[19.195s] running egg_info
[19.747s] writing ../build/vision_processing/vision_processing.egg-info/PKG-INFO
[19.754s] writing dependency_links to ../build/vision_processing/vision_processing.egg-info/dependency_links.txt
[19.755s] writing entry points to ../build/vision_processing/vision_processing.egg-info/entry_points.txt
[19.756s] writing requirements to ../build/vision_processing/vision_processing.egg-info/requires.txt
[19.757s] writing top-level names to ../build/vision_processing/vision_processing.egg-info/top_level.txt
[20.625s] reading manifest file '../build/vision_processing/vision_processing.egg-info/SOURCES.txt'
[20.635s] writing manifest file '../build/vision_processing/vision_processing.egg-info/SOURCES.txt'
[20.642s] running build
[20.647s] running build_py
[20.648s] running install
[20.697s] running install_lib
[21.194s] byte-compiling /home/pop/ros2_ws/src/install/vision_processing/lib/python3.12/site-packages/vision_processing/vision_processing.py to vision_processing.cpython-312.pyc
[21.219s] running install_data
[21.228s] running install_egg_info
[21.765s] removing '/home/pop/ros2_ws/src/install/vision_processing/lib/python3.12/site-packages/vision_processing-0.0.0-py3.12.egg-info' (and everything under it)
[21.782s] Copying ../build/vision_processing/vision_processing.egg-info to /home/pop/ros2_ws/src/install/vision_processing/lib/python3.12/site-packages/vision_processing-0.0.0-py3.12.egg-info
[21.792s] running install_scripts
[24.706s] Installing vision_processing script to /home/pop/ros2_ws/src/install/vision_processing/lib/vision_processing
[24.720s] writing list of installed files to '/home/pop/ros2_ws/src/build/vision_processing/install.log'
[25.147s] Invoked command in '/home/pop/ros2_ws/src/vision_processing' returned '0': DEBUGINFOD_URLS=https://debuginfod.ubuntu.com PYTHONPATH=/home/pop/ros2_ws/src/build/vision_processing/prefix_override:/usr/lib/python3/dist-packages/colcon_core/task/python/colcon_distutils_commands:/home/pop/ros2_ws/src/install/vision_processing/lib/python3.12/site-packages:${PYTHONPATH} /usr/bin/python3 -W ignore:setup.py install is deprecated -W ignore:easy_install command is deprecated setup.py egg_info --egg-base ../build/vision_processing build --build-base /home/pop/ros2_ws/src/build/vision_processing/build install --record /home/pop/ros2_ws/src/build/vision_processing/install.log --single-version-externally-managed install_data
