[12.945s] Invoking command in '/home/pop/ros2_ws/src/controller': DEBUGINFOD_URLS=https://debuginfod.ubuntu.com PYTHONPATH=/home/pop/ros2_ws/src/build/controller/prefix_override:/usr/lib/python3/dist-packages/colcon_core/task/python/colcon_distutils_commands:/home/pop/ros2_ws/src/install/controller/lib/python3.12/site-packages:${PYTHONPATH} /usr/bin/python3 -W ignore:setup.py install is deprecated -W ignore:easy_install command is deprecated setup.py egg_info --egg-base ../build/controller build --build-base /home/pop/ros2_ws/src/build/controller/build install --record /home/pop/ros2_ws/src/build/controller/install.log --single-version-externally-managed install_data
[15.313s] running egg_info
[15.482s] writing ../build/controller/controller.egg-info/PKG-INFO
[15.490s] writing dependency_links to ../build/controller/controller.egg-info/dependency_links.txt
[15.491s] writing entry points to ../build/controller/controller.egg-info/entry_points.txt
[15.500s] writing requirements to ../build/controller/controller.egg-info/requires.txt
[15.500s] writing top-level names to ../build/controller/controller.egg-info/top_level.txt
[15.831s] reading manifest file '../build/controller/controller.egg-info/SOURCES.txt'
[15.842s] writing manifest file '../build/controller/controller.egg-info/SOURCES.txt'
[15.842s] running build
[15.850s] running build_py
[15.850s] running install
[15.879s] running install_lib
[16.050s] running install_data
[16.055s] running install_egg_info
[16.260s] removing '/home/pop/ros2_ws/src/install/controller/lib/python3.12/site-packages/controller-0.0.0-py3.12.egg-info' (and everything under it)
[16.269s] Copying ../build/controller/controller.egg-info to /home/pop/ros2_ws/src/install/controller/lib/python3.12/site-packages/controller-0.0.0-py3.12.egg-info
[16.278s] running install_scripts
[17.759s] Installing controller script to /home/pop/ros2_ws/src/install/controller/lib/controller
[17.768s] writing list of installed files to '/home/pop/ros2_ws/src/build/controller/install.log'
[18.065s] Invoked command in '/home/pop/ros2_ws/src/controller' returned '0': DEBUGINFOD_URLS=https://debuginfod.ubuntu.com PYTHONPATH=/home/pop/ros2_ws/src/build/controller/prefix_override:/usr/lib/python3/dist-packages/colcon_core/task/python/colcon_distutils_commands:/home/pop/ros2_ws/src/install/controller/lib/python3.12/site-packages:${PYTHONPATH} /usr/bin/python3 -W ignore:setup.py install is deprecated -W ignore:easy_install command is deprecated setup.py egg_info --egg-base ../build/controller build --build-base /home/pop/ros2_ws/src/build/controller/build install --record /home/pop/ros2_ws/src/build/controller/install.log --single-version-externally-managed install_data
