[10.768s] Invoking command in '/home/pop/ros2_ws/src/vision_processing': DEBUGINFOD_URLS=https://debuginfod.ubuntu.com PYTHONPATH=/home/pop/ros2_ws/src/build/vision_processing/prefix_override:/usr/lib/python3/dist-packages/colcon_core/task/python/colcon_distutils_commands:/home/pop/ros2_ws/src/install/vision_processing/lib/python3.12/site-packages:${PYTHONPATH} /usr/bin/python3 -W ignore:setup.py install is deprecated -W ignore:easy_install command is deprecated setup.py egg_info --egg-base ../build/vision_processing build --build-base /home/pop/ros2_ws/src/build/vision_processing/build install --record /home/pop/ros2_ws/src/build/vision_processing/install.log --single-version-externally-managed install_data
[14.071s] running egg_info
[14.314s] writing ../build/vision_processing/vision_processing.egg-info/PKG-INFO
[14.316s] writing dependency_links to ../build/vision_processing/vision_processing.egg-info/dependency_links.txt
[14.320s] writing entry points to ../build/vision_processing/vision_processing.egg-info/entry_points.txt
[14.322s] writing requirements to ../build/vision_processing/vision_processing.egg-info/requires.txt
[14.325s] writing top-level names to ../build/vision_processing/vision_processing.egg-info/top_level.txt
[14.835s] reading manifest file '../build/vision_processing/vision_processing.egg-info/SOURCES.txt'
[14.836s] writing manifest file '../build/vision_processing/vision_processing.egg-info/SOURCES.txt'
[14.840s] running build
[14.841s] running build_py
[14.842s] running install
[14.865s] running install_lib
[15.129s] byte-compiling /home/pop/ros2_ws/src/install/vision_processing/lib/python3.12/site-packages/vision_processing/vision_processing.py to vision_processing.cpython-312.pyc
[15.138s] running install_data
[15.139s] running install_egg_info
[15.401s] removing '/home/pop/ros2_ws/src/install/vision_processing/lib/python3.12/site-packages/vision_processing-0.0.0-py3.12.egg-info' (and everything under it)
[15.415s] Copying ../build/vision_processing/vision_processing.egg-info to /home/pop/ros2_ws/src/install/vision_processing/lib/python3.12/site-packages/vision_processing-0.0.0-py3.12.egg-info
[15.422s] running install_scripts
[17.571s] Installing vision_processing script to /home/pop/ros2_ws/src/install/vision_processing/lib/vision_processing
[17.583s] writing list of installed files to '/home/pop/ros2_ws/src/build/vision_processing/install.log'
[17.859s] Invoked command in '/home/pop/ros2_ws/src/vision_processing' returned '0': DEBUGINFOD_URLS=https://debuginfod.ubuntu.com PYTHONPATH=/home/pop/ros2_ws/src/build/vision_processing/prefix_override:/usr/lib/python3/dist-packages/colcon_core/task/python/colcon_distutils_commands:/home/pop/ros2_ws/src/install/vision_processing/lib/python3.12/site-packages:${PYTHONPATH} /usr/bin/python3 -W ignore:setup.py install is deprecated -W ignore:easy_install command is deprecated setup.py egg_info --egg-base ../build/vision_processing build --build-base /home/pop/ros2_ws/src/build/vision_processing/build install --record /home/pop/ros2_ws/src/build/vision_processing/install.log --single-version-externally-managed install_data
