[9.766s] Invoking command in '/home/pop/ros2_ws/src/vision_processing': DEBUGINFOD_URLS=https://debuginfod.ubuntu.com PYTHONPATH=/home/pop/ros2_ws/src/build/vision_processing/prefix_override:/usr/lib/python3/dist-packages/colcon_core/task/python/colcon_distutils_commands:/home/pop/ros2_ws/src/install/vision_processing/lib/python3.12/site-packages:${PYTHONPATH} /usr/bin/python3 -W ignore:setup.py install is deprecated -W ignore:easy_install command is deprecated setup.py egg_info --egg-base ../build/vision_processing build --build-base /home/pop/ros2_ws/src/build/vision_processing/build install --record /home/pop/ros2_ws/src/build/vision_processing/install.log --single-version-externally-managed install_data
[13.135s] running egg_info
[13.388s] writing ../build/vision_processing/vision_processing.egg-info/PKG-INFO
[13.394s] writing dependency_links to ../build/vision_processing/vision_processing.egg-info/dependency_links.txt
[13.395s] writing entry points to ../build/vision_processing/vision_processing.egg-info/entry_points.txt
[13.396s] writing requirements to ../build/vision_processing/vision_processing.egg-info/requires.txt
[13.397s] writing top-level names to ../build/vision_processing/vision_processing.egg-info/top_level.txt
[13.920s] reading manifest file '../build/vision_processing/vision_processing.egg-info/SOURCES.txt'
[13.932s] writing manifest file '../build/vision_processing/vision_processing.egg-info/SOURCES.txt'
[13.939s] running build
[13.939s] running build_py
[13.950s] running install
[13.973s] running install_lib
[14.227s] running install_data
[14.229s] running install_egg_info
[14.639s] removing '/home/pop/ros2_ws/src/install/vision_processing/lib/python3.12/site-packages/vision_processing-0.0.0-py3.12.egg-info' (and everything under it)
[14.649s] Copying ../build/vision_processing/vision_processing.egg-info to /home/pop/ros2_ws/src/install/vision_processing/lib/python3.12/site-packages/vision_processing-0.0.0-py3.12.egg-info
[14.657s] running install_scripts
[16.604s] Installing vision_processing script to /home/pop/ros2_ws/src/install/vision_processing/lib/vision_processing
[16.619s] writing list of installed files to '/home/pop/ros2_ws/src/build/vision_processing/install.log'
[16.885s] Invoked command in '/home/pop/ros2_ws/src/vision_processing' returned '0': DEBUGINFOD_URLS=https://debuginfod.ubuntu.com PYTHONPATH=/home/pop/ros2_ws/src/build/vision_processing/prefix_override:/usr/lib/python3/dist-packages/colcon_core/task/python/colcon_distutils_commands:/home/pop/ros2_ws/src/install/vision_processing/lib/python3.12/site-packages:${PYTHONPATH} /usr/bin/python3 -W ignore:setup.py install is deprecated -W ignore:easy_install command is deprecated setup.py egg_info --egg-base ../build/vision_processing build --build-base /home/pop/ros2_ws/src/build/vision_processing/build install --record /home/pop/ros2_ws/src/build/vision_processing/install.log --single-version-externally-managed install_data
