[1.033s] DEBUG:colcon:Command line arguments: ['/usr/bin/colcon', 'build', '--packages-select', 'vision_processing']
[1.034s] DEBUG:colcon:Parsed command line arguments: Namespace(log_base=None, log_level=None, verb_name='build', build_base='build', install_base='install', merge_install=False, symlink_install=False, test_result_base=None, continue_on_error=False, executor='parallel', parallel_workers=4, event_handlers=None, ignore_user_meta=False, metas=['./colcon.meta'], base_paths=['.'], packages_ignore=None, packages_ignore_regex=None, paths=None, packages_up_to=None, packages_up_to_regex=None, packages_above=None, packages_above_and_dependencies=None, packages_above_depth=None, packages_select_by_dep=None, packages_skip_by_dep=None, packages_skip_up_to=None, packages_select_build_failed=False, packages_skip_build_finished=False, packages_select_test_failures=False, packages_skip_test_passed=False, packages_select=['vision_processing'], packages_skip=None, packages_select_regex=None, packages_skip_regex=None, packages_start=None, packages_end=None, allow_overriding=[], cmake_args=None, cmake_target=None, cmake_target_skip_unavailable=False, cmake_clean_cache=False, cmake_clean_first=False, cmake_force_configure=False, ament_cmake_args=None, catkin_cmake_args=None, catkin_skip_building_tests=False, verb_parser=<colcon_defaults.argument_parser.defaults.DefaultArgumentsDecorator object at 0xffff9bf16240>, verb_extension=<colcon_core.verb.build.BuildVerb object at 0xffff9c0d6d80>, main=<bound method BuildVerb.main of <colcon_core.verb.build.BuildVerb object at 0xffff9c0d6d80>>)
[1.335s] Level 1:colcon.colcon_core.package_discovery:discover_packages(colcon_meta) check parameters
[1.335s] Level 1:colcon.colcon_core.package_discovery:discover_packages(recursive) check parameters
[1.336s] Level 1:colcon.colcon_core.package_discovery:discover_packages(ignore) check parameters
[1.337s] Level 1:colcon.colcon_core.package_discovery:discover_packages(path) check parameters
[1.337s] Level 1:colcon.colcon_core.package_discovery:discover_packages(colcon_meta) discover
[1.339s] Level 1:colcon.colcon_core.package_discovery:discover_packages(recursive) discover
[1.339s] INFO:colcon.colcon_core.package_discovery:Crawling recursively for packages in '/home/pop/ros2_ws/src'
[1.341s] Level 1:colcon.colcon_core.package_identification:_identify(.) by extensions ['ignore', 'ignore_ament_install']
[1.342s] Level 1:colcon.colcon_core.package_identification:_identify(.) by extension 'ignore'
[1.343s] Level 1:colcon.colcon_core.package_identification:_identify(.) by extension 'ignore_ament_install'
[1.344s] Level 1:colcon.colcon_core.package_identification:_identify(.) by extensions ['colcon_pkg']
[1.344s] Level 1:colcon.colcon_core.package_identification:_identify(.) by extension 'colcon_pkg'
[1.345s] Level 1:colcon.colcon_core.package_identification:_identify(.) by extensions ['colcon_meta']
[1.345s] Level 1:colcon.colcon_core.package_identification:_identify(.) by extension 'colcon_meta'
[1.345s] Level 1:colcon.colcon_core.package_identification:_identify(.) by extensions ['ros']
[1.346s] Level 1:colcon.colcon_core.package_identification:_identify(.) by extension 'ros'
[1.529s] Level 1:colcon.colcon_core.package_identification:_identify(.) by extensions ['cmake', 'python']
[1.530s] Level 1:colcon.colcon_core.package_identification:_identify(.) by extension 'cmake'
[1.530s] Level 1:colcon.colcon_core.package_identification:_identify(.) by extension 'python'
[1.531s] Level 1:colcon.colcon_core.package_identification:_identify(.) by extensions ['python_setup_py']
[1.531s] Level 1:colcon.colcon_core.package_identification:_identify(.) by extension 'python_setup_py'
[1.534s] Level 1:colcon.colcon_core.package_identification:_identify(build) by extensions ['ignore', 'ignore_ament_install']
[1.535s] Level 1:colcon.colcon_core.package_identification:_identify(build) by extension 'ignore'
[1.535s] Level 1:colcon.colcon_core.package_identification:_identify(build) ignored
[1.537s] Level 1:colcon.colcon_core.package_identification:_identify(controller) by extensions ['ignore', 'ignore_ament_install']
[1.538s] Level 1:colcon.colcon_core.package_identification:_identify(controller) by extension 'ignore'
[1.538s] Level 1:colcon.colcon_core.package_identification:_identify(controller) by extension 'ignore_ament_install'
[1.539s] Level 1:colcon.colcon_core.package_identification:_identify(controller) by extensions ['colcon_pkg']
[1.539s] Level 1:colcon.colcon_core.package_identification:_identify(controller) by extension 'colcon_pkg'
[1.540s] Level 1:colcon.colcon_core.package_identification:_identify(controller) by extensions ['colcon_meta']
[1.541s] Level 1:colcon.colcon_core.package_identification:_identify(controller) by extension 'colcon_meta'
[1.541s] Level 1:colcon.colcon_core.package_identification:_identify(controller) by extensions ['ros']
[1.541s] Level 1:colcon.colcon_core.package_identification:_identify(controller) by extension 'ros'
[1.558s] DEBUG:colcon.colcon_core.package_identification:Package 'controller' with type 'ros.ament_python' and name 'controller'
[1.559s] Level 1:colcon.colcon_core.package_identification:_identify(image_viewer) by extensions ['ignore', 'ignore_ament_install']
[1.560s] Level 1:colcon.colcon_core.package_identification:_identify(image_viewer) by extension 'ignore'
[1.560s] Level 1:colcon.colcon_core.package_identification:_identify(image_viewer) by extension 'ignore_ament_install'
[1.561s] Level 1:colcon.colcon_core.package_identification:_identify(image_viewer) by extensions ['colcon_pkg']
[1.561s] Level 1:colcon.colcon_core.package_identification:_identify(image_viewer) by extension 'colcon_pkg'
[1.562s] Level 1:colcon.colcon_core.package_identification:_identify(image_viewer) by extensions ['colcon_meta']
[1.562s] Level 1:colcon.colcon_core.package_identification:_identify(image_viewer) by extension 'colcon_meta'
[1.563s] Level 1:colcon.colcon_core.package_identification:_identify(image_viewer) by extensions ['ros']
[1.563s] Level 1:colcon.colcon_core.package_identification:_identify(image_viewer) by extension 'ros'
[1.566s] DEBUG:colcon.colcon_core.package_identification:Package 'image_viewer' with type 'ros.ament_python' and name 'image_viewer'
[1.568s] Level 1:colcon.colcon_core.package_identification:_identify(install) by extensions ['ignore', 'ignore_ament_install']
[1.568s] Level 1:colcon.colcon_core.package_identification:_identify(install) by extension 'ignore'
[1.569s] Level 1:colcon.colcon_core.package_identification:_identify(install) ignored
[1.571s] Level 1:colcon.colcon_core.package_identification:_identify(log) by extensions ['ignore', 'ignore_ament_install']
[1.571s] Level 1:colcon.colcon_core.package_identification:_identify(log) by extension 'ignore'
[1.572s] Level 1:colcon.colcon_core.package_identification:_identify(log) ignored
[1.573s] Level 1:colcon.colcon_core.package_identification:_identify(motor_controller) by extensions ['ignore', 'ignore_ament_install']
[1.574s] Level 1:colcon.colcon_core.package_identification:_identify(motor_controller) by extension 'ignore'
[1.574s] Level 1:colcon.colcon_core.package_identification:_identify(motor_controller) by extension 'ignore_ament_install'
[1.575s] Level 1:colcon.colcon_core.package_identification:_identify(motor_controller) by extensions ['colcon_pkg']
[1.575s] Level 1:colcon.colcon_core.package_identification:_identify(motor_controller) by extension 'colcon_pkg'
[1.575s] Level 1:colcon.colcon_core.package_identification:_identify(motor_controller) by extensions ['colcon_meta']
[1.575s] Level 1:colcon.colcon_core.package_identification:_identify(motor_controller) by extension 'colcon_meta'
[1.576s] Level 1:colcon.colcon_core.package_identification:_identify(motor_controller) by extensions ['ros']
[1.576s] Level 1:colcon.colcon_core.package_identification:_identify(motor_controller) by extension 'ros'
[1.579s] DEBUG:colcon.colcon_core.package_identification:Package 'motor_controller' with type 'ros.ament_python' and name 'motor_controller'
[1.580s] Level 1:colcon.colcon_core.package_identification:_identify(vision_processing) by extensions ['ignore', 'ignore_ament_install']
[1.581s] Level 1:colcon.colcon_core.package_identification:_identify(vision_processing) by extension 'ignore'
[1.582s] Level 1:colcon.colcon_core.package_identification:_identify(vision_processing) by extension 'ignore_ament_install'
[1.583s] Level 1:colcon.colcon_core.package_identification:_identify(vision_processing) by extensions ['colcon_pkg']
[1.583s] Level 1:colcon.colcon_core.package_identification:_identify(vision_processing) by extension 'colcon_pkg'
[1.583s] Level 1:colcon.colcon_core.package_identification:_identify(vision_processing) by extensions ['colcon_meta']
[1.583s] Level 1:colcon.colcon_core.package_identification:_identify(vision_processing) by extension 'colcon_meta'
[1.584s] Level 1:colcon.colcon_core.package_identification:_identify(vision_processing) by extensions ['ros']
[1.584s] Level 1:colcon.colcon_core.package_identification:_identify(vision_processing) by extension 'ros'
[1.588s] DEBUG:colcon.colcon_core.package_identification:Package 'vision_processing' with type 'ros.ament_python' and name 'vision_processing'
[1.588s] Level 1:colcon.colcon_core.package_discovery:discover_packages(recursive) using defaults
[1.589s] Level 1:colcon.colcon_core.package_discovery:discover_packages(ignore) discover
[1.589s] Level 1:colcon.colcon_core.package_discovery:discover_packages(ignore) using defaults
[1.589s] Level 1:colcon.colcon_core.package_discovery:discover_packages(path) discover
[1.589s] Level 1:colcon.colcon_core.package_discovery:discover_packages(path) using defaults
[1.729s] INFO:colcon.colcon_core.package_selection:Skipping not selected package 'controller' in 'controller'
[1.731s] INFO:colcon.colcon_core.package_selection:Skipping not selected package 'image_viewer' in 'image_viewer'
[1.731s] INFO:colcon.colcon_core.package_selection:Skipping not selected package 'motor_controller' in 'motor_controller'
[1.734s] Level 1:colcon.colcon_core.package_discovery:discover_packages(prefix_path) check parameters
[1.735s] Level 1:colcon.colcon_core.package_discovery:discover_packages(prefix_path) discover
[1.757s] DEBUG:colcon.colcon_installed_package_information.package_discovery:Found 4 installed packages in /home/pop/ros2_ws/src/install
[1.763s] DEBUG:colcon.colcon_installed_package_information.package_discovery:Found 4 installed packages in /home/pop/ros2_ws/install
[1.781s] DEBUG:colcon.colcon_installed_package_information.package_discovery:Found 326 installed packages in /opt/ros/jazzy
[1.786s] Level 1:colcon.colcon_core.package_discovery:discover_packages(prefix_path) using defaults
[2.481s] Level 5:colcon.colcon_core.verb:set package 'vision_processing' build argument 'cmake_args' from command line to 'None'
[2.482s] Level 5:colcon.colcon_core.verb:set package 'vision_processing' build argument 'cmake_target' from command line to 'None'
[2.482s] Level 5:colcon.colcon_core.verb:set package 'vision_processing' build argument 'cmake_target_skip_unavailable' from command line to 'False'
[2.482s] Level 5:colcon.colcon_core.verb:set package 'vision_processing' build argument 'cmake_clean_cache' from command line to 'False'
[2.482s] Level 5:colcon.colcon_core.verb:set package 'vision_processing' build argument 'cmake_clean_first' from command line to 'False'
[2.482s] Level 5:colcon.colcon_core.verb:set package 'vision_processing' build argument 'cmake_force_configure' from command line to 'False'
[2.483s] Level 5:colcon.colcon_core.verb:set package 'vision_processing' build argument 'ament_cmake_args' from command line to 'None'
[2.483s] Level 5:colcon.colcon_core.verb:set package 'vision_processing' build argument 'catkin_cmake_args' from command line to 'None'
[2.483s] Level 5:colcon.colcon_core.verb:set package 'vision_processing' build argument 'catkin_skip_building_tests' from command line to 'False'
[2.483s] DEBUG:colcon.colcon_core.verb:Building package 'vision_processing' with the following arguments: {'ament_cmake_args': None, 'build_base': '/home/pop/ros2_ws/src/build/vision_processing', 'catkin_cmake_args': None, 'catkin_skip_building_tests': False, 'cmake_args': None, 'cmake_clean_cache': False, 'cmake_clean_first': False, 'cmake_force_configure': False, 'cmake_target': None, 'cmake_target_skip_unavailable': False, 'install_base': '/home/pop/ros2_ws/src/install/vision_processing', 'merge_install': False, 'path': '/home/pop/ros2_ws/src/vision_processing', 'symlink_install': False, 'test_result_base': None}
[2.484s] INFO:colcon.colcon_core.executor:Executing jobs using 'parallel' executor
[2.491s] DEBUG:colcon.colcon_parallel_executor.executor.parallel:run_until_complete
[2.493s] INFO:colcon.colcon_ros.task.ament_python.build:Building ROS package in '/home/pop/ros2_ws/src/vision_processing' with build type 'ament_python'
[2.494s] Level 1:colcon.colcon_core.shell:create_environment_hook('vision_processing', 'ament_prefix_path')
[2.509s] INFO:colcon.colcon_core.plugin_system:Skipping extension 'colcon_core.shell.bat': Not used on non-Windows systems
[2.511s] INFO:colcon.colcon_core.shell:Creating environment hook '/home/pop/ros2_ws/src/install/vision_processing/share/vision_processing/hook/ament_prefix_path.ps1'
[2.516s] INFO:colcon.colcon_core.shell:Creating environment descriptor '/home/pop/ros2_ws/src/install/vision_processing/share/vision_processing/hook/ament_prefix_path.dsv'
[2.519s] INFO:colcon.colcon_core.shell:Creating environment hook '/home/pop/ros2_ws/src/install/vision_processing/share/vision_processing/hook/ament_prefix_path.sh'
[2.524s] INFO:colcon.colcon_core.shell:Skip shell extension 'powershell' for command environment: Not usable outside of PowerShell
[2.525s] DEBUG:colcon.colcon_core.shell:Skip shell extension 'dsv' for command environment
[4.930s] INFO:colcon.colcon_core.task.python.build:Building Python package in '/home/pop/ros2_ws/src/vision_processing'
[4.932s] INFO:colcon.colcon_core.shell:Skip shell extension 'powershell' for command environment: Not usable outside of PowerShell
[4.934s] DEBUG:colcon.colcon_core.shell:Skip shell extension 'dsv' for command environment
[12.116s] DEBUG:colcon.colcon_core.event_handler.log_command:Invoking command in '/home/pop/ros2_ws/src/vision_processing': DEBUGINFOD_URLS=https://debuginfod.ubuntu.com PYTHONPATH=/home/pop/ros2_ws/src/build/vision_processing/prefix_override:/usr/lib/python3/dist-packages/colcon_core/task/python/colcon_distutils_commands:/home/pop/ros2_ws/src/install/vision_processing/lib/python3.12/site-packages:${PYTHONPATH} /usr/bin/python3 -W ignore:setup.py install is deprecated -W ignore:easy_install command is deprecated setup.py egg_info --egg-base ../build/vision_processing build --build-base /home/pop/ros2_ws/src/build/vision_processing/build install --record /home/pop/ros2_ws/src/build/vision_processing/install.log --single-version-externally-managed install_data
[18.864s] DEBUG:colcon.colcon_core.event_handler.log_command:Invoked command in '/home/pop/ros2_ws/src/vision_processing' returned '0': DEBUGINFOD_URLS=https://debuginfod.ubuntu.com PYTHONPATH=/home/pop/ros2_ws/src/build/vision_processing/prefix_override:/usr/lib/python3/dist-packages/colcon_core/task/python/colcon_distutils_commands:/home/pop/ros2_ws/src/install/vision_processing/lib/python3.12/site-packages:${PYTHONPATH} /usr/bin/python3 -W ignore:setup.py install is deprecated -W ignore:easy_install command is deprecated setup.py egg_info --egg-base ../build/vision_processing build --build-base /home/pop/ros2_ws/src/build/vision_processing/build install --record /home/pop/ros2_ws/src/build/vision_processing/install.log --single-version-externally-managed install_data
[18.890s] Level 1:colcon.colcon_core.environment:checking '/home/pop/ros2_ws/src/install/vision_processing' for CMake module files
[18.899s] Level 1:colcon.colcon_core.environment:checking '/home/pop/ros2_ws/src/install/vision_processing' for CMake config files
[18.907s] Level 1:colcon.colcon_core.environment:checking '/home/pop/ros2_ws/src/install/vision_processing/lib'
[18.912s] Level 1:colcon.colcon_core.environment:checking '/home/pop/ros2_ws/src/install/vision_processing/bin'
[18.914s] Level 1:colcon.colcon_core.environment:checking '/home/pop/ros2_ws/src/install/vision_processing/lib/pkgconfig/vision_processing.pc'
[18.917s] Level 1:colcon.colcon_core.environment:checking '/home/pop/ros2_ws/src/install/vision_processing/lib/python3.12/site-packages'
[18.919s] Level 1:colcon.colcon_core.shell:create_environment_hook('vision_processing', 'pythonpath')
[18.920s] INFO:colcon.colcon_core.shell:Creating environment hook '/home/pop/ros2_ws/src/install/vision_processing/share/vision_processing/hook/pythonpath.ps1'
[18.925s] INFO:colcon.colcon_core.shell:Creating environment descriptor '/home/pop/ros2_ws/src/install/vision_processing/share/vision_processing/hook/pythonpath.dsv'
[18.929s] INFO:colcon.colcon_core.shell:Creating environment hook '/home/pop/ros2_ws/src/install/vision_processing/share/vision_processing/hook/pythonpath.sh'
[18.935s] Level 1:colcon.colcon_core.environment:checking '/home/pop/ros2_ws/src/install/vision_processing/bin'
[18.936s] Level 1:colcon.colcon_core.environment:create_environment_scripts_only(vision_processing)
[18.937s] INFO:colcon.colcon_core.shell:Creating package script '/home/pop/ros2_ws/src/install/vision_processing/share/vision_processing/package.ps1'
[18.945s] INFO:colcon.colcon_core.shell:Creating package descriptor '/home/pop/ros2_ws/src/install/vision_processing/share/vision_processing/package.dsv'
[18.949s] INFO:colcon.colcon_core.shell:Creating package script '/home/pop/ros2_ws/src/install/vision_processing/share/vision_processing/package.sh'
[18.955s] INFO:colcon.colcon_core.shell:Creating package script '/home/pop/ros2_ws/src/install/vision_processing/share/vision_processing/package.bash'
[18.961s] INFO:colcon.colcon_core.shell:Creating package script '/home/pop/ros2_ws/src/install/vision_processing/share/vision_processing/package.zsh'
[18.968s] Level 1:colcon.colcon_core.environment:create_file_with_runtime_dependencies(/home/pop/ros2_ws/src/install/vision_processing/share/colcon-core/packages/vision_processing)
[18.973s] DEBUG:colcon.colcon_parallel_executor.executor.parallel:closing loop
[18.978s] DEBUG:colcon.colcon_parallel_executor.executor.parallel:loop closed
[18.979s] DEBUG:colcon.colcon_parallel_executor.executor.parallel:run_until_complete finished with '0'
[18.979s] DEBUG:colcon.colcon_core.event_reactor:joining thread
[19.042s] INFO:colcon.colcon_core.plugin_system:Skipping extension 'colcon_notification.desktop_notification.terminal_notifier': Not used on non-Darwin systems
[19.042s] INFO:colcon.colcon_core.plugin_system:Skipping extension 'colcon_notification.desktop_notification.win32': Not used on non-Windows systems
[19.043s] INFO:colcon.colcon_notification.desktop_notification:Sending desktop notification using 'notify2'
[19.284s] DEBUG:colcon.colcon_core.event_reactor:joined thread
[19.286s] INFO:colcon.colcon_core.shell:Creating prefix script '/home/pop/ros2_ws/src/install/local_setup.ps1'
[19.311s] INFO:colcon.colcon_core.shell:Creating prefix util module '/home/pop/ros2_ws/src/install/_local_setup_util_ps1.py'
[19.323s] INFO:colcon.colcon_core.shell:Creating prefix chain script '/home/pop/ros2_ws/src/install/setup.ps1'
[19.338s] INFO:colcon.colcon_core.shell:Creating prefix script '/home/pop/ros2_ws/src/install/local_setup.sh'
[19.355s] INFO:colcon.colcon_core.shell:Creating prefix util module '/home/pop/ros2_ws/src/install/_local_setup_util_sh.py'
[19.372s] INFO:colcon.colcon_core.shell:Creating prefix chain script '/home/pop/ros2_ws/src/install/setup.sh'
[19.394s] INFO:colcon.colcon_core.shell:Creating prefix script '/home/pop/ros2_ws/src/install/local_setup.bash'
[19.402s] INFO:colcon.colcon_core.shell:Creating prefix chain script '/home/pop/ros2_ws/src/install/setup.bash'
[19.422s] INFO:colcon.colcon_core.shell:Creating prefix script '/home/pop/ros2_ws/src/install/local_setup.zsh'
[19.427s] INFO:colcon.colcon_core.shell:Creating prefix chain script '/home/pop/ros2_ws/src/install/setup.zsh'
