[12.359s] Invoking command in '/home/pop/ros2_ws/src/image_viewer': DEBUGINFOD_URLS=https://debuginfod.ubuntu.com PYTHONPATH=/home/pop/ros2_ws/src/build/image_viewer/prefix_override:/usr/lib/python3/dist-packages/colcon_core/task/python/colcon_distutils_commands:/home/pop/ros2_ws/src/install/image_viewer/lib/python3.12/site-packages:${PYTHONPATH} /usr/bin/python3 -W ignore:setup.py install is deprecated -W ignore:easy_install command is deprecated setup.py egg_info --egg-base ../build/image_viewer build --build-base /home/pop/ros2_ws/src/build/image_viewer/build install --record /home/pop/ros2_ws/src/build/image_viewer/install.log --single-version-externally-managed install_data
[16.906s] running egg_info
[17.377s] writing ../build/image_viewer/image_viewer.egg-info/PKG-INFO
[17.395s] writing dependency_links to ../build/image_viewer/image_viewer.egg-info/dependency_links.txt
[17.407s] writing entry points to ../build/image_viewer/image_viewer.egg-info/entry_points.txt
[17.413s] writing requirements to ../build/image_viewer/image_viewer.egg-info/requires.txt
[17.430s] writing top-level names to ../build/image_viewer/image_viewer.egg-info/top_level.txt
[18.738s] reading manifest file '../build/image_viewer/image_viewer.egg-info/SOURCES.txt'
[18.758s] writing manifest file '../build/image_viewer/image_viewer.egg-info/SOURCES.txt'
[18.777s] running build
[18.799s] running build_py
[18.802s] running install
[19.034s] running install_lib
[19.447s] running install_data
[19.448s] running install_egg_info
[19.655s] removing '/home/pop/ros2_ws/src/install/image_viewer/lib/python3.12/site-packages/image_viewer-0.0.0-py3.12.egg-info' (and everything under it)
[19.656s] Copying ../build/image_viewer/image_viewer.egg-info to /home/pop/ros2_ws/src/install/image_viewer/lib/python3.12/site-packages/image_viewer-0.0.0-py3.12.egg-info
[19.662s] running install_scripts
[21.229s] Installing image_viewer script to /home/pop/ros2_ws/src/install/image_viewer/lib/image_viewer
[21.252s] writing list of installed files to '/home/pop/ros2_ws/src/build/image_viewer/install.log'
[21.575s] Invoked command in '/home/pop/ros2_ws/src/image_viewer' returned '0': DEBUGINFOD_URLS=https://debuginfod.ubuntu.com PYTHONPATH=/home/pop/ros2_ws/src/build/image_viewer/prefix_override:/usr/lib/python3/dist-packages/colcon_core/task/python/colcon_distutils_commands:/home/pop/ros2_ws/src/install/image_viewer/lib/python3.12/site-packages:${PYTHONPATH} /usr/bin/python3 -W ignore:setup.py install is deprecated -W ignore:easy_install command is deprecated setup.py egg_info --egg-base ../build/image_viewer build --build-base /home/pop/ros2_ws/src/build/image_viewer/build install --record /home/pop/ros2_ws/src/build/image_viewer/install.log --single-version-externally-managed install_data
