[23.742s] Invoking command in '/home/pop/ros2_ws/src/image_viewer': DEBUGINFOD_URLS=https://debuginfod.ubuntu.com PYTHONPATH=/home/pop/ros2_ws/src/build/image_viewer/prefix_override:/usr/lib/python3/dist-packages/colcon_core/task/python/colcon_distutils_commands:/home/pop/ros2_ws/src/install/image_viewer/lib/python3.12/site-packages:${PYTHONPATH} /usr/bin/python3 -W ignore:setup.py install is deprecated -W ignore:easy_install command is deprecated setup.py egg_info --egg-base ../build/image_viewer build --build-base /home/pop/ros2_ws/src/build/image_viewer/build install --record /home/pop/ros2_ws/src/build/image_viewer/install.log --single-version-externally-managed install_data
[28.549s] running egg_info
[28.762s] writing ../build/image_viewer/image_viewer.egg-info/PKG-INFO
[28.772s] writing dependency_links to ../build/image_viewer/image_viewer.egg-info/dependency_links.txt
[28.800s] writing entry points to ../build/image_viewer/image_viewer.egg-info/entry_points.txt
[28.801s] writing requirements to ../build/image_viewer/image_viewer.egg-info/requires.txt
[28.812s] writing top-level names to ../build/image_viewer/image_viewer.egg-info/top_level.txt
[29.289s] reading manifest file '../build/image_viewer/image_viewer.egg-info/SOURCES.txt'
[29.296s] writing manifest file '../build/image_viewer/image_viewer.egg-info/SOURCES.txt'
[29.303s] running build
[29.311s] running build_py
[29.312s] running install
[29.370s] running install_lib
[29.644s] running install_data
[29.658s] running install_egg_info
[29.983s] removing '/home/pop/ros2_ws/src/install/image_viewer/lib/python3.12/site-packages/image_viewer-0.0.0-py3.12.egg-info' (and everything under it)
[29.994s] Copying ../build/image_viewer/image_viewer.egg-info to /home/pop/ros2_ws/src/install/image_viewer/lib/python3.12/site-packages/image_viewer-0.0.0-py3.12.egg-info
[30.034s] running install_scripts
[31.771s] Installing image_viewer script to /home/pop/ros2_ws/src/install/image_viewer/lib/image_viewer
[31.809s] writing list of installed files to '/home/pop/ros2_ws/src/build/image_viewer/install.log'
[32.289s] Invoked command in '/home/pop/ros2_ws/src/image_viewer' returned '0': DEBUGINFOD_URLS=https://debuginfod.ubuntu.com PYTHONPATH=/home/pop/ros2_ws/src/build/image_viewer/prefix_override:/usr/lib/python3/dist-packages/colcon_core/task/python/colcon_distutils_commands:/home/pop/ros2_ws/src/install/image_viewer/lib/python3.12/site-packages:${PYTHONPATH} /usr/bin/python3 -W ignore:setup.py install is deprecated -W ignore:easy_install command is deprecated setup.py egg_info --egg-base ../build/image_viewer build --build-base /home/pop/ros2_ws/src/build/image_viewer/build install --record /home/pop/ros2_ws/src/build/image_viewer/install.log --single-version-externally-managed install_data
