[10.910s] Invoking command in '/home/pop/ros2_ws/src/image_viewer': DEBUGINFOD_URLS=https://debuginfod.ubuntu.com PYTHONPATH=/home/pop/ros2_ws/src/build/image_viewer/prefix_override:/usr/lib/python3/dist-packages/colcon_core/task/python/colcon_distutils_commands:/home/pop/ros2_ws/src/install/image_viewer/lib/python3.12/site-packages:${PYTHONPATH} /usr/bin/python3 -W ignore:setup.py install is deprecated -W ignore:easy_install command is deprecated setup.py egg_info --egg-base ../build/image_viewer build --build-base /home/pop/ros2_ws/src/build/image_viewer/build install --record /home/pop/ros2_ws/src/build/image_viewer/install.log --single-version-externally-managed install_data
[14.799s] running egg_info
[14.998s] writing ../build/image_viewer/image_viewer.egg-info/PKG-INFO
[14.999s] writing dependency_links to ../build/image_viewer/image_viewer.egg-info/dependency_links.txt
[14.999s] writing entry points to ../build/image_viewer/image_viewer.egg-info/entry_points.txt
[15.000s] writing requirements to ../build/image_viewer/image_viewer.egg-info/requires.txt
[15.006s] writing top-level names to ../build/image_viewer/image_viewer.egg-info/top_level.txt
[15.348s] reading manifest file '../build/image_viewer/image_viewer.egg-info/SOURCES.txt'
[15.360s] writing manifest file '../build/image_viewer/image_viewer.egg-info/SOURCES.txt'
[15.365s] running build
[15.369s] running build_py
[15.369s] running install
[15.408s] running install_lib
[15.603s] running install_data
[15.609s] running install_egg_info
[15.815s] removing '/home/pop/ros2_ws/src/install/image_viewer/lib/python3.12/site-packages/image_viewer-0.0.0-py3.12.egg-info' (and everything under it)
[15.824s] Copying ../build/image_viewer/image_viewer.egg-info to /home/pop/ros2_ws/src/install/image_viewer/lib/python3.12/site-packages/image_viewer-0.0.0-py3.12.egg-info
[15.846s] running install_scripts
[18.496s] Installing image_viewer script to /home/pop/ros2_ws/src/install/image_viewer/lib/image_viewer
[18.506s] writing list of installed files to '/home/pop/ros2_ws/src/build/image_viewer/install.log'
[18.755s] Invoked command in '/home/pop/ros2_ws/src/image_viewer' returned '0': DEBUGINFOD_URLS=https://debuginfod.ubuntu.com PYTHONPATH=/home/pop/ros2_ws/src/build/image_viewer/prefix_override:/usr/lib/python3/dist-packages/colcon_core/task/python/colcon_distutils_commands:/home/pop/ros2_ws/src/install/image_viewer/lib/python3.12/site-packages:${PYTHONPATH} /usr/bin/python3 -W ignore:setup.py install is deprecated -W ignore:easy_install command is deprecated setup.py egg_info --egg-base ../build/image_viewer build --build-base /home/pop/ros2_ws/src/build/image_viewer/build install --record /home/pop/ros2_ws/src/build/image_viewer/install.log --single-version-externally-managed install_data
