[13.374s] Invoking command in '/home/pop/ros2_ws/src/vision_processing': DEBUGINFOD_URLS=https://debuginfod.ubuntu.com PYTHONPATH=/home/pop/ros2_ws/src/build/vision_processing/prefix_override:/usr/lib/python3/dist-packages/colcon_core/task/python/colcon_distutils_commands:/home/pop/ros2_ws/src/install/vision_processing/lib/python3.12/site-packages:${PYTHONPATH} /usr/bin/python3 -W ignore:setup.py install is deprecated -W ignore:easy_install command is deprecated setup.py egg_info --egg-base ../build/vision_processing build --build-base /home/pop/ros2_ws/src/build/vision_processing/build install --record /home/pop/ros2_ws/src/build/vision_processing/install.log --single-version-externally-managed install_data
[18.139s] running egg_info
[18.427s] writing ../build/vision_processing/vision_processing.egg-info/PKG-INFO
[18.428s] writing dependency_links to ../build/vision_processing/vision_processing.egg-info/dependency_links.txt
[18.441s] writing entry points to ../build/vision_processing/vision_processing.egg-info/entry_points.txt
[18.466s] writing requirements to ../build/vision_processing/vision_processing.egg-info/requires.txt
[18.467s] writing top-level names to ../build/vision_processing/vision_processing.egg-info/top_level.txt
[19.230s] reading manifest file '../build/vision_processing/vision_processing.egg-info/SOURCES.txt'
[19.243s] writing manifest file '../build/vision_processing/vision_processing.egg-info/SOURCES.txt'
[19.244s] running build
[19.258s] running build_py
[19.259s] running install
[19.283s] running install_lib
[19.567s] byte-compiling /home/pop/ros2_ws/src/install/vision_processing/lib/python3.12/site-packages/vision_processing/vision_processing.py to vision_processing.cpython-312.pyc
[19.586s] running install_data
[19.593s] running install_egg_info
[19.980s] removing '/home/pop/ros2_ws/src/install/vision_processing/lib/python3.12/site-packages/vision_processing-0.0.0-py3.12.egg-info' (and everything under it)
[20.012s] Copying ../build/vision_processing/vision_processing.egg-info to /home/pop/ros2_ws/src/install/vision_processing/lib/python3.12/site-packages/vision_processing-0.0.0-py3.12.egg-info
[20.086s] running install_scripts
[22.761s] interrupted
[23.087s] Invoked command in '/home/pop/ros2_ws/src/vision_processing' returned '1': DEBUGINFOD_URLS=https://debuginfod.ubuntu.com PYTHONPATH=/home/pop/ros2_ws/src/build/vision_processing/prefix_override:/usr/lib/python3/dist-packages/colcon_core/task/python/colcon_distutils_commands:/home/pop/ros2_ws/src/install/vision_processing/lib/python3.12/site-packages:${PYTHONPATH} /usr/bin/python3 -W ignore:setup.py install is deprecated -W ignore:easy_install command is deprecated setup.py egg_info --egg-base ../build/vision_processing build --build-base /home/pop/ros2_ws/src/build/vision_processing/build install --record /home/pop/ros2_ws/src/build/vision_processing/install.log --single-version-externally-managed install_data
