[7.001s] Invoking command in '/home/pop/ros2_ws/src/vision_processing': DEBUGINFOD_URLS=https://debuginfod.ubuntu.com PYTHONPATH=/home/pop/ros2_ws/src/build/vision_processing/prefix_override:/usr/lib/python3/dist-packages/colcon_core/task/python/colcon_distutils_commands:/home/pop/ros2_ws/src/install/vision_processing/lib/python3.12/site-packages:${PYTHONPATH} /usr/bin/python3 -W ignore:setup.py install is deprecated -W ignore:easy_install command is deprecated setup.py egg_info --egg-base ../build/vision_processing build --build-base /home/pop/ros2_ws/src/build/vision_processing/build install --record /home/pop/ros2_ws/src/build/vision_processing/install.log --single-version-externally-managed install_data
[8.616s] running egg_info
[8.734s] writing ../build/vision_processing/vision_processing.egg-info/PKG-INFO
[8.735s] writing dependency_links to ../build/vision_processing/vision_processing.egg-info/dependency_links.txt
[8.737s] writing entry points to ../build/vision_processing/vision_processing.egg-info/entry_points.txt
[8.738s] writing requirements to ../build/vision_processing/vision_processing.egg-info/requires.txt
[8.740s] writing top-level names to ../build/vision_processing/vision_processing.egg-info/top_level.txt
[8.979s] reading manifest file '../build/vision_processing/vision_processing.egg-info/SOURCES.txt'
[8.983s] writing manifest file '../build/vision_processing/vision_processing.egg-info/SOURCES.txt'
[8.983s] running build
[8.984s] running build_py
[8.986s] copying vision_processing/vision_processing.py -> /home/pop/ros2_ws/src/build/vision_processing/build/lib/vision_processing
[8.988s] running install
[9.024s] running install_lib
[9.137s] copying /home/pop/ros2_ws/src/build/vision_processing/build/lib/vision_processing/vision_processing.py -> /home/pop/ros2_ws/src/install/vision_processing/lib/python3.12/site-packages/vision_processing
[9.141s] byte-compiling /home/pop/ros2_ws/src/install/vision_processing/lib/python3.12/site-packages/vision_processing/vision_processing.py to vision_processing.cpython-312.pyc
[9.152s] running install_data
[9.153s] running install_egg_info
[9.278s] removing '/home/pop/ros2_ws/src/install/vision_processing/lib/python3.12/site-packages/vision_processing-0.0.0-py3.12.egg-info' (and everything under it)
[9.282s] Copying ../build/vision_processing/vision_processing.egg-info to /home/pop/ros2_ws/src/install/vision_processing/lib/python3.12/site-packages/vision_processing-0.0.0-py3.12.egg-info
[9.289s] running install_scripts
[10.480s] Installing vision_processing script to /home/pop/ros2_ws/src/install/vision_processing/lib/vision_processing
[10.482s] writing list of installed files to '/home/pop/ros2_ws/src/build/vision_processing/install.log'
[10.712s] Invoked command in '/home/pop/ros2_ws/src/vision_processing' returned '0': DEBUGINFOD_URLS=https://debuginfod.ubuntu.com PYTHONPATH=/home/pop/ros2_ws/src/build/vision_processing/prefix_override:/usr/lib/python3/dist-packages/colcon_core/task/python/colcon_distutils_commands:/home/pop/ros2_ws/src/install/vision_processing/lib/python3.12/site-packages:${PYTHONPATH} /usr/bin/python3 -W ignore:setup.py install is deprecated -W ignore:easy_install command is deprecated setup.py egg_info --egg-base ../build/vision_processing build --build-base /home/pop/ros2_ws/src/build/vision_processing/build install --record /home/pop/ros2_ws/src/build/vision_processing/install.log --single-version-externally-managed install_data
