[16.469s] Invoking command in '/home/pop/ros2_ws/src/motor_controller': DEBUGINFOD_URLS=https://debuginfod.ubuntu.com PYTHONPATH=/home/pop/ros2_ws/src/build/motor_controller/prefix_override:/usr/lib/python3/dist-packages/colcon_core/task/python/colcon_distutils_commands:/home/pop/ros2_ws/src/install/motor_controller/lib/python3.12/site-packages:${PYTHONPATH} /usr/bin/python3 -W ignore:setup.py install is deprecated -W ignore:easy_install command is deprecated setup.py egg_info --egg-base ../build/motor_controller build --build-base /home/pop/ros2_ws/src/build/motor_controller/build install --record /home/pop/ros2_ws/src/build/motor_controller/install.log --single-version-externally-managed install_data
[20.022s] running egg_info
[20.338s] writing ../build/motor_controller/motor_controller.egg-info/PKG-INFO
[20.350s] writing dependency_links to ../build/motor_controller/motor_controller.egg-info/dependency_links.txt
[20.354s] writing entry points to ../build/motor_controller/motor_controller.egg-info/entry_points.txt
[20.355s] writing requirements to ../build/motor_controller/motor_controller.egg-info/requires.txt
[20.370s] writing top-level names to ../build/motor_controller/motor_controller.egg-info/top_level.txt
[20.972s] reading manifest file '../build/motor_controller/motor_controller.egg-info/SOURCES.txt'
[20.981s] writing manifest file '../build/motor_controller/motor_controller.egg-info/SOURCES.txt'
[20.995s] running build
[20.996s] running build_py
[20.996s] running install
[21.025s] running install_lib
[21.249s] running install_data
[21.252s] running install_egg_info
[21.553s] removing '/home/pop/ros2_ws/src/install/motor_controller/lib/python3.12/site-packages/motor_controller-0.0.0-py3.12.egg-info' (and everything under it)
[21.557s] Copying ../build/motor_controller/motor_controller.egg-info to /home/pop/ros2_ws/src/install/motor_controller/lib/python3.12/site-packages/motor_controller-0.0.0-py3.12.egg-info
[21.570s] running install_scripts
[22.867s] Installing arduino_interface_node script to /home/pop/ros2_ws/src/install/motor_controller/lib/motor_controller
[22.868s] writing list of installed files to '/home/pop/ros2_ws/src/build/motor_controller/install.log'
[23.173s] Invoked command in '/home/pop/ros2_ws/src/motor_controller' returned '0': DEBUGINFOD_URLS=https://debuginfod.ubuntu.com PYTHONPATH=/home/pop/ros2_ws/src/build/motor_controller/prefix_override:/usr/lib/python3/dist-packages/colcon_core/task/python/colcon_distutils_commands:/home/pop/ros2_ws/src/install/motor_controller/lib/python3.12/site-packages:${PYTHONPATH} /usr/bin/python3 -W ignore:setup.py install is deprecated -W ignore:easy_install command is deprecated setup.py egg_info --egg-base ../build/motor_controller build --build-base /home/pop/ros2_ws/src/build/motor_controller/build install --record /home/pop/ros2_ws/src/build/motor_controller/install.log --single-version-externally-managed install_data
