[14.977s] Invoking command in '/home/pop/ros2_ws/src/motor_controller': DEBUGINFOD_URLS=https://debuginfod.ubuntu.com PYTHONPATH=/home/pop/ros2_ws/src/build/motor_controller/prefix_override:/usr/lib/python3/dist-packages/colcon_core/task/python/colcon_distutils_commands:/home/pop/ros2_ws/src/install/motor_controller/lib/python3.12/site-packages:${PYTHONPATH} /usr/bin/python3 -W ignore:setup.py install is deprecated -W ignore:easy_install command is deprecated setup.py egg_info --egg-base ../build/motor_controller build --build-base /home/pop/ros2_ws/src/build/motor_controller/build install --record /home/pop/ros2_ws/src/build/motor_controller/install.log --single-version-externally-managed install_data
[17.488s] running egg_info
[17.686s] writing ../build/motor_controller/motor_controller.egg-info/PKG-INFO
[17.689s] writing dependency_links to ../build/motor_controller/motor_controller.egg-info/dependency_links.txt
[17.690s] writing entry points to ../build/motor_controller/motor_controller.egg-info/entry_points.txt
[17.693s] writing requirements to ../build/motor_controller/motor_controller.egg-info/requires.txt
[17.694s] writing top-level names to ../build/motor_controller/motor_controller.egg-info/top_level.txt
[18.175s] reading manifest file '../build/motor_controller/motor_controller.egg-info/SOURCES.txt'
[18.176s] writing manifest file '../build/motor_controller/motor_controller.egg-info/SOURCES.txt'
[18.177s] running build
[18.178s] running build_py
[18.181s] running install
[18.223s] running install_lib
[18.484s] running install_data
[18.488s] running install_egg_info
[18.686s] removing '/home/pop/ros2_ws/src/install/motor_controller/lib/python3.12/site-packages/motor_controller-0.0.0-py3.12.egg-info' (and everything under it)
[18.686s] Copying ../build/motor_controller/motor_controller.egg-info to /home/pop/ros2_ws/src/install/motor_controller/lib/python3.12/site-packages/motor_controller-0.0.0-py3.12.egg-info
[18.697s] running install_scripts
[20.605s] Installing arduino_interface_node script to /home/pop/ros2_ws/src/install/motor_controller/lib/motor_controller
[20.617s] writing list of installed files to '/home/pop/ros2_ws/src/build/motor_controller/install.log'
[21.300s] Invoked command in '/home/pop/ros2_ws/src/motor_controller' returned '0': DEBUGINFOD_URLS=https://debuginfod.ubuntu.com PYTHONPATH=/home/pop/ros2_ws/src/build/motor_controller/prefix_override:/usr/lib/python3/dist-packages/colcon_core/task/python/colcon_distutils_commands:/home/pop/ros2_ws/src/install/motor_controller/lib/python3.12/site-packages:${PYTHONPATH} /usr/bin/python3 -W ignore:setup.py install is deprecated -W ignore:easy_install command is deprecated setup.py egg_info --egg-base ../build/motor_controller build --build-base /home/pop/ros2_ws/src/build/motor_controller/build install --record /home/pop/ros2_ws/src/build/motor_controller/install.log --single-version-externally-managed install_data
