[11.324s] Invoking command in '/home/pop/ros2_ws/src/vision_processing': DEBUGINFOD_URLS=https://debuginfod.ubuntu.com PYTHONPATH=/home/pop/ros2_ws/src/build/vision_processing/prefix_override:/usr/lib/python3/dist-packages/colcon_core/task/python/colcon_distutils_commands:/home/pop/ros2_ws/src/install/vision_processing/lib/python3.12/site-packages:${PYTHONPATH} /usr/bin/python3 -W ignore:setup.py install is deprecated -W ignore:easy_install command is deprecated setup.py egg_info --egg-base ../build/vision_processing build --build-base /home/pop/ros2_ws/src/build/vision_processing/build install --record /home/pop/ros2_ws/src/build/vision_processing/install.log --single-version-externally-managed install_data
[14.746s] running egg_info
[15.015s] writing ../build/vision_processing/vision_processing.egg-info/PKG-INFO
[15.019s] writing dependency_links to ../build/vision_processing/vision_processing.egg-info/dependency_links.txt
[15.021s] writing entry points to ../build/vision_processing/vision_processing.egg-info/entry_points.txt
[15.026s] writing requirements to ../build/vision_processing/vision_processing.egg-info/requires.txt
[15.026s] writing top-level names to ../build/vision_processing/vision_processing.egg-info/top_level.txt
[15.581s] reading manifest file '../build/vision_processing/vision_processing.egg-info/SOURCES.txt'
[15.591s] writing manifest file '../build/vision_processing/vision_processing.egg-info/SOURCES.txt'
[15.595s] running build
[15.596s] running build_py
[15.608s] running install
[15.663s] running install_lib
[15.954s] byte-compiling /home/pop/ros2_ws/src/install/vision_processing/lib/python3.12/site-packages/vision_processing/vision_processing.py to vision_processing.cpython-312.pyc
[15.967s] running install_data
[15.968s] running install_egg_info
[16.277s] removing '/home/pop/ros2_ws/src/install/vision_processing/lib/python3.12/site-packages/vision_processing-0.0.0-py3.12.egg-info' (and everything under it)
[16.285s] Copying ../build/vision_processing/vision_processing.egg-info to /home/pop/ros2_ws/src/install/vision_processing/lib/python3.12/site-packages/vision_processing-0.0.0-py3.12.egg-info
[16.292s] running install_scripts
[18.492s] Installing vision_processing script to /home/pop/ros2_ws/src/install/vision_processing/lib/vision_processing
[18.501s] writing list of installed files to '/home/pop/ros2_ws/src/build/vision_processing/install.log'
[18.805s] Invoked command in '/home/pop/ros2_ws/src/vision_processing' returned '0': DEBUGINFOD_URLS=https://debuginfod.ubuntu.com PYTHONPATH=/home/pop/ros2_ws/src/build/vision_processing/prefix_override:/usr/lib/python3/dist-packages/colcon_core/task/python/colcon_distutils_commands:/home/pop/ros2_ws/src/install/vision_processing/lib/python3.12/site-packages:${PYTHONPATH} /usr/bin/python3 -W ignore:setup.py install is deprecated -W ignore:easy_install command is deprecated setup.py egg_info --egg-base ../build/vision_processing build --build-base /home/pop/ros2_ws/src/build/vision_processing/build install --record /home/pop/ros2_ws/src/build/vision_processing/install.log --single-version-externally-managed install_data
