[17.893s] Invoking command in '/home/pop/ros2_ws/src/image_viewer': DEBUGINFOD_URLS=https://debuginfod.ubuntu.com PYTHONPATH=/home/pop/ros2_ws/src/build/image_viewer/prefix_override:/usr/lib/python3/dist-packages/colcon_core/task/python/colcon_distutils_commands:/home/pop/ros2_ws/src/install/image_viewer/lib/python3.12/site-packages:${PYTHONPATH} /usr/bin/python3 -W ignore:setup.py install is deprecated -W ignore:easy_install command is deprecated setup.py egg_info --egg-base ../build/image_viewer build --build-base /home/pop/ros2_ws/src/build/image_viewer/build install --record /home/pop/ros2_ws/src/build/image_viewer/install.log --single-version-externally-managed install_data
[23.007s] running egg_info
[23.564s] writing ../build/image_viewer/image_viewer.egg-info/PKG-INFO
[23.578s] writing dependency_links to ../build/image_viewer/image_viewer.egg-info/dependency_links.txt
[23.584s] writing entry points to ../build/image_viewer/image_viewer.egg-info/entry_points.txt
[23.590s] writing requirements to ../build/image_viewer/image_viewer.egg-info/requires.txt
[23.591s] writing top-level names to ../build/image_viewer/image_viewer.egg-info/top_level.txt
[24.412s] reading manifest file '../build/image_viewer/image_viewer.egg-info/SOURCES.txt'
[24.427s] writing manifest file '../build/image_viewer/image_viewer.egg-info/SOURCES.txt'
[24.427s] running build
[24.428s] running build_py
[24.429s] running install
[24.469s] running install_lib
[24.781s] running install_data
[24.789s] running install_egg_info
[25.215s] removing '/home/pop/ros2_ws/src/install/image_viewer/lib/python3.12/site-packages/image_viewer-0.0.0-py3.12.egg-info' (and everything under it)
[25.228s] Copying ../build/image_viewer/image_viewer.egg-info to /home/pop/ros2_ws/src/install/image_viewer/lib/python3.12/site-packages/image_viewer-0.0.0-py3.12.egg-info
[25.280s] running install_scripts
[27.702s] Installing image_viewer script to /home/pop/ros2_ws/src/install/image_viewer/lib/image_viewer
[27.703s] writing list of installed files to '/home/pop/ros2_ws/src/build/image_viewer/install.log'
[27.993s] Invoked command in '/home/pop/ros2_ws/src/image_viewer' returned '0': DEBUGINFOD_URLS=https://debuginfod.ubuntu.com PYTHONPATH=/home/pop/ros2_ws/src/build/image_viewer/prefix_override:/usr/lib/python3/dist-packages/colcon_core/task/python/colcon_distutils_commands:/home/pop/ros2_ws/src/install/image_viewer/lib/python3.12/site-packages:${PYTHONPATH} /usr/bin/python3 -W ignore:setup.py install is deprecated -W ignore:easy_install command is deprecated setup.py egg_info --egg-base ../build/image_viewer build --build-base /home/pop/ros2_ws/src/build/image_viewer/build install --record /home/pop/ros2_ws/src/build/image_viewer/install.log --single-version-externally-managed install_data
