[9.998s] Invoking command in '/home/pop/ros2_ws/src/controller': DEBUGINFOD_URLS=https://debuginfod.ubuntu.com PYTHONPATH=/home/pop/ros2_ws/src/build/controller/prefix_override:/usr/lib/python3/dist-packages/colcon_core/task/python/colcon_distutils_commands:/home/pop/ros2_ws/src/install/controller/lib/python3.12/site-packages:${PYTHONPATH} /usr/bin/python3 -W ignore:setup.py install is deprecated -W ignore:easy_install command is deprecated setup.py egg_info --egg-base ../build/controller build --build-base /home/pop/ros2_ws/src/build/controller/build install --record /home/pop/ros2_ws/src/build/controller/install.log --single-version-externally-managed install_data
[12.319s] running egg_info
[12.478s] writing ../build/controller/controller.egg-info/PKG-INFO
[12.481s] writing dependency_links to ../build/controller/controller.egg-info/dependency_links.txt
[12.487s] writing entry points to ../build/controller/controller.egg-info/entry_points.txt
[12.494s] writing requirements to ../build/controller/controller.egg-info/requires.txt
[12.498s] writing top-level names to ../build/controller/controller.egg-info/top_level.txt
[12.946s] reading manifest file '../build/controller/controller.egg-info/SOURCES.txt'
[12.965s] writing manifest file '../build/controller/controller.egg-info/SOURCES.txt'
[12.966s] running build
[12.968s] running build_py
[12.969s] running install
[13.031s] running install_lib
[13.266s] running install_data
[13.268s] running install_egg_info
[13.495s] removing '/home/pop/ros2_ws/src/install/controller/lib/python3.12/site-packages/controller-0.0.0-py3.12.egg-info' (and everything under it)
[13.501s] Copying ../build/controller/controller.egg-info to /home/pop/ros2_ws/src/install/controller/lib/python3.12/site-packages/controller-0.0.0-py3.12.egg-info
[13.523s] running install_scripts
[14.944s] Installing controller script to /home/pop/ros2_ws/src/install/controller/lib/controller
[14.957s] writing list of installed files to '/home/pop/ros2_ws/src/build/controller/install.log'
[15.155s] Invoked command in '/home/pop/ros2_ws/src/controller' returned '0': DEBUGINFOD_URLS=https://debuginfod.ubuntu.com PYTHONPATH=/home/pop/ros2_ws/src/build/controller/prefix_override:/usr/lib/python3/dist-packages/colcon_core/task/python/colcon_distutils_commands:/home/pop/ros2_ws/src/install/controller/lib/python3.12/site-packages:${PYTHONPATH} /usr/bin/python3 -W ignore:setup.py install is deprecated -W ignore:easy_install command is deprecated setup.py egg_info --egg-base ../build/controller build --build-base /home/pop/ros2_ws/src/build/controller/build install --record /home/pop/ros2_ws/src/build/controller/install.log --single-version-externally-managed install_data
