[23.242s] Invoking command in '/home/pop/ros2_ws/src/vision_processing': DEBUGINFOD_URLS=https://debuginfod.ubuntu.com PYTHONPATH=/home/pop/ros2_ws/src/build/vision_processing/prefix_override:/usr/lib/python3/dist-packages/colcon_core/task/python/colcon_distutils_commands:/home/pop/ros2_ws/src/install/vision_processing/lib/python3.12/site-packages:${PYTHONPATH} /usr/bin/python3 -W ignore:setup.py install is deprecated -W ignore:easy_install command is deprecated setup.py egg_info --egg-base ../build/vision_processing build --build-base /home/pop/ros2_ws/src/build/vision_processing/build install --record /home/pop/ros2_ws/src/build/vision_processing/install.log --single-version-externally-managed install_data
[28.088s] running egg_info
[28.339s] writing ../build/vision_processing/vision_processing.egg-info/PKG-INFO
[28.346s] writing dependency_links to ../build/vision_processing/vision_processing.egg-info/dependency_links.txt
[28.356s] writing entry points to ../build/vision_processing/vision_processing.egg-info/entry_points.txt
[28.357s] writing requirements to ../build/vision_processing/vision_processing.egg-info/requires.txt
[28.358s] writing top-level names to ../build/vision_processing/vision_processing.egg-info/top_level.txt
[29.009s] reading manifest file '../build/vision_processing/vision_processing.egg-info/SOURCES.txt'
[29.019s] writing manifest file '../build/vision_processing/vision_processing.egg-info/SOURCES.txt'
[29.020s] running build
[29.038s] running build_py
[29.039s] running install
[29.061s] running install_lib
[29.278s] byte-compiling /home/pop/ros2_ws/src/install/vision_processing/lib/python3.12/site-packages/vision_processing/vision_processing.py to vision_processing.cpython-312.pyc
[29.293s] running install_data
[29.301s] running install_egg_info
[29.507s] removing '/home/pop/ros2_ws/src/install/vision_processing/lib/python3.12/site-packages/vision_processing-0.0.0-py3.12.egg-info' (and everything under it)
[29.528s] Copying ../build/vision_processing/vision_processing.egg-info to /home/pop/ros2_ws/src/install/vision_processing/lib/python3.12/site-packages/vision_processing-0.0.0-py3.12.egg-info
[29.529s] running install_scripts
[31.770s] Installing vision_processing script to /home/pop/ros2_ws/src/install/vision_processing/lib/vision_processing
[31.807s] writing list of installed files to '/home/pop/ros2_ws/src/build/vision_processing/install.log'
[32.097s] Invoked command in '/home/pop/ros2_ws/src/vision_processing' returned '0': DEBUGINFOD_URLS=https://debuginfod.ubuntu.com PYTHONPATH=/home/pop/ros2_ws/src/build/vision_processing/prefix_override:/usr/lib/python3/dist-packages/colcon_core/task/python/colcon_distutils_commands:/home/pop/ros2_ws/src/install/vision_processing/lib/python3.12/site-packages:${PYTHONPATH} /usr/bin/python3 -W ignore:setup.py install is deprecated -W ignore:easy_install command is deprecated setup.py egg_info --egg-base ../build/vision_processing build --build-base /home/pop/ros2_ws/src/build/vision_processing/build install --record /home/pop/ros2_ws/src/build/vision_processing/install.log --single-version-externally-managed install_data
