[18.982s] Invoking command in '/home/pop/ros2_ws/src/image_viewer': DEBUGINFOD_URLS=https://debuginfod.ubuntu.com PYTHONPATH=/home/pop/ros2_ws/src/build/image_viewer/prefix_override:/usr/lib/python3/dist-packages/colcon_core/task/python/colcon_distutils_commands:/home/pop/ros2_ws/src/install/image_viewer/lib/python3.12/site-packages:${PYTHONPATH} /usr/bin/python3 -W ignore:setup.py install is deprecated -W ignore:easy_install command is deprecated setup.py egg_info --egg-base ../build/image_viewer build --build-base /home/pop/ros2_ws/src/build/image_viewer/build install --record /home/pop/ros2_ws/src/build/image_viewer/install.log --single-version-externally-managed install_data
[25.139s] running egg_info
[25.462s] writing ../build/image_viewer/image_viewer.egg-info/PKG-INFO
[25.468s] writing dependency_links to ../build/image_viewer/image_viewer.egg-info/dependency_links.txt
[25.469s] writing entry points to ../build/image_viewer/image_viewer.egg-info/entry_points.txt
[25.470s] writing requirements to ../build/image_viewer/image_viewer.egg-info/requires.txt
[25.471s] writing top-level names to ../build/image_viewer/image_viewer.egg-info/top_level.txt
[25.821s] reading manifest file '../build/image_viewer/image_viewer.egg-info/SOURCES.txt'
[25.824s] writing manifest file '../build/image_viewer/image_viewer.egg-info/SOURCES.txt'
[25.826s] running build
[25.827s] running build_py
[25.828s] running install
[25.869s] running install_lib
[26.104s] running install_data
[26.105s] running install_egg_info
[26.351s] removing '/home/pop/ros2_ws/src/install/image_viewer/lib/python3.12/site-packages/image_viewer-0.0.0-py3.12.egg-info' (and everything under it)
[26.352s] Copying ../build/image_viewer/image_viewer.egg-info to /home/pop/ros2_ws/src/install/image_viewer/lib/python3.12/site-packages/image_viewer-0.0.0-py3.12.egg-info
[26.370s] running install_scripts
[28.009s] Installing image_viewer script to /home/pop/ros2_ws/src/install/image_viewer/lib/image_viewer
[28.018s] writing list of installed files to '/home/pop/ros2_ws/src/build/image_viewer/install.log'
[28.239s] Invoked command in '/home/pop/ros2_ws/src/image_viewer' returned '0': DEBUGINFOD_URLS=https://debuginfod.ubuntu.com PYTHONPATH=/home/pop/ros2_ws/src/build/image_viewer/prefix_override:/usr/lib/python3/dist-packages/colcon_core/task/python/colcon_distutils_commands:/home/pop/ros2_ws/src/install/image_viewer/lib/python3.12/site-packages:${PYTHONPATH} /usr/bin/python3 -W ignore:setup.py install is deprecated -W ignore:easy_install command is deprecated setup.py egg_info --egg-base ../build/image_viewer build --build-base /home/pop/ros2_ws/src/build/image_viewer/build install --record /home/pop/ros2_ws/src/build/image_viewer/install.log --single-version-externally-managed install_data
