[17.921s] Invoking command in '/home/pop/ros2_ws/src/vision_processing': DEBUGINFOD_URLS=https://debuginfod.ubuntu.com PYTHONPATH=/home/pop/ros2_ws/src/build/vision_processing/prefix_override:/usr/lib/python3/dist-packages/colcon_core/task/python/colcon_distutils_commands:/home/pop/ros2_ws/src/install/vision_processing/lib/python3.12/site-packages:${PYTHONPATH} /usr/bin/python3 -W ignore:setup.py install is deprecated -W ignore:easy_install command is deprecated setup.py egg_info --egg-base ../build/vision_processing build --build-base /home/pop/ros2_ws/src/build/vision_processing/build install --record /home/pop/ros2_ws/src/build/vision_processing/install.log --single-version-externally-managed install_data
[23.822s] running egg_info
[24.610s] writing ../build/vision_processing/vision_processing.egg-info/PKG-INFO
[24.638s] writing dependency_links to ../build/vision_processing/vision_processing.egg-info/dependency_links.txt
[24.653s] writing entry points to ../build/vision_processing/vision_processing.egg-info/entry_points.txt
[24.671s] writing requirements to ../build/vision_processing/vision_processing.egg-info/requires.txt
[24.672s] writing top-level names to ../build/vision_processing/vision_processing.egg-info/top_level.txt
[26.053s] reading manifest file '../build/vision_processing/vision_processing.egg-info/SOURCES.txt'
[26.064s] writing manifest file '../build/vision_processing/vision_processing.egg-info/SOURCES.txt'
[26.075s] running build
[26.076s] running build_py
[26.086s] running install
[26.121s] running install_lib
[26.814s] byte-compiling /home/pop/ros2_ws/src/install/vision_processing/lib/python3.12/site-packages/vision_processing/vision_processing.py to vision_processing.cpython-312.pyc
[26.875s] running install_data
[26.876s] running install_egg_info
[27.826s] removing '/home/pop/ros2_ws/src/install/vision_processing/lib/python3.12/site-packages/vision_processing-0.0.0-py3.12.egg-info' (and everything under it)
[27.854s] Copying ../build/vision_processing/vision_processing.egg-info to /home/pop/ros2_ws/src/install/vision_processing/lib/python3.12/site-packages/vision_processing-0.0.0-py3.12.egg-info
[27.944s] running install_scripts
[30.895s] Installing vision_processing script to /home/pop/ros2_ws/src/install/vision_processing/lib/vision_processing
[30.918s] writing list of installed files to '/home/pop/ros2_ws/src/build/vision_processing/install.log'
[31.302s] Invoked command in '/home/pop/ros2_ws/src/vision_processing' returned '0': DEBUGINFOD_URLS=https://debuginfod.ubuntu.com PYTHONPATH=/home/pop/ros2_ws/src/build/vision_processing/prefix_override:/usr/lib/python3/dist-packages/colcon_core/task/python/colcon_distutils_commands:/home/pop/ros2_ws/src/install/vision_processing/lib/python3.12/site-packages:${PYTHONPATH} /usr/bin/python3 -W ignore:setup.py install is deprecated -W ignore:easy_install command is deprecated setup.py egg_info --egg-base ../build/vision_processing build --build-base /home/pop/ros2_ws/src/build/vision_processing/build install --record /home/pop/ros2_ws/src/build/vision_processing/install.log --single-version-externally-managed install_data
