[4.896s] Invoking command in '/home/pop/ros2_ws/src/motor_controller': DEBUGINFOD_URLS=https://debuginfod.ubuntu.com PYTHONPATH=/home/pop/ros2_ws/src/build/motor_controller/prefix_override:/usr/lib/python3/dist-packages/colcon_core/task/python/colcon_distutils_commands:/home/pop/ros2_ws/src/install/motor_controller/lib/python3.12/site-packages:${PYTHONPATH} /usr/bin/python3 -W ignore:setup.py install is deprecated -W ignore:easy_install command is deprecated setup.py egg_info --egg-base ../build/motor_controller build --build-base /home/pop/ros2_ws/src/build/motor_controller/build install --record /home/pop/ros2_ws/src/build/motor_controller/install.log --single-version-externally-managed install_data
[7.449s] running egg_info
[7.578s] writing ../build/motor_controller/motor_controller.egg-info/PKG-INFO
[7.580s] writing dependency_links to ../build/motor_controller/motor_controller.egg-info/dependency_links.txt
[7.581s] writing entry points to ../build/motor_controller/motor_controller.egg-info/entry_points.txt
[7.583s] writing requirements to ../build/motor_controller/motor_controller.egg-info/requires.txt
[7.584s] writing top-level names to ../build/motor_controller/motor_controller.egg-info/top_level.txt
[7.868s] reading manifest file '../build/motor_controller/motor_controller.egg-info/SOURCES.txt'
[7.874s] writing manifest file '../build/motor_controller/motor_controller.egg-info/SOURCES.txt'
[7.875s] running build
[7.875s] running build_py
[7.877s] running install
[7.904s] running install_lib
[8.080s] running install_data
[8.081s] running install_egg_info
[8.219s] removing '/home/pop/ros2_ws/src/install/motor_controller/lib/python3.12/site-packages/motor_controller-0.0.0-py3.12.egg-info' (and everything under it)
[8.221s] Copying ../build/motor_controller/motor_controller.egg-info to /home/pop/ros2_ws/src/install/motor_controller/lib/python3.12/site-packages/motor_controller-0.0.0-py3.12.egg-info
[8.230s] running install_scripts
[9.311s] Installing arduino_interface_node script to /home/pop/ros2_ws/src/install/motor_controller/lib/motor_controller
[9.316s] writing list of installed files to '/home/pop/ros2_ws/src/build/motor_controller/install.log'
[9.551s] Invoked command in '/home/pop/ros2_ws/src/motor_controller' returned '0': DEBUGINFOD_URLS=https://debuginfod.ubuntu.com PYTHONPATH=/home/pop/ros2_ws/src/build/motor_controller/prefix_override:/usr/lib/python3/dist-packages/colcon_core/task/python/colcon_distutils_commands:/home/pop/ros2_ws/src/install/motor_controller/lib/python3.12/site-packages:${PYTHONPATH} /usr/bin/python3 -W ignore:setup.py install is deprecated -W ignore:easy_install command is deprecated setup.py egg_info --egg-base ../build/motor_controller build --build-base /home/pop/ros2_ws/src/build/motor_controller/build install --record /home/pop/ros2_ws/src/build/motor_controller/install.log --single-version-externally-managed install_data
