[18.256s] Invoking command in '/home/pop/ros2_ws/src/motor_controller': DEBUGINFOD_URLS=https://debuginfod.ubuntu.com PYTHONPATH=/home/pop/ros2_ws/src/build/motor_controller/prefix_override:/usr/lib/python3/dist-packages/colcon_core/task/python/colcon_distutils_commands:/home/pop/ros2_ws/src/install/motor_controller/lib/python3.12/site-packages:${PYTHONPATH} /usr/bin/python3 -W ignore:setup.py install is deprecated -W ignore:easy_install command is deprecated setup.py egg_info --egg-base ../build/motor_controller build --build-base /home/pop/ros2_ws/src/build/motor_controller/build install --record /home/pop/ros2_ws/src/build/motor_controller/install.log --single-version-externally-managed install_data
[22.760s] running egg_info
[23.017s] writing ../build/motor_controller/motor_controller.egg-info/PKG-INFO
[23.018s] writing dependency_links to ../build/motor_controller/motor_controller.egg-info/dependency_links.txt
[23.018s] writing entry points to ../build/motor_controller/motor_controller.egg-info/entry_points.txt
[23.029s] writing requirements to ../build/motor_controller/motor_controller.egg-info/requires.txt
[23.031s] writing top-level names to ../build/motor_controller/motor_controller.egg-info/top_level.txt
[23.473s] reading manifest file '../build/motor_controller/motor_controller.egg-info/SOURCES.txt'
[23.479s] writing manifest file '../build/motor_controller/motor_controller.egg-info/SOURCES.txt'
[23.479s] running build
[23.489s] running build_py
[23.490s] running install
[23.528s] running install_lib
[23.700s] running install_data
[23.701s] running install_egg_info
[23.932s] removing '/home/pop/ros2_ws/src/install/motor_controller/lib/python3.12/site-packages/motor_controller-0.0.0-py3.12.egg-info' (and everything under it)
[23.933s] Copying ../build/motor_controller/motor_controller.egg-info to /home/pop/ros2_ws/src/install/motor_controller/lib/python3.12/site-packages/motor_controller-0.0.0-py3.12.egg-info
[23.946s] running install_scripts
[26.855s] Installing arduino_interface_node script to /home/pop/ros2_ws/src/install/motor_controller/lib/motor_controller
[26.878s] writing list of installed files to '/home/pop/ros2_ws/src/build/motor_controller/install.log'
[27.215s] Invoked command in '/home/pop/ros2_ws/src/motor_controller' returned '0': DEBUGINFOD_URLS=https://debuginfod.ubuntu.com PYTHONPATH=/home/pop/ros2_ws/src/build/motor_controller/prefix_override:/usr/lib/python3/dist-packages/colcon_core/task/python/colcon_distutils_commands:/home/pop/ros2_ws/src/install/motor_controller/lib/python3.12/site-packages:${PYTHONPATH} /usr/bin/python3 -W ignore:setup.py install is deprecated -W ignore:easy_install command is deprecated setup.py egg_info --egg-base ../build/motor_controller build --build-base /home/pop/ros2_ws/src/build/motor_controller/build install --record /home/pop/ros2_ws/src/build/motor_controller/install.log --single-version-externally-managed install_data
