[10.349s] Invoking command in '/home/pop/ros2_ws/src/controller': DEBUGINFOD_URLS=https://debuginfod.ubuntu.com PYTHONPATH=/home/pop/ros2_ws/src/build/controller/prefix_override:/usr/lib/python3/dist-packages/colcon_core/task/python/colcon_distutils_commands:/home/pop/ros2_ws/src/install/controller/lib/python3.12/site-packages:${PYTHONPATH} /usr/bin/python3 -W ignore:setup.py install is deprecated -W ignore:easy_install command is deprecated setup.py egg_info --egg-base ../build/controller build --build-base /home/pop/ros2_ws/src/build/controller/build install --record /home/pop/ros2_ws/src/build/controller/install.log --single-version-externally-managed install_data
[12.514s] running egg_info
[12.663s] writing ../build/controller/controller.egg-info/PKG-INFO
[12.667s] writing dependency_links to ../build/controller/controller.egg-info/dependency_links.txt
[12.668s] writing entry points to ../build/controller/controller.egg-info/entry_points.txt
[12.672s] writing requirements to ../build/controller/controller.egg-info/requires.txt
[12.675s] writing top-level names to ../build/controller/controller.egg-info/top_level.txt
[13.011s] reading manifest file '../build/controller/controller.egg-info/SOURCES.txt'
[13.021s] writing manifest file '../build/controller/controller.egg-info/SOURCES.txt'
[13.022s] running build
[13.023s] running build_py
[13.029s] running install
[13.052s] running install_lib
[13.226s] running install_data
[13.227s] running install_egg_info
[13.386s] removing '/home/pop/ros2_ws/src/install/controller/lib/python3.12/site-packages/controller-0.0.0-py3.12.egg-info' (and everything under it)
[13.390s] Copying ../build/controller/controller.egg-info to /home/pop/ros2_ws/src/install/controller/lib/python3.12/site-packages/controller-0.0.0-py3.12.egg-info
[13.399s] running install_scripts
[14.715s] Installing controller script to /home/pop/ros2_ws/src/install/controller/lib/controller
[14.723s] writing list of installed files to '/home/pop/ros2_ws/src/build/controller/install.log'
[15.035s] Invoked command in '/home/pop/ros2_ws/src/controller' returned '0': DEBUGINFOD_URLS=https://debuginfod.ubuntu.com PYTHONPATH=/home/pop/ros2_ws/src/build/controller/prefix_override:/usr/lib/python3/dist-packages/colcon_core/task/python/colcon_distutils_commands:/home/pop/ros2_ws/src/install/controller/lib/python3.12/site-packages:${PYTHONPATH} /usr/bin/python3 -W ignore:setup.py install is deprecated -W ignore:easy_install command is deprecated setup.py egg_info --egg-base ../build/controller build --build-base /home/pop/ros2_ws/src/build/controller/build install --record /home/pop/ros2_ws/src/build/controller/install.log --single-version-externally-managed install_data
