[10.021s] Invoking command in '/home/pop/ros2_ws/src/vision_processing': DEBUGINFOD_URLS=https://debuginfod.ubuntu.com PYTHONPATH=/home/pop/ros2_ws/src/build/vision_processing/prefix_override:/usr/lib/python3/dist-packages/colcon_core/task/python/colcon_distutils_commands:/home/pop/ros2_ws/src/install/vision_processing/lib/python3.12/site-packages:${PYTHONPATH} /usr/bin/python3 -W ignore:setup.py install is deprecated -W ignore:easy_install command is deprecated setup.py egg_info --egg-base ../build/vision_processing build --build-base /home/pop/ros2_ws/src/build/vision_processing/build install --record /home/pop/ros2_ws/src/build/vision_processing/install.log --single-version-externally-managed install_data
[13.235s] running egg_info
[13.509s] writing ../build/vision_processing/vision_processing.egg-info/PKG-INFO
[13.515s] writing dependency_links to ../build/vision_processing/vision_processing.egg-info/dependency_links.txt
[13.517s] writing entry points to ../build/vision_processing/vision_processing.egg-info/entry_points.txt
[13.521s] writing requirements to ../build/vision_processing/vision_processing.egg-info/requires.txt
[13.522s] writing top-level names to ../build/vision_processing/vision_processing.egg-info/top_level.txt
[14.006s] reading manifest file '../build/vision_processing/vision_processing.egg-info/SOURCES.txt'
[14.013s] writing manifest file '../build/vision_processing/vision_processing.egg-info/SOURCES.txt'
[14.014s] running build
[14.020s] running build_py
[14.021s] running install
[14.055s] running install_lib
[14.318s] byte-compiling /home/pop/ros2_ws/src/install/vision_processing/lib/python3.12/site-packages/vision_processing/vision_processing.py to vision_processing.cpython-312.pyc
[14.335s] running install_data
[14.340s] running install_egg_info
[14.590s] removing '/home/pop/ros2_ws/src/install/vision_processing/lib/python3.12/site-packages/vision_processing-0.0.0-py3.12.egg-info' (and everything under it)
[14.590s] Copying ../build/vision_processing/vision_processing.egg-info to /home/pop/ros2_ws/src/install/vision_processing/lib/python3.12/site-packages/vision_processing-0.0.0-py3.12.egg-info
[14.598s] running install_scripts
[16.660s] Installing vision_processing script to /home/pop/ros2_ws/src/install/vision_processing/lib/vision_processing
[16.668s] writing list of installed files to '/home/pop/ros2_ws/src/build/vision_processing/install.log'
[16.972s] Invoked command in '/home/pop/ros2_ws/src/vision_processing' returned '0': DEBUGINFOD_URLS=https://debuginfod.ubuntu.com PYTHONPATH=/home/pop/ros2_ws/src/build/vision_processing/prefix_override:/usr/lib/python3/dist-packages/colcon_core/task/python/colcon_distutils_commands:/home/pop/ros2_ws/src/install/vision_processing/lib/python3.12/site-packages:${PYTHONPATH} /usr/bin/python3 -W ignore:setup.py install is deprecated -W ignore:easy_install command is deprecated setup.py egg_info --egg-base ../build/vision_processing build --build-base /home/pop/ros2_ws/src/build/vision_processing/build install --record /home/pop/ros2_ws/src/build/vision_processing/install.log --single-version-externally-managed install_data
