[18.163s] Invoking command in '/home/pop/ros2_ws/src/vision_processing': DEBUGINFOD_URLS=https://debuginfod.ubuntu.com PYTHONPATH=/home/pop/ros2_ws/src/build/vision_processing/prefix_override:/usr/lib/python3/dist-packages/colcon_core/task/python/colcon_distutils_commands:/home/pop/ros2_ws/src/install/vision_processing/lib/python3.12/site-packages:${PYTHONPATH} /usr/bin/python3 -W ignore:setup.py install is deprecated -W ignore:easy_install command is deprecated setup.py egg_info --egg-base ../build/vision_processing build --build-base /home/pop/ros2_ws/src/build/vision_processing/build install --record /home/pop/ros2_ws/src/build/vision_processing/install.log --single-version-externally-managed install_data
[21.134s] running egg_info
[21.361s] writing ../build/vision_processing/vision_processing.egg-info/PKG-INFO
[21.364s] writing dependency_links to ../build/vision_processing/vision_processing.egg-info/dependency_links.txt
[21.375s] writing entry points to ../build/vision_processing/vision_processing.egg-info/entry_points.txt
[21.378s] writing requirements to ../build/vision_processing/vision_processing.egg-info/requires.txt
[21.386s] writing top-level names to ../build/vision_processing/vision_processing.egg-info/top_level.txt
[21.761s] reading manifest file '../build/vision_processing/vision_processing.egg-info/SOURCES.txt'
[21.769s] writing manifest file '../build/vision_processing/vision_processing.egg-info/SOURCES.txt'
[21.770s] running build
[21.770s] running build_py
[21.776s] running install
[21.818s] running install_lib
[21.983s] running install_data
[21.992s] running install_egg_info
[22.202s] removing '/home/pop/ros2_ws/src/install/vision_processing/lib/python3.12/site-packages/vision_processing-0.0.0-py3.12.egg-info' (and everything under it)
[22.203s] Copying ../build/vision_processing/vision_processing.egg-info to /home/pop/ros2_ws/src/install/vision_processing/lib/python3.12/site-packages/vision_processing-0.0.0-py3.12.egg-info
[22.222s] running install_scripts
[23.548s] Installing vision_processing script to /home/pop/ros2_ws/src/install/vision_processing/lib/vision_processing
[23.550s] writing list of installed files to '/home/pop/ros2_ws/src/build/vision_processing/install.log'
[23.860s] Invoked command in '/home/pop/ros2_ws/src/vision_processing' returned '0': DEBUGINFOD_URLS=https://debuginfod.ubuntu.com PYTHONPATH=/home/pop/ros2_ws/src/build/vision_processing/prefix_override:/usr/lib/python3/dist-packages/colcon_core/task/python/colcon_distutils_commands:/home/pop/ros2_ws/src/install/vision_processing/lib/python3.12/site-packages:${PYTHONPATH} /usr/bin/python3 -W ignore:setup.py install is deprecated -W ignore:easy_install command is deprecated setup.py egg_info --egg-base ../build/vision_processing build --build-base /home/pop/ros2_ws/src/build/vision_processing/build install --record /home/pop/ros2_ws/src/build/vision_processing/install.log --single-version-externally-managed install_data
