[9.308s] Invoking command in '/home/pop/ros2_ws/src/vision_processing': DEBUGINFOD_URLS=https://debuginfod.ubuntu.com PYTHONPATH=/home/pop/ros2_ws/src/build/vision_processing/prefix_override:/usr/lib/python3/dist-packages/colcon_core/task/python/colcon_distutils_commands:/home/pop/ros2_ws/src/install/vision_processing/lib/python3.12/site-packages:${PYTHONPATH} /usr/bin/python3 -W ignore:setup.py install is deprecated -W ignore:easy_install command is deprecated setup.py egg_info --egg-base ../build/vision_processing build --build-base /home/pop/ros2_ws/src/build/vision_processing/build install --record /home/pop/ros2_ws/src/build/vision_processing/install.log --single-version-externally-managed install_data
[12.387s] running egg_info
[12.635s] writing ../build/vision_processing/vision_processing.egg-info/PKG-INFO
[12.641s] writing dependency_links to ../build/vision_processing/vision_processing.egg-info/dependency_links.txt
[12.641s] writing entry points to ../build/vision_processing/vision_processing.egg-info/entry_points.txt
[12.642s] writing requirements to ../build/vision_processing/vision_processing.egg-info/requires.txt
[12.651s] writing top-level names to ../build/vision_processing/vision_processing.egg-info/top_level.txt
[13.228s] reading manifest file '../build/vision_processing/vision_processing.egg-info/SOURCES.txt'
[13.234s] writing manifest file '../build/vision_processing/vision_processing.egg-info/SOURCES.txt'
[13.244s] running build
[13.245s] running build_py
[13.246s] running install
[13.305s] running install_lib
[13.672s] byte-compiling /home/pop/ros2_ws/src/install/vision_processing/lib/python3.12/site-packages/vision_processing/vision_processing.py to vision_processing.cpython-312.pyc
[13.687s] running install_data
[13.689s] running install_egg_info
[13.991s] removing '/home/pop/ros2_ws/src/install/vision_processing/lib/python3.12/site-packages/vision_processing-0.0.0-py3.12.egg-info' (and everything under it)
[13.996s] Copying ../build/vision_processing/vision_processing.egg-info to /home/pop/ros2_ws/src/install/vision_processing/lib/python3.12/site-packages/vision_processing-0.0.0-py3.12.egg-info
[14.007s] running install_scripts
[15.766s] Installing vision_processing script to /home/pop/ros2_ws/src/install/vision_processing/lib/vision_processing
[15.768s] writing list of installed files to '/home/pop/ros2_ws/src/build/vision_processing/install.log'
[16.054s] Invoked command in '/home/pop/ros2_ws/src/vision_processing' returned '0': DEBUGINFOD_URLS=https://debuginfod.ubuntu.com PYTHONPATH=/home/pop/ros2_ws/src/build/vision_processing/prefix_override:/usr/lib/python3/dist-packages/colcon_core/task/python/colcon_distutils_commands:/home/pop/ros2_ws/src/install/vision_processing/lib/python3.12/site-packages:${PYTHONPATH} /usr/bin/python3 -W ignore:setup.py install is deprecated -W ignore:easy_install command is deprecated setup.py egg_info --egg-base ../build/vision_processing build --build-base /home/pop/ros2_ws/src/build/vision_processing/build install --record /home/pop/ros2_ws/src/build/vision_processing/install.log --single-version-externally-managed install_data
