[14.884s] Invoking command in '/home/pop/ros2_ws/src/vision_processing': DEBUGINFOD_URLS=https://debuginfod.ubuntu.com PYTHONPATH=/home/pop/ros2_ws/src/build/vision_processing/prefix_override:/usr/lib/python3/dist-packages/colcon_core/task/python/colcon_distutils_commands:/home/pop/ros2_ws/src/install/vision_processing/lib/python3.12/site-packages:${PYTHONPATH} /usr/bin/python3 -W ignore:setup.py install is deprecated -W ignore:easy_install command is deprecated setup.py egg_info --egg-base ../build/vision_processing build --build-base /home/pop/ros2_ws/src/build/vision_processing/build install --record /home/pop/ros2_ws/src/build/vision_processing/install.log --single-version-externally-managed install_data
[19.720s] running egg_info
[20.204s] writing ../build/vision_processing/vision_processing.egg-info/PKG-INFO
[20.208s] writing dependency_links to ../build/vision_processing/vision_processing.egg-info/dependency_links.txt
[20.209s] writing entry points to ../build/vision_processing/vision_processing.egg-info/entry_points.txt
[20.211s] writing requirements to ../build/vision_processing/vision_processing.egg-info/requires.txt
[20.212s] writing top-level names to ../build/vision_processing/vision_processing.egg-info/top_level.txt
[21.051s] reading manifest file '../build/vision_processing/vision_processing.egg-info/SOURCES.txt'
[21.058s] writing manifest file '../build/vision_processing/vision_processing.egg-info/SOURCES.txt'
[21.063s] running build
[21.070s] running build_py
[21.073s] running install
[21.120s] running install_lib
[21.553s] byte-compiling /home/pop/ros2_ws/src/install/vision_processing/lib/python3.12/site-packages/vision_processing/vision_processing.py to vision_processing.cpython-312.pyc
[21.568s] running install_data
[21.570s] running install_egg_info
[22.036s] removing '/home/pop/ros2_ws/src/install/vision_processing/lib/python3.12/site-packages/vision_processing-0.0.0-py3.12.egg-info' (and everything under it)
[22.046s] Copying ../build/vision_processing/vision_processing.egg-info to /home/pop/ros2_ws/src/install/vision_processing/lib/python3.12/site-packages/vision_processing-0.0.0-py3.12.egg-info
[22.067s] running install_scripts
[25.091s] Installing vision_processing script to /home/pop/ros2_ws/src/install/vision_processing/lib/vision_processing
[25.094s] writing list of installed files to '/home/pop/ros2_ws/src/build/vision_processing/install.log'
[25.541s] Invoked command in '/home/pop/ros2_ws/src/vision_processing' returned '0': DEBUGINFOD_URLS=https://debuginfod.ubuntu.com PYTHONPATH=/home/pop/ros2_ws/src/build/vision_processing/prefix_override:/usr/lib/python3/dist-packages/colcon_core/task/python/colcon_distutils_commands:/home/pop/ros2_ws/src/install/vision_processing/lib/python3.12/site-packages:${PYTHONPATH} /usr/bin/python3 -W ignore:setup.py install is deprecated -W ignore:easy_install command is deprecated setup.py egg_info --egg-base ../build/vision_processing build --build-base /home/pop/ros2_ws/src/build/vision_processing/build install --record /home/pop/ros2_ws/src/build/vision_processing/install.log --single-version-externally-managed install_data
