[15.890s] Invoking command in '/home/pop/ros2_ws/src/vision_processing': DEBUGINFOD_URLS=https://debuginfod.ubuntu.com PYTHONPATH=/home/pop/ros2_ws/src/build/vision_processing/prefix_override:/usr/lib/python3/dist-packages/colcon_core/task/python/colcon_distutils_commands:/home/pop/ros2_ws/src/install/vision_processing/lib/python3.12/site-packages:${PYTHONPATH} /usr/bin/python3 -W ignore:setup.py install is deprecated -W ignore:easy_install command is deprecated setup.py egg_info --egg-base ../build/vision_processing build --build-base /home/pop/ros2_ws/src/build/vision_processing/build install --record /home/pop/ros2_ws/src/build/vision_processing/install.log --single-version-externally-managed install_data
[23.809s] running egg_info
[24.450s] writing ../build/vision_processing/vision_processing.egg-info/PKG-INFO
[24.461s] writing dependency_links to ../build/vision_processing/vision_processing.egg-info/dependency_links.txt
[24.462s] writing entry points to ../build/vision_processing/vision_processing.egg-info/entry_points.txt
[24.476s] writing requirements to ../build/vision_processing/vision_processing.egg-info/requires.txt
[24.482s] writing top-level names to ../build/vision_processing/vision_processing.egg-info/top_level.txt
[25.199s] reading manifest file '../build/vision_processing/vision_processing.egg-info/SOURCES.txt'
[25.217s] writing manifest file '../build/vision_processing/vision_processing.egg-info/SOURCES.txt'
[25.222s] running build
[25.252s] running build_py
[25.258s] running install
[25.271s] running install_lib
[25.871s] byte-compiling /home/pop/ros2_ws/src/install/vision_processing/lib/python3.12/site-packages/vision_processing/vision_processing.py to vision_processing.cpython-312.pyc
[25.894s] running install_data
[25.930s] running install_egg_info
[26.538s] removing '/home/pop/ros2_ws/src/install/vision_processing/lib/python3.12/site-packages/vision_processing-0.0.0-py3.12.egg-info' (and everything under it)
[26.595s] Copying ../build/vision_processing/vision_processing.egg-info to /home/pop/ros2_ws/src/install/vision_processing/lib/python3.12/site-packages/vision_processing-0.0.0-py3.12.egg-info
[26.653s] running install_scripts
[31.020s] Installing vision_processing script to /home/pop/ros2_ws/src/install/vision_processing/lib/vision_processing
[31.040s] writing list of installed files to '/home/pop/ros2_ws/src/build/vision_processing/install.log'
[31.839s] Invoked command in '/home/pop/ros2_ws/src/vision_processing' returned '0': DEBUGINFOD_URLS=https://debuginfod.ubuntu.com PYTHONPATH=/home/pop/ros2_ws/src/build/vision_processing/prefix_override:/usr/lib/python3/dist-packages/colcon_core/task/python/colcon_distutils_commands:/home/pop/ros2_ws/src/install/vision_processing/lib/python3.12/site-packages:${PYTHONPATH} /usr/bin/python3 -W ignore:setup.py install is deprecated -W ignore:easy_install command is deprecated setup.py egg_info --egg-base ../build/vision_processing build --build-base /home/pop/ros2_ws/src/build/vision_processing/build install --record /home/pop/ros2_ws/src/build/vision_processing/install.log --single-version-externally-managed install_data
