[14.509s] Invoking command in '/home/pop/ros2_ws/src/vision_processing': DEBUGINFOD_URLS=https://debuginfod.ubuntu.com PYTHONPATH=/home/pop/ros2_ws/src/build/vision_processing/prefix_override:/usr/lib/python3/dist-packages/colcon_core/task/python/colcon_distutils_commands:/home/pop/ros2_ws/src/install/vision_processing/lib/python3.12/site-packages:${PYTHONPATH} /usr/bin/python3 -W ignore:setup.py install is deprecated -W ignore:easy_install command is deprecated setup.py egg_info --egg-base ../build/vision_processing build --build-base /home/pop/ros2_ws/src/build/vision_processing/build install --record /home/pop/ros2_ws/src/build/vision_processing/install.log --single-version-externally-managed install_data
[20.091s] running egg_info
[20.447s] writing ../build/vision_processing/vision_processing.egg-info/PKG-INFO
[20.456s] writing dependency_links to ../build/vision_processing/vision_processing.egg-info/dependency_links.txt
[20.460s] writing entry points to ../build/vision_processing/vision_processing.egg-info/entry_points.txt
[20.461s] writing requirements to ../build/vision_processing/vision_processing.egg-info/requires.txt
[20.462s] writing top-level names to ../build/vision_processing/vision_processing.egg-info/top_level.txt
[21.072s] reading manifest file '../build/vision_processing/vision_processing.egg-info/SOURCES.txt'
[21.081s] writing manifest file '../build/vision_processing/vision_processing.egg-info/SOURCES.txt'
[21.097s] running build
[21.098s] running build_py
[21.100s] running install
[21.202s] running install_lib
[21.513s] running install_data
[21.515s] running install_egg_info
[21.997s] removing '/home/pop/ros2_ws/src/install/vision_processing/lib/python3.12/site-packages/vision_processing-0.0.0-py3.12.egg-info' (and everything under it)
[22.004s] Copying ../build/vision_processing/vision_processing.egg-info to /home/pop/ros2_ws/src/install/vision_processing/lib/python3.12/site-packages/vision_processing-0.0.0-py3.12.egg-info
[22.025s] running install_scripts
[25.971s] Installing vision_processing script to /home/pop/ros2_ws/src/install/vision_processing/lib/vision_processing
[25.972s] writing list of installed files to '/home/pop/ros2_ws/src/build/vision_processing/install.log'
[26.464s] Invoked command in '/home/pop/ros2_ws/src/vision_processing' returned '0': DEBUGINFOD_URLS=https://debuginfod.ubuntu.com PYTHONPATH=/home/pop/ros2_ws/src/build/vision_processing/prefix_override:/usr/lib/python3/dist-packages/colcon_core/task/python/colcon_distutils_commands:/home/pop/ros2_ws/src/install/vision_processing/lib/python3.12/site-packages:${PYTHONPATH} /usr/bin/python3 -W ignore:setup.py install is deprecated -W ignore:easy_install command is deprecated setup.py egg_info --egg-base ../build/vision_processing build --build-base /home/pop/ros2_ws/src/build/vision_processing/build install --record /home/pop/ros2_ws/src/build/vision_processing/install.log --single-version-externally-managed install_data
