[9.263s] Invoking command in '/home/pop/ros2_ws/src/vision_processing': DEBUGINFOD_URLS=https://debuginfod.ubuntu.com PYTHONPATH=/home/pop/ros2_ws/src/build/vision_processing/prefix_override:/usr/lib/python3/dist-packages/colcon_core/task/python/colcon_distutils_commands:/home/pop/ros2_ws/src/install/vision_processing/lib/python3.12/site-packages:${PYTHONPATH} /usr/bin/python3 -W ignore:setup.py install is deprecated -W ignore:easy_install command is deprecated setup.py egg_info --egg-base ../build/vision_processing build --build-base /home/pop/ros2_ws/src/build/vision_processing/build install --record /home/pop/ros2_ws/src/build/vision_processing/install.log --single-version-externally-managed install_data
[12.405s] running egg_info
[12.647s] writing ../build/vision_processing/vision_processing.egg-info/PKG-INFO
[12.647s] writing dependency_links to ../build/vision_processing/vision_processing.egg-info/dependency_links.txt
[12.648s] writing entry points to ../build/vision_processing/vision_processing.egg-info/entry_points.txt
[12.652s] writing requirements to ../build/vision_processing/vision_processing.egg-info/requires.txt
[12.653s] writing top-level names to ../build/vision_processing/vision_processing.egg-info/top_level.txt
[13.246s] reading manifest file '../build/vision_processing/vision_processing.egg-info/SOURCES.txt'
[13.256s] writing manifest file '../build/vision_processing/vision_processing.egg-info/SOURCES.txt'
[13.257s] running build
[13.259s] running build_py
[13.261s] running install
[13.313s] running install_lib
[13.577s] byte-compiling /home/pop/ros2_ws/src/install/vision_processing/lib/python3.12/site-packages/vision_processing/vision_processing.py to vision_processing.cpython-312.pyc
[13.597s] running install_data
[13.603s] running install_egg_info
[13.872s] removing '/home/pop/ros2_ws/src/install/vision_processing/lib/python3.12/site-packages/vision_processing-0.0.0-py3.12.egg-info' (and everything under it)
[13.882s] Copying ../build/vision_processing/vision_processing.egg-info to /home/pop/ros2_ws/src/install/vision_processing/lib/python3.12/site-packages/vision_processing-0.0.0-py3.12.egg-info
[13.895s] running install_scripts
[15.839s] Installing vision_processing script to /home/pop/ros2_ws/src/install/vision_processing/lib/vision_processing
[15.849s] writing list of installed files to '/home/pop/ros2_ws/src/build/vision_processing/install.log'
[16.127s] Invoked command in '/home/pop/ros2_ws/src/vision_processing' returned '0': DEBUGINFOD_URLS=https://debuginfod.ubuntu.com PYTHONPATH=/home/pop/ros2_ws/src/build/vision_processing/prefix_override:/usr/lib/python3/dist-packages/colcon_core/task/python/colcon_distutils_commands:/home/pop/ros2_ws/src/install/vision_processing/lib/python3.12/site-packages:${PYTHONPATH} /usr/bin/python3 -W ignore:setup.py install is deprecated -W ignore:easy_install command is deprecated setup.py egg_info --egg-base ../build/vision_processing build --build-base /home/pop/ros2_ws/src/build/vision_processing/build install --record /home/pop/ros2_ws/src/build/vision_processing/install.log --single-version-externally-managed install_data
