[0.000000] (-) TimerEvent: {}
[0.001909] (controller) JobQueued: {'identifier': 'controller', 'dependencies': OrderedDict()}
[0.002489] (image_viewer) JobQueued: {'identifier': 'image_viewer', 'dependencies': OrderedDict()}
[0.002760] (motor_controller) JobQueued: {'identifier': 'motor_controller', 'dependencies': OrderedDict()}
[0.009872] (controller) JobStarted: {'identifier': 'controller'}
[0.072790] (image_viewer) JobStarted: {'identifier': 'image_viewer'}
[0.099135] (-) TimerEvent: {}
[0.120030] (motor_controller) JobStarted: {'identifier': 'motor_controller'}
[0.199347] (-) TimerEvent: {}
[0.300264] (-) TimerEvent: {}
[0.401131] (-) TimerEvent: {}
[0.503897] (-) TimerEvent: {}
[0.604687] (-) TimerEvent: {}
[0.705403] (-) TimerEvent: {}
[0.806357] (-) TimerEvent: {}
[0.907386] (-) TimerEvent: {}
[1.008233] (-) TimerEvent: {}
[1.109444] (-) TimerEvent: {}
[1.210250] (-) TimerEvent: {}
[1.311746] (-) TimerEvent: {}
[1.412436] (-) TimerEvent: {}
[1.513136] (-) TimerEvent: {}
[1.614037] (-) TimerEvent: {}
[1.716241] (-) TimerEvent: {}
[1.816993] (-) TimerEvent: {}
[1.917987] (-) TimerEvent: {}
[2.019730] (-) TimerEvent: {}
[2.123120] (-) TimerEvent: {}
[2.231979] (-) TimerEvent: {}
[2.332881] (-) TimerEvent: {}
[2.460644] (-) TimerEvent: {}
[2.573777] (-) TimerEvent: {}
[2.675637] (-) TimerEvent: {}
[2.781916] (-) TimerEvent: {}
[2.887155] (-) TimerEvent: {}
[2.997959] (-) TimerEvent: {}
[3.111459] (-) TimerEvent: {}
[3.212457] (-) TimerEvent: {}
[3.326235] (-) TimerEvent: {}
[3.434014] (-) TimerEvent: {}
[3.540155] (-) TimerEvent: {}
[3.653531] (-) TimerEvent: {}
[3.765758] (-) TimerEvent: {}
[3.868399] (-) TimerEvent: {}
[3.969489] (-) TimerEvent: {}
[4.070316] (-) TimerEvent: {}
[4.172731] (-) TimerEvent: {}
[4.274297] (-) TimerEvent: {}
[4.375545] (-) TimerEvent: {}
[4.480360] (-) TimerEvent: {}
[4.581666] (-) TimerEvent: {}
[4.682546] (-) TimerEvent: {}
[4.785418] (-) TimerEvent: {}
[4.887198] (-) TimerEvent: {}
[4.988605] (-) TimerEvent: {}
[5.091050] (-) TimerEvent: {}
[5.191949] (-) TimerEvent: {}
[5.293152] (-) TimerEvent: {}
[5.393948] (-) TimerEvent: {}
[5.504629] (-) TimerEvent: {}
[5.607357] (-) TimerEvent: {}
[5.713276] (-) TimerEvent: {}
[5.815005] (-) TimerEvent: {}
[5.917370] (-) TimerEvent: {}
[6.021013] (-) TimerEvent: {}
[6.122149] (-) TimerEvent: {}
[6.223253] (-) TimerEvent: {}
[6.324623] (-) TimerEvent: {}
[6.426167] (-) TimerEvent: {}
[6.535913] (-) TimerEvent: {}
[6.650059] (-) TimerEvent: {}
[6.754379] (-) TimerEvent: {}
[6.857007] (-) TimerEvent: {}
[6.959987] (-) TimerEvent: {}
[7.061146] (-) TimerEvent: {}
[7.167042] (-) TimerEvent: {}
[7.271409] (-) TimerEvent: {}
[7.376159] (-) TimerEvent: {}
[7.478639] (-) TimerEvent: {}
[7.581365] (-) TimerEvent: {}
[7.687693] (-) TimerEvent: {}
[7.798382] (-) TimerEvent: {}
[7.906376] (-) TimerEvent: {}
[8.014369] (-) TimerEvent: {}
[8.117197] (-) TimerEvent: {}
[8.221458] (-) TimerEvent: {}
[8.332427] (-) TimerEvent: {}
[8.436072] (-) TimerEvent: {}
[8.537375] (-) TimerEvent: {}
[8.638635] (-) TimerEvent: {}
[8.748023] (-) TimerEvent: {}
[8.849485] (-) TimerEvent: {}
[8.962177] (-) TimerEvent: {}
[9.066063] (-) TimerEvent: {}
[9.178186] (-) TimerEvent: {}
[9.288994] (-) TimerEvent: {}
[9.390188] (-) TimerEvent: {}
[9.502227] (-) TimerEvent: {}
[9.610751] (-) TimerEvent: {}
[9.711573] (-) TimerEvent: {}
[9.819992] (-) TimerEvent: {}
[9.924732] (-) TimerEvent: {}
[10.035606] (-) TimerEvent: {}
[10.136615] (-) TimerEvent: {}
[10.243606] (-) TimerEvent: {}
[10.358945] (-) TimerEvent: {}
[10.462043] (-) TimerEvent: {}
[10.569213] (-) TimerEvent: {}
[10.677029] (-) TimerEvent: {}
[10.786569] (-) TimerEvent: {}
[10.897049] (-) TimerEvent: {}
[10.998803] (-) TimerEvent: {}
[11.107140] (-) TimerEvent: {}
[11.212969] (-) TimerEvent: {}
[11.313977] (-) TimerEvent: {}
[11.416340] (-) TimerEvent: {}
[11.519220] (-) TimerEvent: {}
[11.626522] (-) TimerEvent: {}
[11.737656] (-) TimerEvent: {}
[11.843375] (-) TimerEvent: {}
[11.949021] (-) TimerEvent: {}
[12.054884] (-) TimerEvent: {}
[12.164018] (-) TimerEvent: {}
[12.276480] (-) TimerEvent: {}
[12.379972] (-) TimerEvent: {}
[12.486991] (-) TimerEvent: {}
[12.592777] (-) TimerEvent: {}
[12.708966] (-) TimerEvent: {}
[12.818109] (-) TimerEvent: {}
[12.930248] (-) TimerEvent: {}
[13.039540] (-) TimerEvent: {}
[13.160007] (-) TimerEvent: {}
[13.271374] (-) TimerEvent: {}
[13.372980] (-) TimerEvent: {}
[13.475111] (-) TimerEvent: {}
[13.577947] (-) TimerEvent: {}
[13.681958] (-) TimerEvent: {}
[13.789199] (-) TimerEvent: {}
[13.897047] (-) TimerEvent: {}
[14.004352] (-) TimerEvent: {}
[14.111261] (-) TimerEvent: {}
[14.218327] (-) TimerEvent: {}
[14.325329] (-) TimerEvent: {}
[14.414334] (controller) StderrLine: {'line': b'Traceback (most recent call last):\n  File "/usr/lib/python3/dist-packages/colcon_parallel_executor/executor/parallel.py", line 75, in execute\n    loop.run_until_complete(future)\n  File "/usr/lib/python3.12/asyncio/base_events.py", line 674, in run_until_complete\n    self.run_forever()\n  File "/usr/lib/python3.12/asyncio/base_events.py", line 641, in run_forever\n    self._run_once()\n  File "/usr/lib/python3.12/asyncio/base_events.py", line 1949, in _run_once\n    event_list = self._selector.select(timeout)\n                 ^^^^^^^^^^^^^^^^^^^^^^^^^^^^^^\n  File "/usr/lib/python3.12/selectors.py", line 468, in select\n    fd_event_list = self._selector.poll(timeout, max_ev)\n                    ^^^^^^^^^^^^^^^^^^^^^^^^^^^^^^^^^^^^\nKeyboardInterrupt\n\nDuring handling of the above exception, another exception occurred:\n\nTraceback (most recent call last):\n  File "/usr/lib/python3/dist-packages/colcon_core/executor/__init__.py", line 91, in __call__\n    rc = await self.task(*args, **kwargs)\n         ^^^^^^^^^^^^^^^^^^^^^^^^^^^^^^^^\n  File "/usr/lib/python3/dist-packages/colcon_core/task/__init__.py", line 93, in __call__\n    return await task_method(*args, **kwargs)\n           ^^^^^^^^^^^^^^^^^^^^^^^^^^^^^^^^^^\n  File "/usr/lib/python3/dist-packages/colcon_ros/task/ament_python/build.py", line 102, in build\n    return await extension.build(additional_hooks=additional_hooks)\n           ^^^^^^^^^^^^^^^^^^^^^^^^^^^^^^^^^^^^^^^^^^^^^^^^^^^^^^^^\n  File "/usr/lib/python3/dist-packages/colcon_core/task/python/build.py", line 96, in build\n    available_commands = await self._get_available_commands(\n                         ^^^^^^^^^^^^^^^^^^^^^^^^^^^^^^^^^^^\n  File "/usr/lib/python3/dist-packages/colcon_core/task/python/build.py", line 194, in _get_available_commands\n    output = await check_output(\n             ^^^^^^^^^^^^^^^^^^^\n  File "/usr/lib/python3/dist-packages/colcon_core/subprocess.py", line 129, in check_output\n    assert not rc, f\'Expected {args} to pass: {stderr_data}\'\n           ^^^^^^\nAssertionError: Expected [\'/usr/bin/python3\', \'-W\', \'ignore:setup.py install is deprecated\', \'-W\', \'ignore:easy_install command is deprecated\', \'setup.py\', \'--help-commands\'] to pass: Traceback (most recent call last):\n  File "/home/pop/ros2_ws/src/controller/setup.py", line 5, in <module>\n    setup(\n  File "/usr/lib/python3/dist-packages/setuptools/__init__.py", line 107, in setup\n    return distutils.core.setup(**attrs)\n           ^^^^^^^^^^^^^^^^^^^^^^^^^^^^^\n  File "/usr/lib/python3/dist-packages/setuptools/_distutils/core.py", line 172, in setup\n    ok = dist.parse_command_line()\n         ^^^^^^^^^^^^^^^^^^^^^^^^^\n  File "/usr/lib/python3/dist-packages/setuptools/_distutils/dist.py", line 472, in parse_command_line\n    if self.handle_display_options(option_order):\n       ^^^^^^^^^^^^^^^^^^^^^^^^^^^^^^^^^^^^^^^^^\n  File "/usr/lib/python3/dist-packages/setuptools/dist.py", line 1209, in handle_display_options\n    return _Distribution.handle_display_options(self, option_order)\n           ^^^^^^^^^^^^^^^^^^^^^^^^^^^^^^^^^^^^^^^^^^^^^^^^^^^^^^^^\n  File "/usr/lib/python3/dist-packages/setuptools/_distutils/dist.py", line 686, in handle_display_options\n    self.print_commands()\n  File "/usr/lib/python3/dist-packages/setuptools/dist.py", line 988, in print_commands\n    cmdclass = ep.load()\n               ^^^^^^^^^\n  File "/usr/lib/python3.12/importlib/metadata/__init__.py", line 205, in load\n    module = import_module(match.group(\'module\'))\n             ^^^^^^^^^^^^^^^^^^^^^^^^^^^^^^^^^^^^\n  File "/usr/lib/python3.12/importlib/__init__.py", line 90, in import_module\n    return _bootstrap._gcd_import(name[level:], package, level)\n           ^^^^^^^^^^^^^^^^^^^^^^^^^^^^^^^^^^^^^^^^^^^^^^^^^^^^\n  File "<frozen importlib._bootstrap>", line 1387, in _gcd_import\n  File "<frozen importlib._bootstrap>", line 1360, in _find_and_load\n  File "<frozen importlib._bootstrap>", line 1331, in _find_and_load_unlocked\n  File "<frozen importlib._bootstrap>", line 935, in _load_unlocked\n  File "<frozen importlib._bootstrap_external>", line 995, in exec_module\n  File "<frozen importlib._bootstrap>", line 488, in _call_with_frames_removed\n  File "/usr/lib/python3/dist-packages/setuptools/command/develop.py", line 8, in <module>\n    from setuptools.command.easy_install import easy_install\n  File "/usr/lib/python3/dist-packages/setuptools/command/easy_install.py", line 50, in <module>\n    from setuptools.sandbox import run_setup\n  File "/usr/lib/python3/dist-packages/setuptools/sandbox.py", line 13, in <module>\n    import pkg_resources\n  File "/usr/lib/python3/dist-packages/pkg_resources/__init__.py", line 3327, in <module>\n    @_call_aside\n     ^^^^^^^^^^^\n  File "/usr/lib/python3/dist-packages/pkg_resources/__init__.py", line 3302, in _call_aside\n    f(*args, **kwargs)\n  File "/usr/lib/python3/dist-packages/pkg_resources/__init__.py", line 3360, in _initialize_master_working_set\n    list(map(working_set.add_entry, sys.path))\n  File "/usr/lib/python3/dist-packages/pkg_resources/__init__.py", line 671, in add_entry\n    for dist in find_distributions(entry, True):\n  File "/usr/lib/python3/dist-packages/pkg_resources/__init__.py", line 2134, in find_on_path\n    for dist in factory(fullpath):\n  File "/usr/lib/python3/dist-packages/pkg_resources/__init__.py", line 2192, in distributions_from_metadata\n    if len(os.listdir(path)) == 0:\n           ^^^^^^^^^^^^^^^^\nKeyboardInterrupt\n\n'}
[14.430007] (-) TimerEvent: {}
[14.432679] (controller) JobEnded: {'identifier': 'controller', 'rc': 'SIGINT'}
[14.440526] (motor_controller) JobEnded: {'identifier': 'motor_controller', 'rc': 'SIGINT'}
[14.486579] (image_viewer) JobEnded: {'identifier': 'image_viewer', 'rc': 'SIGINT'}
[14.508323] (-) EventReactorShutdown: {}
