[19.272s] Invoking command in '/home/pop/ros2_ws/src/vision_processing': DEBUGINFOD_URLS=https://debuginfod.ubuntu.com PYTHONPATH=/home/pop/ros2_ws/src/build/vision_processing/prefix_override:/usr/lib/python3/dist-packages/colcon_core/task/python/colcon_distutils_commands:/home/pop/ros2_ws/src/install/vision_processing/lib/python3.12/site-packages:${PYTHONPATH} /usr/bin/python3 -W ignore:setup.py install is deprecated -W ignore:easy_install command is deprecated setup.py egg_info --egg-base ../build/vision_processing build --build-base /home/pop/ros2_ws/src/build/vision_processing/build install --record /home/pop/ros2_ws/src/build/vision_processing/install.log --single-version-externally-managed install_data
[25.288s] running egg_info
[25.595s] writing ../build/vision_processing/vision_processing.egg-info/PKG-INFO
[25.596s] writing dependency_links to ../build/vision_processing/vision_processing.egg-info/dependency_links.txt
[25.627s] writing entry points to ../build/vision_processing/vision_processing.egg-info/entry_points.txt
[25.628s] writing requirements to ../build/vision_processing/vision_processing.egg-info/requires.txt
[25.631s] writing top-level names to ../build/vision_processing/vision_processing.egg-info/top_level.txt
[27.161s] reading manifest file '../build/vision_processing/vision_processing.egg-info/SOURCES.txt'
[27.194s] writing manifest file '../build/vision_processing/vision_processing.egg-info/SOURCES.txt'
[27.201s] running build
[27.220s] running build_py
[27.230s] running install
[27.383s] running install_lib
[28.351s] byte-compiling /home/pop/ros2_ws/src/install/vision_processing/lib/python3.12/site-packages/vision_processing/vision_processing.py to vision_processing.cpython-312.pyc
[28.386s] running install_data
[28.392s] running install_egg_info
[29.002s] removing '/home/pop/ros2_ws/src/install/vision_processing/lib/python3.12/site-packages/vision_processing-0.0.0-py3.12.egg-info' (and everything under it)
[29.021s] Copying ../build/vision_processing/vision_processing.egg-info to /home/pop/ros2_ws/src/install/vision_processing/lib/python3.12/site-packages/vision_processing-0.0.0-py3.12.egg-info
[29.047s] running install_scripts
[31.786s] Installing vision_processing script to /home/pop/ros2_ws/src/install/vision_processing/lib/vision_processing
[31.802s] writing list of installed files to '/home/pop/ros2_ws/src/build/vision_processing/install.log'
[32.118s] Invoked command in '/home/pop/ros2_ws/src/vision_processing' returned '0': DEBUGINFOD_URLS=https://debuginfod.ubuntu.com PYTHONPATH=/home/pop/ros2_ws/src/build/vision_processing/prefix_override:/usr/lib/python3/dist-packages/colcon_core/task/python/colcon_distutils_commands:/home/pop/ros2_ws/src/install/vision_processing/lib/python3.12/site-packages:${PYTHONPATH} /usr/bin/python3 -W ignore:setup.py install is deprecated -W ignore:easy_install command is deprecated setup.py egg_info --egg-base ../build/vision_processing build --build-base /home/pop/ros2_ws/src/build/vision_processing/build install --record /home/pop/ros2_ws/src/build/vision_processing/install.log --single-version-externally-managed install_data
