[12.728s] Invoking command in '/home/pop/ros2_ws/src/image_viewer': DEBUGINFOD_URLS=https://debuginfod.ubuntu.com PYTHONPATH=/home/pop/ros2_ws/src/build/image_viewer/prefix_override:/usr/lib/python3/dist-packages/colcon_core/task/python/colcon_distutils_commands:/home/pop/ros2_ws/src/install/image_viewer/lib/python3.12/site-packages:${PYTHONPATH} /usr/bin/python3 -W ignore:setup.py install is deprecated -W ignore:easy_install command is deprecated setup.py egg_info --egg-base ../build/image_viewer build --build-base /home/pop/ros2_ws/src/build/image_viewer/build install --record /home/pop/ros2_ws/src/build/image_viewer/install.log --single-version-externally-managed install_data
[15.024s] running egg_info
[15.202s] writing ../build/image_viewer/image_viewer.egg-info/PKG-INFO
[15.203s] writing dependency_links to ../build/image_viewer/image_viewer.egg-info/dependency_links.txt
[15.218s] writing entry points to ../build/image_viewer/image_viewer.egg-info/entry_points.txt
[15.222s] writing requirements to ../build/image_viewer/image_viewer.egg-info/requires.txt
[15.223s] writing top-level names to ../build/image_viewer/image_viewer.egg-info/top_level.txt
[15.568s] reading manifest file '../build/image_viewer/image_viewer.egg-info/SOURCES.txt'
[15.574s] writing manifest file '../build/image_viewer/image_viewer.egg-info/SOURCES.txt'
[15.592s] running build
[15.594s] running build_py
[15.602s] running install
[15.612s] running install_lib
[15.855s] running install_data
[15.856s] running install_egg_info
[16.059s] removing '/home/pop/ros2_ws/src/install/image_viewer/lib/python3.12/site-packages/image_viewer-0.0.0-py3.12.egg-info' (and everything under it)
[16.060s] Copying ../build/image_viewer/image_viewer.egg-info to /home/pop/ros2_ws/src/install/image_viewer/lib/python3.12/site-packages/image_viewer-0.0.0-py3.12.egg-info
[16.066s] running install_scripts
[17.589s] Installing image_viewer script to /home/pop/ros2_ws/src/install/image_viewer/lib/image_viewer
[17.600s] writing list of installed files to '/home/pop/ros2_ws/src/build/image_viewer/install.log'
[17.940s] Invoked command in '/home/pop/ros2_ws/src/image_viewer' returned '0': DEBUGINFOD_URLS=https://debuginfod.ubuntu.com PYTHONPATH=/home/pop/ros2_ws/src/build/image_viewer/prefix_override:/usr/lib/python3/dist-packages/colcon_core/task/python/colcon_distutils_commands:/home/pop/ros2_ws/src/install/image_viewer/lib/python3.12/site-packages:${PYTHONPATH} /usr/bin/python3 -W ignore:setup.py install is deprecated -W ignore:easy_install command is deprecated setup.py egg_info --egg-base ../build/image_viewer build --build-base /home/pop/ros2_ws/src/build/image_viewer/build install --record /home/pop/ros2_ws/src/build/image_viewer/install.log --single-version-externally-managed install_data
