[12.855s] Invoking command in '/home/pop/ros2_ws/src/build/vision_processing': DEBUGINFOD_URLS=https://debuginfod.ubuntu.com PYTHONPATH=/home/pop/ros2_ws/src/build/vision_processing/prefix_override:/usr/lib/python3/dist-packages/colcon_core/task/python/colcon_distutils_commands:/home/pop/ros2_ws/src/install/vision_processing/lib/python3.12/site-packages:${PYTHONPATH} /usr/bin/python3 -W ignore:setup.py install is deprecated -W ignore:easy_install command is deprecated setup.py develop --uninstall --editable --build-directory /home/pop/ros2_ws/src/build/vision_processing/build
[17.749s] running develop
[20.834s] Removing /home/pop/ros2_ws/src/install/vision_processing/lib/python3.12/site-packages/vision-processing.egg-link (link to .)
[21.112s] Invoked command in '/home/pop/ros2_ws/src/build/vision_processing' returned '0': DEBUGINFOD_URLS=https://debuginfod.ubuntu.com PYTHONPATH=/home/pop/ros2_ws/src/build/vision_processing/prefix_override:/usr/lib/python3/dist-packages/colcon_core/task/python/colcon_distutils_commands:/home/pop/ros2_ws/src/install/vision_processing/lib/python3.12/site-packages:${PYTHONPATH} /usr/bin/python3 -W ignore:setup.py install is deprecated -W ignore:easy_install command is deprecated setup.py develop --uninstall --editable --build-directory /home/pop/ros2_ws/src/build/vision_processing/build
[21.129s] Invoking command in '/home/pop/ros2_ws/src/vision_processing': DEBUGINFOD_URLS=https://debuginfod.ubuntu.com PYTHONPATH=/home/pop/ros2_ws/src/build/vision_processing/prefix_override:/usr/lib/python3/dist-packages/colcon_core/task/python/colcon_distutils_commands:/home/pop/ros2_ws/src/install/vision_processing/lib/python3.12/site-packages:${PYTHONPATH} /usr/bin/python3 -W ignore:setup.py install is deprecated -W ignore:easy_install command is deprecated setup.py egg_info --egg-base ../build/vision_processing build --build-base /home/pop/ros2_ws/src/build/vision_processing/build install --record /home/pop/ros2_ws/src/build/vision_processing/install.log --single-version-externally-managed install_data --force
[24.335s] running egg_info
[24.746s] writing ../build/vision_processing/vision_processing.egg-info/PKG-INFO
[24.747s] writing dependency_links to ../build/vision_processing/vision_processing.egg-info/dependency_links.txt
[24.747s] writing entry points to ../build/vision_processing/vision_processing.egg-info/entry_points.txt
[24.763s] writing requirements to ../build/vision_processing/vision_processing.egg-info/requires.txt
[24.770s] writing top-level names to ../build/vision_processing/vision_processing.egg-info/top_level.txt
[25.529s] reading manifest file '../build/vision_processing/vision_processing.egg-info/SOURCES.txt'
[25.543s] writing manifest file '../build/vision_processing/vision_processing.egg-info/SOURCES.txt'
[25.550s] running build
[25.564s] running build_py
[25.573s] copying vision_processing/vision_processing.py -> /home/pop/ros2_ws/src/build/vision_processing/build/lib/vision_processing
[25.587s] running install
[25.667s] running install_lib
[26.069s] copying /home/pop/ros2_ws/src/build/vision_processing/build/lib/vision_processing/vision_processing.py -> /home/pop/ros2_ws/src/install/vision_processing/lib/python3.12/site-packages/vision_processing
[26.082s] byte-compiling /home/pop/ros2_ws/src/install/vision_processing/lib/python3.12/site-packages/vision_processing/vision_processing.py to vision_processing.cpython-312.pyc
[26.083s] running install_data
[26.088s] copying resource/vision_processing -> /home/pop/ros2_ws/src/install/vision_processing/share/ament_index/resource_index/packages
[26.088s] copying package.xml -> /home/pop/ros2_ws/src/install/vision_processing/share/vision_processing
[26.089s] running install_egg_info
[26.356s] removing '/home/pop/ros2_ws/src/install/vision_processing/lib/python3.12/site-packages/vision_processing-0.0.0-py3.12.egg-info' (and everything under it)
[26.359s] Copying ../build/vision_processing/vision_processing.egg-info to /home/pop/ros2_ws/src/install/vision_processing/lib/python3.12/site-packages/vision_processing-0.0.0-py3.12.egg-info
[26.368s] running install_scripts
[28.007s] Installing vision_processing script to /home/pop/ros2_ws/src/install/vision_processing/lib/vision_processing
[28.015s] writing list of installed files to '/home/pop/ros2_ws/src/build/vision_processing/install.log'
[28.412s] Invoked command in '/home/pop/ros2_ws/src/vision_processing' returned '0': DEBUGINFOD_URLS=https://debuginfod.ubuntu.com PYTHONPATH=/home/pop/ros2_ws/src/build/vision_processing/prefix_override:/usr/lib/python3/dist-packages/colcon_core/task/python/colcon_distutils_commands:/home/pop/ros2_ws/src/install/vision_processing/lib/python3.12/site-packages:${PYTHONPATH} /usr/bin/python3 -W ignore:setup.py install is deprecated -W ignore:easy_install command is deprecated setup.py egg_info --egg-base ../build/vision_processing build --build-base /home/pop/ros2_ws/src/build/vision_processing/build install --record /home/pop/ros2_ws/src/build/vision_processing/install.log --single-version-externally-managed install_data --force
