[15.591s] Invoking command in '/home/pop/ros2_ws/src/vision_processing': DEBUGINFOD_URLS=https://debuginfod.ubuntu.com PYTHONPATH=/home/pop/ros2_ws/src/build/vision_processing/prefix_override:/usr/lib/python3/dist-packages/colcon_core/task/python/colcon_distutils_commands:/home/pop/ros2_ws/src/install/vision_processing/lib/python3.12/site-packages:${PYTHONPATH} /usr/bin/python3 -W ignore:setup.py install is deprecated -W ignore:easy_install command is deprecated setup.py egg_info --egg-base ../build/vision_processing build --build-base /home/pop/ros2_ws/src/build/vision_processing/build install --record /home/pop/ros2_ws/src/build/vision_processing/install.log --single-version-externally-managed install_data
[21.094s] running egg_info
[21.516s] writing ../build/vision_processing/vision_processing.egg-info/PKG-INFO
[21.521s] writing dependency_links to ../build/vision_processing/vision_processing.egg-info/dependency_links.txt
[21.528s] writing entry points to ../build/vision_processing/vision_processing.egg-info/entry_points.txt
[21.529s] writing requirements to ../build/vision_processing/vision_processing.egg-info/requires.txt
[21.546s] writing top-level names to ../build/vision_processing/vision_processing.egg-info/top_level.txt
[22.470s] reading manifest file '../build/vision_processing/vision_processing.egg-info/SOURCES.txt'
[22.474s] writing manifest file '../build/vision_processing/vision_processing.egg-info/SOURCES.txt'
[22.475s] running build
[22.481s] running build_py
[22.486s] running install
[22.533s] running install_lib
[23.017s] byte-compiling /home/pop/ros2_ws/src/install/vision_processing/lib/python3.12/site-packages/vision_processing/vision_processing.py to vision_processing.cpython-312.pyc
[23.037s] running install_data
[23.048s] running install_egg_info
[23.804s] removing '/home/pop/ros2_ws/src/install/vision_processing/lib/python3.12/site-packages/vision_processing-0.0.0-py3.12.egg-info' (and everything under it)
[23.820s] Copying ../build/vision_processing/vision_processing.egg-info to /home/pop/ros2_ws/src/install/vision_processing/lib/python3.12/site-packages/vision_processing-0.0.0-py3.12.egg-info
[23.861s] running install_scripts
[26.871s] Installing vision_processing script to /home/pop/ros2_ws/src/install/vision_processing/lib/vision_processing
[26.872s] writing list of installed files to '/home/pop/ros2_ws/src/build/vision_processing/install.log'
[27.340s] Invoked command in '/home/pop/ros2_ws/src/vision_processing' returned '0': DEBUGINFOD_URLS=https://debuginfod.ubuntu.com PYTHONPATH=/home/pop/ros2_ws/src/build/vision_processing/prefix_override:/usr/lib/python3/dist-packages/colcon_core/task/python/colcon_distutils_commands:/home/pop/ros2_ws/src/install/vision_processing/lib/python3.12/site-packages:${PYTHONPATH} /usr/bin/python3 -W ignore:setup.py install is deprecated -W ignore:easy_install command is deprecated setup.py egg_info --egg-base ../build/vision_processing build --build-base /home/pop/ros2_ws/src/build/vision_processing/build install --record /home/pop/ros2_ws/src/build/vision_processing/install.log --single-version-externally-managed install_data
