[9.922s] Invoking command in '/home/pop/ros2_ws/src/controller': DEBUGINFOD_URLS=https://debuginfod.ubuntu.com PYTHONPATH=/home/pop/ros2_ws/src/build/controller/prefix_override:/usr/lib/python3/dist-packages/colcon_core/task/python/colcon_distutils_commands:/home/pop/ros2_ws/src/install/controller/lib/python3.12/site-packages:${PYTHONPATH} /usr/bin/python3 -W ignore:setup.py install is deprecated -W ignore:easy_install command is deprecated setup.py egg_info --egg-base ../build/controller build --build-base /home/pop/ros2_ws/src/build/controller/build install --record /home/pop/ros2_ws/src/build/controller/install.log --single-version-externally-managed install_data
[12.246s] running egg_info
[12.463s] writing ../build/controller/controller.egg-info/PKG-INFO
[12.472s] writing dependency_links to ../build/controller/controller.egg-info/dependency_links.txt
[12.472s] writing entry points to ../build/controller/controller.egg-info/entry_points.txt
[12.482s] writing requirements to ../build/controller/controller.egg-info/requires.txt
[12.483s] writing top-level names to ../build/controller/controller.egg-info/top_level.txt
[12.859s] reading manifest file '../build/controller/controller.egg-info/SOURCES.txt'
[12.866s] writing manifest file '../build/controller/controller.egg-info/SOURCES.txt'
[12.879s] running build
[12.880s] running build_py
[12.885s] copying controller/controller.py -> /home/pop/ros2_ws/src/build/controller/build/lib/controller
[12.886s] running install
[12.914s] running install_lib
[13.108s] copying /home/pop/ros2_ws/src/build/controller/build/lib/controller/controller.py -> /home/pop/ros2_ws/src/install/controller/lib/python3.12/site-packages/controller
[13.112s] byte-compiling /home/pop/ros2_ws/src/install/controller/lib/python3.12/site-packages/controller/controller.py to controller.cpython-312.pyc
[13.117s] running install_data
[13.118s] running install_egg_info
[13.344s] removing '/home/pop/ros2_ws/src/install/controller/lib/python3.12/site-packages/controller-0.0.0-py3.12.egg-info' (and everything under it)
[13.349s] Copying ../build/controller/controller.egg-info to /home/pop/ros2_ws/src/install/controller/lib/python3.12/site-packages/controller-0.0.0-py3.12.egg-info
[13.355s] running install_scripts
[14.626s] Installing controller script to /home/pop/ros2_ws/src/install/controller/lib/controller
[14.632s] writing list of installed files to '/home/pop/ros2_ws/src/build/controller/install.log'
[14.944s] Invoked command in '/home/pop/ros2_ws/src/controller' returned '0': DEBUGINFOD_URLS=https://debuginfod.ubuntu.com PYTHONPATH=/home/pop/ros2_ws/src/build/controller/prefix_override:/usr/lib/python3/dist-packages/colcon_core/task/python/colcon_distutils_commands:/home/pop/ros2_ws/src/install/controller/lib/python3.12/site-packages:${PYTHONPATH} /usr/bin/python3 -W ignore:setup.py install is deprecated -W ignore:easy_install command is deprecated setup.py egg_info --egg-base ../build/controller build --build-base /home/pop/ros2_ws/src/build/controller/build install --record /home/pop/ros2_ws/src/build/controller/install.log --single-version-externally-managed install_data
