[14.973s] Invoking command in '/home/pop/ros2_ws/src/vision_processing': DEBUGINFOD_URLS=https://debuginfod.ubuntu.com PYTHONPATH=/home/pop/ros2_ws/src/build/vision_processing/prefix_override:/usr/lib/python3/dist-packages/colcon_core/task/python/colcon_distutils_commands:/home/pop/ros2_ws/src/install/vision_processing/lib/python3.12/site-packages:${PYTHONPATH} /usr/bin/python3 -W ignore:setup.py install is deprecated -W ignore:easy_install command is deprecated setup.py egg_info --egg-base ../build/vision_processing build --build-base /home/pop/ros2_ws/src/build/vision_processing/build install --record /home/pop/ros2_ws/src/build/vision_processing/install.log --single-version-externally-managed install_data
[19.693s] running egg_info
[20.168s] writing ../build/vision_processing/vision_processing.egg-info/PKG-INFO
[20.178s] writing dependency_links to ../build/vision_processing/vision_processing.egg-info/dependency_links.txt
[20.190s] writing entry points to ../build/vision_processing/vision_processing.egg-info/entry_points.txt
[20.198s] writing requirements to ../build/vision_processing/vision_processing.egg-info/requires.txt
[20.203s] writing top-level names to ../build/vision_processing/vision_processing.egg-info/top_level.txt
[21.015s] reading manifest file '../build/vision_processing/vision_processing.egg-info/SOURCES.txt'
[21.028s] writing manifest file '../build/vision_processing/vision_processing.egg-info/SOURCES.txt'
[21.041s] running build
[21.049s] running build_py
[21.053s] running install
[21.111s] running install_lib
[21.633s] byte-compiling /home/pop/ros2_ws/src/install/vision_processing/lib/python3.12/site-packages/vision_processing/vision_processing.py to vision_processing.cpython-312.pyc
[21.644s] running install_data
[21.647s] running install_egg_info
[22.077s] removing '/home/pop/ros2_ws/src/install/vision_processing/lib/python3.12/site-packages/vision_processing-0.0.0-py3.12.egg-info' (and everything under it)
[22.083s] Copying ../build/vision_processing/vision_processing.egg-info to /home/pop/ros2_ws/src/install/vision_processing/lib/python3.12/site-packages/vision_processing-0.0.0-py3.12.egg-info
[22.100s] running install_scripts
[25.051s] Installing vision_processing script to /home/pop/ros2_ws/src/install/vision_processing/lib/vision_processing
[25.052s] writing list of installed files to '/home/pop/ros2_ws/src/build/vision_processing/install.log'
[25.461s] Invoked command in '/home/pop/ros2_ws/src/vision_processing' returned '0': DEBUGINFOD_URLS=https://debuginfod.ubuntu.com PYTHONPATH=/home/pop/ros2_ws/src/build/vision_processing/prefix_override:/usr/lib/python3/dist-packages/colcon_core/task/python/colcon_distutils_commands:/home/pop/ros2_ws/src/install/vision_processing/lib/python3.12/site-packages:${PYTHONPATH} /usr/bin/python3 -W ignore:setup.py install is deprecated -W ignore:easy_install command is deprecated setup.py egg_info --egg-base ../build/vision_processing build --build-base /home/pop/ros2_ws/src/build/vision_processing/build install --record /home/pop/ros2_ws/src/build/vision_processing/install.log --single-version-externally-managed install_data
