[15.579s] Invoking command in '/home/pop/ros2_ws/src/vision_processing': DEBUGINFOD_URLS=https://debuginfod.ubuntu.com PYTHONPATH=/home/pop/ros2_ws/src/build/vision_processing/prefix_override:/usr/lib/python3/dist-packages/colcon_core/task/python/colcon_distutils_commands:/home/pop/ros2_ws/src/install/vision_processing/lib/python3.12/site-packages:${PYTHONPATH} /usr/bin/python3 -W ignore:setup.py install is deprecated -W ignore:easy_install command is deprecated setup.py egg_info --egg-base ../build/vision_processing build --build-base /home/pop/ros2_ws/src/build/vision_processing/build install --record /home/pop/ros2_ws/src/build/vision_processing/install.log --single-version-externally-managed install_data
[21.559s] running egg_info
[21.769s] writing ../build/vision_processing/vision_processing.egg-info/PKG-INFO
[21.772s] writing dependency_links to ../build/vision_processing/vision_processing.egg-info/dependency_links.txt
[21.778s] writing entry points to ../build/vision_processing/vision_processing.egg-info/entry_points.txt
[21.784s] writing requirements to ../build/vision_processing/vision_processing.egg-info/requires.txt
[21.789s] writing top-level names to ../build/vision_processing/vision_processing.egg-info/top_level.txt
[22.209s] reading manifest file '../build/vision_processing/vision_processing.egg-info/SOURCES.txt'
[22.216s] writing manifest file '../build/vision_processing/vision_processing.egg-info/SOURCES.txt'
[22.217s] running build
[22.218s] running build_py
[22.228s] running install
[22.255s] running install_lib
[22.398s] running install_data
[22.400s] running install_egg_info
[22.551s] removing '/home/pop/ros2_ws/src/install/vision_processing/lib/python3.12/site-packages/vision_processing-0.0.0-py3.12.egg-info' (and everything under it)
[22.552s] Copying ../build/vision_processing/vision_processing.egg-info to /home/pop/ros2_ws/src/install/vision_processing/lib/python3.12/site-packages/vision_processing-0.0.0-py3.12.egg-info
[22.569s] running install_scripts
[23.688s] Installing vision_processing script to /home/pop/ros2_ws/src/install/vision_processing/lib/vision_processing
[23.691s] writing list of installed files to '/home/pop/ros2_ws/src/build/vision_processing/install.log'
[23.933s] Invoked command in '/home/pop/ros2_ws/src/vision_processing' returned '0': DEBUGINFOD_URLS=https://debuginfod.ubuntu.com PYTHONPATH=/home/pop/ros2_ws/src/build/vision_processing/prefix_override:/usr/lib/python3/dist-packages/colcon_core/task/python/colcon_distutils_commands:/home/pop/ros2_ws/src/install/vision_processing/lib/python3.12/site-packages:${PYTHONPATH} /usr/bin/python3 -W ignore:setup.py install is deprecated -W ignore:easy_install command is deprecated setup.py egg_info --egg-base ../build/vision_processing build --build-base /home/pop/ros2_ws/src/build/vision_processing/build install --record /home/pop/ros2_ws/src/build/vision_processing/install.log --single-version-externally-managed install_data
