[9.679s] Invoking command in '/home/pop/ros2_ws/src/motor_controller': DEBUGINFOD_URLS=https://debuginfod.ubuntu.com PYTHONPATH=/home/pop/ros2_ws/src/build/motor_controller/prefix_override:/usr/lib/python3/dist-packages/colcon_core/task/python/colcon_distutils_commands:/home/pop/ros2_ws/src/install/motor_controller/lib/python3.12/site-packages:${PYTHONPATH} /usr/bin/python3 -W ignore:setup.py install is deprecated -W ignore:easy_install command is deprecated setup.py egg_info --egg-base ../build/motor_controller build --build-base /home/pop/ros2_ws/src/build/motor_controller/build install --record /home/pop/ros2_ws/src/build/motor_controller/install.log --single-version-externally-managed install_data
[12.105s] running egg_info
[12.281s] writing ../build/motor_controller/motor_controller.egg-info/PKG-INFO
[12.284s] writing dependency_links to ../build/motor_controller/motor_controller.egg-info/dependency_links.txt
[12.286s] writing entry points to ../build/motor_controller/motor_controller.egg-info/entry_points.txt
[12.288s] writing requirements to ../build/motor_controller/motor_controller.egg-info/requires.txt
[12.291s] writing top-level names to ../build/motor_controller/motor_controller.egg-info/top_level.txt
[12.670s] reading manifest file '../build/motor_controller/motor_controller.egg-info/SOURCES.txt'
[12.679s] writing manifest file '../build/motor_controller/motor_controller.egg-info/SOURCES.txt'
[12.684s] running build
[12.685s] running build_py
[12.689s] running install
[12.723s] running install_lib
[12.929s] running install_data
[12.930s] running install_egg_info
[13.129s] removing '/home/pop/ros2_ws/src/install/motor_controller/lib/python3.12/site-packages/motor_controller-0.0.0-py3.12.egg-info' (and everything under it)
[13.130s] Copying ../build/motor_controller/motor_controller.egg-info to /home/pop/ros2_ws/src/install/motor_controller/lib/python3.12/site-packages/motor_controller-0.0.0-py3.12.egg-info
[13.138s] running install_scripts
[14.446s] Installing arduino_interface_node script to /home/pop/ros2_ws/src/install/motor_controller/lib/motor_controller
[14.449s] writing list of installed files to '/home/pop/ros2_ws/src/build/motor_controller/install.log'
[14.750s] Invoked command in '/home/pop/ros2_ws/src/motor_controller' returned '0': DEBUGINFOD_URLS=https://debuginfod.ubuntu.com PYTHONPATH=/home/pop/ros2_ws/src/build/motor_controller/prefix_override:/usr/lib/python3/dist-packages/colcon_core/task/python/colcon_distutils_commands:/home/pop/ros2_ws/src/install/motor_controller/lib/python3.12/site-packages:${PYTHONPATH} /usr/bin/python3 -W ignore:setup.py install is deprecated -W ignore:easy_install command is deprecated setup.py egg_info --egg-base ../build/motor_controller build --build-base /home/pop/ros2_ws/src/build/motor_controller/build install --record /home/pop/ros2_ws/src/build/motor_controller/install.log --single-version-externally-managed install_data
