[12.737s] Invoking command in '/home/pop/ros2_ws/src/vision_processing': DEBUGINFOD_URLS=https://debuginfod.ubuntu.com PYTHONPATH=/home/pop/ros2_ws/src/build/vision_processing/prefix_override:/usr/lib/python3/dist-packages/colcon_core/task/python/colcon_distutils_commands:/home/pop/ros2_ws/src/install/vision_processing/lib/python3.12/site-packages:${PYTHONPATH} /usr/bin/python3 -W ignore:setup.py install is deprecated -W ignore:easy_install command is deprecated setup.py egg_info --egg-base ../build/vision_processing build --build-base /home/pop/ros2_ws/src/build/vision_processing/build install --record /home/pop/ros2_ws/src/build/vision_processing/install.log --single-version-externally-managed install_data
[18.304s] running egg_info
[18.590s] writing ../build/vision_processing/vision_processing.egg-info/PKG-INFO
[18.592s] writing dependency_links to ../build/vision_processing/vision_processing.egg-info/dependency_links.txt
[18.595s] writing entry points to ../build/vision_processing/vision_processing.egg-info/entry_points.txt
[18.598s] writing requirements to ../build/vision_processing/vision_processing.egg-info/requires.txt
[18.599s] writing top-level names to ../build/vision_processing/vision_processing.egg-info/top_level.txt
[18.928s] reading manifest file '../build/vision_processing/vision_processing.egg-info/SOURCES.txt'
[18.935s] writing manifest file '../build/vision_processing/vision_processing.egg-info/SOURCES.txt'
[18.938s] running build
[18.939s] running build_py
[18.940s] running install
[18.976s] running install_lib
[19.241s] byte-compiling /home/pop/ros2_ws/src/install/vision_processing/lib/python3.12/site-packages/vision_processing/vision_processing.py to vision_processing.cpython-312.pyc
[19.263s] running install_data
[19.275s] running install_egg_info
[19.423s] removing '/home/pop/ros2_ws/src/install/vision_processing/lib/python3.12/site-packages/vision_processing-0.0.0-py3.12.egg-info' (and everything under it)
[19.427s] Copying ../build/vision_processing/vision_processing.egg-info to /home/pop/ros2_ws/src/install/vision_processing/lib/python3.12/site-packages/vision_processing-0.0.0-py3.12.egg-info
[19.434s] running install_scripts
[20.317s] Installing vision_processing script to /home/pop/ros2_ws/src/install/vision_processing/lib/vision_processing
[20.321s] writing list of installed files to '/home/pop/ros2_ws/src/build/vision_processing/install.log'
[20.510s] Invoked command in '/home/pop/ros2_ws/src/vision_processing' returned '0': DEBUGINFOD_URLS=https://debuginfod.ubuntu.com PYTHONPATH=/home/pop/ros2_ws/src/build/vision_processing/prefix_override:/usr/lib/python3/dist-packages/colcon_core/task/python/colcon_distutils_commands:/home/pop/ros2_ws/src/install/vision_processing/lib/python3.12/site-packages:${PYTHONPATH} /usr/bin/python3 -W ignore:setup.py install is deprecated -W ignore:easy_install command is deprecated setup.py egg_info --egg-base ../build/vision_processing build --build-base /home/pop/ros2_ws/src/build/vision_processing/build install --record /home/pop/ros2_ws/src/build/vision_processing/install.log --single-version-externally-managed install_data
