[10.767s] Invoking command in '/home/pop/ros2_ws/src/vision_processing': DEBUGINFOD_URLS=https://debuginfod.ubuntu.com PYTHONPATH=/home/pop/ros2_ws/src/build/vision_processing/prefix_override:/usr/lib/python3/dist-packages/colcon_core/task/python/colcon_distutils_commands:/home/pop/ros2_ws/src/install/vision_processing/lib/python3.12/site-packages:${PYTHONPATH} /usr/bin/python3 -W ignore:setup.py install is deprecated -W ignore:easy_install command is deprecated setup.py egg_info --egg-base ../build/vision_processing build --build-base /home/pop/ros2_ws/src/build/vision_processing/build install --record /home/pop/ros2_ws/src/build/vision_processing/install.log --single-version-externally-managed install_data
[15.278s] running egg_info
[15.617s] writing ../build/vision_processing/vision_processing.egg-info/PKG-INFO
[15.627s] writing dependency_links to ../build/vision_processing/vision_processing.egg-info/dependency_links.txt
[15.632s] writing entry points to ../build/vision_processing/vision_processing.egg-info/entry_points.txt
[15.641s] writing requirements to ../build/vision_processing/vision_processing.egg-info/requires.txt
[15.654s] writing top-level names to ../build/vision_processing/vision_processing.egg-info/top_level.txt
[16.255s] reading manifest file '../build/vision_processing/vision_processing.egg-info/SOURCES.txt'
[16.274s] writing manifest file '../build/vision_processing/vision_processing.egg-info/SOURCES.txt'
[16.289s] running build
[16.290s] running build_py
[16.298s] running install
[16.313s] running install_lib
[16.577s] byte-compiling /home/pop/ros2_ws/src/install/vision_processing/lib/python3.12/site-packages/vision_processing/vision_processing.py to vision_processing.cpython-312.pyc
[16.589s] running install_data
[16.594s] running install_egg_info
[16.896s] removing '/home/pop/ros2_ws/src/install/vision_processing/lib/python3.12/site-packages/vision_processing-0.0.0-py3.12.egg-info' (and everything under it)
[16.903s] Copying ../build/vision_processing/vision_processing.egg-info to /home/pop/ros2_ws/src/install/vision_processing/lib/python3.12/site-packages/vision_processing-0.0.0-py3.12.egg-info
[16.913s] running install_scripts
[18.787s] Installing vision_processing script to /home/pop/ros2_ws/src/install/vision_processing/lib/vision_processing
[18.796s] writing list of installed files to '/home/pop/ros2_ws/src/build/vision_processing/install.log'
[19.123s] Invoked command in '/home/pop/ros2_ws/src/vision_processing' returned '0': DEBUGINFOD_URLS=https://debuginfod.ubuntu.com PYTHONPATH=/home/pop/ros2_ws/src/build/vision_processing/prefix_override:/usr/lib/python3/dist-packages/colcon_core/task/python/colcon_distutils_commands:/home/pop/ros2_ws/src/install/vision_processing/lib/python3.12/site-packages:${PYTHONPATH} /usr/bin/python3 -W ignore:setup.py install is deprecated -W ignore:easy_install command is deprecated setup.py egg_info --egg-base ../build/vision_processing build --build-base /home/pop/ros2_ws/src/build/vision_processing/build install --record /home/pop/ros2_ws/src/build/vision_processing/install.log --single-version-externally-managed install_data
