[23.446s] Invoking command in '/home/pop/ros2_ws/src/controller': DEBUGINFOD_URLS=https://debuginfod.ubuntu.com PYTHONPATH=/home/pop/ros2_ws/src/build/controller/prefix_override:/usr/lib/python3/dist-packages/colcon_core/task/python/colcon_distutils_commands:/home/pop/ros2_ws/src/install/controller/lib/python3.12/site-packages:${PYTHONPATH} /usr/bin/python3 -W ignore:setup.py install is deprecated -W ignore:easy_install command is deprecated setup.py egg_info --egg-base ../build/controller build --build-base /home/pop/ros2_ws/src/build/controller/build install --record /home/pop/ros2_ws/src/build/controller/install.log --single-version-externally-managed install_data
[29.568s] running egg_info
[29.837s] writing ../build/controller/controller.egg-info/PKG-INFO
[29.846s] writing dependency_links to ../build/controller/controller.egg-info/dependency_links.txt
[29.872s] writing entry points to ../build/controller/controller.egg-info/entry_points.txt
[29.873s] writing requirements to ../build/controller/controller.egg-info/requires.txt
[29.876s] writing top-level names to ../build/controller/controller.egg-info/top_level.txt
[31.101s] reading manifest file '../build/controller/controller.egg-info/SOURCES.txt'
[31.108s] writing manifest file '../build/controller/controller.egg-info/SOURCES.txt'
[31.113s] running build
[31.120s] running build_py
[31.125s] copying controller/controller.py -> /home/pop/ros2_ws/src/build/controller/build/lib/controller
[31.125s] running install
[31.243s] running install_lib
[31.733s] copying /home/pop/ros2_ws/src/build/controller/build/lib/controller/controller.py -> /home/pop/ros2_ws/src/install/controller/lib/python3.12/site-packages/controller
[31.740s] byte-compiling /home/pop/ros2_ws/src/install/controller/lib/python3.12/site-packages/controller/controller.py to controller.cpython-312.pyc
[31.758s] running install_data
[31.759s] running install_egg_info
[32.041s] removing '/home/pop/ros2_ws/src/install/controller/lib/python3.12/site-packages/controller-0.0.0-py3.12.egg-info' (and everything under it)
[32.050s] Copying ../build/controller/controller.egg-info to /home/pop/ros2_ws/src/install/controller/lib/python3.12/site-packages/controller-0.0.0-py3.12.egg-info
[32.062s] running install_scripts
[34.321s] Installing controller script to /home/pop/ros2_ws/src/install/controller/lib/controller
[34.329s] writing list of installed files to '/home/pop/ros2_ws/src/build/controller/install.log'
[34.606s] Invoked command in '/home/pop/ros2_ws/src/controller' returned '0': DEBUGINFOD_URLS=https://debuginfod.ubuntu.com PYTHONPATH=/home/pop/ros2_ws/src/build/controller/prefix_override:/usr/lib/python3/dist-packages/colcon_core/task/python/colcon_distutils_commands:/home/pop/ros2_ws/src/install/controller/lib/python3.12/site-packages:${PYTHONPATH} /usr/bin/python3 -W ignore:setup.py install is deprecated -W ignore:easy_install command is deprecated setup.py egg_info --egg-base ../build/controller build --build-base /home/pop/ros2_ws/src/build/controller/build install --record /home/pop/ros2_ws/src/build/controller/install.log --single-version-externally-managed install_data
