[10.982s] Invoking command in '/home/pop/ros2_ws/src/build/image_viewer': DEBUGINFOD_URLS=https://debuginfod.ubuntu.com PYTHONPATH=/home/pop/ros2_ws/src/build/image_viewer/prefix_override:/usr/lib/python3/dist-packages/colcon_core/task/python/colcon_distutils_commands:/home/pop/ros2_ws/src/install/image_viewer/lib/python3.12/site-packages:${PYTHONPATH} /usr/bin/python3 -W ignore:setup.py install is deprecated -W ignore:easy_install command is deprecated setup.py develop --uninstall --editable --build-directory /home/pop/ros2_ws/src/build/image_viewer/build
[14.146s] running develop
[17.871s] Removing /home/pop/ros2_ws/src/install/image_viewer/lib/python3.12/site-packages/image-viewer.egg-link (link to .)
[18.296s] Invoked command in '/home/pop/ros2_ws/src/build/image_viewer' returned '0': DEBUGINFOD_URLS=https://debuginfod.ubuntu.com PYTHONPATH=/home/pop/ros2_ws/src/build/image_viewer/prefix_override:/usr/lib/python3/dist-packages/colcon_core/task/python/colcon_distutils_commands:/home/pop/ros2_ws/src/install/image_viewer/lib/python3.12/site-packages:${PYTHONPATH} /usr/bin/python3 -W ignore:setup.py install is deprecated -W ignore:easy_install command is deprecated setup.py develop --uninstall --editable --build-directory /home/pop/ros2_ws/src/build/image_viewer/build
[18.303s] Invoking command in '/home/pop/ros2_ws/src/image_viewer': DEBUGINFOD_URLS=https://debuginfod.ubuntu.com PYTHONPATH=/home/pop/ros2_ws/src/build/image_viewer/prefix_override:/usr/lib/python3/dist-packages/colcon_core/task/python/colcon_distutils_commands:/home/pop/ros2_ws/src/install/image_viewer/lib/python3.12/site-packages:${PYTHONPATH} /usr/bin/python3 -W ignore:setup.py install is deprecated -W ignore:easy_install command is deprecated setup.py egg_info --egg-base ../build/image_viewer build --build-base /home/pop/ros2_ws/src/build/image_viewer/build install --record /home/pop/ros2_ws/src/build/image_viewer/install.log --single-version-externally-managed install_data --force
[22.536s] running egg_info
[22.764s] writing ../build/image_viewer/image_viewer.egg-info/PKG-INFO
[22.767s] writing dependency_links to ../build/image_viewer/image_viewer.egg-info/dependency_links.txt
[22.769s] writing entry points to ../build/image_viewer/image_viewer.egg-info/entry_points.txt
[22.773s] writing requirements to ../build/image_viewer/image_viewer.egg-info/requires.txt
[22.774s] writing top-level names to ../build/image_viewer/image_viewer.egg-info/top_level.txt
[23.338s] reading manifest file '../build/image_viewer/image_viewer.egg-info/SOURCES.txt'
[23.345s] writing manifest file '../build/image_viewer/image_viewer.egg-info/SOURCES.txt'
[23.346s] running build
[23.346s] running build_py
[23.354s] running install
[23.406s] running install_lib
[23.699s] running install_data
[23.701s] copying resource/image_viewer -> /home/pop/ros2_ws/src/install/image_viewer/share/ament_index/resource_index/packages
[23.701s] copying package.xml -> /home/pop/ros2_ws/src/install/image_viewer/share/image_viewer
[23.709s] running install_egg_info
[23.961s] removing '/home/pop/ros2_ws/src/install/image_viewer/lib/python3.12/site-packages/image_viewer-0.0.0-py3.12.egg-info' (and everything under it)
[23.963s] Copying ../build/image_viewer/image_viewer.egg-info to /home/pop/ros2_ws/src/install/image_viewer/lib/python3.12/site-packages/image_viewer-0.0.0-py3.12.egg-info
[23.969s] running install_scripts
[25.835s] Installing image_viewer script to /home/pop/ros2_ws/src/install/image_viewer/lib/image_viewer
[25.841s] writing list of installed files to '/home/pop/ros2_ws/src/build/image_viewer/install.log'
[26.176s] Invoked command in '/home/pop/ros2_ws/src/image_viewer' returned '0': DEBUGINFOD_URLS=https://debuginfod.ubuntu.com PYTHONPATH=/home/pop/ros2_ws/src/build/image_viewer/prefix_override:/usr/lib/python3/dist-packages/colcon_core/task/python/colcon_distutils_commands:/home/pop/ros2_ws/src/install/image_viewer/lib/python3.12/site-packages:${PYTHONPATH} /usr/bin/python3 -W ignore:setup.py install is deprecated -W ignore:easy_install command is deprecated setup.py egg_info --egg-base ../build/image_viewer build --build-base /home/pop/ros2_ws/src/build/image_viewer/build install --record /home/pop/ros2_ws/src/build/image_viewer/install.log --single-version-externally-managed install_data --force
