[29.579s] Invoking command in '/home/pop/ros2_ws/src/motor_controller': DEBUGINFOD_URLS=https://debuginfod.ubuntu.com PYTHONPATH=/home/pop/ros2_ws/src/build/motor_controller/prefix_override:/usr/lib/python3/dist-packages/colcon_core/task/python/colcon_distutils_commands:/home/pop/ros2_ws/src/install/motor_controller/lib/python3.12/site-packages:${PYTHONPATH} /usr/bin/python3 -W ignore:setup.py install is deprecated -W ignore:easy_install command is deprecated setup.py egg_info --egg-base ../build/motor_controller build --build-base /home/pop/ros2_ws/src/build/motor_controller/build install --record /home/pop/ros2_ws/src/build/motor_controller/install.log --single-version-externally-managed install_data
[33.082s] running egg_info
[33.414s] writing ../build/motor_controller/motor_controller.egg-info/PKG-INFO
[33.422s] writing dependency_links to ../build/motor_controller/motor_controller.egg-info/dependency_links.txt
[33.432s] writing entry points to ../build/motor_controller/motor_controller.egg-info/entry_points.txt
[33.444s] writing requirements to ../build/motor_controller/motor_controller.egg-info/requires.txt
[33.444s] writing top-level names to ../build/motor_controller/motor_controller.egg-info/top_level.txt
[34.270s] reading manifest file '../build/motor_controller/motor_controller.egg-info/SOURCES.txt'
[34.275s] writing manifest file '../build/motor_controller/motor_controller.egg-info/SOURCES.txt'
[34.279s] running build
[34.284s] running build_py
[34.290s] running install
[34.347s] running install_lib
[34.837s] running install_data
[34.845s] running install_egg_info
[35.264s] removing '/home/pop/ros2_ws/src/install/motor_controller/lib/python3.12/site-packages/motor_controller-0.0.0-py3.12.egg-info' (and everything under it)
[35.272s] Copying ../build/motor_controller/motor_controller.egg-info to /home/pop/ros2_ws/src/install/motor_controller/lib/python3.12/site-packages/motor_controller-0.0.0-py3.12.egg-info
[35.292s] running install_scripts
[37.857s] Installing arduino_interface_node script to /home/pop/ros2_ws/src/install/motor_controller/lib/motor_controller
[37.867s] writing list of installed files to '/home/pop/ros2_ws/src/build/motor_controller/install.log'
[38.232s] Invoked command in '/home/pop/ros2_ws/src/motor_controller' returned '0': DEBUGINFOD_URLS=https://debuginfod.ubuntu.com PYTHONPATH=/home/pop/ros2_ws/src/build/motor_controller/prefix_override:/usr/lib/python3/dist-packages/colcon_core/task/python/colcon_distutils_commands:/home/pop/ros2_ws/src/install/motor_controller/lib/python3.12/site-packages:${PYTHONPATH} /usr/bin/python3 -W ignore:setup.py install is deprecated -W ignore:easy_install command is deprecated setup.py egg_info --egg-base ../build/motor_controller build --build-base /home/pop/ros2_ws/src/build/motor_controller/build install --record /home/pop/ros2_ws/src/build/motor_controller/install.log --single-version-externally-managed install_data
