[14.438s] Invoking command in '/home/pop/ros2_ws/src/image_viewer': DEBUGINFOD_URLS=https://debuginfod.ubuntu.com PYTHONPATH=/home/pop/ros2_ws/src/build/image_viewer/prefix_override:/usr/lib/python3/dist-packages/colcon_core/task/python/colcon_distutils_commands:/home/pop/ros2_ws/src/install/image_viewer/lib/python3.12/site-packages:${PYTHONPATH} /usr/bin/python3 -W ignore:setup.py install is deprecated -W ignore:easy_install command is deprecated setup.py egg_info --egg-base ../build/image_viewer build --build-base /home/pop/ros2_ws/src/build/image_viewer/build install --record /home/pop/ros2_ws/src/build/image_viewer/install.log --single-version-externally-managed install_data
[17.767s] running egg_info
[18.415s] writing ../build/image_viewer/image_viewer.egg-info/PKG-INFO
[18.427s] writing dependency_links to ../build/image_viewer/image_viewer.egg-info/dependency_links.txt
[18.431s] writing entry points to ../build/image_viewer/image_viewer.egg-info/entry_points.txt
[18.451s] writing requirements to ../build/image_viewer/image_viewer.egg-info/requires.txt
[18.467s] writing top-level names to ../build/image_viewer/image_viewer.egg-info/top_level.txt
[19.823s] reading manifest file '../build/image_viewer/image_viewer.egg-info/SOURCES.txt'
[19.828s] writing manifest file '../build/image_viewer/image_viewer.egg-info/SOURCES.txt'
[19.828s] running build
[19.844s] running build_py
[19.847s] running install
[19.924s] running install_lib
[20.648s] running install_data
[20.655s] running install_egg_info
[21.250s] removing '/home/pop/ros2_ws/src/install/image_viewer/lib/python3.12/site-packages/image_viewer-0.0.0-py3.12.egg-info' (and everything under it)
[21.258s] Copying ../build/image_viewer/image_viewer.egg-info to /home/pop/ros2_ws/src/install/image_viewer/lib/python3.12/site-packages/image_viewer-0.0.0-py3.12.egg-info
[21.316s] running install_scripts
[24.915s] Installing image_viewer script to /home/pop/ros2_ws/src/install/image_viewer/lib/image_viewer
[24.923s] writing list of installed files to '/home/pop/ros2_ws/src/build/image_viewer/install.log'
[25.376s] Invoked command in '/home/pop/ros2_ws/src/image_viewer' returned '0': DEBUGINFOD_URLS=https://debuginfod.ubuntu.com PYTHONPATH=/home/pop/ros2_ws/src/build/image_viewer/prefix_override:/usr/lib/python3/dist-packages/colcon_core/task/python/colcon_distutils_commands:/home/pop/ros2_ws/src/install/image_viewer/lib/python3.12/site-packages:${PYTHONPATH} /usr/bin/python3 -W ignore:setup.py install is deprecated -W ignore:easy_install command is deprecated setup.py egg_info --egg-base ../build/image_viewer build --build-base /home/pop/ros2_ws/src/build/image_viewer/build install --record /home/pop/ros2_ws/src/build/image_viewer/install.log --single-version-externally-managed install_data
