[10.374s] Invoking command in '/home/pop/ros2_ws/src/vision_processing': DEBUGINFOD_URLS=https://debuginfod.ubuntu.com PYTHONPATH=/home/pop/ros2_ws/src/build/vision_processing/prefix_override:/usr/lib/python3/dist-packages/colcon_core/task/python/colcon_distutils_commands:/home/pop/ros2_ws/src/install/vision_processing/lib/python3.12/site-packages:${PYTHONPATH} /usr/bin/python3 -W ignore:setup.py install is deprecated -W ignore:easy_install command is deprecated setup.py egg_info --egg-base ../build/vision_processing build --build-base /home/pop/ros2_ws/src/build/vision_processing/build install --record /home/pop/ros2_ws/src/build/vision_processing/install.log --single-version-externally-managed install_data
[13.705s] running egg_info
[13.982s] writing ../build/vision_processing/vision_processing.egg-info/PKG-INFO
[13.990s] writing dependency_links to ../build/vision_processing/vision_processing.egg-info/dependency_links.txt
[13.994s] writing entry points to ../build/vision_processing/vision_processing.egg-info/entry_points.txt
[13.996s] writing requirements to ../build/vision_processing/vision_processing.egg-info/requires.txt
[13.997s] writing top-level names to ../build/vision_processing/vision_processing.egg-info/top_level.txt
[14.552s] reading manifest file '../build/vision_processing/vision_processing.egg-info/SOURCES.txt'
[14.553s] writing manifest file '../build/vision_processing/vision_processing.egg-info/SOURCES.txt'
[14.558s] running build
[14.559s] running build_py
[14.561s] running install
[14.597s] running install_lib
[14.870s] byte-compiling /home/pop/ros2_ws/src/install/vision_processing/lib/python3.12/site-packages/vision_processing/vision_processing.py to vision_processing.cpython-312.pyc
[14.887s] running install_data
[14.892s] running install_egg_info
[15.189s] removing '/home/pop/ros2_ws/src/install/vision_processing/lib/python3.12/site-packages/vision_processing-0.0.0-py3.12.egg-info' (and everything under it)
[15.197s] Copying ../build/vision_processing/vision_processing.egg-info to /home/pop/ros2_ws/src/install/vision_processing/lib/python3.12/site-packages/vision_processing-0.0.0-py3.12.egg-info
[15.204s] running install_scripts
[17.235s] Installing vision_processing script to /home/pop/ros2_ws/src/install/vision_processing/lib/vision_processing
[17.242s] writing list of installed files to '/home/pop/ros2_ws/src/build/vision_processing/install.log'
[17.517s] Invoked command in '/home/pop/ros2_ws/src/vision_processing' returned '0': DEBUGINFOD_URLS=https://debuginfod.ubuntu.com PYTHONPATH=/home/pop/ros2_ws/src/build/vision_processing/prefix_override:/usr/lib/python3/dist-packages/colcon_core/task/python/colcon_distutils_commands:/home/pop/ros2_ws/src/install/vision_processing/lib/python3.12/site-packages:${PYTHONPATH} /usr/bin/python3 -W ignore:setup.py install is deprecated -W ignore:easy_install command is deprecated setup.py egg_info --egg-base ../build/vision_processing build --build-base /home/pop/ros2_ws/src/build/vision_processing/build install --record /home/pop/ros2_ws/src/build/vision_processing/install.log --single-version-externally-managed install_data
