[0.527s] DEBUG:colcon:Command line arguments: ['/usr/bin/colcon', 'build', '--symlink-install']
[0.528s] DEBUG:colcon:Parsed command line arguments: Namespace(log_base=None, log_level=None, verb_name='build', build_base='build', install_base='install', merge_install=False, symlink_install=True, test_result_base=None, continue_on_error=False, executor='parallel', parallel_workers=4, event_handlers=None, ignore_user_meta=False, metas=['./colcon.meta'], base_paths=['.'], packages_ignore=None, packages_ignore_regex=None, paths=None, packages_up_to=None, packages_up_to_regex=None, packages_above=None, packages_above_and_dependencies=None, packages_above_depth=None, packages_select_by_dep=None, packages_skip_by_dep=None, packages_skip_up_to=None, packages_select_build_failed=False, packages_skip_build_finished=False, packages_select_test_failures=False, packages_skip_test_passed=False, packages_select=None, packages_skip=None, packages_select_regex=None, packages_skip_regex=None, packages_start=None, packages_end=None, allow_overriding=[], cmake_args=None, cmake_target=None, cmake_target_skip_unavailable=False, cmake_clean_cache=False, cmake_clean_first=False, cmake_force_configure=False, ament_cmake_args=None, catkin_cmake_args=None, catkin_skip_building_tests=False, verb_parser=<colcon_defaults.argument_parser.defaults.DefaultArgumentsDecorator object at 0xffff97575fa0>, verb_extension=<colcon_core.verb.build.BuildVerb object at 0xffff9772e780>, main=<bound method BuildVerb.main of <colcon_core.verb.build.BuildVerb object at 0xffff9772e780>>)
[0.731s] Level 1:colcon.colcon_core.package_discovery:discover_packages(colcon_meta) check parameters
[0.731s] Level 1:colcon.colcon_core.package_discovery:discover_packages(recursive) check parameters
[0.732s] Level 1:colcon.colcon_core.package_discovery:discover_packages(ignore) check parameters
[0.732s] Level 1:colcon.colcon_core.package_discovery:discover_packages(path) check parameters
[0.732s] Level 1:colcon.colcon_core.package_discovery:discover_packages(colcon_meta) discover
[0.732s] Level 1:colcon.colcon_core.package_discovery:discover_packages(recursive) discover
[0.732s] INFO:colcon.colcon_core.package_discovery:Crawling recursively for packages in '/home/pop/ros2_ws/src'
[0.733s] Level 1:colcon.colcon_core.package_identification:_identify(.) by extensions ['ignore', 'ignore_ament_install']
[0.733s] Level 1:colcon.colcon_core.package_identification:_identify(.) by extension 'ignore'
[0.733s] Level 1:colcon.colcon_core.package_identification:_identify(.) by extension 'ignore_ament_install'
[0.734s] Level 1:colcon.colcon_core.package_identification:_identify(.) by extensions ['colcon_pkg']
[0.734s] Level 1:colcon.colcon_core.package_identification:_identify(.) by extension 'colcon_pkg'
[0.734s] Level 1:colcon.colcon_core.package_identification:_identify(.) by extensions ['colcon_meta']
[0.734s] Level 1:colcon.colcon_core.package_identification:_identify(.) by extension 'colcon_meta'
[0.734s] Level 1:colcon.colcon_core.package_identification:_identify(.) by extensions ['ros']
[0.734s] Level 1:colcon.colcon_core.package_identification:_identify(.) by extension 'ros'
[0.855s] Level 1:colcon.colcon_core.package_identification:_identify(.) by extensions ['cmake', 'python']
[0.856s] Level 1:colcon.colcon_core.package_identification:_identify(.) by extension 'cmake'
[0.856s] Level 1:colcon.colcon_core.package_identification:_identify(.) by extension 'python'
[0.856s] Level 1:colcon.colcon_core.package_identification:_identify(.) by extensions ['python_setup_py']
[0.857s] Level 1:colcon.colcon_core.package_identification:_identify(.) by extension 'python_setup_py'
[0.858s] Level 1:colcon.colcon_core.package_identification:_identify(build) by extensions ['ignore', 'ignore_ament_install']
[0.858s] Level 1:colcon.colcon_core.package_identification:_identify(build) by extension 'ignore'
[0.859s] Level 1:colcon.colcon_core.package_identification:_identify(build) ignored
[0.860s] Level 1:colcon.colcon_core.package_identification:_identify(controller) by extensions ['ignore', 'ignore_ament_install']
[0.861s] Level 1:colcon.colcon_core.package_identification:_identify(controller) by extension 'ignore'
[0.862s] Level 1:colcon.colcon_core.package_identification:_identify(controller) by extension 'ignore_ament_install'
[0.862s] Level 1:colcon.colcon_core.package_identification:_identify(controller) by extensions ['colcon_pkg']
[0.863s] Level 1:colcon.colcon_core.package_identification:_identify(controller) by extension 'colcon_pkg'
[0.863s] Level 1:colcon.colcon_core.package_identification:_identify(controller) by extensions ['colcon_meta']
[0.863s] Level 1:colcon.colcon_core.package_identification:_identify(controller) by extension 'colcon_meta'
[0.864s] Level 1:colcon.colcon_core.package_identification:_identify(controller) by extensions ['ros']
[0.864s] Level 1:colcon.colcon_core.package_identification:_identify(controller) by extension 'ros'
[0.881s] DEBUG:colcon.colcon_core.package_identification:Package 'controller' with type 'ros.ament_python' and name 'controller'
[0.882s] Level 1:colcon.colcon_core.package_identification:_identify(image_viewer) by extensions ['ignore', 'ignore_ament_install']
[0.882s] Level 1:colcon.colcon_core.package_identification:_identify(image_viewer) by extension 'ignore'
[0.882s] Level 1:colcon.colcon_core.package_identification:_identify(image_viewer) by extension 'ignore_ament_install'
[0.883s] Level 1:colcon.colcon_core.package_identification:_identify(image_viewer) by extensions ['colcon_pkg']
[0.883s] Level 1:colcon.colcon_core.package_identification:_identify(image_viewer) by extension 'colcon_pkg'
[0.883s] Level 1:colcon.colcon_core.package_identification:_identify(image_viewer) by extensions ['colcon_meta']
[0.883s] Level 1:colcon.colcon_core.package_identification:_identify(image_viewer) by extension 'colcon_meta'
[0.883s] Level 1:colcon.colcon_core.package_identification:_identify(image_viewer) by extensions ['ros']
[0.883s] Level 1:colcon.colcon_core.package_identification:_identify(image_viewer) by extension 'ros'
[0.885s] DEBUG:colcon.colcon_core.package_identification:Package 'image_viewer' with type 'ros.ament_python' and name 'image_viewer'
[0.886s] Level 1:colcon.colcon_core.package_identification:_identify(install) by extensions ['ignore', 'ignore_ament_install']
[0.886s] Level 1:colcon.colcon_core.package_identification:_identify(install) by extension 'ignore'
[0.886s] Level 1:colcon.colcon_core.package_identification:_identify(install) ignored
[0.887s] Level 1:colcon.colcon_core.package_identification:_identify(log) by extensions ['ignore', 'ignore_ament_install']
[0.887s] Level 1:colcon.colcon_core.package_identification:_identify(log) by extension 'ignore'
[0.888s] Level 1:colcon.colcon_core.package_identification:_identify(log) ignored
[0.888s] Level 1:colcon.colcon_core.package_identification:_identify(motor_controller) by extensions ['ignore', 'ignore_ament_install']
[0.888s] Level 1:colcon.colcon_core.package_identification:_identify(motor_controller) by extension 'ignore'
[0.889s] Level 1:colcon.colcon_core.package_identification:_identify(motor_controller) by extension 'ignore_ament_install'
[0.889s] Level 1:colcon.colcon_core.package_identification:_identify(motor_controller) by extensions ['colcon_pkg']
[0.889s] Level 1:colcon.colcon_core.package_identification:_identify(motor_controller) by extension 'colcon_pkg'
[0.889s] Level 1:colcon.colcon_core.package_identification:_identify(motor_controller) by extensions ['colcon_meta']
[0.889s] Level 1:colcon.colcon_core.package_identification:_identify(motor_controller) by extension 'colcon_meta'
[0.889s] Level 1:colcon.colcon_core.package_identification:_identify(motor_controller) by extensions ['ros']
[0.890s] Level 1:colcon.colcon_core.package_identification:_identify(motor_controller) by extension 'ros'
[0.892s] DEBUG:colcon.colcon_core.package_identification:Package 'motor_controller' with type 'ros.ament_python' and name 'motor_controller'
[0.893s] Level 1:colcon.colcon_core.package_identification:_identify(vision_processing) by extensions ['ignore', 'ignore_ament_install']
[0.893s] Level 1:colcon.colcon_core.package_identification:_identify(vision_processing) by extension 'ignore'
[0.893s] Level 1:colcon.colcon_core.package_identification:_identify(vision_processing) by extension 'ignore_ament_install'
[0.894s] Level 1:colcon.colcon_core.package_identification:_identify(vision_processing) by extensions ['colcon_pkg']
[0.894s] Level 1:colcon.colcon_core.package_identification:_identify(vision_processing) by extension 'colcon_pkg'
[0.894s] Level 1:colcon.colcon_core.package_identification:_identify(vision_processing) by extensions ['colcon_meta']
[0.894s] Level 1:colcon.colcon_core.package_identification:_identify(vision_processing) by extension 'colcon_meta'
[0.894s] Level 1:colcon.colcon_core.package_identification:_identify(vision_processing) by extensions ['ros']
[0.895s] Level 1:colcon.colcon_core.package_identification:_identify(vision_processing) by extension 'ros'
[0.896s] DEBUG:colcon.colcon_core.package_identification:Package 'vision_processing' with type 'ros.ament_python' and name 'vision_processing'
[0.897s] Level 1:colcon.colcon_core.package_discovery:discover_packages(recursive) using defaults
[0.897s] Level 1:colcon.colcon_core.package_discovery:discover_packages(ignore) discover
[0.897s] Level 1:colcon.colcon_core.package_discovery:discover_packages(ignore) using defaults
[0.897s] Level 1:colcon.colcon_core.package_discovery:discover_packages(path) discover
[0.897s] Level 1:colcon.colcon_core.package_discovery:discover_packages(path) using defaults
[0.980s] Level 1:colcon.colcon_core.package_discovery:discover_packages(prefix_path) check parameters
[0.980s] Level 1:colcon.colcon_core.package_discovery:discover_packages(prefix_path) discover
[0.990s] DEBUG:colcon.colcon_installed_package_information.package_discovery:Found 4 installed packages in /home/pop/ros2_ws/src/install
[0.993s] DEBUG:colcon.colcon_installed_package_information.package_discovery:Found 2 installed packages in /home/pop/ros2_ws/install
[1.006s] DEBUG:colcon.colcon_installed_package_information.package_discovery:Found 326 installed packages in /opt/ros/jazzy
[1.010s] Level 1:colcon.colcon_core.package_discovery:discover_packages(prefix_path) using defaults
[1.359s] Level 5:colcon.colcon_core.verb:set package 'controller' build argument 'cmake_args' from command line to 'None'
[1.359s] Level 5:colcon.colcon_core.verb:set package 'controller' build argument 'cmake_target' from command line to 'None'
[1.359s] Level 5:colcon.colcon_core.verb:set package 'controller' build argument 'cmake_target_skip_unavailable' from command line to 'False'
[1.359s] Level 5:colcon.colcon_core.verb:set package 'controller' build argument 'cmake_clean_cache' from command line to 'False'
[1.360s] Level 5:colcon.colcon_core.verb:set package 'controller' build argument 'cmake_clean_first' from command line to 'False'
[1.360s] Level 5:colcon.colcon_core.verb:set package 'controller' build argument 'cmake_force_configure' from command line to 'False'
[1.360s] Level 5:colcon.colcon_core.verb:set package 'controller' build argument 'ament_cmake_args' from command line to 'None'
[1.360s] Level 5:colcon.colcon_core.verb:set package 'controller' build argument 'catkin_cmake_args' from command line to 'None'
[1.360s] Level 5:colcon.colcon_core.verb:set package 'controller' build argument 'catkin_skip_building_tests' from command line to 'False'
[1.360s] DEBUG:colcon.colcon_core.verb:Building package 'controller' with the following arguments: {'ament_cmake_args': None, 'build_base': '/home/pop/ros2_ws/src/build/controller', 'catkin_cmake_args': None, 'catkin_skip_building_tests': False, 'cmake_args': None, 'cmake_clean_cache': False, 'cmake_clean_first': False, 'cmake_force_configure': False, 'cmake_target': None, 'cmake_target_skip_unavailable': False, 'install_base': '/home/pop/ros2_ws/src/install/controller', 'merge_install': False, 'path': '/home/pop/ros2_ws/src/controller', 'symlink_install': True, 'test_result_base': None}
[1.362s] Level 5:colcon.colcon_core.verb:set package 'image_viewer' build argument 'cmake_args' from command line to 'None'
[1.362s] Level 5:colcon.colcon_core.verb:set package 'image_viewer' build argument 'cmake_target' from command line to 'None'
[1.362s] Level 5:colcon.colcon_core.verb:set package 'image_viewer' build argument 'cmake_target_skip_unavailable' from command line to 'False'
[1.363s] Level 5:colcon.colcon_core.verb:set package 'image_viewer' build argument 'cmake_clean_cache' from command line to 'False'
[1.363s] Level 5:colcon.colcon_core.verb:set package 'image_viewer' build argument 'cmake_clean_first' from command line to 'False'
[1.363s] Level 5:colcon.colcon_core.verb:set package 'image_viewer' build argument 'cmake_force_configure' from command line to 'False'
[1.363s] Level 5:colcon.colcon_core.verb:set package 'image_viewer' build argument 'ament_cmake_args' from command line to 'None'
[1.363s] Level 5:colcon.colcon_core.verb:set package 'image_viewer' build argument 'catkin_cmake_args' from command line to 'None'
[1.363s] Level 5:colcon.colcon_core.verb:set package 'image_viewer' build argument 'catkin_skip_building_tests' from command line to 'False'
[1.363s] DEBUG:colcon.colcon_core.verb:Building package 'image_viewer' with the following arguments: {'ament_cmake_args': None, 'build_base': '/home/pop/ros2_ws/src/build/image_viewer', 'catkin_cmake_args': None, 'catkin_skip_building_tests': False, 'cmake_args': None, 'cmake_clean_cache': False, 'cmake_clean_first': False, 'cmake_force_configure': False, 'cmake_target': None, 'cmake_target_skip_unavailable': False, 'install_base': '/home/pop/ros2_ws/src/install/image_viewer', 'merge_install': False, 'path': '/home/pop/ros2_ws/src/image_viewer', 'symlink_install': True, 'test_result_base': None}
[1.365s] Level 5:colcon.colcon_core.verb:set package 'motor_controller' build argument 'cmake_args' from command line to 'None'
[1.366s] Level 5:colcon.colcon_core.verb:set package 'motor_controller' build argument 'cmake_target' from command line to 'None'
[1.366s] Level 5:colcon.colcon_core.verb:set package 'motor_controller' build argument 'cmake_target_skip_unavailable' from command line to 'False'
[1.366s] Level 5:colcon.colcon_core.verb:set package 'motor_controller' build argument 'cmake_clean_cache' from command line to 'False'
[1.366s] Level 5:colcon.colcon_core.verb:set package 'motor_controller' build argument 'cmake_clean_first' from command line to 'False'
[1.366s] Level 5:colcon.colcon_core.verb:set package 'motor_controller' build argument 'cmake_force_configure' from command line to 'False'
[1.367s] Level 5:colcon.colcon_core.verb:set package 'motor_controller' build argument 'ament_cmake_args' from command line to 'None'
[1.367s] Level 5:colcon.colcon_core.verb:set package 'motor_controller' build argument 'catkin_cmake_args' from command line to 'None'
[1.367s] Level 5:colcon.colcon_core.verb:set package 'motor_controller' build argument 'catkin_skip_building_tests' from command line to 'False'
[1.367s] DEBUG:colcon.colcon_core.verb:Building package 'motor_controller' with the following arguments: {'ament_cmake_args': None, 'build_base': '/home/pop/ros2_ws/src/build/motor_controller', 'catkin_cmake_args': None, 'catkin_skip_building_tests': False, 'cmake_args': None, 'cmake_clean_cache': False, 'cmake_clean_first': False, 'cmake_force_configure': False, 'cmake_target': None, 'cmake_target_skip_unavailable': False, 'install_base': '/home/pop/ros2_ws/src/install/motor_controller', 'merge_install': False, 'path': '/home/pop/ros2_ws/src/motor_controller', 'symlink_install': True, 'test_result_base': None}
[1.369s] Level 5:colcon.colcon_core.verb:set package 'vision_processing' build argument 'cmake_args' from command line to 'None'
[1.370s] Level 5:colcon.colcon_core.verb:set package 'vision_processing' build argument 'cmake_target' from command line to 'None'
[1.370s] Level 5:colcon.colcon_core.verb:set package 'vision_processing' build argument 'cmake_target_skip_unavailable' from command line to 'False'
[1.370s] Level 5:colcon.colcon_core.verb:set package 'vision_processing' build argument 'cmake_clean_cache' from command line to 'False'
[1.370s] Level 5:colcon.colcon_core.verb:set package 'vision_processing' build argument 'cmake_clean_first' from command line to 'False'
[1.371s] Level 5:colcon.colcon_core.verb:set package 'vision_processing' build argument 'cmake_force_configure' from command line to 'False'
[1.371s] Level 5:colcon.colcon_core.verb:set package 'vision_processing' build argument 'ament_cmake_args' from command line to 'None'
[1.371s] Level 5:colcon.colcon_core.verb:set package 'vision_processing' build argument 'catkin_cmake_args' from command line to 'None'
[1.371s] Level 5:colcon.colcon_core.verb:set package 'vision_processing' build argument 'catkin_skip_building_tests' from command line to 'False'
[1.372s] DEBUG:colcon.colcon_core.verb:Building package 'vision_processing' with the following arguments: {'ament_cmake_args': None, 'build_base': '/home/pop/ros2_ws/src/build/vision_processing', 'catkin_cmake_args': None, 'catkin_skip_building_tests': False, 'cmake_args': None, 'cmake_clean_cache': False, 'cmake_clean_first': False, 'cmake_force_configure': False, 'cmake_target': None, 'cmake_target_skip_unavailable': False, 'install_base': '/home/pop/ros2_ws/src/install/vision_processing', 'merge_install': False, 'path': '/home/pop/ros2_ws/src/vision_processing', 'symlink_install': True, 'test_result_base': None}
[1.373s] INFO:colcon.colcon_core.executor:Executing jobs using 'parallel' executor
[1.376s] DEBUG:colcon.colcon_parallel_executor.executor.parallel:run_until_complete
[1.378s] INFO:colcon.colcon_ros.task.ament_python.build:Building ROS package in '/home/pop/ros2_ws/src/controller' with build type 'ament_python'
[1.379s] Level 1:colcon.colcon_core.shell:create_environment_hook('controller', 'ament_prefix_path')
[1.394s] INFO:colcon.colcon_core.plugin_system:Skipping extension 'colcon_core.shell.bat': Not used on non-Windows systems
[1.396s] INFO:colcon.colcon_core.shell:Creating environment hook '/home/pop/ros2_ws/src/install/controller/share/controller/hook/ament_prefix_path.ps1'
[1.403s] INFO:colcon.colcon_core.shell:Creating environment descriptor '/home/pop/ros2_ws/src/install/controller/share/controller/hook/ament_prefix_path.dsv'
[1.407s] INFO:colcon.colcon_core.shell:Creating environment hook '/home/pop/ros2_ws/src/install/controller/share/controller/hook/ament_prefix_path.sh'
[1.413s] INFO:colcon.colcon_core.shell:Skip shell extension 'powershell' for command environment: Not usable outside of PowerShell
[1.414s] DEBUG:colcon.colcon_core.shell:Skip shell extension 'dsv' for command environment
[1.445s] INFO:colcon.colcon_ros.task.ament_python.build:Building ROS package in '/home/pop/ros2_ws/src/image_viewer' with build type 'ament_python'
[1.445s] Level 1:colcon.colcon_core.shell:create_environment_hook('image_viewer', 'ament_prefix_path')
[1.446s] INFO:colcon.colcon_core.shell:Creating environment hook '/home/pop/ros2_ws/src/install/image_viewer/share/image_viewer/hook/ament_prefix_path.ps1'
[1.451s] INFO:colcon.colcon_core.shell:Creating environment descriptor '/home/pop/ros2_ws/src/install/image_viewer/share/image_viewer/hook/ament_prefix_path.dsv'
[1.455s] INFO:colcon.colcon_core.shell:Creating environment hook '/home/pop/ros2_ws/src/install/image_viewer/share/image_viewer/hook/ament_prefix_path.sh'
[1.459s] INFO:colcon.colcon_core.shell:Skip shell extension 'powershell' for command environment: Not usable outside of PowerShell
[1.460s] DEBUG:colcon.colcon_core.shell:Skip shell extension 'dsv' for command environment
[1.491s] INFO:colcon.colcon_ros.task.ament_python.build:Building ROS package in '/home/pop/ros2_ws/src/motor_controller' with build type 'ament_python'
[1.492s] Level 1:colcon.colcon_core.shell:create_environment_hook('motor_controller', 'ament_prefix_path')
[1.495s] INFO:colcon.colcon_core.shell:Creating environment hook '/home/pop/ros2_ws/src/install/motor_controller/share/motor_controller/hook/ament_prefix_path.ps1'
[1.500s] INFO:colcon.colcon_core.shell:Creating environment descriptor '/home/pop/ros2_ws/src/install/motor_controller/share/motor_controller/hook/ament_prefix_path.dsv'
[1.506s] INFO:colcon.colcon_core.shell:Creating environment hook '/home/pop/ros2_ws/src/install/motor_controller/share/motor_controller/hook/ament_prefix_path.sh'
[1.514s] INFO:colcon.colcon_core.shell:Skip shell extension 'powershell' for command environment: Not usable outside of PowerShell
[1.515s] DEBUG:colcon.colcon_core.shell:Skip shell extension 'dsv' for command environment
[1.545s] INFO:colcon.colcon_ros.task.ament_python.build:Building ROS package in '/home/pop/ros2_ws/src/vision_processing' with build type 'ament_python'
[1.545s] Level 1:colcon.colcon_core.shell:create_environment_hook('vision_processing', 'ament_prefix_path')
[1.546s] INFO:colcon.colcon_core.shell:Creating environment hook '/home/pop/ros2_ws/src/install/vision_processing/share/vision_processing/hook/ament_prefix_path.ps1'
[1.551s] INFO:colcon.colcon_core.shell:Creating environment descriptor '/home/pop/ros2_ws/src/install/vision_processing/share/vision_processing/hook/ament_prefix_path.dsv'
[1.553s] INFO:colcon.colcon_core.shell:Creating environment hook '/home/pop/ros2_ws/src/install/vision_processing/share/vision_processing/hook/ament_prefix_path.sh'
[1.558s] INFO:colcon.colcon_core.shell:Skip shell extension 'powershell' for command environment: Not usable outside of PowerShell
[1.558s] DEBUG:colcon.colcon_core.shell:Skip shell extension 'dsv' for command environment
[2.848s] INFO:colcon.colcon_core.task.python.build:Building Python package in '/home/pop/ros2_ws/src/controller'
[2.849s] INFO:colcon.colcon_core.shell:Skip shell extension 'powershell' for command environment: Not usable outside of PowerShell
[2.849s] DEBUG:colcon.colcon_core.shell:Skip shell extension 'dsv' for command environment
[4.155s] INFO:colcon.colcon_core.task.python.build:Building Python package in '/home/pop/ros2_ws/src/image_viewer'
[4.156s] INFO:colcon.colcon_core.shell:Skip shell extension 'powershell' for command environment: Not usable outside of PowerShell
[4.156s] DEBUG:colcon.colcon_core.shell:Skip shell extension 'dsv' for command environment
[5.431s] INFO:colcon.colcon_core.task.python.build:Building Python package in '/home/pop/ros2_ws/src/motor_controller'
[5.432s] INFO:colcon.colcon_core.shell:Skip shell extension 'powershell' for command environment: Not usable outside of PowerShell
[5.433s] DEBUG:colcon.colcon_core.shell:Skip shell extension 'dsv' for command environment
[6.709s] INFO:colcon.colcon_core.task.python.build:Building Python package in '/home/pop/ros2_ws/src/vision_processing'
[6.713s] INFO:colcon.colcon_core.shell:Skip shell extension 'powershell' for command environment: Not usable outside of PowerShell
[6.714s] DEBUG:colcon.colcon_core.shell:Skip shell extension 'dsv' for command environment
[12.657s] DEBUG:colcon.colcon_core.task.python.build:While undoing a previous installation files outside the Python library path are being ignored: /home/pop/ros2_ws/src/install/vision_processing/share/ament_index/resource_index/packages/vision_processing
[12.657s] DEBUG:colcon.colcon_core.task.python.build:While undoing a previous installation files outside the Python library path are being ignored: /home/pop/ros2_ws/src/install/vision_processing/share/vision_processing/package.xml
[12.663s] DEBUG:colcon.colcon_core.task.python.build:While undoing a previous installation files outside the Python library path are being ignored: /home/pop/ros2_ws/src/install/vision_processing/lib/vision_processing/vision_processing
[12.715s] DEBUG:colcon.colcon_core.event_handler.log_command:Invoking command in '/home/pop/ros2_ws/src/build/vision_processing': DEBUGINFOD_URLS=https://debuginfod.ubuntu.com PYTHONPATH=/home/pop/ros2_ws/src/build/vision_processing/prefix_override:/usr/lib/python3/dist-packages/colcon_core/task/python/colcon_distutils_commands:/home/pop/ros2_ws/src/install/vision_processing/lib/python3.12/site-packages:${PYTHONPATH} /usr/bin/python3 -W ignore:setup.py install is deprecated -W ignore:easy_install command is deprecated setup.py develop --editable --build-directory /home/pop/ros2_ws/src/build/vision_processing/build --no-deps symlink_data --force
[14.515s] DEBUG:colcon.colcon_core.task.python.build:While undoing a previous installation files outside the Python library path are being ignored: /home/pop/ros2_ws/src/install/motor_controller/share/ament_index/resource_index/packages/motor_controller
[14.516s] DEBUG:colcon.colcon_core.task.python.build:While undoing a previous installation files outside the Python library path are being ignored: /home/pop/ros2_ws/src/install/motor_controller/share/motor_controller/package.xml
[14.519s] DEBUG:colcon.colcon_core.task.python.build:While undoing a previous installation files outside the Python library path are being ignored: /home/pop/ros2_ws/src/install/motor_controller/lib/motor_controller/arduino_interface_node
[14.533s] DEBUG:colcon.colcon_core.event_handler.log_command:Invoking command in '/home/pop/ros2_ws/src/build/motor_controller': DEBUGINFOD_URLS=https://debuginfod.ubuntu.com PYTHONPATH=/home/pop/ros2_ws/src/build/motor_controller/prefix_override:/usr/lib/python3/dist-packages/colcon_core/task/python/colcon_distutils_commands:/home/pop/ros2_ws/src/install/motor_controller/lib/python3.12/site-packages:${PYTHONPATH} /usr/bin/python3 -W ignore:setup.py install is deprecated -W ignore:easy_install command is deprecated setup.py develop --editable --build-directory /home/pop/ros2_ws/src/build/motor_controller/build --no-deps symlink_data --force
[15.215s] DEBUG:colcon.colcon_core.task.python.build:While undoing a previous installation files outside the Python library path are being ignored: /home/pop/ros2_ws/src/install/controller/share/ament_index/resource_index/packages/controller
[15.220s] DEBUG:colcon.colcon_core.task.python.build:While undoing a previous installation files outside the Python library path are being ignored: /home/pop/ros2_ws/src/install/controller/share/controller/package.xml
[15.230s] DEBUG:colcon.colcon_core.task.python.build:While undoing a previous installation files outside the Python library path are being ignored: /home/pop/ros2_ws/src/install/controller/lib/controller/controller
[15.270s] DEBUG:colcon.colcon_core.event_handler.log_command:Invoking command in '/home/pop/ros2_ws/src/build/controller': DEBUGINFOD_URLS=https://debuginfod.ubuntu.com PYTHONPATH=/home/pop/ros2_ws/src/build/controller/prefix_override:/usr/lib/python3/dist-packages/colcon_core/task/python/colcon_distutils_commands:/home/pop/ros2_ws/src/install/controller/lib/python3.12/site-packages:${PYTHONPATH} /usr/bin/python3 -W ignore:setup.py install is deprecated -W ignore:easy_install command is deprecated setup.py develop --editable --build-directory /home/pop/ros2_ws/src/build/controller/build --no-deps symlink_data --force
[16.313s] DEBUG:colcon.colcon_core.task.python.build:While undoing a previous installation files outside the Python library path are being ignored: /home/pop/ros2_ws/src/install/image_viewer/share/ament_index/resource_index/packages/image_viewer
[16.313s] DEBUG:colcon.colcon_core.task.python.build:While undoing a previous installation files outside the Python library path are being ignored: /home/pop/ros2_ws/src/install/image_viewer/share/image_viewer/package.xml
[16.319s] DEBUG:colcon.colcon_core.task.python.build:While undoing a previous installation files outside the Python library path are being ignored: /home/pop/ros2_ws/src/install/image_viewer/lib/image_viewer/image_viewer
[16.343s] DEBUG:colcon.colcon_core.event_handler.log_command:Invoking command in '/home/pop/ros2_ws/src/build/image_viewer': DEBUGINFOD_URLS=https://debuginfod.ubuntu.com PYTHONPATH=/home/pop/ros2_ws/src/build/image_viewer/prefix_override:/usr/lib/python3/dist-packages/colcon_core/task/python/colcon_distutils_commands:/home/pop/ros2_ws/src/install/image_viewer/lib/python3.12/site-packages:${PYTHONPATH} /usr/bin/python3 -W ignore:setup.py install is deprecated -W ignore:easy_install command is deprecated setup.py develop --editable --build-directory /home/pop/ros2_ws/src/build/image_viewer/build --no-deps symlink_data --force
[20.954s] Level 1:colcon.colcon_core.shell:create_environment_hook('vision_processing', 'pythonpath_develop')
[20.957s] INFO:colcon.colcon_core.shell:Creating environment hook '/home/pop/ros2_ws/src/build/vision_processing/share/vision_processing/hook/pythonpath_develop.ps1'
[20.960s] DEBUG:colcon.colcon_core.event_handler.log_command:Invoked command in '/home/pop/ros2_ws/src/build/vision_processing' returned '0': DEBUGINFOD_URLS=https://debuginfod.ubuntu.com PYTHONPATH=/home/pop/ros2_ws/src/build/vision_processing/prefix_override:/usr/lib/python3/dist-packages/colcon_core/task/python/colcon_distutils_commands:/home/pop/ros2_ws/src/install/vision_processing/lib/python3.12/site-packages:${PYTHONPATH} /usr/bin/python3 -W ignore:setup.py install is deprecated -W ignore:easy_install command is deprecated setup.py develop --editable --build-directory /home/pop/ros2_ws/src/build/vision_processing/build --no-deps symlink_data --force
[20.965s] INFO:colcon.colcon_core.shell:Creating environment descriptor '/home/pop/ros2_ws/src/build/vision_processing/share/vision_processing/hook/pythonpath_develop.dsv'
[20.967s] INFO:colcon.colcon_core.shell:Creating environment hook '/home/pop/ros2_ws/src/build/vision_processing/share/vision_processing/hook/pythonpath_develop.sh'
[21.002s] Level 1:colcon.colcon_core.environment:checking '/home/pop/ros2_ws/src/install/vision_processing' for CMake module files
[21.006s] Level 1:colcon.colcon_core.environment:checking '/home/pop/ros2_ws/src/install/vision_processing' for CMake config files
[21.013s] Level 1:colcon.colcon_core.environment:checking '/home/pop/ros2_ws/src/install/vision_processing/lib'
[21.015s] Level 1:colcon.colcon_core.environment:checking '/home/pop/ros2_ws/src/install/vision_processing/bin'
[21.015s] Level 1:colcon.colcon_core.environment:checking '/home/pop/ros2_ws/src/install/vision_processing/lib/pkgconfig/vision_processing.pc'
[21.017s] Level 1:colcon.colcon_core.environment:checking '/home/pop/ros2_ws/src/install/vision_processing/lib/python3.12/site-packages'
[21.018s] Level 1:colcon.colcon_core.shell:create_environment_hook('vision_processing', 'pythonpath')
[21.019s] INFO:colcon.colcon_core.shell:Creating environment hook '/home/pop/ros2_ws/src/install/vision_processing/share/vision_processing/hook/pythonpath.ps1'
[21.023s] INFO:colcon.colcon_core.shell:Creating environment descriptor '/home/pop/ros2_ws/src/install/vision_processing/share/vision_processing/hook/pythonpath.dsv'
[21.025s] INFO:colcon.colcon_core.shell:Creating environment hook '/home/pop/ros2_ws/src/install/vision_processing/share/vision_processing/hook/pythonpath.sh'
[21.030s] Level 1:colcon.colcon_core.environment:checking '/home/pop/ros2_ws/src/install/vision_processing/bin'
[21.030s] Level 1:colcon.colcon_core.environment:create_environment_scripts_only(vision_processing)
[21.031s] INFO:colcon.colcon_core.shell:Creating package script '/home/pop/ros2_ws/src/install/vision_processing/share/vision_processing/package.ps1'
[21.037s] INFO:colcon.colcon_core.shell:Creating package descriptor '/home/pop/ros2_ws/src/install/vision_processing/share/vision_processing/package.dsv'
[21.042s] INFO:colcon.colcon_core.shell:Creating package script '/home/pop/ros2_ws/src/install/vision_processing/share/vision_processing/package.sh'
[21.049s] INFO:colcon.colcon_core.shell:Creating package script '/home/pop/ros2_ws/src/install/vision_processing/share/vision_processing/package.bash'
[21.054s] INFO:colcon.colcon_core.shell:Creating package script '/home/pop/ros2_ws/src/install/vision_processing/share/vision_processing/package.zsh'
[21.057s] Level 1:colcon.colcon_core.environment:create_file_with_runtime_dependencies(/home/pop/ros2_ws/src/install/vision_processing/share/colcon-core/packages/vision_processing)
[21.436s] Level 1:colcon.colcon_core.shell:create_environment_hook('motor_controller', 'pythonpath_develop')
[21.437s] INFO:colcon.colcon_core.shell:Creating environment hook '/home/pop/ros2_ws/src/build/motor_controller/share/motor_controller/hook/pythonpath_develop.ps1'
[21.439s] DEBUG:colcon.colcon_core.event_handler.log_command:Invoked command in '/home/pop/ros2_ws/src/build/motor_controller' returned '0': DEBUGINFOD_URLS=https://debuginfod.ubuntu.com PYTHONPATH=/home/pop/ros2_ws/src/build/motor_controller/prefix_override:/usr/lib/python3/dist-packages/colcon_core/task/python/colcon_distutils_commands:/home/pop/ros2_ws/src/install/motor_controller/lib/python3.12/site-packages:${PYTHONPATH} /usr/bin/python3 -W ignore:setup.py install is deprecated -W ignore:easy_install command is deprecated setup.py develop --editable --build-directory /home/pop/ros2_ws/src/build/motor_controller/build --no-deps symlink_data --force
[21.443s] INFO:colcon.colcon_core.shell:Creating environment descriptor '/home/pop/ros2_ws/src/build/motor_controller/share/motor_controller/hook/pythonpath_develop.dsv'
[21.445s] INFO:colcon.colcon_core.shell:Creating environment hook '/home/pop/ros2_ws/src/build/motor_controller/share/motor_controller/hook/pythonpath_develop.sh'
[21.448s] Level 1:colcon.colcon_core.environment:checking '/home/pop/ros2_ws/src/install/motor_controller' for CMake module files
[21.452s] Level 1:colcon.colcon_core.environment:checking '/home/pop/ros2_ws/src/install/motor_controller' for CMake config files
[21.455s] Level 1:colcon.colcon_core.environment:checking '/home/pop/ros2_ws/src/install/motor_controller/lib'
[21.456s] Level 1:colcon.colcon_core.environment:checking '/home/pop/ros2_ws/src/install/motor_controller/bin'
[21.457s] Level 1:colcon.colcon_core.environment:checking '/home/pop/ros2_ws/src/install/motor_controller/lib/pkgconfig/motor_controller.pc'
[21.459s] Level 1:colcon.colcon_core.environment:checking '/home/pop/ros2_ws/src/install/motor_controller/lib/python3.12/site-packages'
[21.460s] Level 1:colcon.colcon_core.shell:create_environment_hook('motor_controller', 'pythonpath')
[21.462s] INFO:colcon.colcon_core.shell:Creating environment hook '/home/pop/ros2_ws/src/install/motor_controller/share/motor_controller/hook/pythonpath.ps1'
[21.466s] INFO:colcon.colcon_core.shell:Creating environment descriptor '/home/pop/ros2_ws/src/install/motor_controller/share/motor_controller/hook/pythonpath.dsv'
[21.469s] INFO:colcon.colcon_core.shell:Creating environment hook '/home/pop/ros2_ws/src/install/motor_controller/share/motor_controller/hook/pythonpath.sh'
[21.474s] Level 1:colcon.colcon_core.environment:checking '/home/pop/ros2_ws/src/install/motor_controller/bin'
[21.475s] Level 1:colcon.colcon_core.environment:create_environment_scripts_only(motor_controller)
[21.476s] INFO:colcon.colcon_core.shell:Creating package script '/home/pop/ros2_ws/src/install/motor_controller/share/motor_controller/package.ps1'
[21.480s] INFO:colcon.colcon_core.shell:Creating package descriptor '/home/pop/ros2_ws/src/install/motor_controller/share/motor_controller/package.dsv'
[21.485s] INFO:colcon.colcon_core.shell:Creating package script '/home/pop/ros2_ws/src/install/motor_controller/share/motor_controller/package.sh'
[21.495s] INFO:colcon.colcon_core.shell:Creating package script '/home/pop/ros2_ws/src/install/motor_controller/share/motor_controller/package.bash'
[21.499s] INFO:colcon.colcon_core.shell:Creating package script '/home/pop/ros2_ws/src/install/motor_controller/share/motor_controller/package.zsh'
[21.507s] Level 1:colcon.colcon_core.environment:create_file_with_runtime_dependencies(/home/pop/ros2_ws/src/install/motor_controller/share/colcon-core/packages/motor_controller)
[22.892s] Level 1:colcon.colcon_core.shell:create_environment_hook('controller', 'pythonpath_develop')
[22.893s] INFO:colcon.colcon_core.shell:Creating environment hook '/home/pop/ros2_ws/src/build/controller/share/controller/hook/pythonpath_develop.ps1'
[22.896s] DEBUG:colcon.colcon_core.event_handler.log_command:Invoked command in '/home/pop/ros2_ws/src/build/controller' returned '0': DEBUGINFOD_URLS=https://debuginfod.ubuntu.com PYTHONPATH=/home/pop/ros2_ws/src/build/controller/prefix_override:/usr/lib/python3/dist-packages/colcon_core/task/python/colcon_distutils_commands:/home/pop/ros2_ws/src/install/controller/lib/python3.12/site-packages:${PYTHONPATH} /usr/bin/python3 -W ignore:setup.py install is deprecated -W ignore:easy_install command is deprecated setup.py develop --editable --build-directory /home/pop/ros2_ws/src/build/controller/build --no-deps symlink_data --force
[22.897s] INFO:colcon.colcon_core.shell:Creating environment descriptor '/home/pop/ros2_ws/src/build/controller/share/controller/hook/pythonpath_develop.dsv'
[22.900s] INFO:colcon.colcon_core.shell:Creating environment hook '/home/pop/ros2_ws/src/build/controller/share/controller/hook/pythonpath_develop.sh'
[22.903s] Level 1:colcon.colcon_core.environment:checking '/home/pop/ros2_ws/src/install/controller' for CMake module files
[22.906s] Level 1:colcon.colcon_core.environment:checking '/home/pop/ros2_ws/src/install/controller' for CMake config files
[22.918s] Level 1:colcon.colcon_core.environment:checking '/home/pop/ros2_ws/src/install/controller/lib'
[22.922s] Level 1:colcon.colcon_core.environment:checking '/home/pop/ros2_ws/src/install/controller/bin'
[22.923s] Level 1:colcon.colcon_core.environment:checking '/home/pop/ros2_ws/src/install/controller/lib/pkgconfig/controller.pc'
[22.924s] Level 1:colcon.colcon_core.environment:checking '/home/pop/ros2_ws/src/install/controller/lib/python3.12/site-packages'
[22.925s] Level 1:colcon.colcon_core.shell:create_environment_hook('controller', 'pythonpath')
[22.925s] INFO:colcon.colcon_core.shell:Creating environment hook '/home/pop/ros2_ws/src/install/controller/share/controller/hook/pythonpath.ps1'
[22.937s] INFO:colcon.colcon_core.shell:Creating environment descriptor '/home/pop/ros2_ws/src/install/controller/share/controller/hook/pythonpath.dsv'
[22.943s] INFO:colcon.colcon_core.shell:Creating environment hook '/home/pop/ros2_ws/src/install/controller/share/controller/hook/pythonpath.sh'
[22.950s] Level 1:colcon.colcon_core.environment:checking '/home/pop/ros2_ws/src/install/controller/bin'
[22.951s] Level 1:colcon.colcon_core.environment:create_environment_scripts_only(controller)
[22.952s] INFO:colcon.colcon_core.shell:Creating package script '/home/pop/ros2_ws/src/install/controller/share/controller/package.ps1'
[22.956s] INFO:colcon.colcon_core.shell:Creating package descriptor '/home/pop/ros2_ws/src/install/controller/share/controller/package.dsv'
[22.959s] INFO:colcon.colcon_core.shell:Creating package script '/home/pop/ros2_ws/src/install/controller/share/controller/package.sh'
[22.962s] INFO:colcon.colcon_core.shell:Creating package script '/home/pop/ros2_ws/src/install/controller/share/controller/package.bash'
[22.965s] INFO:colcon.colcon_core.shell:Creating package script '/home/pop/ros2_ws/src/install/controller/share/controller/package.zsh'
[22.969s] Level 1:colcon.colcon_core.environment:create_file_with_runtime_dependencies(/home/pop/ros2_ws/src/install/controller/share/colcon-core/packages/controller)
[23.606s] Level 1:colcon.colcon_core.shell:create_environment_hook('image_viewer', 'pythonpath_develop')
[23.608s] INFO:colcon.colcon_core.shell:Creating environment hook '/home/pop/ros2_ws/src/build/image_viewer/share/image_viewer/hook/pythonpath_develop.ps1'
[23.611s] DEBUG:colcon.colcon_core.event_handler.log_command:Invoked command in '/home/pop/ros2_ws/src/build/image_viewer' returned '0': DEBUGINFOD_URLS=https://debuginfod.ubuntu.com PYTHONPATH=/home/pop/ros2_ws/src/build/image_viewer/prefix_override:/usr/lib/python3/dist-packages/colcon_core/task/python/colcon_distutils_commands:/home/pop/ros2_ws/src/install/image_viewer/lib/python3.12/site-packages:${PYTHONPATH} /usr/bin/python3 -W ignore:setup.py install is deprecated -W ignore:easy_install command is deprecated setup.py develop --editable --build-directory /home/pop/ros2_ws/src/build/image_viewer/build --no-deps symlink_data --force
[23.615s] INFO:colcon.colcon_core.shell:Creating environment descriptor '/home/pop/ros2_ws/src/build/image_viewer/share/image_viewer/hook/pythonpath_develop.dsv'
[23.620s] INFO:colcon.colcon_core.shell:Creating environment hook '/home/pop/ros2_ws/src/build/image_viewer/share/image_viewer/hook/pythonpath_develop.sh'
[23.625s] Level 1:colcon.colcon_core.environment:checking '/home/pop/ros2_ws/src/install/image_viewer' for CMake module files
[23.628s] Level 1:colcon.colcon_core.environment:checking '/home/pop/ros2_ws/src/install/image_viewer' for CMake config files
[23.632s] Level 1:colcon.colcon_core.environment:checking '/home/pop/ros2_ws/src/install/image_viewer/lib'
[23.633s] Level 1:colcon.colcon_core.environment:checking '/home/pop/ros2_ws/src/install/image_viewer/bin'
[23.633s] Level 1:colcon.colcon_core.environment:checking '/home/pop/ros2_ws/src/install/image_viewer/lib/pkgconfig/image_viewer.pc'
[23.635s] Level 1:colcon.colcon_core.environment:checking '/home/pop/ros2_ws/src/install/image_viewer/lib/python3.12/site-packages'
[23.635s] Level 1:colcon.colcon_core.shell:create_environment_hook('image_viewer', 'pythonpath')
[23.636s] INFO:colcon.colcon_core.shell:Creating environment hook '/home/pop/ros2_ws/src/install/image_viewer/share/image_viewer/hook/pythonpath.ps1'
[23.638s] INFO:colcon.colcon_core.shell:Creating environment descriptor '/home/pop/ros2_ws/src/install/image_viewer/share/image_viewer/hook/pythonpath.dsv'
[23.641s] INFO:colcon.colcon_core.shell:Creating environment hook '/home/pop/ros2_ws/src/install/image_viewer/share/image_viewer/hook/pythonpath.sh'
[23.646s] Level 1:colcon.colcon_core.environment:checking '/home/pop/ros2_ws/src/install/image_viewer/bin'
[23.646s] Level 1:colcon.colcon_core.environment:create_environment_scripts_only(image_viewer)
[23.648s] INFO:colcon.colcon_core.shell:Creating package script '/home/pop/ros2_ws/src/install/image_viewer/share/image_viewer/package.ps1'
[23.651s] INFO:colcon.colcon_core.shell:Creating package descriptor '/home/pop/ros2_ws/src/install/image_viewer/share/image_viewer/package.dsv'
[23.653s] INFO:colcon.colcon_core.shell:Creating package script '/home/pop/ros2_ws/src/install/image_viewer/share/image_viewer/package.sh'
[23.655s] INFO:colcon.colcon_core.shell:Creating package script '/home/pop/ros2_ws/src/install/image_viewer/share/image_viewer/package.bash'
[23.657s] INFO:colcon.colcon_core.shell:Creating package script '/home/pop/ros2_ws/src/install/image_viewer/share/image_viewer/package.zsh'
[23.660s] Level 1:colcon.colcon_core.environment:create_file_with_runtime_dependencies(/home/pop/ros2_ws/src/install/image_viewer/share/colcon-core/packages/image_viewer)
[23.661s] DEBUG:colcon.colcon_parallel_executor.executor.parallel:closing loop
[23.663s] DEBUG:colcon.colcon_parallel_executor.executor.parallel:loop closed
[23.664s] DEBUG:colcon.colcon_parallel_executor.executor.parallel:run_until_complete finished with '0'
[23.664s] DEBUG:colcon.colcon_core.event_reactor:joining thread
[23.706s] INFO:colcon.colcon_core.plugin_system:Skipping extension 'colcon_notification.desktop_notification.terminal_notifier': Not used on non-Darwin systems
[23.708s] INFO:colcon.colcon_core.plugin_system:Skipping extension 'colcon_notification.desktop_notification.win32': Not used on non-Windows systems
[23.709s] INFO:colcon.colcon_notification.desktop_notification:Sending desktop notification using 'notify2'
[23.787s] DEBUG:colcon.colcon_core.event_reactor:joined thread
[23.789s] INFO:colcon.colcon_core.shell:Creating prefix script '/home/pop/ros2_ws/src/install/local_setup.ps1'
[23.793s] INFO:colcon.colcon_core.shell:Creating prefix util module '/home/pop/ros2_ws/src/install/_local_setup_util_ps1.py'
[23.801s] INFO:colcon.colcon_core.shell:Creating prefix chain script '/home/pop/ros2_ws/src/install/setup.ps1'
[23.810s] INFO:colcon.colcon_core.shell:Creating prefix script '/home/pop/ros2_ws/src/install/local_setup.sh'
[23.813s] INFO:colcon.colcon_core.shell:Creating prefix util module '/home/pop/ros2_ws/src/install/_local_setup_util_sh.py'
[23.817s] INFO:colcon.colcon_core.shell:Creating prefix chain script '/home/pop/ros2_ws/src/install/setup.sh'
[23.825s] INFO:colcon.colcon_core.shell:Creating prefix script '/home/pop/ros2_ws/src/install/local_setup.bash'
[23.828s] INFO:colcon.colcon_core.shell:Creating prefix chain script '/home/pop/ros2_ws/src/install/setup.bash'
[23.836s] INFO:colcon.colcon_core.shell:Creating prefix script '/home/pop/ros2_ws/src/install/local_setup.zsh'
[23.845s] INFO:colcon.colcon_core.shell:Creating prefix chain script '/home/pop/ros2_ws/src/install/setup.zsh'
