[16.717s] Invoking command in '/home/pop/ros2_ws/src/controller': DEBUGINFOD_URLS=https://debuginfod.ubuntu.com PYTHONPATH=/home/pop/ros2_ws/src/build/controller/prefix_override:/usr/lib/python3/dist-packages/colcon_core/task/python/colcon_distutils_commands:/home/pop/ros2_ws/src/install/controller/lib/python3.12/site-packages:${PYTHONPATH} /usr/bin/python3 -W ignore:setup.py install is deprecated -W ignore:easy_install command is deprecated setup.py egg_info --egg-base ../build/controller build --build-base /home/pop/ros2_ws/src/build/controller/build install --record /home/pop/ros2_ws/src/build/controller/install.log --single-version-externally-managed install_data
[21.598s] running egg_info
[21.610s] creating ../build/controller/controller.egg-info
[22.296s] writing ../build/controller/controller.egg-info/PKG-INFO
[22.306s] writing dependency_links to ../build/controller/controller.egg-info/dependency_links.txt
[22.307s] writing requirements to ../build/controller/controller.egg-info/requires.txt
[22.312s] writing top-level names to ../build/controller/controller.egg-info/top_level.txt
[22.313s] writing manifest file '../build/controller/controller.egg-info/SOURCES.txt'
[22.848s] reading manifest file '../build/controller/controller.egg-info/SOURCES.txt'
[22.849s] writing manifest file '../build/controller/controller.egg-info/SOURCES.txt'
[22.851s] running build
[22.854s] running build_py
[22.858s] creating /home/pop/ros2_ws/src/build/controller/build
[22.863s] creating /home/pop/ros2_ws/src/build/controller/build/lib
[22.866s] creating /home/pop/ros2_ws/src/build/controller/build/lib/controller
[22.867s] copying controller/__init__.py -> /home/pop/ros2_ws/src/build/controller/build/lib/controller
[22.870s] copying controller/controller.py -> /home/pop/ros2_ws/src/build/controller/build/lib/controller
[22.872s] running install
[22.903s] running install_lib
[23.098s] creating /home/pop/ros2_ws/src/install/controller/lib/python3.12/site-packages/controller
[23.099s] copying /home/pop/ros2_ws/src/build/controller/build/lib/controller/__init__.py -> /home/pop/ros2_ws/src/install/controller/lib/python3.12/site-packages/controller
[23.100s] copying /home/pop/ros2_ws/src/build/controller/build/lib/controller/controller.py -> /home/pop/ros2_ws/src/install/controller/lib/python3.12/site-packages/controller
[23.109s] byte-compiling /home/pop/ros2_ws/src/install/controller/lib/python3.12/site-packages/controller/__init__.py to __init__.cpython-312.pyc
[23.110s] byte-compiling /home/pop/ros2_ws/src/install/controller/lib/python3.12/site-packages/controller/controller.py to controller.cpython-312.pyc
[23.116s] running install_data
[23.117s] creating /home/pop/ros2_ws/src/install/controller/share/ament_index
[23.118s] creating /home/pop/ros2_ws/src/install/controller/share/ament_index/resource_index
[23.120s] creating /home/pop/ros2_ws/src/install/controller/share/ament_index/resource_index/packages
[23.121s] copying resource/controller -> /home/pop/ros2_ws/src/install/controller/share/ament_index/resource_index/packages
[23.122s] copying package.xml -> /home/pop/ros2_ws/src/install/controller/share/controller
[23.122s] running install_egg_info
[23.323s] Copying ../build/controller/controller.egg-info to /home/pop/ros2_ws/src/install/controller/lib/python3.12/site-packages/controller-0.0.0-py3.12.egg-info
[23.328s] running install_scripts
[24.980s] writing list of installed files to '/home/pop/ros2_ws/src/build/controller/install.log'
[25.313s] Invoked command in '/home/pop/ros2_ws/src/controller' returned '0': DEBUGINFOD_URLS=https://debuginfod.ubuntu.com PYTHONPATH=/home/pop/ros2_ws/src/build/controller/prefix_override:/usr/lib/python3/dist-packages/colcon_core/task/python/colcon_distutils_commands:/home/pop/ros2_ws/src/install/controller/lib/python3.12/site-packages:${PYTHONPATH} /usr/bin/python3 -W ignore:setup.py install is deprecated -W ignore:easy_install command is deprecated setup.py egg_info --egg-base ../build/controller build --build-base /home/pop/ros2_ws/src/build/controller/build install --record /home/pop/ros2_ws/src/build/controller/install.log --single-version-externally-managed install_data
