[10.256s] Invoking command in '/home/pop/ros2_ws/src/vision_processing': DEBUGINFOD_URLS=https://debuginfod.ubuntu.com PYTHONPATH=/home/pop/ros2_ws/src/build/vision_processing/prefix_override:/usr/lib/python3/dist-packages/colcon_core/task/python/colcon_distutils_commands:/home/pop/ros2_ws/src/install/vision_processing/lib/python3.12/site-packages:${PYTHONPATH} /usr/bin/python3 -W ignore:setup.py install is deprecated -W ignore:easy_install command is deprecated setup.py egg_info --egg-base ../build/vision_processing build --build-base /home/pop/ros2_ws/src/build/vision_processing/build install --record /home/pop/ros2_ws/src/build/vision_processing/install.log --single-version-externally-managed install_data
[13.509s] running egg_info
[13.757s] writing ../build/vision_processing/vision_processing.egg-info/PKG-INFO
[13.765s] writing dependency_links to ../build/vision_processing/vision_processing.egg-info/dependency_links.txt
[13.768s] writing entry points to ../build/vision_processing/vision_processing.egg-info/entry_points.txt
[13.769s] writing requirements to ../build/vision_processing/vision_processing.egg-info/requires.txt
[13.770s] writing top-level names to ../build/vision_processing/vision_processing.egg-info/top_level.txt
[14.377s] reading manifest file '../build/vision_processing/vision_processing.egg-info/SOURCES.txt'
[14.384s] writing manifest file '../build/vision_processing/vision_processing.egg-info/SOURCES.txt'
[14.386s] running build
[14.389s] running build_py
[14.396s] running install
[14.446s] running install_lib
[14.761s] byte-compiling /home/pop/ros2_ws/src/install/vision_processing/lib/python3.12/site-packages/vision_processing/vision_processing.py to vision_processing.cpython-312.pyc
[14.778s] running install_data
[14.779s] running install_egg_info
[15.078s] removing '/home/pop/ros2_ws/src/install/vision_processing/lib/python3.12/site-packages/vision_processing-0.0.0-py3.12.egg-info' (and everything under it)
[15.089s] Copying ../build/vision_processing/vision_processing.egg-info to /home/pop/ros2_ws/src/install/vision_processing/lib/python3.12/site-packages/vision_processing-0.0.0-py3.12.egg-info
[15.095s] running install_scripts
[17.099s] Installing vision_processing script to /home/pop/ros2_ws/src/install/vision_processing/lib/vision_processing
[17.115s] writing list of installed files to '/home/pop/ros2_ws/src/build/vision_processing/install.log'
[17.443s] Invoked command in '/home/pop/ros2_ws/src/vision_processing' returned '0': DEBUGINFOD_URLS=https://debuginfod.ubuntu.com PYTHONPATH=/home/pop/ros2_ws/src/build/vision_processing/prefix_override:/usr/lib/python3/dist-packages/colcon_core/task/python/colcon_distutils_commands:/home/pop/ros2_ws/src/install/vision_processing/lib/python3.12/site-packages:${PYTHONPATH} /usr/bin/python3 -W ignore:setup.py install is deprecated -W ignore:easy_install command is deprecated setup.py egg_info --egg-base ../build/vision_processing build --build-base /home/pop/ros2_ws/src/build/vision_processing/build install --record /home/pop/ros2_ws/src/build/vision_processing/install.log --single-version-externally-managed install_data
