[9.810s] Invoking command in '/home/pop/ros2_ws/src/vision_processing': DEBUGINFOD_URLS=https://debuginfod.ubuntu.com PYTHONPATH=/home/pop/ros2_ws/src/build/vision_processing/prefix_override:/usr/lib/python3/dist-packages/colcon_core/task/python/colcon_distutils_commands:/home/pop/ros2_ws/src/install/vision_processing/lib/python3.12/site-packages:${PYTHONPATH} /usr/bin/python3 -W ignore:setup.py install is deprecated -W ignore:easy_install command is deprecated setup.py egg_info --egg-base ../build/vision_processing build --build-base /home/pop/ros2_ws/src/build/vision_processing/build install --record /home/pop/ros2_ws/src/build/vision_processing/install.log --single-version-externally-managed install_data
[12.006s] running egg_info
[12.168s] writing ../build/vision_processing/vision_processing.egg-info/PKG-INFO
[12.169s] writing dependency_links to ../build/vision_processing/vision_processing.egg-info/dependency_links.txt
[12.174s] writing entry points to ../build/vision_processing/vision_processing.egg-info/entry_points.txt
[12.174s] writing requirements to ../build/vision_processing/vision_processing.egg-info/requires.txt
[12.175s] writing top-level names to ../build/vision_processing/vision_processing.egg-info/top_level.txt
[12.542s] reading manifest file '../build/vision_processing/vision_processing.egg-info/SOURCES.txt'
[12.552s] writing manifest file '../build/vision_processing/vision_processing.egg-info/SOURCES.txt'
[12.553s] running build
[12.553s] running build_py
[12.565s] running install
[12.632s] running install_lib
[12.967s] running install_data
[12.978s] running install_egg_info
[13.435s] removing '/home/pop/ros2_ws/src/install/vision_processing/lib/python3.12/site-packages/vision_processing-0.0.0-py3.12.egg-info' (and everything under it)
[13.441s] Copying ../build/vision_processing/vision_processing.egg-info to /home/pop/ros2_ws/src/install/vision_processing/lib/python3.12/site-packages/vision_processing-0.0.0-py3.12.egg-info
[13.461s] running install_scripts
[14.972s] Installing vision_processing script to /home/pop/ros2_ws/src/install/vision_processing/lib/vision_processing
[14.975s] writing list of installed files to '/home/pop/ros2_ws/src/build/vision_processing/install.log'
[15.162s] Invoked command in '/home/pop/ros2_ws/src/vision_processing' returned '0': DEBUGINFOD_URLS=https://debuginfod.ubuntu.com PYTHONPATH=/home/pop/ros2_ws/src/build/vision_processing/prefix_override:/usr/lib/python3/dist-packages/colcon_core/task/python/colcon_distutils_commands:/home/pop/ros2_ws/src/install/vision_processing/lib/python3.12/site-packages:${PYTHONPATH} /usr/bin/python3 -W ignore:setup.py install is deprecated -W ignore:easy_install command is deprecated setup.py egg_info --egg-base ../build/vision_processing build --build-base /home/pop/ros2_ws/src/build/vision_processing/build install --record /home/pop/ros2_ws/src/build/vision_processing/install.log --single-version-externally-managed install_data
