running egg_info
creating ../build/vision_processing/vision_processing.egg-info
writing ../build/vision_processing/vision_processing.egg-info/PKG-INFO
writing dependency_links to ../build/vision_processing/vision_processing.egg-info/dependency_links.txt
writing requirements to ../build/vision_processing/vision_processing.egg-info/requires.txt
writing top-level names to ../build/vision_processing/vision_processing.egg-info/top_level.txt
writing manifest file '../build/vision_processing/vision_processing.egg-info/SOURCES.txt'
reading manifest file '../build/vision_processing/vision_processing.egg-info/SOURCES.txt'
writing manifest file '../build/vision_processing/vision_processing.egg-info/SOURCES.txt'
running build
running build_py
creating /home/pop/ros2_ws/src/build/vision_processing/build
creating /home/pop/ros2_ws/src/build/vision_processing/build/lib
creating /home/pop/ros2_ws/src/build/vision_processing/build/lib/vision_processing
copying vision_processing/__init__.py -> /home/pop/ros2_ws/src/build/vision_processing/build/lib/vision_processing
copying vision_processing/vision_processing.py -> /home/pop/ros2_ws/src/build/vision_processing/build/lib/vision_processing
running install
running install_lib
creating /home/pop/ros2_ws/src/install/vision_processing/lib/python3.12/site-packages/vision_processing
copying /home/pop/ros2_ws/src/build/vision_processing/build/lib/vision_processing/__init__.py -> /home/pop/ros2_ws/src/install/vision_processing/lib/python3.12/site-packages/vision_processing
copying /home/pop/ros2_ws/src/build/vision_processing/build/lib/vision_processing/vision_processing.py -> /home/pop/ros2_ws/src/install/vision_processing/lib/python3.12/site-packages/vision_processing
byte-compiling /home/pop/ros2_ws/src/install/vision_processing/lib/python3.12/site-packages/vision_processing/__init__.py to __init__.cpython-312.pyc
byte-compiling /home/pop/ros2_ws/src/install/vision_processing/lib/python3.12/site-packages/vision_processing/vision_processing.py to vision_processing.cpython-312.pyc
running install_data
creating /home/pop/ros2_ws/src/install/vision_processing/share/ament_index
creating /home/pop/ros2_ws/src/install/vision_processing/share/ament_index/resource_index
creating /home/pop/ros2_ws/src/install/vision_processing/share/ament_index/resource_index/packages
copying resource/vision_processing -> /home/pop/ros2_ws/src/install/vision_processing/share/ament_index/resource_index/packages
copying package.xml -> /home/pop/ros2_ws/src/install/vision_processing/share/vision_processing
running install_egg_info
Copying ../build/vision_processing/vision_processing.egg-info to /home/pop/ros2_ws/src/install/vision_processing/lib/python3.12/site-packages/vision_processing-0.0.0-py3.12.egg-info
running install_scripts
writing list of installed files to '/home/pop/ros2_ws/src/build/vision_processing/install.log'
