[19.851s] Invoking command in '/home/pop/ros2_ws/src/vision_processing': DEBUGINFOD_URLS=https://debuginfod.ubuntu.com PYTHONPATH=/home/pop/ros2_ws/src/build/vision_processing/prefix_override:/usr/lib/python3/dist-packages/colcon_core/task/python/colcon_distutils_commands:/home/pop/ros2_ws/src/install/vision_processing/lib/python3.12/site-packages:${PYTHONPATH} /usr/bin/python3 -W ignore:setup.py install is deprecated -W ignore:easy_install command is deprecated setup.py egg_info --egg-base ../build/vision_processing build --build-base /home/pop/ros2_ws/src/build/vision_processing/build install --record /home/pop/ros2_ws/src/build/vision_processing/install.log --single-version-externally-managed install_data
[22.859s] running egg_info
[22.872s] creating ../build/vision_processing/vision_processing.egg-info
[23.169s] writing ../build/vision_processing/vision_processing.egg-info/PKG-INFO
[23.178s] writing dependency_links to ../build/vision_processing/vision_processing.egg-info/dependency_links.txt
[23.183s] writing requirements to ../build/vision_processing/vision_processing.egg-info/requires.txt
[23.194s] writing top-level names to ../build/vision_processing/vision_processing.egg-info/top_level.txt
[23.195s] writing manifest file '../build/vision_processing/vision_processing.egg-info/SOURCES.txt'
[23.665s] reading manifest file '../build/vision_processing/vision_processing.egg-info/SOURCES.txt'
[23.682s] writing manifest file '../build/vision_processing/vision_processing.egg-info/SOURCES.txt'
[23.682s] running build
[23.689s] running build_py
[23.693s] creating /home/pop/ros2_ws/src/build/vision_processing/build
[23.694s] creating /home/pop/ros2_ws/src/build/vision_processing/build/lib
[23.702s] creating /home/pop/ros2_ws/src/build/vision_processing/build/lib/vision_processing
[23.706s] copying vision_processing/__init__.py -> /home/pop/ros2_ws/src/build/vision_processing/build/lib/vision_processing
[23.707s] copying vision_processing/vision_processing.py -> /home/pop/ros2_ws/src/build/vision_processing/build/lib/vision_processing
[23.717s] running install
[23.749s] running install_lib
[23.984s] creating /home/pop/ros2_ws/src/install/vision_processing/lib/python3.12/site-packages/vision_processing
[23.992s] copying /home/pop/ros2_ws/src/build/vision_processing/build/lib/vision_processing/__init__.py -> /home/pop/ros2_ws/src/install/vision_processing/lib/python3.12/site-packages/vision_processing
[23.993s] copying /home/pop/ros2_ws/src/build/vision_processing/build/lib/vision_processing/vision_processing.py -> /home/pop/ros2_ws/src/install/vision_processing/lib/python3.12/site-packages/vision_processing
[23.994s] byte-compiling /home/pop/ros2_ws/src/install/vision_processing/lib/python3.12/site-packages/vision_processing/__init__.py to __init__.cpython-312.pyc
[23.999s] byte-compiling /home/pop/ros2_ws/src/install/vision_processing/lib/python3.12/site-packages/vision_processing/vision_processing.py to vision_processing.cpython-312.pyc
[24.005s] running install_data
[24.018s] creating /home/pop/ros2_ws/src/install/vision_processing/share/ament_index
[24.028s] creating /home/pop/ros2_ws/src/install/vision_processing/share/ament_index/resource_index
[24.033s] creating /home/pop/ros2_ws/src/install/vision_processing/share/ament_index/resource_index/packages
[24.034s] copying resource/vision_processing -> /home/pop/ros2_ws/src/install/vision_processing/share/ament_index/resource_index/packages
[24.059s] copying package.xml -> /home/pop/ros2_ws/src/install/vision_processing/share/vision_processing
[24.060s] running install_egg_info
[24.243s] Copying ../build/vision_processing/vision_processing.egg-info to /home/pop/ros2_ws/src/install/vision_processing/lib/python3.12/site-packages/vision_processing-0.0.0-py3.12.egg-info
[24.262s] running install_scripts
[26.072s] writing list of installed files to '/home/pop/ros2_ws/src/build/vision_processing/install.log'
[26.353s] Invoked command in '/home/pop/ros2_ws/src/vision_processing' returned '0': DEBUGINFOD_URLS=https://debuginfod.ubuntu.com PYTHONPATH=/home/pop/ros2_ws/src/build/vision_processing/prefix_override:/usr/lib/python3/dist-packages/colcon_core/task/python/colcon_distutils_commands:/home/pop/ros2_ws/src/install/vision_processing/lib/python3.12/site-packages:${PYTHONPATH} /usr/bin/python3 -W ignore:setup.py install is deprecated -W ignore:easy_install command is deprecated setup.py egg_info --egg-base ../build/vision_processing build --build-base /home/pop/ros2_ws/src/build/vision_processing/build install --record /home/pop/ros2_ws/src/build/vision_processing/install.log --single-version-externally-managed install_data
