running egg_info
writing ../build/motor_controller/motor_controller.egg-info/PKG-INFO
writing dependency_links to ../build/motor_controller/motor_controller.egg-info/dependency_links.txt
writing entry points to ../build/motor_controller/motor_controller.egg-info/entry_points.txt
writing requirements to ../build/motor_controller/motor_controller.egg-info/requires.txt
writing top-level names to ../build/motor_controller/motor_controller.egg-info/top_level.txt
reading manifest file '../build/motor_controller/motor_controller.egg-info/SOURCES.txt'
writing manifest file '../build/motor_controller/motor_controller.egg-info/SOURCES.txt'
running build
running build_py
copying motor_controller/arduino_interface_node.py -> /home/pop/ros2_ws/src/build/motor_controller/build/lib/motor_controller
running install
running install_lib
copying /home/pop/ros2_ws/src/build/motor_controller/build/lib/motor_controller/arduino_interface_node.py -> /home/pop/ros2_ws/src/install/motor_controller/lib/python3.12/site-packages/motor_controller
byte-compiling /home/pop/ros2_ws/src/install/motor_controller/lib/python3.12/site-packages/motor_controller/arduino_interface_node.py to arduino_interface_node.cpython-312.pyc
running install_data
running install_egg_info
removing '/home/pop/ros2_ws/src/install/motor_controller/lib/python3.12/site-packages/motor_controller-0.0.0-py3.12.egg-info' (and everything under it)
Copying ../build/motor_controller/motor_controller.egg-info to /home/pop/ros2_ws/src/install/motor_controller/lib/python3.12/site-packages/motor_controller-0.0.0-py3.12.egg-info
running install_scripts
Installing arduino_interface_node script to /home/pop/ros2_ws/src/install/motor_controller/lib/motor_controller
writing list of installed files to '/home/pop/ros2_ws/src/build/motor_controller/install.log'
