[9.112s] Invoking command in '/home/pop/ros2_ws/src/motor_controller': DEBUGINFOD_URLS=https://debuginfod.ubuntu.com PYTHONPATH=/home/pop/ros2_ws/src/build/motor_controller/prefix_override:/usr/lib/python3/dist-packages/colcon_core/task/python/colcon_distutils_commands:/home/pop/ros2_ws/src/install/motor_controller/lib/python3.12/site-packages:${PYTHONPATH} /usr/bin/python3 -W ignore:setup.py install is deprecated -W ignore:easy_install command is deprecated setup.py egg_info --egg-base ../build/motor_controller build --build-base /home/pop/ros2_ws/src/build/motor_controller/build install --record /home/pop/ros2_ws/src/build/motor_controller/install.log --single-version-externally-managed install_data
[11.672s] running egg_info
[11.854s] writing ../build/motor_controller/motor_controller.egg-info/PKG-INFO
[11.857s] writing dependency_links to ../build/motor_controller/motor_controller.egg-info/dependency_links.txt
[11.864s] writing entry points to ../build/motor_controller/motor_controller.egg-info/entry_points.txt
[11.865s] writing requirements to ../build/motor_controller/motor_controller.egg-info/requires.txt
[11.866s] writing top-level names to ../build/motor_controller/motor_controller.egg-info/top_level.txt
[12.267s] reading manifest file '../build/motor_controller/motor_controller.egg-info/SOURCES.txt'
[12.273s] writing manifest file '../build/motor_controller/motor_controller.egg-info/SOURCES.txt'
[12.280s] running build
[12.285s] running build_py
[12.290s] copying motor_controller/arduino_interface_node.py -> /home/pop/ros2_ws/src/build/motor_controller/build/lib/motor_controller
[12.291s] running install
[12.325s] running install_lib
[12.509s] copying /home/pop/ros2_ws/src/build/motor_controller/build/lib/motor_controller/arduino_interface_node.py -> /home/pop/ros2_ws/src/install/motor_controller/lib/python3.12/site-packages/motor_controller
[12.513s] byte-compiling /home/pop/ros2_ws/src/install/motor_controller/lib/python3.12/site-packages/motor_controller/arduino_interface_node.py to arduino_interface_node.cpython-312.pyc
[12.531s] running install_data
[12.531s] running install_egg_info
[12.772s] removing '/home/pop/ros2_ws/src/install/motor_controller/lib/python3.12/site-packages/motor_controller-0.0.0-py3.12.egg-info' (and everything under it)
[12.796s] Copying ../build/motor_controller/motor_controller.egg-info to /home/pop/ros2_ws/src/install/motor_controller/lib/python3.12/site-packages/motor_controller-0.0.0-py3.12.egg-info
[12.831s] running install_scripts
[14.311s] Installing arduino_interface_node script to /home/pop/ros2_ws/src/install/motor_controller/lib/motor_controller
[14.314s] writing list of installed files to '/home/pop/ros2_ws/src/build/motor_controller/install.log'
[14.687s] Invoked command in '/home/pop/ros2_ws/src/motor_controller' returned '0': DEBUGINFOD_URLS=https://debuginfod.ubuntu.com PYTHONPATH=/home/pop/ros2_ws/src/build/motor_controller/prefix_override:/usr/lib/python3/dist-packages/colcon_core/task/python/colcon_distutils_commands:/home/pop/ros2_ws/src/install/motor_controller/lib/python3.12/site-packages:${PYTHONPATH} /usr/bin/python3 -W ignore:setup.py install is deprecated -W ignore:easy_install command is deprecated setup.py egg_info --egg-base ../build/motor_controller build --build-base /home/pop/ros2_ws/src/build/motor_controller/build install --record /home/pop/ros2_ws/src/build/motor_controller/install.log --single-version-externally-managed install_data
